14:30:23.735  3036  3036 E kefern.shoprite: Not starting debugger since process cannot load the jdwp agent.
14:30:23.791  3036  3053 E DynamiteModule: Invalid GmsCore APK, remote loading disabled.
14:30:23.791  3036  3053 E DynamiteModule: Invalid GmsCore APK, remote loading disabled.
14:30:23.806  3036  3073 E FirebaseMessaging: Google Play services missing or without correct permission.
14:30:23.819  3036  3064 E FirebaseCrashlytics: Settings request failed.
14:30:23.833  3036  3073 E FirebaseMessaging: Google Play services missing or without correct permission.
14:30:23.838  3036  3036 E AlarmReceiver: onReceive
14:30:23.838  3036  3036 E AlarmReceiver: onReceive: android.intent.action.BOOT_COMPLETED, null
14:30:23.871  3036  3085 E HMSSDK_HMSPackageManager: resolveInfoList is null or empty
14:30:23.871  3036  3085 E HMSSDK_HMSPackageManager: PackagePriorityInfo list is null
14:30:23.871  3036  3085 E HMSSDK_HMSPackageManager: <initHmsPackageInfoForMultiService> Failed to find HMS apk
14:30:23.872  3036  3085 E HMSSDK_HMSPackageManager: resolveInfoList is null or empty
14:30:23.872  3036  3085 E HMSSDK_HMSPackageManager: PackagePriorityInfo list is null
14:30:23.872  3036  3085 E HMSSDK_HMSPackageManager: <initHmsPackageInfoForMultiService> Failed to find HMS apk
14:30:23.872  3036  3085 E HMSSDK_HMSPackageManager: resolveInfoList is null or empty
14:30:23.872  3036  3085 E HMSSDK_HMSPackageManager: PackagePriorityInfo list is null
14:30:23.872  3036  3085 E HMSSDK_HMSPackageManager: <initHmsPackageInfoForMultiService> Failed to find HMS apk
14:30:23.875  3036  3085 E TSLocationManager: ╔═════════════════════════════════════════════
14:30:23.875  3036  3085 E TSLocationManager: ║ LICENSE VALIDATION FAILURE: com.wakefern.shoprite
14:30:23.875  3036  3085 E TSLocationManager: ╠═════════════════════════════════════════════
14:30:23.875  3036  3085 E TSLocationManager: ╟─ Failed to find license key in AndroidManifest.  Ensure you've added the key within <application><meta-data android:name="com.transistorsoft.locationmanager.hms.license" android:value="<YOUR LICENSE KEY>" />
14:30:23.875  3036  3085 E TSLocationManager: ╚═════════════════════════════════════════════
14:30:23.878  3036  3085 E HMSSDK_HMSPackageManager: resolveInfoList is null or empty
14:30:23.878  3036  3085 E HMSSDK_HMSPackageManager: PackagePriorityInfo list is null
14:30:23.879  3036  3085 E HMSSDK_HMSPackageManager: <initHmsPackageInfoForMultiService> Failed to find HMS apk
14:30:23.879  3036  3085 E HMSSDK_HMSPackageManager: resolveInfoList is null or empty
14:30:23.879  3036  3085 E HMSSDK_HMSPackageManager: PackagePriorityInfo list is null
14:30:23.879  3036  3085 E HMSSDK_HMSPackageManager: <initHmsPackageInfoForMultiService> Failed to find HMS apk
14:30:23.890  3036  3077 I TestRunner: started: runDetoxTests(com.thryveai.grocery.DetoxTest)
14:30:23.891  3036  3077 I Detox   : Detox server connection details: url=ws://localhost:59197, sessionId=7ad005b2-daea-b730-6483-bcd3d90c34bf
14:30:23.892  3036  3085 E HMSSDK_HMSPackageManager: resolveInfoList is null or empty
14:30:23.893  3036  3085 E HMSSDK_HMSPackageManager: PackagePriorityInfo list is null
14:30:23.893  3036  3085 E HMSSDK_HMSPackageManager: <initHmsPackageInfoForMultiService> Failed to find HMS apk
14:30:23.894  3036  3085 E HMSSDK_HMSPackageManager: resolveInfoList is null or empty
14:30:23.894  3036  3085 E HMSSDK_HMSPackageManager: PackagePriorityInfo list is null
14:30:23.894  3036  3085 E HMSSDK_HMSPackageManager: <initHmsPackageInfoForMultiService> Failed to find HMS apk
14:30:23.894  3036  3085 E HMSSDK_HMSPackageManager: resolveInfoList is null or empty
14:30:23.894  3036  3085 E HMSSDK_HMSPackageManager: PackagePriorityInfo list is null
14:30:23.895  3036  3085 E HMSSDK_HMSPackageManager: <initHmsPackageInfoForMultiService> Failed to find HMS apk
14:30:23.895  3036  3085 E HMSSDK_HMSPackageManager: resolveInfoList is null or empty
14:30:23.896  3036  3085 E HMSSDK_HMSPackageManager: PackagePriorityInfo list is null
14:30:23.896  3036  3085 E HMSSDK_HMSPackageManager: <initHmsPackageInfoForMultiService> Failed to find HMS apk
14:30:23.913  3036  3077 I Detox   : Connecting to server...
14:30:23.913  3036  3077 I DetoxWSClient: At connectToServer
14:30:23.928  3036  3098 D DetoxWSClient: At onOpen
14:30:23.928  3036  3098 I DetoxWSClient: Sending out action 'login' (ID #0)
14:30:23.928  3036  3098 I Detox   : Connected to server!
14:30:23.929  3036  3098 D DetoxWSClient: Received action 'loginSuccess' (ID #0, params={"testerConnected":true,"appConnected":true})
14:30:23.929  3036  3089 I DetoxDispatcher: Handling action 'loginSuccess' (ID #0)...
14:30:23.930  3036  3089 I DetoxDispatcher: Done with action 'loginSuccess'
14:30:23.930  3036  3077 I Detox   : Launching the tested activity!
14:30:23.967  3036  3036 D Detox.RNMarker: BUILD_REACT_INSTANCE_MANAGER_START (null)
14:30:23.972  3036  3036 E SoLoader: couldn't find DSO to load: libjscexecutor.so
14:30:23.972  3036  3036 E SoLoader: 	SoSource 0: com.facebook.soloader.DirectorySoSource[root = /data/app/~~8B7E9QMPTDXjAnFtymnKhQ==/com.wakefern.shoprite-DJ28cHrOn_XtZsDlOQq-pQ==/lib/arm64 flags = 0]
14:30:23.972  3036  3036 E SoLoader: 	SoSource 1: com.facebook.soloader.DirectApkSoSource[root = (/data/app/~~ySJt17VTws3BlOR-7q9Bsg==/com.wakefern.shoprite.test-yFdTL_lGa1ex5ioHPrnw9g==/base.apk!/lib/arm64-v8a, /data/app/~~8B7E9QMPTDXjAnFtymnKhQ==/com.wakefern.shoprite-DJ28cHrOn_XtZsDlOQq-pQ==/base.apk!/lib/arm64-v8a, )]
14:30:23.972  3036  3036 E SoLoader: 	SoSource 2: com.facebook.soloader.DirectorySoSource[root = /system/lib64 flags = 2]
14:30:23.972  3036  3036 E SoLoader: 	SoSource 3: com.facebook.soloader.DirectorySoSource[root = /vendor/lib64 flags = 2]
14:30:23.972  3036  3036 E SoLoader: 	Native lib dir: /data/app/~~8B7E9QMPTDXjAnFtymnKhQ==/com.wakefern.shoprite-DJ28cHrOn_XtZsDlOQq-pQ==/lib/arm64
14:30:23.972  3036  3036 E SoLoader:  result: 0
14:30:24.002  3036  3036 D Detox.RNMarker: BUILD_REACT_INSTANCE_MANAGER_END (null)
14:30:24.002  3036  3036 D Detox.RNMarker: REACT_BRIDGE_LOADING_START (null)
14:30:24.010  3036  3111 D Detox.RNMarker: CREATE_REACT_CONTEXT_START (HermesExecutorRelease)
14:30:24.010  3036  3111 D Detox.RNMarker: PROCESS_PACKAGES_START (null)
14:30:24.012  3036  3111 D Detox.RNMarker: CREATE_MODULE_START (FrescoModule)
14:30:24.012  3036  3111 D Detox.RNMarker: CREATE_MODULE_END (FrescoModule)
14:30:24.081  3036  3118 E SDKManifestVerifier: Google Play services are not available: SERVICE_INVALID
14:30:24.131  3036  3111 D Detox.RNMarker: PROCESS_PACKAGES_END (null)
14:30:24.131  3036  3111 D Detox.RNMarker: CREATE_CATALYST_INSTANCE_START (null)
14:30:24.138  3036  3098 D DetoxWSClient: Received action 'isReady' (ID #-1000, params={})
14:30:24.138  3036  3089 I DetoxDispatcher: Handling action 'isReady' (ID #-1000)...
14:30:24.159  3036  3126 D Detox.RNMarker: CREATE_REACT_CONTEXT_END (null)
14:30:24.159  3036  3111 D Detox.RNMarker: CREATE_CATALYST_INSTANCE_END (null)
14:30:24.159  3036  3111 D Detox.RNMarker: PRE_RUN_JS_BUNDLE_START (null)
14:30:24.200  3036  3126 D Detox.RNMarker: RUN_JS_BUNDLE_START (index.android.bundle)
14:30:24.200  3036  3127 D Detox.RNMarker: CREATE_MODULE_START (UIManager)
14:30:24.207  3036  3126 D Detox.RNMarker: NATIVE_MODULE_SETUP_START (RedBox)
14:30:24.208  3036  3126 D Detox.RNMarker: NATIVE_MODULE_SETUP_START (BugReporting)
14:30:24.208  3036  3126 D Detox.RNMarker: NATIVE_MODULE_SETUP_START (HeadlessJsTaskSupport)
14:30:24.208  3036  3126 D Detox.RNMarker: CREATE_MODULE_START (HeadlessJsTaskSupport)
14:30:24.208  3036  3126 D Detox.RNMarker: CREATE_MODULE_END (HeadlessJsTaskSupport)
14:30:24.209  3036  3126 D Detox.RNMarker: NATIVE_MODULE_SETUP_END (HeadlessJsTaskSupport)
14:30:24.209  3036  3126 D Detox.RNMarker: NATIVE_MODULE_SETUP_START (PlatformConstants)
14:30:24.209  3036  3126 D Detox.RNMarker: CREATE_MODULE_START (PlatformConstants)
14:30:24.209  3036  3126 D Detox.RNMarker: CREATE_MODULE_END (PlatformConstants)
14:30:24.212  3036  3126 D Detox.RNMarker: NATIVE_MODULE_SETUP_END (PlatformConstants)
14:30:24.212  3036  3126 D Detox.RNMarker: NATIVE_MODULE_SETUP_START (DeviceInfo)
14:30:24.212  3036  3126 D Detox.RNMarker: CREATE_MODULE_START (DeviceInfo)
14:30:24.212  3036  3126 D Detox.RNMarker: CREATE_MODULE_END (DeviceInfo)
14:30:24.212  3036  3126 D Detox.RNMarker: NATIVE_MODULE_SETUP_END (DeviceInfo)
14:30:24.213  3036  3126 D Detox.RNMarker: NATIVE_MODULE_SETUP_START (UIManager)
14:30:24.227  3036  3127 D Detox.RNMarker: CREATE_MODULE_END (UIManager)
14:30:24.229  3036  3127 D Detox.RNMarker: REACT_BRIDGE_LOADING_END (null)
14:30:24.263  3036  3126 D Detox.RNMarker: NATIVE_MODULE_SETUP_END (UIManager)
14:30:24.263  3036  3139 E CapabilitiesByQuality: No supported EncoderProfiles
14:30:24.265  3036  3126 D Detox.RNMarker: NATIVE_MODULE_SETUP_START (DeviceEventManager)
14:30:24.265  3036  3126 D Detox.RNMarker: CREATE_MODULE_START (DeviceEventManager)
14:30:24.265  3036  3126 D Detox.RNMarker: CREATE_MODULE_END (DeviceEventManager)
14:30:24.265  3036  3126 D Detox.RNMarker: NATIVE_MODULE_SETUP_END (DeviceEventManager)
14:30:24.265  3036  3126 D Detox.RNMarker: NATIVE_MODULE_SETUP_START (ReanimatedModule)
14:30:24.265  3036  3126 D Detox.RNMarker: CREATE_MODULE_START (ReanimatedModule)
14:30:24.265  3036  3126 D Detox.RNMarker: CREATE_MODULE_END (ReanimatedModule)
14:30:24.265  3036  3126 D Detox.RNMarker: NATIVE_MODULE_SETUP_END (ReanimatedModule)
14:30:24.265  3036  3126 D Detox.RNMarker: NATIVE_MODULE_SETUP_START (Timing)
14:30:24.265  3036  3126 D Detox.RNMarker: CREATE_MODULE_START (Timing)
14:30:24.266  3036  3126 D Detox.RNMarker: CREATE_MODULE_END (Timing)
14:30:24.266  3036  3126 D Detox.RNMarker: NATIVE_MODULE_SETUP_END (Timing)
14:30:24.279  3036  3126 D Detox.RNMarker: NATIVE_MODULE_SETUP_START (SoundManager)
14:30:24.279  3036  3126 D Detox.RNMarker: CREATE_MODULE_START (SoundManager)
14:30:24.279  3036  3126 D Detox.RNMarker: CREATE_MODULE_END (SoundManager)
14:30:24.279  3036  3126 D Detox.RNMarker: NATIVE_MODULE_SETUP_END (SoundManager)
14:30:24.280  3036  3126 D Detox.RNMarker: NATIVE_MODULE_SETUP_START (NativeAnimatedModule)
14:30:24.280  3036  3126 D Detox.RNMarker: CREATE_MODULE_START (NativeAnimatedModule)
14:30:24.281  3036  3126 D Detox.RNMarker: CREATE_MODULE_END (NativeAnimatedModule)
14:30:24.281  3036  3126 D Detox.RNMarker: NATIVE_MODULE_SETUP_END (NativeAnimatedModule)
14:30:24.281  3036  3126 D Detox.RNMarker: NATIVE_MODULE_SETUP_START (NativeAnimatedTurboModule)
14:30:24.282  3036  3126 D Detox.RNMarker: NATIVE_MODULE_SETUP_START (FrameRateLogger)
14:30:24.282  3036  3126 D Detox.RNMarker: NATIVE_MODULE_SETUP_START (KeyboardObserver)
14:30:24.282  3036  3126 D Detox.RNMarker: NATIVE_MODULE_SETUP_START (ImageLoader)
14:30:24.282  3036  3126 D Detox.RNMarker: CREATE_MODULE_START (ImageLoader)
14:30:24.282  3036  3126 D Detox.RNMarker: CREATE_MODULE_END (ImageLoader)
14:30:24.283  3036  3126 D Detox.RNMarker: NATIVE_MODULE_SETUP_END (ImageLoader)
14:30:24.290  3036  3126 D Detox.RNMarker: NATIVE_MODULE_SETUP_START (BlobModule)
14:30:24.290  3036  3126 D Detox.RNMarker: CREATE_MODULE_START (BlobModule)
14:30:24.293  3036  3126 D Detox.RNMarker: CREATE_MODULE_END (BlobModule)
14:30:24.293  3036  3126 D Detox.RNMarker: NATIVE_MODULE_SETUP_END (BlobModule)
14:30:24.296  3036  3126 D Detox.RNMarker: NATIVE_MODULE_SETUP_START (RNSentry)
14:30:24.296  3036  3126 D Detox.RNMarker: CREATE_MODULE_START (RNSentry)
14:30:24.296  3036  3126 D Detox.RNMarker: CREATE_MODULE_END (RNSentry)
14:30:24.296  3036  3126 D Detox.RNMarker: NATIVE_MODULE_SETUP_END (RNSentry)
14:30:24.299  3036  3126 D Detox.RNMarker: NATIVE_MODULE_SETUP_START (RNGestureHandlerModule)
14:30:24.299  3036  3126 D Detox.RNMarker: NATIVE_MODULE_SETUP_END (RNGestureHandlerModule)
14:30:24.301  3036  3126 D Detox.RNMarker: NATIVE_MODULE_SETUP_START (StatusBarManager)
14:30:24.301  3036  3126 D Detox.RNMarker: CREATE_MODULE_START (StatusBarManager)
14:30:24.301  3036  3126 D Detox.RNMarker: CREATE_MODULE_END (StatusBarManager)
14:30:24.302  3036  3126 D Detox.RNMarker: NATIVE_MODULE_SETUP_END (StatusBarManager)
14:30:24.302  3036  3126 D Detox.RNMarker: NATIVE_MODULE_SETUP_START (I18nManager)
14:30:24.302  3036  3126 D Detox.RNMarker: CREATE_MODULE_START (I18nManager)
14:30:24.302  3036  3126 D Detox.RNMarker: CREATE_MODULE_END (I18nManager)
14:30:24.302  3036  3126 D Detox.RNMarker: NATIVE_MODULE_SETUP_END (I18nManager)
14:30:24.302  3036  3126 D Detox.RNMarker: NATIVE_MODULE_SETUP_START (RNDeviceInfo)
14:30:24.304  3036  3126 D Detox.RNMarker: NATIVE_MODULE_SETUP_END (RNDeviceInfo)
14:30:24.304  3036  3126 D Detox.RNMarker: NATIVE_MODULE_SETUP_START (RNFBAppModule)
14:30:24.305  3036  3126 D Detox.RNMarker: NATIVE_MODULE_SETUP_END (RNFBAppModule)
14:30:24.306  3036  3126 D Detox.RNMarker: NATIVE_MODULE_SETUP_START (RNFBUtilsModule)
14:30:24.307  3036  3126 D Detox.RNMarker: NATIVE_MODULE_SETUP_END (RNFBUtilsModule)
14:30:24.307  3036  3126 D Detox.RNMarker: NATIVE_MODULE_SETUP_START (RNFBCrashlyticsModule)
14:30:24.308  3036  3126 D Detox.RNMarker: NATIVE_MODULE_SETUP_END (RNFBCrashlyticsModule)
14:30:24.308  3036  3126 D Detox.RNMarker: NATIVE_MODULE_SETUP_START (ReactNativeConfigModule)
14:30:24.308  3036  3126 D Detox.RNMarker: NATIVE_MODULE_SETUP_END (ReactNativeConfigModule)
14:30:24.311  3036  3126 D Detox.RNMarker: NATIVE_MODULE_SETUP_START (RNEncryptedStorage)
14:30:24.311  3036  3055 E DynamiteModule: Invalid GmsCore APK, remote loading disabled.
14:30:24.311  3036  3126 D Detox.RNMarker: NATIVE_MODULE_SETUP_END (RNEncryptedStorage)
14:30:24.311  3036  3126 D Detox.RNMarker: NATIVE_MODULE_SETUP_START (PlatformLocalStorage)
14:30:24.311  3036  3126 D Detox.RNMarker: NATIVE_MODULE_SETUP_START (RNC_AsyncSQLiteDBStorage)
14:30:24.311  3036  3126 D Detox.RNMarker: NATIVE_MODULE_SETUP_START (RNCAsyncStorage)
14:30:24.311  3036  3126 D Detox.RNMarker: CREATE_MODULE_START (RNCAsyncStorage)
14:30:24.311  3036  3126 D Detox.RNMarker: CREATE_MODULE_END (RNCAsyncStorage)
14:30:24.311  3036  3126 D Detox.RNMarker: NATIVE_MODULE_SETUP_END (RNCAsyncStorage)
14:30:24.316  3036  3126 D Detox.RNMarker: NATIVE_MODULE_SETUP_START (RNCNetInfo)
14:30:24.316  3036  3126 D Detox.RNMarker: NATIVE_MODULE_SETUP_END (RNCNetInfo)
14:30:24.319  3036  3126 D Detox.RNMarker: NATIVE_MODULE_SETUP_START (Networking)
14:30:24.319  3036  3126 D Detox.RNMarker: CREATE_MODULE_START (Networking)
14:30:24.320  3036  3126 D Detox.RNMarker: CREATE_MODULE_END (Networking)
14:30:24.320  3036  3126 D Detox.RNMarker: NATIVE_MODULE_SETUP_END (Networking)
14:30:24.325  3036  3126 D Detox.RNMarker: NATIVE_MODULE_SETUP_START (RNCSafeAreaContext)
14:30:24.327  3036  3126 D Detox.RNMarker: CREATE_MODULE_START (RNCSafeAreaContext)
14:30:24.327  3036  3126 D Detox.RNMarker: CREATE_MODULE_END (RNCSafeAreaContext)
14:30:24.327  3036  3126 D Detox.RNMarker: NATIVE_MODULE_SETUP_END (RNCSafeAreaContext)
14:30:24.327  3036  3126 D Detox.RNMarker: NATIVE_MODULE_SETUP_START (RNVectorIconsManager)
14:30:24.328  3036  3126 D Detox.RNMarker: NATIVE_MODULE_SETUP_START (RNVectorIconsModule)
14:30:24.328  3036  3126 D Detox.RNMarker: NATIVE_MODULE_SETUP_END (RNVectorIconsModule)
14:30:24.328  3036  3126 D Detox.RNMarker: NATIVE_MODULE_SETUP_START (RNVectorIconsManager)
14:30:24.328  3036  3126 D Detox.RNMarker: NATIVE_MODULE_SETUP_START (RNAppAuth)
14:30:24.328  3036  3126 D Detox.RNMarker: NATIVE_MODULE_SETUP_END (RNAppAuth)
14:30:24.328  3036  3126 D Detox.RNMarker: NATIVE_MODULE_SETUP_START (RNCookieManagerIOS)
14:30:24.328  3036  3126 D Detox.RNMarker: NATIVE_MODULE_SETUP_START (RNCookieManagerAndroid)
14:30:24.328  3036  3126 D Detox.RNMarker: NATIVE_MODULE_SETUP_END (RNCookieManagerAndroid)
14:30:24.329  3036  3126 D Detox.RNMarker: NATIVE_MODULE_SETUP_START (RNDeviceBrightness)
14:30:24.329  3036  3126 D Detox.RNMarker: NATIVE_MODULE_SETUP_END (RNDeviceBrightness)
14:30:24.329  3036  3126 D Detox.RNMarker: NATIVE_MODULE_SETUP_START (WebviewIosCacheClear)
14:30:24.335  3036  3126 D Detox.RNMarker: NATIVE_MODULE_SETUP_START (RNFusedLocation)
14:30:24.336  3036  3126 D Detox.RNMarker: NATIVE_MODULE_SETUP_END (RNFusedLocation)
14:30:24.336  3036  3126 D Detox.RNMarker: NATIVE_MODULE_SETUP_START (RNPermissions)
14:30:24.336  3036  3126 D Detox.RNMarker: CREATE_MODULE_START (RNPermissions)
14:30:24.336  3036  3126 D Detox.RNMarker: CREATE_MODULE_END (RNPermissions)
14:30:24.336  3036  3126 D Detox.RNMarker: NATIVE_MODULE_SETUP_END (RNPermissions)
14:30:24.345  3036  3126 D Detox.RNMarker: NATIVE_MODULE_SETUP_START (ModalManager)
14:30:24.360  3036  3126 D Detox.RNMarker: NATIVE_MODULE_SETUP_START (RNInAppBrowser)
14:30:24.360  3036  3126 D Detox.RNMarker: NATIVE_MODULE_SETUP_END (RNInAppBrowser)
14:30:24.360  3036  3126 D Detox.RNMarker: NATIVE_MODULE_SETUP_START (AppState)
14:30:24.360  3036  3126 D Detox.RNMarker: CREATE_MODULE_START (AppState)
14:30:24.360  3036  3126 D Detox.RNMarker: CREATE_MODULE_END (AppState)
14:30:24.360  3036  3126 D Detox.RNMarker: NATIVE_MODULE_SETUP_END (AppState)
14:30:24.373  3036  3126 D Detox.RNMarker: NATIVE_MODULE_SETUP_START (RNCWebView)
14:30:24.374  3036  3126 D Detox.RNMarker: NATIVE_MODULE_SETUP_END (RNCWebView)
14:30:24.378  3036  3126 D Detox.RNMarker: NATIVE_MODULE_SETUP_START (RNShare)
14:30:24.378  3036  3126 D Detox.RNMarker: CREATE_MODULE_START (RNShare)
14:30:24.378  3036  3126 D Detox.RNMarker: CREATE_MODULE_END (RNShare)
14:30:24.379  3036  3126 D Detox.RNMarker: NATIVE_MODULE_SETUP_END (RNShare)
14:30:24.380  3036  3126 D Detox.RNMarker: NATIVE_MODULE_SETUP_START (RNSModule)
14:30:24.380  3036  3126 D Detox.RNMarker: CREATE_MODULE_START (RNSModule)
14:30:24.381  3036  3126 D Detox.RNMarker: CREATE_MODULE_END (RNSModule)
14:30:24.381  3036  3126 D Detox.RNMarker: NATIVE_MODULE_SETUP_START (RNSettings)
14:30:24.381  3036  3126 D Detox.RNMarker: NATIVE_MODULE_SETUP_END (RNSettings)
14:30:24.381  3036  3126 D Detox.RNMarker: NATIVE_MODULE_SETUP_START (RNBackgroundGeolocation)
14:30:24.382  3036  3126 D Detox.RNMarker: NATIVE_MODULE_SETUP_END (RNBackgroundGeolocation)
14:30:24.383  3036  3126 D Detox.RNMarker: NATIVE_MODULE_SETUP_START (PlatformLocalStorage)
14:30:24.383  3036  3126 D Detox.RNMarker: NATIVE_MODULE_SETUP_START (RNC_AsyncSQLiteDBStorage)
14:30:24.383  3036  3126 D Detox.RNMarker: NATIVE_MODULE_SETUP_START (DeliverySolutionUtil)
14:30:24.384  3036  3126 D Detox.RNMarker: NATIVE_MODULE_SETUP_END (DeliverySolutionUtil)
14:30:24.386  3036  3126 D Detox.RNMarker: NATIVE_MODULE_SETUP_START (AddCalendarEvent)
14:30:24.386  3036  3126 D Detox.RNMarker: NATIVE_MODULE_SETUP_END (AddCalendarEvent)
14:30:24.387  3036  3126 D Detox.RNMarker: NATIVE_MODULE_SETUP_START (RNFSManager)
14:30:24.388  3036  3126 D Detox.RNMarker: NATIVE_MODULE_SETUP_END (RNFSManager)
14:30:24.388  3036  3126 D Detox.RNMarker: NATIVE_MODULE_SETUP_START (ImageResizerAndroid)
14:30:24.388  3036  3126 D Detox.RNMarker: NATIVE_MODULE_SETUP_END (ImageResizerAndroid)
14:30:24.388  3036  3126 D Detox.RNMarker: NATIVE_MODULE_SETUP_START (CameraView)
14:30:24.388  3036  3126 D Detox.RNMarker: NATIVE_MODULE_SETUP_END (CameraView)
14:30:24.389  3036  3126 D Detox.RNMarker: NATIVE_MODULE_SETUP_START (CameraDevices)
14:30:24.389  3036  3126 E CapabilitiesByQuality: No supported EncoderProfiles
14:30:24.390  3036  3126 D Detox.RNMarker: NATIVE_MODULE_SETUP_END (CameraDevices)
14:30:24.391  3036  3126 D Detox.RNMarker: NATIVE_MODULE_SETUP_START (RNAcousticMobilePush)
14:30:24.392  3036  3126 D Detox.RNMarker: NATIVE_MODULE_SETUP_END (RNAcousticMobilePush)
14:30:24.392  3036  3126 D Detox.RNMarker: NATIVE_MODULE_SETUP_START (RNAcousticMobilePushActionHandler)
14:30:24.392  3036  3126 D Detox.RNMarker: NATIVE_MODULE_SETUP_END (RNAcousticMobilePushActionHandler)
14:30:24.392  3036  3126 D Detox.RNMarker: NATIVE_MODULE_SETUP_START (InAppReviewModule)
14:30:24.392  3036  3126 D Detox.RNMarker: NATIVE_MODULE_SETUP_END (InAppReviewModule)
14:30:24.392  3036  3126 D Detox.RNMarker: NATIVE_MODULE_SETUP_START (RNInAppReviewIOS)
14:30:24.392  3036  3126 D Detox.RNMarker: NATIVE_MODULE_SETUP_START (RNBootSplash)
14:30:24.392  3036  3126 D Detox.RNMarker: NATIVE_MODULE_SETUP_END (RNBootSplash)
14:30:24.397  3036  3126 D Detox.RNMarker: NATIVE_MODULE_SETUP_START (ScanditDataCaptureCore)
14:30:24.427  3036  3126 D Detox.RNMarker: NATIVE_MODULE_SETUP_END (ScanditDataCaptureCore)
14:30:24.427  3036  3126 W ReactNativeJS: `new NativeEventEmitter()` was called with a non-null argument without the required `addListener` method.
14:30:24.427  3036  3126 W ReactNativeJS: `new NativeEventEmitter()` was called with a non-null argument without the required `removeListeners` method.
14:30:24.427  3036  3126 W ReactNativeJS: `new NativeEventEmitter()` was called with a non-null argument without the required `addListener` method.
14:30:24.427  3036  3126 W ReactNativeJS: `new NativeEventEmitter()` was called with a non-null argument without the required `removeListeners` method.
14:30:24.428  3036  3126 W ReactNativeJS: `new NativeEventEmitter()` was called with a non-null argument without the required `addListener` method.
14:30:24.428  3036  3126 W ReactNativeJS: `new NativeEventEmitter()` was called with a non-null argument without the required `removeListeners` method.
14:30:24.428  3036  3126 W ReactNativeJS: `new NativeEventEmitter()` was called with a non-null argument without the required `addListener` method.
14:30:24.428  3036  3126 W ReactNativeJS: `new NativeEventEmitter()` was called with a non-null argument without the required `removeListeners` method.
14:30:24.428  3036  3126 D Detox.RNMarker: NATIVE_MODULE_SETUP_START (ScanditDataCaptureBarcodeCapture)
14:30:24.436  3036  3126 D Detox.RNMarker: NATIVE_MODULE_SETUP_END (ScanditDataCaptureBarcodeCapture)
14:30:24.436  3036  3126 W ReactNativeJS: `new NativeEventEmitter()` was called with a non-null argument without the required `addListener` method.
14:30:24.436  3036  3126 W ReactNativeJS: `new NativeEventEmitter()` was called with a non-null argument without the required `removeListeners` method.
14:30:24.436  3036  3126 D Detox.RNMarker: NATIVE_MODULE_SETUP_START (ScanditDataCaptureBarcodeSelection)
14:30:24.468  3036  3126 D Detox.RNMarker: NATIVE_MODULE_SETUP_END (ScanditDataCaptureBarcodeSelection)
14:30:24.468  3036  3126 W ReactNativeJS: `new NativeEventEmitter()` was called with a non-null argument without the required `addListener` method.
14:30:24.468  3036  3126 W ReactNativeJS: `new NativeEventEmitter()` was called with a non-null argument without the required `removeListeners` method.
14:30:24.468  3036  3126 W ReactNativeJS: `new NativeEventEmitter()` was called with a non-null argument without the required `addListener` method.
14:30:24.468  3036  3126 W ReactNativeJS: `new NativeEventEmitter()` was called with a non-null argument without the required `removeListeners` method.
14:30:24.468  3036  3126 W ReactNativeJS: `new NativeEventEmitter()` was called with a non-null argument without the required `addListener` method.
14:30:24.468  3036  3126 W ReactNativeJS: `new NativeEventEmitter()` was called with a non-null argument without the required `removeListeners` method.
14:30:24.468  3036  3126 D Detox.RNMarker: NATIVE_MODULE_SETUP_START (ScanditDataCaptureBarcodeCount)
14:30:24.510  3036  3126 D Detox.RNMarker: NATIVE_MODULE_SETUP_END (ScanditDataCaptureBarcodeCount)
14:30:24.510  3036  3126 W ReactNativeJS: `new NativeEventEmitter()` was called with a non-null argument without the required `addListener` method.
14:30:24.510  3036  3126 W ReactNativeJS: `new NativeEventEmitter()` was called with a non-null argument without the required `removeListeners` method.
14:30:24.510  3036  3126 D Detox.RNMarker: NATIVE_MODULE_SETUP_START (ScanditDataCaptureBarcodeTracking)
14:30:24.517  3036  3126 D Detox.RNMarker: NATIVE_MODULE_SETUP_END (ScanditDataCaptureBarcodeTracking)
14:30:24.517  3036  3126 W ReactNativeJS: `new NativeEventEmitter()` was called with a non-null argument without the required `addListener` method.
14:30:24.517  3036  3126 W ReactNativeJS: `new NativeEventEmitter()` was called with a non-null argument without the required `removeListeners` method.
14:30:24.517  3036  3126 W ReactNativeJS: `new NativeEventEmitter()` was called with a non-null argument without the required `addListener` method.
14:30:24.517  3036  3126 W ReactNativeJS: `new NativeEventEmitter()` was called with a non-null argument without the required `removeListeners` method.
14:30:24.517  3036  3126 W ReactNativeJS: `new NativeEventEmitter()` was called with a non-null argument without the required `addListener` method.
14:30:24.517  3036  3126 W ReactNativeJS: `new NativeEventEmitter()` was called with a non-null argument without the required `removeListeners` method.
14:30:24.518  3036  3126 D Detox.RNMarker: NATIVE_MODULE_SETUP_START (ScanditDataCaptureSparkScan)
14:30:24.527  3036  3126 D Detox.RNMarker: NATIVE_MODULE_SETUP_END (ScanditDataCaptureSparkScan)
14:30:24.527  3036  3126 W ReactNativeJS: `new NativeEventEmitter()` was called with a non-null argument without the required `addListener` method.
14:30:24.527  3036  3126 W ReactNativeJS: `new NativeEventEmitter()` was called with a non-null argument without the required `removeListeners` method.
14:30:24.527  3036  3126 D Detox.RNMarker: NATIVE_MODULE_SETUP_START (ScanditDataCaptureBarcodePick)
14:30:24.551  3036  3126 D Detox.RNMarker: NATIVE_MODULE_SETUP_END (ScanditDataCaptureBarcodePick)
14:30:24.552  3036  3126 W ReactNativeJS: `new NativeEventEmitter()` was called with a non-null argument without the required `addListener` method.
14:30:24.552  3036  3126 W ReactNativeJS: `new NativeEventEmitter()` was called with a non-null argument without the required `removeListeners` method.
14:30:24.552  3036  3126 W ReactNativeJS: `new NativeEventEmitter()` was called with a non-null argument without the required `addListener` method.
14:30:24.552  3036  3126 W ReactNativeJS: `new NativeEventEmitter()` was called with a non-null argument without the required `removeListeners` method.
14:30:24.552  3036  3126 D Detox.RNMarker: NATIVE_MODULE_SETUP_START (ScanditDataCaptureBarcodeFind)
14:30:24.552  3036  3126 D Detox.RNMarker: NATIVE_MODULE_SETUP_END (ScanditDataCaptureBarcodeFind)
14:30:24.552  3036  3126 W ReactNativeJS: `new NativeEventEmitter()` was called with a non-null argument without the required `addListener` method.
14:30:24.552  3036  3126 W ReactNativeJS: `new NativeEventEmitter()` was called with a non-null argument without the required `removeListeners` method.
14:30:24.552  3036  3126 W ReactNativeJS: `new NativeEventEmitter()` was called with a non-null argument without the required `addListener` method.
14:30:24.553  3036  3126 W ReactNativeJS: `new NativeEventEmitter()` was called with a non-null argument without the required `removeListeners` method.
14:30:24.553  3036  3126 W ReactNativeJS: `new NativeEventEmitter()` was called with a non-null argument without the required `addListener` method.
14:30:24.553  3036  3126 W ReactNativeJS: `new NativeEventEmitter()` was called with a non-null argument without the required `removeListeners` method.
14:30:24.553  3036  3126 D Detox.RNMarker: NATIVE_MODULE_SETUP_START (ScanditDataCaptureBarcode)
14:30:24.557  3036  3126 D Detox.RNMarker: NATIVE_MODULE_SETUP_END (ScanditDataCaptureBarcode)
14:30:24.558  3036  3126 W ReactNativeJS: `new NativeEventEmitter()` was called with a non-null argument without the required `addListener` method.
14:30:24.558  3036  3126 W ReactNativeJS: `new NativeEventEmitter()` was called with a non-null argument without the required `removeListeners` method.
14:30:24.558  3036  3126 W ReactNativeJS: `new NativeEventEmitter()` was called with a non-null argument without the required `addListener` method.
14:30:24.558  3036  3126 W ReactNativeJS: `new NativeEventEmitter()` was called with a non-null argument without the required `removeListeners` method.
14:30:24.561  3036  3126 D Detox.RNMarker: NATIVE_MODULE_SETUP_START (RNHTMLtoPDF)
14:30:24.561  3036  3126 D Detox.RNMarker: NATIVE_MODULE_SETUP_END (RNHTMLtoPDF)
14:30:24.561  3036  3126 D Detox.RNMarker: NATIVE_MODULE_SETUP_START (RNPrint)
14:30:24.561  3036  3126 D Detox.RNMarker: NATIVE_MODULE_SETUP_END (RNPrint)
14:30:24.564  3036  3126 D Detox.RNMarker: NATIVE_MODULE_SETUP_START (RNWalletPasses)
14:30:24.565  3036  3126 D Detox.RNMarker: NATIVE_MODULE_SETUP_END (RNWalletPasses)
14:30:24.565  3036  3126 W ReactNativeJS: `new NativeEventEmitter()` was called with a non-null argument without the required `addListener` method.
14:30:24.565  3036  3126 W ReactNativeJS: `new NativeEventEmitter()` was called with a non-null argument without the required `removeListeners` method.
14:30:24.566  3036  3126 D Detox.RNMarker: NATIVE_MODULE_SETUP_START (RNRestart)
14:30:24.566  3036  3126 D Detox.RNMarker: NATIVE_MODULE_SETUP_END (RNRestart)
14:30:24.582  3036  3126 D Detox.RNMarker: RUN_JS_BUNDLE_END (index.android.bundle)
14:30:24.582  3036  3126 I ReactNativeJS: Running "ThryveAIGrocery
14:30:24.584  3036  3126 D Detox.RNMarker: NATIVE_MODULE_SETUP_START (AccessibilityInfo)
14:30:24.585  3036  3126 D Detox.RNMarker: CREATE_MODULE_START (AccessibilityInfo)
14:30:24.586  3036  3126 D Detox.RNMarker: CREATE_MODULE_END (AccessibilityInfo)
14:30:24.586  3036  3126 D Detox.RNMarker: NATIVE_MODULE_SETUP_END (AccessibilityInfo)
14:30:24.586  3036  3126 D Detox.RNMarker: NATIVE_MODULE_SETUP_START (AccessibilityManager)
14:30:24.599  3036  3036 D Detox.RNMarker: CONTENT_APPEARED (ThryveAIGrocery)
14:30:24.638  3036  3126 D Detox.RNMarker: NATIVE_MODULE_SETUP_START (SourceCode)
14:30:24.639  3036  3126 D Detox.RNMarker: CREATE_MODULE_START (SourceCode)
14:30:24.639  3036  3126 D Detox.RNMarker: CREATE_MODULE_END (SourceCode)
14:30:24.639  3036  3126 D Detox.RNMarker: NATIVE_MODULE_SETUP_END (SourceCode)
14:30:24.640  3036  3126 D Detox.RNMarker: NATIVE_MODULE_SETUP_START (RNFBAnalyticsModule)
14:30:24.640  3036  3126 D Detox.RNMarker: NATIVE_MODULE_SETUP_END (RNFBAnalyticsModule)
14:30:24.641  3036  3126 D Detox.RNMarker: NATIVE_MODULE_SETUP_START (RNFBConfigModule)
14:30:24.641  3036  3126 D Detox.RNMarker: NATIVE_MODULE_SETUP_END (RNFBConfigModule)
14:30:24.850  3036  3036 D DetoxRNLoading: Got new RN-context directly and immediately
14:30:24.851  3036  3077 I DetoxRNIdleRes: Setting up Espresso Idling Resources for React Native
14:30:24.854  3036  3077 D DetoxRNHelpers: Native RN module resolution (class com.facebook.react.modules.storage.AsyncStorageModule): no such class
14:30:24.855  3036  3036 I Detox   : UIManagerModule is busy
14:30:24.858  3036  3089 W kefern.shoprite: Long monitor contention with owner Instr: androidx.test.runner.AndroidJUnitRunner (3077) at void com.wix.detox.DetoxMain.launchActivityOnCue(android.content.Context, com.wix.detox.ActivityLaunchHelper)(DetoxMain.kt:54) waiters=0 in void com.wix.detox.DetoxMain$setupActionHandlers$SynchronizedActionHandler.handle(java.lang.String, long) for 719ms
14:30:24.866  3036  3036 I Detox   : UIManagerModule is busy
14:30:24.866  3036  3036 I Detox   : UIManagerModule is busy
14:30:24.907  3036  3036 I Detox   : Network is busy, with 1 in-flight calls
14:30:24.910  3036  3036 I Detox   : Network is busy, with 1 in-flight calls
14:30:24.927  3036  3036 I Detox   : Network is busy, with 1 in-flight calls
14:30:24.944  3036  3036 I Detox   : Network is busy, with 1 in-flight calls
14:30:24.960  3036  3036 I Detox   : Network is busy, with 1 in-flight calls
14:30:24.977  3036  3036 I Detox   : Network is busy, with 1 in-flight calls
14:30:24.993  3036  3036 I Detox   : Network is busy, with 1 in-flight calls
14:30:25.010  3036  3036 I Detox   : Network is busy, with 1 in-flight calls
14:30:25.027  3036  3036 I Detox   : Network is busy, with 1 in-flight calls
14:30:25.047  3036  3036 I Detox   : UIManagerModule is busy
14:30:25.061  3036  3036 I Detox   : Network is busy, with 5 in-flight calls
14:30:25.077  3036  3036 I Detox   : Network is busy, with 5 in-flight calls
14:30:25.097  3036  3036 I Detox   : Network is busy, with 5 in-flight calls
14:30:25.113  3036  3036 I Detox   : Network is busy, with 5 in-flight calls
14:30:25.127  3036  3036 I Detox   : Network is busy, with 5 in-flight calls
14:30:25.144  3036  3036 I Detox   : Network is busy, with 5 in-flight calls
14:30:25.155  3036  3126 D Detox.RNMarker: NATIVE_MODULE_SETUP_START (FastImageView)
14:30:25.156  3036  3126 D Detox.RNMarker: NATIVE_MODULE_SETUP_END (FastImageView)
14:30:25.160  3036  3036 I Detox   : Network is busy, with 5 in-flight calls
14:30:25.179  3036  3036 I Detox   : Network is busy, with 4 in-flight calls
14:30:25.194  3036  3036 I Detox   : Network is busy, with 4 in-flight calls
14:30:25.210  3036  3036 I Detox   : Network is busy, with 4 in-flight calls
14:30:25.231  3036  3036 I Detox   : Network is busy, with 4 in-flight calls
14:30:25.244  3036  3036 I Detox   : Network is busy, with 4 in-flight calls
14:30:25.260  3036  3036 I Detox   : Network is busy, with 4 in-flight calls
14:30:25.277  3036  3036 I Detox   : Network is busy, with 3 in-flight calls
14:30:25.294  3036  3036 I Detox   : Network is busy, with 3 in-flight calls
14:30:25.310  3036  3036 I Detox   : Network is busy, with 2 in-flight calls
14:30:25.329  3036  3036 I Detox   : Network is busy, with 1 in-flight calls
14:30:25.344  3036  3036 I Detox   : Network is busy, with 1 in-flight calls
14:30:25.360  3036  3036 I Detox   : Network is busy, with 1 in-flight calls
14:30:25.433  3036  3126 D Detox.RNMarker: NATIVE_MODULE_SETUP_START (IntentAndroid)
14:30:25.433  3036  3126 D Detox.RNMarker: CREATE_MODULE_START (IntentAndroid)
14:30:25.433  3036  3126 D Detox.RNMarker: CREATE_MODULE_END (IntentAndroid)
14:30:25.433  3036  3126 D Detox.RNMarker: NATIVE_MODULE_SETUP_END (IntentAndroid)
14:30:25.433  3036  3126 D Detox.RNMarker: NATIVE_MODULE_SETUP_START (LinkingManager)
14:30:25.433  3036  3126 D Detox.RNMarker: NATIVE_MODULE_SETUP_START (RNFBDynamicLinksModule)
14:30:25.433  3036  3126 D Detox.RNMarker: NATIVE_MODULE_SETUP_END (RNFBDynamicLinksModule)
14:30:25.457  3036  3126 I ReactNativeJS: couldn't retrieve token wakefernJWT: Unauthorized
14:30:25.482  3036  3126 I ReactNativeJS: value for key "wakefernJWT" doesn't exist in storage, removal skipped
14:30:25.563  3036  3036 I Detox   : Network is busy, with 2 in-flight calls
14:30:25.577  3036  3036 I Detox   : Network is busy, with 1 in-flight calls
14:30:25.594  3036  3036 I Detox   : Network is busy, with 1 in-flight calls
14:30:25.610  3036  3036 I Detox   : Network is busy, with 1 in-flight calls
14:30:25.627  3036  3036 I Detox   : Network is busy, with 1 in-flight calls
14:30:25.644  3036  3036 I Detox   : Network is busy, with 1 in-flight calls
14:30:25.660  3036  3036 I Detox   : Network is busy, with 1 in-flight calls
14:30:25.677  3036  3036 I Detox   : Network is busy, with 1 in-flight calls
14:30:25.694  3036  3036 I Detox   : Network is busy, with 1 in-flight calls
14:30:25.710  3036  3036 I Detox   : Network is busy, with 1 in-flight calls
14:30:25.727  3036  3036 I Detox   : Network is busy, with 1 in-flight calls
14:30:25.744  3036  3036 I Detox   : Network is busy, with 1 in-flight calls
14:30:25.760  3036  3036 I Detox   : Network is busy, with 1 in-flight calls
