14:23:28.213 31452 31505 I DetoxWSClient: Sending out action 'invokeResult' (ID #13)
14:23:28.213 31452 31505 I DetoxDispatcher: Done with action 'invoke'
14:23:28.267 31452 31509 D DetoxWSClient: Received action 'invoke' (ID #14, params={"target":{"type":"Class","value":"com.wix.detox.espresso.EspressoDetox"},"method":"perform","args":[{"type":"Invocation","value":{"target":{"type":"Class","value":"com.wix.detox.espresso.DetoxMatcher"},"method":"matcherForTestId","args":["shopping_mode_selector",{"type":"boolean","value":false}]}},{"type":"Invocation","value":{"target":{"type":"Class","value":"com.wix.detox.espresso.DetoxViewActions"},"method":"click","args":[]}}]})
14:23:28.267 31452 31505 I DetoxDispatcher: Handling action 'invoke' (ID #14)...
14:23:28.268 31452 31505 D Detox   : class com.wix.detox.espresso.DetoxMatcher, matcherForTestId, [shopping_mode_selector, false]
14:23:28.268 31452 31505 D Detox   : class com.wix.detox.espresso.DetoxViewActions, click, []
14:23:28.268 31452 31505 D Detox   : class com.wix.detox.espresso.EspressoDetox, perform, [(view.getTag() is "shopping_mode_selector" and view has effective visibility <VISIBLE>), com.wix.detox.espresso.action.RNClickAction@4e142e2]
14:23:29.447 31452 31505 I DetoxWSClient: Sending out action 'invokeResult' (ID #14)
14:23:29.448 31452 31505 I DetoxDispatcher: Done with action 'invoke'
14:23:29.451 31452 31509 D DetoxWSClient: Received action 'invoke' (ID #15, params={"target":{"type":"Class","value":"com.wix.detox.espresso.DetoxAssertion"},"method":"waitForAssertMatcher","args":[{"type":"Invocation","value":{"target":{"type":"Class","value":"androidx.test.espresso.Espresso"},"method":"onView","args":[{"type":"Invocation","value":{"target":{"type":"Class","value":"com.wix.detox.espresso.DetoxMatcher"},"method":"matcherForTestId","args":["shopping_mode_pickup_button",{"type":"boolean","value":false}]}}]}},{"type":"Invocation","value":{"target":{"type":"Class","value":"com.wix.detox.espresso.DetoxMatcher"},"method":"matcherForSufficientlyVisible","args":[{"type":"Integer","value":75}]}},{"type":"Double","value":2}]})
14:23:29.451 31452 31505 I DetoxDispatcher: Handling action 'invoke' (ID #15)...
14:23:29.451 31452 31505 D Detox   : class com.wix.detox.espresso.DetoxMatcher, matcherForTestId, [shopping_mode_pickup_button, false]
14:23:29.451 31452 31505 D Detox   : class androidx.test.espresso.Espresso, onView, [(view.getTag() is "shopping_mode_pickup_button" and view has effective visibility <VISIBLE>)]
14:23:29.452 31452 31505 D Detox   : class com.wix.detox.espresso.DetoxMatcher, matcherForSufficientlyVisible, [75]
14:23:29.452 31452 31505 D Detox   : class com.wix.detox.espresso.DetoxAssertion, waitForAssertMatcher, [androidx.test.espresso.ViewInteraction@89346b2, (view has effective visibility <VISIBLE> and view.getGlobalVisibleRect() covers at least <75> percent of the view's area), 2.0]
14:23:29.454 31452 31452 I ViewInteraction: Checking 'MatchesViewAssertion(Detox){viewMatcher=(view has effective visibility <VISIBLE> and view.getGlobalVisibleRect() covers at least <75> percent of the view's area)}' assertion on view (view.getTag() is "shopping_mode_pickup_button" and view has effective visibility <VISIBLE>)
14:23:29.631 31452 31452 I ViewInteraction: Checking 'MatchesViewAssertion(Detox){viewMatcher=(view has effective visibility <VISIBLE> and view.getGlobalVisibleRect() covers at least <75> percent of the view's area)}' assertion on view (view.getTag() is "shopping_mode_pickup_button" and view has effective visibility <VISIBLE>)
14:23:29.797 31452 31452 I ViewInteraction: Checking 'MatchesViewAssertion(Detox){viewMatcher=(view has effective visibility <VISIBLE> and view.getGlobalVisibleRect() covers at least <75> percent of the view's area)}' assertion on view (view.getTag() is "shopping_mode_pickup_button" and view has effective visibility <VISIBLE>)
14:23:29.963 31452 31452 I ViewInteraction: Checking 'MatchesViewAssertion(Detox){viewMatcher=(view has effective visibility <VISIBLE> and view.getGlobalVisibleRect() covers at least <75> percent of the view's area)}' assertion on view (view.getTag() is "shopping_mode_pickup_button" and view has effective visibility <VISIBLE>)
14:23:30.128 31452 31452 I ViewInteraction: Checking 'MatchesViewAssertion(Detox){viewMatcher=(view has effective visibility <VISIBLE> and view.getGlobalVisibleRect() covers at least <75> percent of the view's area)}' assertion on view (view.getTag() is "shopping_mode_pickup_button" and view has effective visibility <VISIBLE>)
14:23:30.469 31452 31452 I Detox   : UIManagerModule is busy
14:23:30.494 31452 31452 I Detox   : Network is busy, with 1 in-flight calls
14:23:30.510 31452 31452 I Detox   : Network is busy, with 1 in-flight calls
14:23:30.527 31452 31452 I Detox   : Network is busy, with 1 in-flight calls
14:23:30.543 31452 31452 I Detox   : Network is busy, with 1 in-flight calls
14:23:30.612 31452 31452 I ViewInteraction: Checking 'MatchesViewAssertion(Detox){viewMatcher=(view has effective visibility <VISIBLE> and view.getGlobalVisibleRect() covers at least <75> percent of the view's area)}' assertion on view (view.getTag() is "shopping_mode_pickup_button" and view has effective visibility <VISIBLE>)
14:23:30.613 31452 31505 I DetoxWSClient: Sending out action 'invokeResult' (ID #15)
14:23:30.613 31452 31505 I DetoxDispatcher: Done with action 'invoke'
14:23:30.616 31452 31509 D DetoxWSClient: Received action 'invoke' (ID #16, params={"target":{"type":"Class","value":"com.wix.detox.espresso.EspressoDetox"},"method":"perform","args":[{"type":"Invocation","value":{"target":{"type":"Class","value":"com.wix.detox.espresso.DetoxMatcher"},"method":"matcherForTestId","args":["shopping_mode_pickup_button",{"type":"boolean","value":false}]}},{"type":"Invocation","value":{"target":{"type":"Class","value":"com.wix.detox.espresso.DetoxViewActions"},"method":"click","args":[]}}]})
14:23:30.616 31452 31505 I DetoxDispatcher: Handling action 'invoke' (ID #16)...
14:23:30.616 31452 31505 D Detox   : class com.wix.detox.espresso.DetoxMatcher, matcherForTestId, [shopping_mode_pickup_button, false]
14:23:30.617 31452 31505 D Detox   : class com.wix.detox.espresso.DetoxViewActions, click, []
14:23:30.617 31452 31505 D Detox   : class com.wix.detox.espresso.EspressoDetox, perform, [(view.getTag() is "shopping_mode_pickup_button" and view has effective visibility <VISIBLE>), com.wix.detox.espresso.action.RNClickAction@3f8fbe1]
14:23:31.914 31452 31452 I Detox   : UIManagerModule is busy
14:23:32.305 31452 31505 I DetoxWSClient: Sending out action 'invokeResult' (ID #16)
14:23:32.305 31452 31505 I DetoxDispatcher: Done with action 'invoke'
14:23:32.313 31452 31509 D DetoxWSClient: Received action 'invoke' (ID #17, params={"target":{"type":"Class","value":"com.wix.detox.espresso.DetoxAssertion"},"method":"waitForAssertMatcher","args":[{"type":"Invocation","value":{"target":{"type":"Class","value":"androidx.test.espresso.Espresso"},"method":"onView","args":[{"type":"Invocation","value":{"target":{"type":"Class","value":"com.wix.detox.espresso.DetoxMatcher"},"method":"matcherForShallowAccessibilityLabel","args":["Unable to retrieve location",{"type":"boolean","value":false}]}}]}},{"type":"Invocation","value":{"target":{"type":"Class","value":"com.wix.detox.espresso.DetoxMatcher"},"method":"matcherForSufficientlyVisible","args":[{"type":"Integer","value":75}]}},{"type":"Double","value":3}]})
14:23:32.313 31452 31505 I DetoxDispatcher: Handling action 'invoke' (ID #17)...
14:23:32.314 31452 31505 D Detox   : class com.wix.detox.espresso.DetoxMatcher, matcherForShallowAccessibilityLabel, [Unable to retrieve location, false]
14:23:32.314 31452 31505 D Detox   : class androidx.test.espresso.Espresso, onView, [((view.getContentDescription() is "Unable to retrieve location" or an instance of android.widget.TextView and view.getText() with or without transformation to match: is "Unable to retrieve location") and view has effective visibility <VISIBLE>)]
14:23:32.314 31452 31505 D Detox   : class com.wix.detox.espresso.DetoxMatcher, matcherForSufficientlyVisible, [75]
14:23:32.314 31452 31505 D Detox   : class com.wix.detox.espresso.DetoxAssertion, waitForAssertMatcher, [androidx.test.espresso.ViewInteraction@cb8edf3, (view has effective visibility <VISIBLE> and view.getGlobalVisibleRect() covers at least <75> percent of the view's area), 3.0]
14:23:32.318 31452 31452 I ViewInteraction: Checking 'MatchesViewAssertion(Detox){viewMatcher=(view has effective visibility <VISIBLE> and view.getGlobalVisibleRect() covers at least <75> percent of the view's area)}' assertion on view ((view.getContentDescription() is "Unable to retrieve location" or an instance of android.widget.TextView and view.getText() with or without transformation to match: is "Unable to retrieve location") and view has effective visibility <VISIBLE>)
14:23:32.542 31452 31452 I ViewInteraction: Checking 'MatchesViewAssertion(Detox){viewMatcher=(view has effective visibility <VISIBLE> and view.getGlobalVisibleRect() covers at least <75> percent of the view's area)}' assertion on view ((view.getContentDescription() is "Unable to retrieve location" or an instance of android.widget.TextView and view.getText() with or without transformation to match: is "Unable to retrieve location") and view has effective visibility <VISIBLE>)
14:23:32.884 31452 31452 I ViewInteraction: Checking 'MatchesViewAssertion(Detox){viewMatcher=(view has effective visibility <VISIBLE> and view.getGlobalVisibleRect() covers at least <75> percent of the view's area)}' assertion on view ((view.getContentDescription() is "Unable to retrieve location" or an instance of android.widget.TextView and view.getText() with or without transformation to match: is "Unable to retrieve location") and view has effective visibility <VISIBLE>)
14:23:33.057 31452 31452 I ViewInteraction: Checking 'MatchesViewAssertion(Detox){viewMatcher=(view has effective visibility <VISIBLE> and view.getGlobalVisibleRect() covers at least <75> percent of the view's area)}' assertion on view ((view.getContentDescription() is "Unable to retrieve location" or an instance of android.widget.TextView and view.getText() with or without transformation to match: is "Unable to retrieve location") and view has effective visibility <VISIBLE>)
14:23:33.221 31452 31452 I ViewInteraction: Checking 'MatchesViewAssertion(Detox){viewMatcher=(view has effective visibility <VISIBLE> and view.getGlobalVisibleRect() covers at least <75> percent of the view's area)}' assertion on view ((view.getContentDescription() is "Unable to retrieve location" or an instance of android.widget.TextView and view.getText() with or without transformation to match: is "Unable to retrieve location") and view has effective visibility <VISIBLE>)
14:23:33.388 31452 31452 I ViewInteraction: Checking 'MatchesViewAssertion(Detox){viewMatcher=(view has effective visibility <VISIBLE> and view.getGlobalVisibleRect() covers at least <75> percent of the view's area)}' assertion on view ((view.getContentDescription() is "Unable to retrieve location" or an instance of android.widget.TextView and view.getText() with or without transformation to match: is "Unable to retrieve location") and view has effective visibility <VISIBLE>)
14:23:33.557 31452 31452 I ViewInteraction: Checking 'MatchesViewAssertion(Detox){viewMatcher=(view has effective visibility <VISIBLE> and view.getGlobalVisibleRect() covers at least <75> percent of the view's area)}' assertion on view ((view.getContentDescription() is "Unable to retrieve location" or an instance of android.widget.TextView and view.getText() with or without transformation to match: is "Unable to retrieve location") and view has effective visibility <VISIBLE>)
14:23:33.727 31452 31452 I ViewInteraction: Checking 'MatchesViewAssertion(Detox){viewMatcher=(view has effective visibility <VISIBLE> and view.getGlobalVisibleRect() covers at least <75> percent of the view's area)}' assertion on view ((view.getContentDescription() is "Unable to retrieve location" or an instance of android.widget.TextView and view.getText() with or without transformation to match: is "Unable to retrieve location") and view has effective visibility <VISIBLE>)
14:23:33.905 31452 31452 I ViewInteraction: Checking 'MatchesViewAssertion(Detox){viewMatcher=(view has effective visibility <VISIBLE> and view.getGlobalVisibleRect() covers at least <75> percent of the view's area)}' assertion on view ((view.getContentDescription() is "Unable to retrieve location" or an instance of android.widget.TextView and view.getText() with or without transformation to match: is "Unable to retrieve location") and view has effective visibility <VISIBLE>)
14:23:34.072 31452 31452 I ViewInteraction: Checking 'MatchesViewAssertion(Detox){viewMatcher=(view has effective visibility <VISIBLE> and view.getGlobalVisibleRect() covers at least <75> percent of the view's area)}' assertion on view ((view.getContentDescription() is "Unable to retrieve location" or an instance of android.widget.TextView and view.getText() with or without transformation to match: is "Unable to retrieve location") and view has effective visibility <VISIBLE>)
14:23:34.240 31452 31452 I ViewInteraction: Checking 'MatchesViewAssertion(Detox){viewMatcher=(view has effective visibility <VISIBLE> and view.getGlobalVisibleRect() covers at least <75> percent of the view's area)}' assertion on view ((view.getContentDescription() is "Unable to retrieve location" or an instance of android.widget.TextView and view.getText() with or without transformation to match: is "Unable to retrieve location") and view has effective visibility <VISIBLE>)
14:23:34.409 31452 31452 I ViewInteraction: Checking 'MatchesViewAssertion(Detox){viewMatcher=(view has effective visibility <VISIBLE> and view.getGlobalVisibleRect() covers at least <75> percent of the view's area)}' assertion on view ((view.getContentDescription() is "Unable to retrieve location" or an instance of android.widget.TextView and view.getText() with or without transformation to match: is "Unable to retrieve location") and view has effective visibility <VISIBLE>)
14:23:34.572 31452 31452 I ViewInteraction: Checking 'MatchesViewAssertion(Detox){viewMatcher=(view has effective visibility <VISIBLE> and view.getGlobalVisibleRect() covers at least <75> percent of the view's area)}' assertion on view ((view.getContentDescription() is "Unable to retrieve location" or an instance of android.widget.TextView and view.getText() with or without transformation to match: is "Unable to retrieve location") and view has effective visibility <VISIBLE>)
14:23:34.737 31452 31452 I ViewInteraction: Checking 'MatchesViewAssertion(Detox){viewMatcher=(view has effective visibility <VISIBLE> and view.getGlobalVisibleRect() covers at least <75> percent of the view's area)}' assertion on view ((view.getContentDescription() is "Unable to retrieve location" or an instance of android.widget.TextView and view.getText() with or without transformation to match: is "Unable to retrieve location") and view has effective visibility <VISIBLE>)
14:23:34.905 31452 31452 I ViewInteraction: Checking 'MatchesViewAssertion(Detox){viewMatcher=(view has effective visibility <VISIBLE> and view.getGlobalVisibleRect() covers at least <75> percent of the view's area)}' assertion on view ((view.getContentDescription() is "Unable to retrieve location" or an instance of android.widget.TextView and view.getText() with or without transformation to match: is "Unable to retrieve location") and view has effective visibility <VISIBLE>)
14:23:35.070 31452 31452 I ViewInteraction: Checking 'MatchesViewAssertion(Detox){viewMatcher=(view has effective visibility <VISIBLE> and view.getGlobalVisibleRect() covers at least <75> percent of the view's area)}' assertion on view ((view.getContentDescription() is "Unable to retrieve location" or an instance of android.widget.TextView and view.getText() with or without transformation to match: is "Unable to retrieve location") and view has effective visibility <VISIBLE>)
14:23:35.236 31452 31452 I ViewInteraction: Checking 'MatchesViewAssertion(Detox){viewMatcher=(view has effective visibility <VISIBLE> and view.getGlobalVisibleRect() covers at least <75> percent of the view's area)}' assertion on view ((view.getContentDescription() is "Unable to retrieve location" or an instance of android.widget.TextView and view.getText() with or without transformation to match: is "Unable to retrieve location") and view has effective visibility <VISIBLE>)
14:23:35.402 31452 31505 I DetoxActionHandlers: Test exception
14:23:35.402 31452 31505 I DetoxActionHandlers: java.lang.reflect.InvocationTargetException
14:23:35.402 31452 31505 I DetoxActionHandlers: 	at java.lang.reflect.Method.invoke(Native Method)
14:23:35.402 31452 31505 I DetoxActionHandlers: 	at org.apache.commons.lang3.reflect.MethodUtils.invokeStaticMethod(MethodUtils.java:443)
14:23:35.402 31452 31505 I DetoxActionHandlers: 	at org.apache.commons.lang3.reflect.MethodUtils.invokeStaticMethod(MethodUtils.java:405)
14:23:35.402 31452 31505 I DetoxActionHandlers: 	at com.wix.invoke.types.ClassTarget.execute(ClassTarget.java:23)
14:23:35.402 31452 31505 I DetoxActionHandlers: 	at com.wix.invoke.types.Target.invoke(Target.java:59)
14:23:35.402 31452 31505 I DetoxActionHandlers: 	at com.wix.invoke.MethodInvocation.invoke(MethodInvocation.java:35)
14:23:35.402 31452 31505 I DetoxActionHandlers: 	at com.wix.invoke.MethodInvocation.invoke(MethodInvocation.java:26)
14:23:35.402 31452 31505 I DetoxActionHandlers: 	at com.wix.invoke.MethodInvocation.invoke(MethodInvocation.java:20)
14:23:35.402 31452 31505 I DetoxActionHandlers: 	at com.wix.detox.adapters.server.InvokeActionHandler.handle(DetoxActionHandlers.kt:54)
14:23:35.402 31452 31505 I DetoxActionHandlers: 	at com.wix.detox.adapters.server.ActionsExecutor.executeAction$lambda$2$lambda$1(DetoxActionsDispatcher.kt:76)
14:23:35.402 31452 31505 I DetoxActionHandlers: 	at com.wix.detox.adapters.server.ActionsExecutor.$r8$lambda$LZ3KRuVesIYkeXHJoNMi_yqw1HU(Unknown Source:0)
14:23:35.402 31452 31505 I DetoxActionHandlers: 	at com.wix.detox.adapters.server.ActionsExecutor$$ExternalSyntheticLambda0.run(Unknown Source:8)
14:23:35.402 31452 31505 I DetoxActionHandlers: 	at android.os.Handler.handleCallback(Handler.java:959)
14:23:35.402 31452 31505 I DetoxActionHandlers: 	at android.os.Handler.dispatchMessage(Handler.java:100)
14:23:35.402 31452 31505 I DetoxActionHandlers: 	at android.os.Looper.loopOnce(Looper.java:232)
14:23:35.402 31452 31505 I DetoxActionHandlers: 	at android.os.Looper.loop(Looper.java:317)
14:23:35.402 31452 31505 I DetoxActionHandlers: 	at com.wix.detox.adapters.server.ActionsExecutor._init_$lambda$0(DetoxActionsDispatcher.kt:62)
14:23:35.402 31452 31505 I DetoxActionHandlers: 	at com.wix.detox.adapters.server.ActionsExecutor.$r8$lambda$4eWOlZMqOQq2jbqiFbTCEP-pHOY(Unknown Source:0)
14:23:35.402 31452 31505 I DetoxActionHandlers: 	at com.wix.detox.adapters.server.ActionsExecutor$$ExternalSyntheticLambda1.run(Unknown Source:4)
14:23:35.402 31452 31505 I DetoxActionHandlers: 	at java.lang.Thread.run(Thread.java:1012)
14:23:35.402 31452 31505 I DetoxActionHandlers: Caused by: com.wix.detox.common.DetoxErrors$DetoxRuntimeException: 3.0sec timeout expired without matching of given matcher: (view has effective visibility <VISIBLE> and view.getGlobalVisibleRect() covers at least <75> percent of the view's area)
14:23:35.402 31452 31505 I DetoxActionHandlers: 	at com.wix.detox.espresso.DetoxAssertion.waitForAssertMatcher(DetoxAssertion.java:72)
14:23:35.402 31452 31505 I DetoxActionHandlers: 	... 20 more
14:23:35.402 31452 31505 I DetoxWSClient: Sending out action 'testFailed' (ID #17)
14:23:35.402 31452 31505 I DetoxDispatcher: Done with action 'invoke'
14:23:35.405 31452 31509 D DetoxWSClient: Received action 'invoke' (ID #18, params={"target":{"type":"Class","value":"com.wix.detox.espresso.EspressoDetox"},"method":"perform","args":[{"type":"Invocation","value":{"target":{"type":"Class","value":"com.wix.detox.espresso.DetoxMatcher"},"method":"matcherForTestId","args":["search_with_results_textinput",{"type":"boolean","value":false}]}},{"type":"Invocation","value":{"target":{"type":"Class","value":"com.wix.detox.espresso.DetoxViewActions"},"method":"typeText","args":["08837"]}}]})
14:23:35.405 31452 31505 I DetoxDispatcher: Handling action 'invoke' (ID #18)...
14:23:35.405 31452 31505 D Detox   : class com.wix.detox.espresso.DetoxMatcher, matcherForTestId, [search_with_results_textinput, false]
14:23:35.405 31452 31505 D Detox   : class com.wix.detox.espresso.DetoxViewActions, typeText, [08837]
14:23:35.405 31452 31505 D Detox   : class com.wix.detox.espresso.EspressoDetox, perform, [(view.getTag() is "search_with_results_textinput" and view has effective visibility <VISIBLE>), com.wix.detox.espresso.action.DetoxTypeTextAction@db0a0b7]
14:23:35.445 31452 31452 I Detox   : UIManagerModule is busy
14:23:35.468 31452 31452 I Detox   : UIManagerModule is busy
14:23:35.869 31452 31452 I Detox   : UIManagerModule is busy
14:23:35.881 31452 31452 I Detox   : UIManagerModule is busy
14:23:36.418 31452 31452 I Detox   : UIManagerModule is busy
14:23:36.429 31452 31452 I Detox   : UIManagerModule is busy
14:23:36.936 31452 31452 I Detox   : UIManagerModule is busy
14:23:36.976 31452 31452 I Detox   : UIManagerModule is busy
14:23:36.982 31452 31452 I Detox   : UIManagerModule is busy
14:23:37.011 31452 31452 I Detox   : Network is busy, with 1 in-flight calls
14:23:37.027 31452 31452 I Detox   : Network is busy, with 1 in-flight calls
14:23:37.044 31452 31452 I Detox   : Network is busy, with 1 in-flight calls
14:23:37.060 31452 31452 I Detox   : Network is busy, with 1 in-flight calls
14:23:37.084 31452 31452 I Detox   : UIManagerModule is busy
14:23:37.511 31452 31452 I Detox   : Network is busy, with 1 in-flight calls
14:23:37.527 31452 31452 I Detox   : Network is busy, with 1 in-flight calls
14:23:37.546 31452 31452 I Detox   : UIManagerModule is busy
14:23:37.639 31452 31452 I Detox   : UIManagerModule is busy
14:23:37.646 31452 31452 I Detox   : UIManagerModule is busy
14:23:38.159 31452 31452 I Detox   : UIManagerModule is busy
14:23:38.178 31452 31452 I Detox   : Network is busy, with 1 in-flight calls
14:23:38.194 31452 31452 I Detox   : Network is busy, with 1 in-flight calls
14:23:38.212 31452 31452 I Detox   : UIManagerModule is busy
14:23:38.305 31452 31452 I Detox   : UIManagerModule is busy
14:23:38.312 31452 31452 I Detox   : UIManagerModule is busy
14:23:38.845 31452 31452 I Detox   : Network is busy, with 1 in-flight calls
14:23:38.866 31452 31452 I Detox   : UIManagerModule is busy
14:23:38.929 31452 31505 I DetoxWSClient: Sending out action 'invokeResult' (ID #18)
14:23:38.929 31452 31505 I DetoxDispatcher: Done with action 'invoke'
14:23:38.932 31452 31509 D DetoxWSClient: Received action 'invoke' (ID #19, params={"target":{"type":"Class","value":"com.wix.detox.espresso.EspressoDetox"},"method":"perform","args":[{"type":"Invocation","value":{"target":{"type":"Class","value":"com.wix.detox.espresso.DetoxMatcher"},"method":"matcherForTestId","args":["search_with_results_index_1_button",{"type":"boolean","value":false}]}},{"type":"Invocation","value":{"target":{"type":"Class","value":"com.wix.detox.espresso.DetoxViewActions"},"method":"click","args":[]}}]})
14:23:38.932 31452 31505 I DetoxDispatcher: Handling action 'invoke' (ID #19)...
14:23:38.932 31452 31505 D Detox   : class com.wix.detox.espresso.DetoxMatcher, matcherForTestId, [search_with_results_index_1_button, false]
14:23:38.932 31452 31505 D Detox   : class com.wix.detox.espresso.DetoxViewActions, click, []
14:23:38.932 31452 31505 D Detox   : class com.wix.detox.espresso.EspressoDetox, perform, [(view.getTag() is "search_with_results_index_1_button" and view has effective visibility <VISIBLE>), com.wix.detox.espresso.action.RNClickAction@d0ad17]
14:23:38.986 31452 31452 I Detox   : UIManagerModule is busy
14:23:40.252 31452 31452 I Detox   : UIManagerModule is busy
14:23:40.633 31452 31505 I DetoxWSClient: Sending out action 'invokeResult' (ID #19)
14:23:40.634 31452 31505 I DetoxDispatcher: Done with action 'invoke'
14:23:40.638 31452 31509 D DetoxWSClient: Received action 'invoke' (ID #20, params={"target":{"type":"Class","value":"com.wix.detox.espresso.EspressoDetox"},"method":"perform","args":[{"type":"Invocation","value":{"target":{"type":"Class","value":"com.wix.detox.espresso.DetoxMatcher"},"method":"matcherForTestId","args":["store_listing_list_tab",{"type":"boolean","value":false}]}},{"type":"Invocation","value":{"target":{"type":"Class","value":"com.wix.detox.espresso.DetoxViewActions"},"method":"click","args":[]}}]})
14:23:40.638 31452 31505 I DetoxDispatcher: Handling action 'invoke' (ID #20)...
14:23:40.638 31452 31505 D Detox   : class com.wix.detox.espresso.DetoxMatcher, matcherForTestId, [store_listing_list_tab, false]
14:23:40.639 31452 31505 D Detox   : class com.wix.detox.espresso.DetoxViewActions, click, []
14:23:40.639 31452 31505 D Detox   : class com.wix.detox.espresso.EspressoDetox, perform, [(view.getTag() is "store_listing_list_tab" and view has effective visibility <VISIBLE>), com.wix.detox.espresso.action.RNClickAction@2ab42c2]
14:23:40.681 31452 31452 I Detox   : UIManagerModule is busy
14:23:42.195 31452 31530 W ReactNativeJS: 'node handle not found', 'Make sure you are focusing accessible component'
14:23:42.197 31452 31505 I DetoxWSClient: Sending out action 'invokeResult' (ID #20)
14:23:42.197 31452 31505 I DetoxDispatcher: Done with action 'invoke'
14:23:42.204 31452 31509 D DetoxWSClient: Received action 'invoke' (ID #21, params={"target":{"type":"Class","value":"com.wix.detox.espresso.DetoxAssertion"},"method":"waitForAssertMatcherWithSearchAction","args":[{"type":"Invocation","value":{"target":{"type":"Class","value":"androidx.test.espresso.Espresso"},"method":"onView","args":[{"type":"Invocation","value":{"target":{"type":"Class","value":"com.wix.detox.espresso.DetoxMatcher"},"method":"matcherForTestId","args":["store_listing_select_store_index_0_button",{"type":"boolean","value":false}]}}]}},{"type":"Invocation","value":{"target":{"type":"Class","value":"com.wix.detox.espresso.DetoxMatcher"},"method":"matcherForSufficientlyVisible","args":[{"type":"Integer","value":75}]}},{"type":"Invocation","value":{"target":{"type":"Class","value":"com.wix.detox.espresso.DetoxAction"},"method":"scrollInDirectionStaleAtEdge","args":[{"type":"Integer","value":4},{"type":"Double","value":50},{"type":"Double","value":-1},{"type":"Double","value":-1}]}},{"type":"Invocation","value":{"target":{"type":"Class","value":"com.wix.detox.espresso.DetoxMatcher"},"method":"matcherForTestId","args":["store_list_scrollview",{"type":"boolean","value":false}]}}]})
14:23:42.204 31452 31505 I DetoxDispatcher: Handling action 'invoke' (ID #21)...
14:23:42.204 31452 31505 D Detox   : class com.wix.detox.espresso.DetoxMatcher, matcherForTestId, [store_listing_select_store_index_0_button, false]
14:23:42.204 31452 31505 D Detox   : class androidx.test.espresso.Espresso, onView, [(view.getTag() is "store_listing_select_store_index_0_button" and view has effective visibility <VISIBLE>)]
14:23:42.205 31452 31505 D Detox   : class com.wix.detox.espresso.DetoxMatcher, matcherForSufficientlyVisible, [75]
14:23:42.205 31452 31505 D Detox   : class com.wix.detox.espresso.DetoxAction, scrollInDirectionStaleAtEdge, [4, 50.0, -1.0, -1.0]
14:23:42.205 31452 31505 D Detox   : class com.wix.detox.espresso.DetoxMatcher, matcherForTestId, [store_list_scrollview, false]
14:23:42.205 31452 31505 D Detox   : class com.wix.detox.espresso.DetoxAssertion, waitForAssertMatcherWithSearchAction, [androidx.test.espresso.ViewInteraction@66ec90e, (view has effective visibility <VISIBLE> and view.getGlobalVisibleRect() covers at least <75> percent of the view's area), com.wix.detox.espresso.scroll.DetoxScrollActionStaleAtEdge@d420f2f, (view.getTag() is "store_list_scrollview" and view has effective visibility <VISIBLE>)]
14:23:42.206 31452 31452 I ViewInteraction: Checking 'MatchesViewAssertion(Detox){viewMatcher=(view has effective visibility <VISIBLE> and view.getGlobalVisibleRect() covers at least <75> percent of the view's area)}' assertion on view (view.getTag() is "store_listing_select_store_index_0_button" and view has effective visibility <VISIBLE>)
14:23:42.206 31452 31505 I DetoxWSClient: Sending out action 'invokeResult' (ID #21)
14:23:42.206 31452 31505 I DetoxDispatcher: Done with action 'invoke'
14:23:42.208 31452 31509 D DetoxWSClient: Received action 'invoke' (ID #22, params={"target":{"type":"Class","value":"com.wix.detox.espresso.EspressoDetox"},"method":"perform","args":[{"type":"Invocation","value":{"target":{"type":"Class","value":"com.wix.detox.espresso.DetoxMatcher"},"method":"matcherForTestId","args":["store_listing_select_store_index_0_button",{"type":"boolean","value":false}]}},{"type":"Invocation","value":{"target":{"type":"Class","value":"com.wix.detox.espresso.DetoxViewActions"},"method":"click","args":[]}}]})
14:23:42.209 31452 31505 I DetoxDispatcher: Handling action 'invoke' (ID #22)...
14:23:42.209 31452 31505 D Detox   : class com.wix.detox.espresso.DetoxMatcher, matcherForTestId, [store_listing_select_store_index_0_button, false]
14:23:42.209 31452 31505 D Detox   : class com.wix.detox.espresso.DetoxViewActions, click, []
14:23:42.209 31452 31505 D Detox   : class com.wix.detox.espresso.EspressoDetox, perform, [(view.getTag() is "store_listing_select_store_index_0_button" and view has effective visibility <VISIBLE>), com.wix.detox.espresso.action.RNClickAction@ad496c5]
14:23:42.242 31452 31452 I Detox   : UIManagerModule is busy
14:23:45.378 31452 31452 I Detox   : UIManagerModule is busy
14:23:45.403 31452 31452 I Detox   : UIManagerModule is busy
14:23:45.410 31452 31452 I Detox   : Network is busy, with 1 in-flight calls
14:23:45.427 31452 31452 I Detox   : Network is busy, with 1 in-flight calls
14:23:45.444 31452 31452 I Detox   : Network is busy, with 1 in-flight calls
14:23:45.463 31452 31452 I Detox   : Network is busy, with 1 in-flight calls
14:23:45.479 31452 31452 I Detox   : Network is busy, with 1 in-flight calls
14:23:45.495 31452 31452 I Detox   : Network is busy, with 1 in-flight calls
14:23:45.514 31452 31452 I Detox   : Network is busy, with 1 in-flight calls
14:23:45.528 31452 31452 I Detox   : Network is busy, with 1 in-flight calls
14:23:45.544 31452 31452 I Detox   : Network is busy, with 1 in-flight calls
14:23:45.561 31452 31452 I Detox   : Network is busy, with 1 in-flight calls
14:23:45.577 31452 31452 I Detox   : Network is busy, with 1 in-flight calls
14:23:45.593 31452 31452 I Detox   : Network is busy, with 1 in-flight calls
14:23:45.610 31452 31452 I Detox   : Network is busy, with 1 in-flight calls
14:23:45.627 31452 31452 I Detox   : Network is busy, with 1 in-flight calls
14:23:45.644 31452 31452 I Detox   : Network is busy, with 1 in-flight calls
14:23:45.660 31452 31452 I Detox   : Network is busy, with 1 in-flight calls
14:23:45.677 31452 31452 I Detox   : Network is busy, with 1 in-flight calls
14:23:45.695 31452 31452 I Detox   : Network is busy, with 1 in-flight calls
14:23:45.710 31452 31452 I Detox   : Network is busy, with 1 in-flight calls
14:23:45.728 31452 31452 I Detox   : Network is busy, with 1 in-flight calls
14:23:45.744 31452 31452 I Detox   : Network is busy, with 1 in-flight calls
14:23:45.760 31452 31452 I Detox   : Network is busy, with 1 in-flight calls
14:23:45.777 31452 31452 I Detox   : Network is busy, with 1 in-flight calls
14:23:45.793 31452 31452 I Detox   : Network is busy, with 1 in-flight calls
14:23:45.810 31452 31452 I Detox   : Network is busy, with 1 in-flight calls
14:23:45.827 31452 31452 I Detox   : Network is busy, with 1 in-flight calls
14:23:45.844 31452 31452 I Detox   : Network is busy, with 1 in-flight calls
14:23:45.863 31452 31452 I Detox   : Network is busy, with 1 in-flight calls
14:23:45.878 31452 31452 I Detox   : Network is busy, with 1 in-flight calls
14:23:45.896 31452 31452 I Detox   : Network is busy, with 1 in-flight calls
14:23:45.911 31452 31452 I Detox   : Network is busy, with 1 in-flight calls
14:23:45.927 31452 31452 I Detox   : Network is busy, with 1 in-flight calls
14:23:45.945 31452 31452 I Detox   : Network is busy, with 1 in-flight calls
14:23:45.961 31452 31452 I Detox   : Network is busy, with 1 in-flight calls
14:23:45.980 31452 31452 I Detox   : Network is busy, with 1 in-flight calls
14:23:45.995 31452 31452 I Detox   : Network is busy, with 1 in-flight calls
14:23:46.012 31452 31452 I Detox   : Network is busy, with 1 in-flight calls
14:23:46.028 31452 31452 I Detox   : Network is busy, with 1 in-flight calls
14:23:46.044 31452 31452 I Detox   : Network is busy, with 1 in-flight calls
14:23:46.061 31452 31452 I Detox   : Network is busy, with 1 in-flight calls
14:23:46.077 31452 31452 I Detox   : Network is busy, with 1 in-flight calls
14:23:46.095 31452 31452 I Detox   : Network is busy, with 1 in-flight calls
14:23:46.112 31452 31452 I Detox   : Network is busy, with 1 in-flight calls
14:23:46.127 31452 31452 I Detox   : Network is busy, with 1 in-flight calls
14:23:46.145 31452 31452 I Detox   : Network is busy, with 1 in-flight calls
14:23:46.162 31452 31452 I Detox   : Network is busy, with 1 in-flight calls
14:23:46.178 31452 31452 I Detox   : Network is busy, with 1 in-flight calls
14:23:46.197 31452 31452 I Detox   : Network is busy, with 1 in-flight calls
14:23:46.212 31452 31452 I Detox   : Network is busy, with 1 in-flight calls
14:23:46.229 31452 31452 I Detox   : Network is busy, with 1 in-flight calls
14:23:46.245 31452 31452 I Detox   : Network is busy, with 1 in-flight calls
14:23:46.262 31452 31452 I Detox   : Network is busy, with 1 in-flight calls
14:23:46.279 31452 31452 I Detox   : Network is busy, with 1 in-flight calls
14:23:46.296 31452 31452 I Detox   : Network is busy, with 1 in-flight calls
14:23:46.313 31452 31452 I Detox   : Network is busy, with 1 in-flight calls
14:23:46.329 31452 31452 I Detox   : Network is busy, with 1 in-flight calls
14:23:46.345 31452 31452 I Detox   : Network is busy, with 1 in-flight calls
14:23:46.361 31452 31452 I Detox   : Network is busy, with 1 in-flight calls
14:23:46.378 31452 31452 I Detox   : Network is busy, with 1 in-flight calls
14:23:46.393 31452 31452 I Detox   : Network is busy, with 1 in-flight calls
14:23:46.410 31452 31452 I Detox   : Network is busy, with 1 in-flight calls
14:23:46.429 31452 31452 I Detox   : Network is busy, with 1 in-flight calls
14:23:46.444 31452 31452 I Detox   : Network is busy, with 1 in-flight calls
14:23:46.462 31452 31452 I Detox   : Network is busy, with 1 in-flight calls
14:23:46.479 31452 31452 I Detox   : Network is busy, with 1 in-flight calls
14:23:46.494 31452 31452 I Detox   : Network is busy, with 1 in-flight calls
14:23:46.511 31452 31452 I Detox   : Network is busy, with 1 in-flight calls
14:23:46.528 31452 31452 I Detox   : Network is busy, with 1 in-flight calls
14:23:46.544 31452 31452 I Detox   : Network is busy, with 1 in-flight calls
14:23:46.562 31452 31452 I Detox   : Network is busy, with 2 in-flight calls
14:23:46.577 31452 31452 I Detox   : Network is busy, with 2 in-flight calls
14:23:46.595 31452 31452 I Detox   : Network is busy, with 2 in-flight calls
14:23:46.612 31452 31452 I Detox   : Network is busy, with 2 in-flight calls
14:23:46.630 31452 31452 I Detox   : Network is busy, with 2 in-flight calls
14:23:46.645 31452 31452 I Detox   : Network is busy, with 1 in-flight calls
14:23:46.660 31452 31452 I Detox   : Network is busy, with 1 in-flight calls
14:23:46.680 31452 31452 I Detox   : Network is busy, with 1 in-flight calls
14:23:46.695 31452 31452 I Detox   : Network is busy, with 1 in-flight calls
14:23:46.714 31452 31452 I Detox   : Network is busy, with 1 in-flight calls
14:23:46.728 31452 31452 I Detox   : Network is busy, with 1 in-flight calls
14:23:46.746 31452 31452 I Detox   : Network is busy, with 1 in-flight calls
14:23:46.763 31452 31452 I Detox   : Network is busy, with 1 in-flight calls
14:23:46.780 31452 31452 I Detox   : Network is busy, with 1 in-flight calls
14:23:46.794 31452 31452 I Detox   : Network is busy, with 1 in-flight calls
14:23:46.812 31452 31452 I Detox   : Network is busy, with 1 in-flight calls
14:23:46.827 31452 31452 I Detox   : Network is busy, with 1 in-flight calls
14:23:46.845 31452 31452 I Detox   : Network is busy, with 1 in-flight calls
14:23:46.864 31452 31452 I Detox   : Network is busy, with 1 in-flight calls
14:23:46.879 31452 31452 I Detox   : Network is busy, with 1 in-flight calls
14:23:46.895 31452 31452 I Detox   : Network is busy, with 1 in-flight calls
14:23:46.911 31452 31452 I Detox   : Network is busy, with 1 in-flight calls
14:23:46.928 31452 31452 I Detox   : Network is busy, with 1 in-flight calls
14:23:46.945 31452 31452 I Detox   : Network is busy, with 1 in-flight calls
14:23:46.966 31452 31452 I Detox   : UIManagerModule is busy
14:23:46.978 31452 31452 I Detox   : Network is busy, with 2 in-flight calls
14:23:46.997 31452 31452 I Detox   : Network is busy, with 2 in-flight calls
14:23:47.010 31452 31452 I Detox   : Network is busy, with 2 in-flight calls
14:23:47.027 31452 31452 I Detox   : Network is busy, with 2 in-flight calls
14:23:47.046 31452 31452 I Detox   : Network is busy, with 2 in-flight calls
14:23:47.060 31452 31452 I Detox   : Network is busy, with 3 in-flight calls
14:23:47.077 31452 31452 I Detox   : Network is busy, with 3 in-flight calls
14:23:47.101 31452 31452 I Detox   : Network is busy, with 2 in-flight calls
14:23:47.127 31452 31452 I Detox   : Network is busy, with 2 in-flight calls
14:23:47.127 31452 31452 I Detox   : Network is busy, with 2 in-flight calls
14:23:47.145 31452 31452 I Detox   : Network is busy, with 2 in-flight calls
14:23:47.162 31452 31452 I Detox   : Network is busy, with 2 in-flight calls
14:23:47.177 31452 31452 I Detox   : Network is busy, with 2 in-flight calls
14:23:47.207 31452 31452 I Detox   : Network is busy, with 1 in-flight calls
14:23:47.210 31452 31452 I Detox   : Network is busy, with 1 in-flight calls
14:23:47.229 31452 31452 I Detox   : Network is busy, with 1 in-flight calls
14:23:47.244 31452 31452 I Detox   : Network is busy, with 1 in-flight calls
14:23:47.260 31452 31452 I Detox   : Network is busy, with 1 in-flight calls
14:23:47.278 31452 31452 I Detox   : Network is busy, with 1 in-flight calls
14:23:47.299 31452 31452 I Detox   : Network is busy, with 1 in-flight calls
14:23:47.310 31452 31452 I Detox   : Network is busy, with 1 in-flight calls
14:23:47.327 31452 31452 I Detox   : Network is busy, with 1 in-flight calls
14:23:47.344 31452 31452 I Detox   : Network is busy, with 1 in-flight calls
14:23:47.360 31452 31452 I Detox   : Network is busy, with 1 in-flight calls
14:23:47.377 31452 31452 I Detox   : Network is busy, with 1 in-flight calls
14:23:47.393 31452 31452 I Detox   : Network is busy, with 1 in-flight calls
14:23:47.410 31452 31452 I Detox   : Network is busy, with 1 in-flight calls
14:23:47.427 31452 31452 I Detox   : Network is busy, with 1 in-flight calls
14:23:47.444 31452 31452 I Detox   : Network is busy, with 1 in-flight calls
14:23:47.463 31452 31452 I Detox   : Network is busy, with 1 in-flight calls
14:23:47.478 31452 31452 I Detox   : Network is busy, with 1 in-flight calls
14:23:47.495 31452 31452 I Detox   : Network is busy, with 1 in-flight calls
14:23:47.512 31452 31452 I Detox   : Network is busy, with 1 in-flight calls
14:23:47.530 31452 31452 I Detox   : Network is busy, with 1 in-flight calls
14:23:47.547 31452 31452 I Detox   : Network is busy, with 1 in-flight calls
14:23:47.562 31452 31452 I Detox   : Network is busy, with 1 in-flight calls
14:23:47.580 31452 31452 I Detox   : Network is busy, with 1 in-flight calls
14:23:47.596 31452 31452 I Detox   : Network is busy, with 1 in-flight calls
14:23:47.614 31452 31452 I Detox   : Network is busy, with 1 in-flight calls
14:23:47.627 31452 31452 I Detox   : Network is busy, with 1 in-flight calls
14:23:47.792 31452 31452 I Detox   : UIManagerModule is busy
14:23:48.164 31452 31505 I DetoxWSClient: Sending out action 'invokeResult' (ID #22)
14:23:48.164 31452 31505 I DetoxDispatcher: Done with action 'invoke'
14:23:48.168 31452 31509 D DetoxWSClient: Received action 'invoke' (ID #23, params={"target":{"type":"Class","value":"com.wix.detox.espresso.DetoxAssertion"},"method":"waitForAssertMatcherWithSearchAction","args":[{"type":"Invocation","value":{"target":{"type":"Class","value":"androidx.test.espresso.Espresso"},"method":"onView","args":[{"type":"Invocation","value":{"target":{"type":"Class","value":"com.wix.detox.espresso.DetoxMatcher"},"method":"matcherForTestId","args":["quick_link_item_promotions",{"type":"boolean","value":false}]}}]}},{"type":"Invocation","value":{"target":{"type":"Class","value":"com.wix.detox.espresso.DetoxMatcher"},"method":"matcherForSufficientlyVisible","args":[{"type":"Integer","value":75}]}},{"type":"Invocation","value":{"target":{"type":"Class","value":"com.wix.detox.espresso.DetoxAction"},"method":"scrollInDirectionStaleAtEdge","args":[{"type":"Integer","value":4},{"type":"Double","value":50},{"type":"Double","value":-1},{"type":"Double","value":-1}]}},{"type":"Invocation","value":{"target":{"type":"Class","value":"com.wix.detox.espresso.DetoxMatcher"},"method":"matcherForTestId","args":["home_screen_scrollview",{"type":"boolean","value":false}]}}]})
14:23:48.168 31452 31505 I DetoxDispatcher: Handling action 'invoke' (ID #23)...
14:23:48.168 31452 31505 D Detox   : class com.wix.detox.espresso.DetoxMatcher, matcherForTestId, [quick_link_item_promotions, false]
14:23:48.168 31452 31505 D Detox   : class androidx.test.espresso.Espresso, onView, [(view.getTag() is "quick_link_item_promotions" and view has effective visibility <VISIBLE>)]
14:23:48.168 31452 31505 D Detox   : class com.wix.detox.espresso.DetoxMatcher, matcherForSufficientlyVisible, [75]
14:23:48.168 31452 31505 D Detox   : class com.wix.detox.espresso.DetoxAction, scrollInDirectionStaleAtEdge, [4, 50.0, -1.0, -1.0]
14:23:48.169 31452 31505 D Detox   : class com.wix.detox.espresso.DetoxMatcher, matcherForTestId, [home_screen_scrollview, false]
14:23:48.169 31452 31505 D Detox   : class com.wix.detox.espresso.DetoxAssertion, waitForAssertMatcherWithSearchAction, [androidx.test.espresso.ViewInteraction@d93d047, (view has effective visibility <VISIBLE> and view.getGlobalVisibleRect() covers at least <75> percent of the view's area), com.wix.detox.espresso.scroll.DetoxScrollActionStaleAtEdge@f4f8074, (view.getTag() is "home_screen_scrollview" and view has effective visibility <VISIBLE>)]
14:23:48.169 31452 31452 I ViewInteraction: Checking 'MatchesViewAssertion(Detox){viewMatcher=(view has effective visibility <VISIBLE> and view.getGlobalVisibleRect() covers at least <75> percent of the view's area)}' assertion on view (view.getTag() is "quick_link_item_promotions" and view has effective visibility <VISIBLE>)
14:23:48.170 31452 31505 I DetoxWSClient: Sending out action 'invokeResult' (ID #23)
14:23:48.170 31452 31505 I DetoxDispatcher: Done with action 'invoke'
14:23:48.172 31452 31509 D DetoxWSClient: Received action 'invoke' (ID #24, params={"target":{"type":"Class","value":"com.wix.detox.espresso.EspressoDetox"},"method":"perform","args":[{"type":"Invocation","value":{"target":{"type":"Class","value":"com.wix.detox.espresso.DetoxMatcher"},"method":"matcherForTestId","args":["quick_link_item_promotions",{"type":"boolean","value":false}]}},{"type":"Invocation","value":{"target":{"type":"Class","value":"com.wix.detox.espresso.DetoxViewActions"},"method":"click","args":[]}}]})
14:23:48.172 31452 31505 I DetoxDispatcher: Handling action 'invoke' (ID #24)...
14:23:48.172 31452 31505 D Detox   : class com.wix.detox.espresso.DetoxMatcher, matcherForTestId, [quick_link_item_promotions, false]
14:23:48.172 31452 31505 D Detox   : class com.wix.detox.espresso.DetoxViewActions, click, []
14:23:48.172 31452 31505 D Detox   : class com.wix.detox.espresso.EspressoDetox, perform, [(view.getTag() is "quick_link_item_promotions" and view has effective visibility <VISIBLE>), com.wix.detox.espresso.action.RNClickAction@bb5399d]
14:23:49.332 31452 31505 I DetoxWSClient: Sending out action 'invokeResult' (ID #24)
14:23:49.332 31452 31505 I DetoxDispatcher: Done with action 'invoke'
14:23:49.335 31452 31509 D DetoxWSClient: Received action 'invoke' (ID #25, params={"target":{"type":"Class","value":"com.wix.detox.espresso.DetoxAssertion"},"method":"waitForAssertMatcherWithSearchAction","args":[{"type":"Invocation","value":{"target":{"type":"Class","value":"androidx.test.espresso.Espresso"},"method":"onView","args":[{"type":"Invocation","value":{"target":{"type":"Class","value":"com.wix.detox.espresso.DetoxMatcher"},"method":"matcherForAtIndex","args":[{"type":"Integer","value":0},{"type":"Invocation","value":{"target":{"type":"Class","value":"com.wix.detox.espresso.DetoxMatcher"},"method":"matcherForTestId","args":["cms_text_box_button",{"type":"boolean","value":false}]}}]}}]}},{"type":"Invocation","value":{"target":{"type":"Class","value":"com.wix.detox.espresso.DetoxMatcher"},"method":"matcherForSufficientlyVisible","args":[{"type":"Integer","value":75}]}},{"type":"Invocation","value":{"target":{"type":"Class","value":"com.wix.detox.espresso.DetoxAction"},"method":"scrollInDirectionStaleAtEdge","args":[{"type":"Integer","value":4},{"type":"Double","value":50},{"type":"Double","value":-1},{"type":"Double","value":-1}]}},{"type":"Invocation","value":{"target":{"type":"Class","value":"com.wix.detox.espresso.DetoxMatcher"},"method":"matcherForTestId","args":["promotions_screen_scrollview",{"type":"boolean","value":false}]}}]})
14:23:49.335 31452 31505 I DetoxDispatcher: Handling action 'invoke' (ID #25)...
14:23:49.335 31452 31505 D Detox   : class com.wix.detox.espresso.DetoxMatcher, matcherForTestId, [cms_text_box_button, false]
14:23:49.336 31452 31505 D Detox   : class com.wix.detox.espresso.DetoxMatcher, matcherForAtIndex, [0, (view.getTag() is "cms_text_box_button" and view has effective visibility <VISIBLE>)]
14:23:49.336 31452 31505 D Detox   : class androidx.test.espresso.Espresso, onView, [View at index #0, of those matching MATCHER(view.getTag() is "cms_text_box_button" and view has effective visibility <VISIBLE>)]
14:23:49.336 31452 31505 D Detox   : class com.wix.detox.espresso.DetoxMatcher, matcherForSufficientlyVisible, [75]
14:23:49.336 31452 31505 D Detox   : class com.wix.detox.espresso.DetoxAction, scrollInDirectionStaleAtEdge, [4, 50.0, -1.0, -1.0]
14:23:49.336 31452 31505 D Detox   : class com.wix.detox.espresso.DetoxMatcher, matcherForTestId, [promotions_screen_scrollview, false]
14:23:49.337 31452 31505 D Detox   : class com.wix.detox.espresso.DetoxAssertion, waitForAssertMatcherWithSearchAction, [androidx.test.espresso.ViewInteraction@74619e8, (view has effective visibility <VISIBLE> and view.getGlobalVisibleRect() covers at least <75> percent of the view's area), com.wix.detox.espresso.scroll.DetoxScrollActionStaleAtEdge@62de801, (view.getTag() is "promotions_screen_scrollview" and view has effective visibility <VISIBLE>)]
14:23:49.338 31452 31452 I ViewInteraction: Checking 'MatchesViewAssertion(Detox){viewMatcher=(view has effective visibility <VISIBLE> and view.getGlobalVisibleRect() covers at least <75> percent of the view's area)}' assertion on view View at index #0, of those matching MATCHER(view.getTag() is "cms_text_box_button" and view has effective visibility <VISIBLE>)
14:23:49.338 31452 31505 I DetoxWSClient: Sending out action 'invokeResult' (ID #25)
14:23:49.338 31452 31505 I DetoxDispatcher: Done with action 'invoke'
14:23:49.341 31452 31509 D DetoxWSClient: Received action 'invoke' (ID #26, params={"target":{"type":"Class","value":"com.wix.detox.espresso.EspressoDetox"},"method":"perform","args":[{"type":"Invocation","value":{"target":{"type":"Class","value":"com.wix.detox.espresso.DetoxMatcher"},"method":"matcherForAtIndex","args":[{"type":"Integer","value":0},{"type":"Invocation","value":{"target":{"type":"Class","value":"com.wix.detox.espresso.DetoxMatcher"},"method":"matcherForTestId","args":["cms_text_box_button",{"type":"boolean","value":false}]}}]}},{"type":"Invocation","value":{"target":{"type":"Class","value":"com.wix.detox.espresso.DetoxViewActions"},"method":"click","args":[]}}]})
14:23:49.341 31452 31505 I DetoxDispatcher: Handling action 'invoke' (ID #26)...
14:23:49.341 31452 31505 D Detox   : class com.wix.detox.espresso.DetoxMatcher, matcherForTestId, [cms_text_box_button, false]
14:23:49.342 31452 31505 D Detox   : class com.wix.detox.espresso.DetoxMatcher, matcherForAtIndex, [0, (view.getTag() is "cms_text_box_button" and view has effective visibility <VISIBLE>)]
14:23:49.342 31452 31505 D Detox   : class com.wix.detox.espresso.DetoxViewActions, click, []
14:23:49.342 31452 31505 D Detox   : class com.wix.detox.espresso.EspressoDetox, perform, [View at index #0, of those matching MATCHER(view.getTag() is "cms_text_box_button" and view has effective visibility <VISIBLE>), com.wix.detox.espresso.action.RNClickAction@ce2d8e7]
14:23:49.376 31452 31452 I Detox   : UIManagerModule is busy
14:23:49.578 31452 31452 I Detox   : UIManagerModule is busy
14:23:49.597 31452 31452 I Detox   : UIManagerModule is busy
14:23:49.627 31452 31452 E FrameTracker: force finish cuj, time out: J<IME_INSETS_HIDE_ANIMATION::1@0@com.wakefern.shoprite>
14:23:50.913 31452 31505 I DetoxWSClient: Sending out action 'invokeResult' (ID #26)
14:23:50.913 31452 31505 I DetoxDispatcher: Done with action 'invoke'
14:23:50.916 31452 31509 D DetoxWSClient: Received action 'invoke' (ID #27, params={"target":{"type":"Class","value":"com.wix.detox.espresso.DetoxAssertion"},"method":"assertMatcher","args":[{"type":"Invocation","value":{"target":{"type":"Class","value":"androidx.test.espresso.Espresso"},"method":"onView","args":[{"type":"Invocation","value":{"target":{"type":"Class","value":"com.wix.detox.espresso.DetoxMatcher"},"method":"matcherForTestId","args":["product_list",{"type":"boolean","value":false}]}}]}},{"type":"Invocation","value":{"target":{"type":"Class","value":"com.wix.detox.espresso.DetoxMatcher"},"method":"matcherForSufficientlyVisible","args":[{"type":"Integer","value":75}]}}]})
14:23:50.916 31452 31505 I DetoxDispatcher: Handling action 'invoke' (ID #27)...
14:23:50.916 31452 31505 D Detox   : class com.wix.detox.espresso.DetoxMatcher, matcherForTestId, [product_list, false]
14:23:50.916 31452 31505 D Detox   : class androidx.test.espresso.Espresso, onView, [(view.getTag() is "product_list" and view has effective visibility <VISIBLE>)]
14:23:50.916 31452 31505 D Detox   : class com.wix.detox.espresso.DetoxMatcher, matcherForSufficientlyVisible, [75]
14:23:50.916 31452 31505 D Detox   : class com.wix.detox.espresso.DetoxAssertion, assertMatcher, [androidx.test.espresso.ViewInteraction@3a78c5f, (view has effective visibility <VISIBLE> and view.getGlobalVisibleRect() covers at least <75> percent of the view's area)]
14:23:50.917 31452 31452 I ViewInteraction: Checking 'MatchesViewAssertion(Detox){viewMatcher=(view has effective visibility <VISIBLE> and view.getGlobalVisibleRect() covers at least <75> percent of the view's area)}' assertion on view (view.getTag() is "product_list" and view has effective visibility <VISIBLE>)
14:23:50.918 31452 31505 I DetoxWSClient: Sending out action 'invokeResult' (ID #27)
14:23:50.918 31452 31505 I DetoxDispatcher: Done with action 'invoke'
14:23:50.920 31452 31509 D DetoxWSClient: Received action 'invoke' (ID #28, params={"target":{"type":"Class","value":"com.wix.detox.espresso.EspressoDetox"},"method":"perform","args":[{"type":"Invocation","value":{"target":{"type":"Class","value":"com.wix.detox.espresso.DetoxMatcher"},"method":"matcherForTestId","args":["go_back_header_button",{"type":"boolean","value":false}]}},{"type":"Invocation","value":{"target":{"type":"Class","value":"com.wix.detox.espresso.DetoxViewActions"},"method":"click","args":[]}}]})
14:23:50.920 31452 31505 I DetoxDispatcher: Handling action 'invoke' (ID #28)...
14:23:50.920 31452 31505 D Detox   : class com.wix.detox.espresso.DetoxMatcher, matcherForTestId, [go_back_header_button, false]
14:23:50.920 31452 31505 D Detox   : class com.wix.detox.espresso.DetoxViewActions, click, []
14:23:50.920 31452 31505 D Detox   : class com.wix.detox.espresso.EspressoDetox, perform, [(view.getTag() is "go_back_header_button" and view has effective visibility <VISIBLE>), com.wix.detox.espresso.action.RNClickAction@23cf75]
14:23:52.122 31452 31505 I DetoxWSClient: Sending out action 'invokeRe
