14:33:32.366  5103  5103 I Detox   : UIManagerModule is busy
14:33:32.446  5103  5161 I DetoxWSClient: Sending out action 'invokeResult' (ID #26)
14:33:32.446  5103  5161 I DetoxDispatcher: Done with action 'invoke'
14:33:32.450  5103  5165 D DetoxWSClient: Received action 'invoke' (ID #27, params={"target":{"type":"Class","value":"com.wix.detox.espresso.DetoxAssertion"},"method":"assertMatcher","args":[{"type":"Invocation","value":{"target":{"type":"Class","value":"androidx.test.espresso.Espresso"},"method":"onView","args":[{"type":"Invocation","value":{"target":{"type":"Class","value":"com.wix.detox.espresso.DetoxMatcher"},"method":"matcherForShallowAccessibilityLabel","args":["\/Rice \\((\\d+)\\)\/",{"type":"boolean","value":true}]}}]}},{"type":"Invocation","value":{"target":{"type":"Class","value":"com.wix.detox.espresso.DetoxMatcher"},"method":"matcherForSufficientlyVisible","args":[{"type":"Integer","value":75}]}}]})
14:33:32.450  5103  5161 I DetoxDispatcher: Handling action 'invoke' (ID #27)...
14:33:32.450  5103  5161 D Detox   : class com.wix.detox.espresso.DetoxMatcher, matcherForShallowAccessibilityLabel, [/Rice \((\d+)\)/, true]
14:33:32.450  5103  5161 D Detox   : class androidx.test.espresso.Espresso, onView, [((view.getContentDescription() should match the pattern: /Rice \((\d+)\)/ or an instance of android.widget.TextView and view.getText() with or without transformation to match: should match the pattern: /Rice \((\d+)\)/) and view has effective visibility <VISIBLE>)]
14:33:32.450  5103  5161 D Detox   : class com.wix.detox.espresso.DetoxMatcher, matcherForSufficientlyVisible, [75]
14:33:32.450  5103  5161 D Detox   : class com.wix.detox.espresso.DetoxAssertion, assertMatcher, [androidx.test.espresso.ViewInteraction@a28bf80, (view has effective visibility <VISIBLE> and view.getGlobalVisibleRect() covers at least <75> percent of the view's area)]
14:33:32.451  5103  5103 I ViewInteraction: Checking 'MatchesViewAssertion(Detox){viewMatcher=(view has effective visibility <VISIBLE> and view.getGlobalVisibleRect() covers at least <75> percent of the view's area)}' assertion on view ((view.getContentDescription() should match the pattern: /Rice \((\d+)\)/ or an instance of android.widget.TextView and view.getText() with or without transformation to match: should match the pattern: /Rice \((\d+)\)/) and view has effective visibility <VISIBLE>)
14:33:32.452  5103  5161 I DetoxWSClient: Sending out action 'invokeResult' (ID #27)
14:33:32.452  5103  5161 I DetoxDispatcher: Done with action 'invoke'
14:33:32.453  5103  5165 D DetoxWSClient: Received action 'invoke' (ID #28, params={"target":{"type":"Class","value":"com.wix.detox.espresso.DetoxAssertion"},"method":"assertMatcher","args":[{"type":"Invocation","value":{"target":{"type":"Class","value":"androidx.test.espresso.Espresso"},"method":"onView","args":[{"type":"Invocation","value":{"target":{"type":"Class","value":"com.wix.detox.espresso.DetoxMatcher"},"method":"matcherWithDescendant","args":[{"type":"Invocation","value":{"target":{"type":"Class","value":"com.wix.detox.espresso.DetoxMatcher"},"method":"matcherForTestId","args":["product_list",{"type":"boolean","value":false}]}},{"type":"Invocation","value":{"target":{"type":"Class","value":"com.wix.detox.espresso.DetoxMatcher"},"method":"matcherForTestId","args":["\/product_card_.*\/",{"type":"boolean","value":true}]}}]}}]}},{"type":"Invocation","value":{"target":{"type":"Class","value":"com.wix.detox.espresso.DetoxMatcher"},"method":"matcherForSufficientlyVisible","args":[{"type":"Integer","value":75}]}}]})
14:33:32.453  5103  5161 I DetoxDispatcher: Handling action 'invoke' (ID #28)...
14:33:32.454  5103  5161 D Detox   : class com.wix.detox.espresso.DetoxMatcher, matcherForTestId, [product_list, false]
14:33:32.454  5103  5161 D Detox   : class com.wix.detox.espresso.DetoxMatcher, matcherForTestId, [/product_card_.*/, true]
14:33:32.454  5103  5161 D Detox   : class com.wix.detox.espresso.DetoxMatcher, matcherWithDescendant, [(view.getTag() is "product_list" and view has effective visibility <VISIBLE>), (view.getTag() should match the pattern: /product_card_.*/ and view has effective visibility <VISIBLE>)]
14:33:32.454  5103  5161 D Detox   : class androidx.test.espresso.Espresso, onView, [((view.getTag() is "product_list" and view has effective visibility <VISIBLE>) and (view is an instance of android.view.ViewGroup and has descendant matching (view.getTag() should match the pattern: /product_card_.*/ and view has effective visibility <VISIBLE>)))]
14:33:32.454  5103  5161 D Detox   : class com.wix.detox.espresso.DetoxMatcher, matcherForSufficientlyVisible, [75]
14:33:32.454  5103  5161 D Detox   : class com.wix.detox.espresso.DetoxAssertion, assertMatcher, [androidx.test.espresso.ViewInteraction@ab2b9b9, (view has effective visibility <VISIBLE> and view.getGlobalVisibleRect() covers at least <75> percent of the view's area)]
14:33:32.455  5103  5103 I ViewInteraction: Checking 'MatchesViewAssertion(Detox){viewMatcher=(view has effective visibility <VISIBLE> and view.getGlobalVisibleRect() covers at least <75> percent of the view's area)}' assertion on view ((view.getTag() is "product_list" and view has effective visibility <VISIBLE>) and (view is an instance of android.view.ViewGroup and has descendant matching (view.getTag() should match the pattern: /product_card_.*/ and view has effective visibility <VISIBLE>)))
14:33:32.456  5103  5161 I DetoxWSClient: Sending out action 'invokeResult' (ID #28)
14:33:32.456  5103  5161 I DetoxDispatcher: Done with action 'invoke'
14:33:32.470  5103  5103 E FrameTracker: force finish cuj, time out: J<IME_INSETS_HIDE_ANIMATION::1@0@com.wakefern.shoprite>
14:33:32.506  5103  5165 D DetoxWSClient: Received action 'invoke' (ID #29, params={"target":{"type":"Class","value":"com.wix.detox.espresso.EspressoDetox"},"method":"perform","args":[{"type":"Invocation","value":{"target":{"type":"Class","value":"com.wix.detox.espresso.DetoxMatcher"},"method":"matcherForTestId","args":["go_back_header_button",{"type":"boolean","value":false}]}},{"type":"Invocation","value":{"target":{"type":"Class","value":"com.wix.detox.espresso.DetoxViewActions"},"method":"click","args":[]}}]})
14:33:32.506  5103  5161 I DetoxDispatcher: Handling action 'invoke' (ID #29)...
14:33:32.506  5103  5161 D Detox   : class com.wix.detox.espresso.DetoxMatcher, matcherForTestId, [go_back_header_button, false]
14:33:32.506  5103  5161 D Detox   : class com.wix.detox.espresso.DetoxViewActions, click, []
14:33:32.506  5103  5161 D Detox   : class com.wix.detox.espresso.EspressoDetox, perform, [(view.getTag() is "go_back_header_button" and view has effective visibility <VISIBLE>), com.wix.detox.espresso.action.RNClickAction@c5a1fe]
14:33:32.927  5103  5103 I Detox   : UIManagerModule is busy
14:33:33.799  5103  5161 I DetoxWSClient: Sending out action 'invokeResult' (ID #29)
14:33:33.799  5103  5161 I DetoxDispatcher: Done with action 'invoke'
14:33:33.802  5103  5165 D DetoxWSClient: Received action 'invoke' (ID #30, params={"target":{"type":"Class","value":"com.wix.detox.espresso.DetoxAssertion"},"method":"assertMatcher","args":[{"type":"Invocation","value":{"target":{"type":"Class","value":"androidx.test.espresso.Espresso"},"method":"onView","args":[{"type":"Invocation","value":{"target":{"type":"Class","value":"com.wix.detox.espresso.DetoxMatcher"},"method":"matcherForText","args":["Rice",{"type":"boolean","value":false}]}}]}},{"type":"Invocation","value":{"target":{"type":"Class","value":"com.wix.detox.espresso.DetoxMatcher"},"method":"matcherForSufficientlyVisible","args":[{"type":"Integer","value":75}]}}]})
14:33:33.802  5103  5161 I DetoxDispatcher: Handling action 'invoke' (ID #30)...
14:33:33.802  5103  5161 D Detox   : class com.wix.detox.espresso.DetoxMatcher, matcherForText, [Rice, false]
14:33:33.803  5103  5161 D Detox   : class androidx.test.espresso.Espresso, onView, [(an instance of android.widget.TextView and view.getText() with or without transformation to match: is "Rice" and view has effective visibility <VISIBLE>)]
14:33:33.803  5103  5161 D Detox   : class com.wix.detox.espresso.DetoxMatcher, matcherForSufficientlyVisible, [75]
14:33:33.803  5103  5161 D Detox   : class com.wix.detox.espresso.DetoxAssertion, assertMatcher, [androidx.test.espresso.ViewInteraction@ca2ca09, (view has effective visibility <VISIBLE> and view.getGlobalVisibleRect() covers at least <75> percent of the view's area)]
14:33:33.804  5103  5103 I ViewInteraction: Checking 'MatchesViewAssertion(Detox){viewMatcher=(view has effective visibility <VISIBLE> and view.getGlobalVisibleRect() covers at least <75> percent of the view's area)}' assertion on view (an instance of android.widget.TextView and view.getText() with or without transformation to match: is "Rice" and view has effective visibility <VISIBLE>)
14:33:33.805  5103  5161 I DetoxWSClient: Sending out action 'invokeResult' (ID #30)
14:33:33.805  5103  5161 I DetoxDispatcher: Done with action 'invoke'
14:33:33.807  5103  5165 D DetoxWSClient: Received action 'invoke' (ID #31, params={"target":{"type":"Class","value":"com.wix.detox.espresso.DetoxAssertion"},"method":"assertMatcher","args":[{"type":"Invocation","value":{"target":{"type":"Class","value":"androidx.test.espresso.Espresso"},"method":"onView","args":[{"type":"Invocation","value":{"target":{"type":"Class","value":"com.wix.detox.espresso.DetoxMatcher"},"method":"matcherWithDescendant","args":[{"type":"Invocation","value":{"target":{"type":"Class","value":"com.wix.detox.espresso.DetoxMatcher"},"method":"matcherForTestId","args":["search_preview_list",{"type":"boolean","value":false}]}},{"type":"Invocation","value":{"target":{"type":"Class","value":"com.wix.detox.espresso.DetoxMatcher"},"method":"matcherForTestId","args":["\/product_card_.*\/",{"type":"boolean","value":true}]}}]}}]}},{"type":"Invocation","value":{"target":{"type":"Class","value":"com.wix.detox.espresso.DetoxMatcher"},"method":"matcherForSufficientlyVisible","args":[{"type":"Integer","value":75}]}}]})
14:33:33.807  5103  5161 I DetoxDispatcher: Handling action 'invoke' (ID #31)...
14:33:33.807  5103  5161 D Detox   : class com.wix.detox.espresso.DetoxMatcher, matcherForTestId, [search_preview_list, false]
14:33:33.807  5103  5161 D Detox   : class com.wix.detox.espresso.DetoxMatcher, matcherForTestId, [/product_card_.*/, true]
14:33:33.807  5103  5161 D Detox   : class com.wix.detox.espresso.DetoxMatcher, matcherWithDescendant, [(view.getTag() is "search_preview_list" and view has effective visibility <VISIBLE>), (view.getTag() should match the pattern: /product_card_.*/ and view has effective visibility <VISIBLE>)]
14:33:33.807  5103  5161 D Detox   : class androidx.test.espresso.Espresso, onView, [((view.getTag() is "search_preview_list" and view has effective visibility <VISIBLE>) and (view is an instance of android.view.ViewGroup and has descendant matching (view.getTag() should match the pattern: /product_card_.*/ and view has effective visibility <VISIBLE>)))]
14:33:33.807  5103  5161 D Detox   : class com.wix.detox.espresso.DetoxMatcher, matcherForSufficientlyVisible, [75]
14:33:33.807  5103  5161 D Detox   : class com.wix.detox.espresso.DetoxAssertion, assertMatcher, [androidx.test.espresso.ViewInteraction@6d4f40e, (view has effective visibility <VISIBLE> and view.getGlobalVisibleRect() covers at least <75> percent of the view's area)]
14:33:33.809  5103  5103 I ViewInteraction: Checking 'MatchesViewAssertion(Detox){viewMatcher=(view has effective visibility <VISIBLE> and view.getGlobalVisibleRect() covers at least <75> percent of the view's area)}' assertion on view ((view.getTag() is "search_preview_list" and view has effective visibility <VISIBLE>) and (view is an instance of android.view.ViewGroup and has descendant matching (view.getTag() should match the pattern: /product_card_.*/ and view has effective visibility <VISIBLE>)))
14:33:33.809  5103  5161 I DetoxWSClient: Sending out action 'invokeResult' (ID #31)
14:33:33.809  5103  5161 I DetoxDispatcher: Done with action 'invoke'
14:33:33.811  5103  5165 D DetoxWSClient: Received action 'invoke' (ID #32, params={"target":{"type":"Class","value":"com.wix.detox.espresso.EspressoDetox"},"method":"perform","args":[{"type":"Invocation","value":{"target":{"type":"Class","value":"com.wix.detox.espresso.DetoxMatcher"},"method":"matcherForTestId","args":["go_back_header_button",{"type":"boolean","value":false}]}},{"type":"Invocation","value":{"target":{"type":"Class","value":"com.wix.detox.espresso.DetoxViewActions"},"method":"click","args":[]}}]})
14:33:33.812  5103  5161 I DetoxDispatcher: Handling action 'invoke' (ID #32)...
14:33:33.812  5103  5161 D Detox   : class com.wix.detox.espresso.DetoxMatcher, matcherForTestId, [go_back_header_button, false]
14:33:33.812  5103  5161 D Detox   : class com.wix.detox.espresso.DetoxViewActions, click, []
14:33:33.812  5103  5161 D Detox   : class com.wix.detox.espresso.EspressoDetox, perform, [(view.getTag() is "go_back_header_button" and view has effective visibility <VISIBLE>), com.wix.detox.espresso.action.RNClickAction@bdc5e2f]
14:33:34.883  5103  5161 I DetoxWSClient: Sending out action 'invokeResult' (ID #32)
14:33:34.883  5103  5161 I DetoxDispatcher: Done with action 'invoke'
14:33:34.887  5103  5165 D DetoxWSClient: Received action 'invoke' (ID #33, params={"target":{"type":"Class","value":"com.wix.detox.espresso.DetoxAssertion"},"method":"assertMatcher","args":[{"type":"Invocation","value":{"target":{"type":"Class","value":"androidx.test.espresso.Espresso"},"method":"onView","args":[{"type":"Invocation","value":{"target":{"type":"Class","value":"com.wix.detox.espresso.DetoxMatcher"},"method":"matcherForTestId","args":["home",{"type":"boolean","value":false}]}}]}},{"type":"Invocation","value":{"target":{"type":"Class","value":"com.wix.detox.espresso.DetoxMatcher"},"method":"matcherForSufficientlyVisible","args":[{"type":"Integer","value":75}]}}]})
14:33:34.887  5103  5161 I DetoxDispatcher: Handling action 'invoke' (ID #33)...
14:33:34.887  5103  5161 D Detox   : class com.wix.detox.espresso.Deto
