14:25:59.512 32194 32247 I DetoxWSClient: Sending out action 'invokeResult' (ID #14)
14:25:59.513 32194 32247 I DetoxDispatcher: Done with action 'invoke'
14:25:59.516 32194 32251 D DetoxWSClient: Received action 'invoke' (ID #15, params={"target":{"type":"Class","value":"com.wix.detox.espresso.DetoxAssertion"},"method":"waitForAssertMatcher","args":[{"type":"Invocation","value":{"target":{"type":"Class","value":"androidx.test.espresso.Espresso"},"method":"onView","args":[{"type":"Invocation","value":{"target":{"type":"Class","value":"com.wix.detox.espresso.DetoxMatcher"},"method":"matcherForTestId","args":["user_logged_in_header_button",{"type":"boolean","value":false}]}}]}},{"type":"Invocation","value":{"target":{"type":"Class","value":"com.wix.detox.espresso.DetoxMatcher"},"method":"matcherForSufficientlyVisible","args":[{"type":"Integer","value":75}]}},{"type":"Double","value":2}]})
14:25:59.516 32194 32247 I DetoxDispatcher: Handling action 'invoke' (ID #15)...
14:25:59.516 32194 32247 D Detox   : class com.wix.detox.espresso.DetoxMatcher, matcherForTestId, [user_logged_in_header_button, false]
14:25:59.516 32194 32247 D Detox   : class androidx.test.espresso.Espresso, onView, [(view.getTag() is "user_logged_in_header_button" and view has effective visibility <VISIBLE>)]
14:25:59.516 32194 32247 D Detox   : class com.wix.detox.espresso.DetoxMatcher, matcherForSufficientlyVisible, [75]
14:25:59.516 32194 32247 D Detox   : class com.wix.detox.espresso.DetoxAssertion, waitForAssertMatcher, [androidx.test.espresso.ViewInteraction@e12ad2f, (view has effective visibility <VISIBLE> and view.getGlobalVisibleRect() covers at least <75> percent of the view's area), 2.0]
14:25:59.517 32194 32194 I ViewInteraction: Checking 'MatchesViewAssertion(Detox){viewMatcher=(view has effective visibility <VISIBLE> and view.getGlobalVisibleRect() covers at least <75> percent of the view's area)}' assertion on view (view.getTag() is "user_logged_in_header_button" and view has effective visibility <VISIBLE>)
14:25:59.518 32194 32247 I DetoxWSClient: Sending out action 'invokeResult' (ID #15)
14:25:59.518 32194 32247 I DetoxDispatcher: Done with action 'invoke'
14:25:59.519 32194 32251 D DetoxWSClient: Received action 'invoke' (ID #16, params={"target":{"type":"Class","value":"com.wix.detox.espresso.DetoxAssertion"},"method":"assertMatcher","args":[{"type":"Invocation","value":{"target":{"type":"Class","value":"androidx.test.espresso.Espresso"},"method":"onView","args":[{"type":"Invocation","value":{"target":{"type":"Class","value":"com.wix.detox.espresso.DetoxMatcher"},"method":"matcherForText","args":["Hi Testone!",{"type":"boolean","value":false}]}}]}},{"type":"Invocation","value":{"target":{"type":"Class","value":"com.wix.detox.espresso.DetoxMatcher"},"method":"matcherForSufficientlyVisible","args":[{"type":"Integer","value":75}]}}]})
14:25:59.519 32194 32247 I DetoxDispatcher: Handling action 'invoke' (ID #16)...
14:25:59.520 32194 32247 D Detox   : class com.wix.detox.espresso.DetoxMatcher, matcherForText, [Hi Testone!, false]
14:25:59.520 32194 32247 D Detox   : class androidx.test.espresso.Espresso, onView, [(an instance of android.widget.TextView and view.getText() with or without transformation to match: is "Hi Testone!" and view has effective visibility <VISIBLE>)]
14:25:59.520 32194 32247 D Detox   : class com.wix.detox.espresso.DetoxMatcher, matcherForSufficientlyVisible, [75]
14:25:59.520 32194 32247 D Detox   : class com.wix.detox.espresso.DetoxAssertion, assertMatcher, [androidx.test.espresso.ViewInteraction@b7164c5, (view has effective visibility <VISIBLE> and view.getGlobalVisibleRect() covers at least <75> percent of the view's area)]
14:25:59.521 32194 32194 I ViewInteraction: Checking 'MatchesViewAssertion(Detox){viewMatcher=(view has effective visibility <VISIBLE> and view.getGlobalVisibleRect() covers at least <75> percent of the view's area)}' assertion on view (an instance of android.widget.TextView and view.getText() with or without transformation to match: is "Hi Testone!" and view has effective visibility <VISIBLE>)
14:25:59.522 32194 32247 I DetoxWSClient: Sending out action 'invokeResult' (ID #16)
14:25:59.522 32194 32247 I DetoxDispatcher: Done with action 'invoke'
14:25:59.559 32194 32251 D DetoxWSClient: Received action 'invoke' (ID #17, params={"target":{"type":"Class","value":"com.wix.detox.espresso.EspressoDetox"},"method":"perform","args":[{"type":"Invocation","value":{"target":{"type":"Class","value":"com.wix.detox.espresso.DetoxMatcher"},"method":"matcherForTestId","args":["item_more_main_tab_button",{"type":"boolean","value":false}]}},{"type":"Invocation","value":{"target":{"type":"Class","value":"com.wix.detox.espresso.DetoxViewActions"},"method":"click","args":[]}}]})
14:25:59.560 32194 32247 I DetoxDispatcher: Handling action 'invoke' (ID #17)...
14:25:59.560 32194 32247 D Detox   : class com.wix.detox.espresso.DetoxMatcher, matcherForTestId, [item_more_main_tab_button, false]
14:25:59.560 32194 32247 D Detox   : class com.wix.detox.espresso.DetoxViewActions, click, []
14:25:59.560 32194 32247 D Detox   : class com.wix.detox.espresso.EspressoDetox, perform, [(view.getTag() is "item_more_main_tab_button" and view has effective visibility <VISIBLE>), com.wix.detox.espresso.action.RNClickAction@aa6ed4b]
14:25:59.593 32194 32194 I Detox   : UIManagerModule is busy
14:26:00.614 32194 32247 I DetoxWSClient: Sending out action 'invokeResult' (ID #17)
14:26:00.614 32194 32247 I DetoxDispatcher: Done with action 'invoke'
14:26:00.617 32194 32251 D DetoxWSClient: Received action 'invoke' (ID #18, params={"target":{"type":"Class","value":"com.wix.detox.espresso.EspressoDetox"},"method":"perform","args":[{"type":"Invocation","value":{"target":{"type":"Class","value":"com.wix.detox.espresso.DetoxMatcher"},"method":"matcherForTestId","args":["more_screen_item_debug_button",{"type":"boolean","value":false}]}},{"type":"Invocation","value":{"target":{"type":"Class","value":"com.wix.detox.espresso.DetoxViewActions"},"method":"click","args":[]}}]})
14:26:00.617 32194 32247 I DetoxDispatcher: Handling action 'invoke' (ID #18)...
14:26:00.617 32194 32247 D Detox   : class com.wix.detox.espresso.DetoxMatcher, matcherForTestId, [more_screen_item_debug_button, false]
14:26:00.617 32194 32247 D Detox   : class com.wix.detox.espresso.DetoxViewActions, click, []
14:26:00.617 32194 32247 D Detox   : class com.wix.detox.espresso.EspressoDetox, perform, [(view.getTag() is "more_screen_item_debug_button" and view has effective visibility <VISIBLE>), com.wix.detox.espresso.action.RNClickAction@3a28a60]
14:26:01.851 32194 32247 I DetoxWSClient: Sending out action 'invokeResult' (ID #18)
14:26:01.851 32194 32247 I DetoxDispatcher: Done with action 'invoke'
14:26:01.856 32194 32251 D DetoxWSClient: Received action 'invoke' (ID #19, params={"target":{"type":"Class","value":"com.wix.detox.espresso.EspressoDetox"},"method":"perform","args":[{"type":"Invocation","value":{"target":{"type":"Class","value":"com.wix.detox.espresso.DetoxMatcher"},"method":"matcherForTestId","args":["debug_screen_release_timeslot",{"type":"boolean","value":false}]}},{"type":"Invocation","value":{"target":{"type":"Class","value":"com.wix.detox.espresso.DetoxViewActions"},"method":"click","args":[]}}]})
14:26:01.856 32194 32247 I DetoxDispatcher: Handling action 'invoke' (ID #19)...
14:26:01.856 32194 32247 D Detox   : class com.wix.detox.espresso.DetoxMatcher, matcherForTestId, [debug_screen_release_timeslot, false]
14:26:01.856 32194 32247 D Detox   : class com.wix.detox.espresso.DetoxViewActions, click, []
14:26:01.856 32194 32247 D Detox   : class com.wix.detox.espresso.EspressoDetox, perform, [(view.getTag() is "debug_screen_release_timeslot" and view has effective visibility <VISIBLE>), com.wix.detox.espresso.action.RNClickAction@aa068dc]
14:26:01.894 32194 32274 D Detox.RNMarker: NATIVE_MODULE_SETUP_START (DialogManagerAndroid)
14:26:01.895 32194 32274 D Detox.RNMarker: CREATE_MODULE_START (DialogManagerAndroid)
14:26:01.895 32194 32274 D Detox.RNMarker: CREATE_MODULE_END (DialogManagerAndroid)
14:26:01.895 32194 32274 D Detox.RNMarker: NATIVE_MODULE_SETUP_END (DialogManagerAndroid)
14:26:02.302 32194 32247 I DetoxWSClient: Sending out action 'invokeResult' (ID #19)
14:26:02.303 32194 32247 I DetoxDispatcher: Done with action 'invoke'
14:26:02.313 32194 32251 D DetoxWSClient: Received action 'invoke' (ID #20, params={"target":{"type":"Class","value":"com.wix.detox.espresso.DetoxAssertion"},"method":"waitForAssertMatcher","args":[{"type":"Invocation","value":{"target":{"type":"Class","value":"androidx.test.espresso.Espresso"},"method":"onView","args":[{"type":"Invocation","value":{"target":{"type":"Class","value":"com.wix.detox.espresso.DetoxMatcher"},"method":"matcherForShallowAccessibilityLabel","args":["Timeslot released successfully.",{"type":"boolean","value":false}]}}]}},{"type":"Invocation","value":{"target":{"type":"Class","value":"com.wix.detox.espresso.DetoxMatcher"},"method":"matcherForNotNull","args":[]}},{"type":"Double","value":4}]})
14:26:02.313 32194 32247 I DetoxDispatcher: Handling action 'invoke' (ID #20)...
14:26:02.313 32194 32247 D Detox   : class com.wix.detox.espresso.DetoxMatcher, matcherForShallowAccessibilityLabel, [Timeslot released successfully., false]
14:26:02.314 32194 32247 D Detox   : class androidx.test.espresso.Espresso, onView, [((view.getContentDescription() is "Timeslot released successfully." or an instance of android.widget.TextView and view.getText() with or without transformation to match: is "Timeslot released successfully.") and view has effective visibility <VISIBLE>)]
14:26:02.314 32194 32247 D Detox   : class com.wix.detox.espresso.DetoxMatcher, matcherForNotNull, []
14:26:02.314 32194 32247 D Detox   : class com.wix.detox.espresso.DetoxAssertion, waitForAssertMatcher, [androidx.test.espresso.ViewInteraction@95ecde8, not null, 4.0]
14:26:02.315 32194 32194 I ViewInteraction: Checking 'MatchesViewAssertion(Detox){viewMatcher=not null}' assertion on view ((view.getContentDescription() is "Timeslot released successfully." or an instance of android.widget.TextView and view.getText() with or without transformation to match: is "Timeslot released successfully.") and view has effective visibility <VISIBLE>)
14:26:02.315 32194 32247 I DetoxWSClient: Sending out action 'invokeResult' (ID #20)
14:26:02.315 32194 32247 I DetoxDispatcher: Done with action 'invoke'
14:26:02.319 32194 32251 D DetoxWSClient: Received action 'invoke' (ID #21, params={"target":{"type":"Class","value":"com.wix.detox.espresso.EspressoDetox"},"method":"perform","args":[{"type":"Invocation","value":{"target":{"type":"Class","value":"com.wix.detox.espresso.DetoxMatcher"},"method":"matcherForShallowAccessibilityLabel","args":["OK",{"type":"boolean","value":false}]}},{"type":"Invocation","value":{"target":{"type":"Class","value":"com.wix.detox.espresso.DetoxViewActions"},"method":"click","args":[]}}]})
14:26:02.319 32194 32247 I DetoxDispatcher: Handling action 'invoke' (ID #21)...
14:26:02.319 32194 32247 D Detox   : class com.wix.detox.espresso.DetoxMatcher, matcherForShallowAccessibilityLabel, [OK, false]
14:26:02.319 32194 32247 D Detox   : class com.wix.detox.espresso.DetoxViewActions, click, []
14:26:02.319 32194 32247 D Detox   : class com.wix.detox.espresso.EspressoDetox, perform, [((view.getContentDescription() is "OK" or an instance of android.widget.TextView and view.getText() with or without transformation to match: is "OK") and view has effective visibility <VISIBLE>), com.wix.detox.espresso.action.RNClickAction@6c1aa6]
14:26:02.897 32194 32247 I DetoxWSClient: Sending out action 'invokeResult' (ID #21)
14:26:02.897 32194 32247 I DetoxDispatcher: Done with action 'invoke'
14:26:02.900 32194 32251 D DetoxWSClient: Received action 'invoke' (ID #22, params={"target":{"type":"Class","value":"com.wix.detox.espresso.EspressoDetox"},"method":"perform","args":[{"type":"Invocation","value":{"target":{"type":"Class","value":"com.wix.detox.espresso.DetoxMatcher"},"method":"matcherForTestId","args":["go_back_header_button",{"type":"boolean","value":false}]}},{"type":"Invocation","value":{"target":{"type":"Class","value":"com.wix.detox.espresso.DetoxViewActions"},"method":"click","args":[]}}]})
14:26:02.900 32194 32247 I DetoxDispatcher: Handling action 'invoke' (ID #22)...
14:26:02.900 32194 32247 D Detox   : class com.wix.detox.espresso.DetoxMatcher, matcherForTestId, [go_back_header_button, false]
14:26:02.900 32194 32247 D Detox   : class com.wix.detox.espresso.DetoxViewActions, click, []
14:26:02.900 32194 32247 D Detox   : class com.wix.detox.espresso.EspressoDetox, perform, [(view.getTag() is "go_back_header_button" and view has effective visibility <VISIBLE>), com.wix.detox.espresso.action.RNClickAction@e683190]
14:26:04.000 32194 32247 I DetoxWSClient: Sending out action 'invokeResult' (ID #22)
14:26:04.002 32194 32247 I DetoxDispatcher: Done with action 'invoke'
14:26:04.006 32194 32251 D DetoxWSClient: Received action 'invoke' (ID #23, params={"target":{"type":"Class","value":"com.wix.detox.espresso.EspressoDetox"},"method":"perform","args":[{"type":"Invocation","value":{"target":{"type":"Class","value":"com.wix.detox.espresso.DetoxMatcher"},"method":"matcherForTestId","args":["item_home_main_tab_button",{"type":"boolean","value":false}]}},{"type":"Invocation","value":{"target":{"type":"Class","value":"com.wix.detox.espresso.DetoxViewActions"},"method":"click","args":[]}}]})
14:26:04.006 32194 32247 I DetoxDispatcher: Handling action 'invoke' (ID #23)...
14:26:04.006 32194 32247 D Detox   : class com.wix.detox.espresso.DetoxMatcher, matcherForTestId, [item_home_main_tab_button, false]
14:26:04.006 32194 32247 D Detox   : class com.wix.detox.espresso.DetoxViewActions, click, []
14:26:04.006 32194 32247 D Detox   : class com.wix.detox.espresso.EspressoDetox, perform, [(view.getTag() is "item_home_main_tab_button" and view has effective visibility <VISIBLE>), com.wix.detox.espresso.action.RNClickAction@9ba7781]
14:26:04.246 32194 32194 I Detox   : Network is busy, with 1 in-flight calls
14:26:04.260 32194 32194 I Detox   : Network is busy, with 1 in-flight calls
14:26:04.277 32194 32194 I Detox   : Network is busy, with 1 in-flight calls
14:26:04.293 32194 32194 I Detox   : Network is busy, with 1 in-flight calls
14:26:04.310 32194 32194 I Detox   : Network is busy, with 1 in-flight calls
14:26:04.327 32194 32194 I Detox   : Network is busy, with 1 in-flight calls
14:26:04.344 32194 32194 I Detox   : Network is busy, with 1 in-flight calls
14:26:04.360 32194 32194 I Detox   : Network is busy, with 1 in-flight calls
14:26:04.377 32194 32194 I Detox   : Network is busy, with 1 in-flight calls
14:26:04.393 32194 32194 I Detox   : Network is busy, with 1 in-flight calls
14:26:04.410 32194 32194 I Detox   : Network is busy, with 1 in-flight calls
14:26:04.427 32194 32194 I Detox   : Network is busy, with 1 in-flight calls
14:26:04.443 32194 32194 I Detox   : Network is busy, with 1 in-flight calls
14:26:04.460 32194 32194 I Detox   : Network is busy, with 1 in-flight calls
14:26:05.063 32194 32247 I DetoxWSClient: Sending out action 'invokeResult' (ID #23)
14:26:05.064 32194 32247 I DetoxDispatcher: Done with action 'invoke'
14:26:05.069 32194 32251 D DetoxWSClient: Received action 'invoke' (ID #24, params={"target":{"type":"Class","value":"com.wix.detox.espresso.EspressoDetox"},"method":"perform","args":[{"type":"Invocation","value":{"target":{"type":"Class","value":"com.wix.detox.espresso.DetoxMatcher"},"method":"matcherForTestId","args":["shopping_mode_selector",{"type":"boolean","value":false}]}},{"type":"Invocation","value":{"target":{"type":"Class","value":"com.wix.detox.espresso.DetoxViewActions"},"method":"click","args":[]}}]})
14:26:05.069 32194 32247 I DetoxDispatcher: Handling action 'invoke' (ID #24)...
14:26:05.069 32194 32247 D Detox   : class com.wix.detox.espresso.DetoxMatcher, matcherForTestId, [shopping_mode_selector, false]
14:26:05.069 32194 32247 D Detox   : class com.wix.detox.espresso.DetoxViewActions, click, []
14:26:05.069 32194 32247 D Detox   : class com.wix.detox.espresso.EspressoDetox, perform, [(view.getTag() is "shopping_mode_selector" and view has effective visibility <VISIBLE>), com.wix.detox.espresso.action.RNClickAction@13d59b8]
14:26:06.299 32194 32247 I DetoxWSClient: Sending out action 'invokeResult' (ID #24)
14:26:06.300 32194 32247 I DetoxDispatcher: Done with action 'invoke'
14:26:06.303 32194 32251 D DetoxWSClient: Received action 'invoke' (ID #25, params={"target":{"type":"Class","value":"com.wix.detox.espresso.DetoxAssertion"},"method":"waitForAssertMatcher","args":[{"type":"Invocation","value":{"target":{"type":"Class","value":"androidx.test.espresso.Espresso"},"method":"onView","args":[{"type":"Invocation","value":{"target":{"type":"Class","value":"com.wix.detox.espresso.DetoxMatcher"},"method":"matcherForTestId","args":["fulfillment_selection_screen_shopping_mode_info_text",{"type":"boolean","value":false}]}}]}},{"type":"Invocation","value":{"target":{"type":"Class","value":"com.wix.detox.espresso.DetoxMatcher"},"method":"matcherForSufficientlyVisible","args":[{"type":"Integer","value":75}]}},{"type":"Double","value":5}]})
14:26:06.303 32194 32247 I DetoxDispatcher: Handling action 'invoke' (ID #25)...
14:26:06.304 32194 32247 D Detox   : class com.wix.detox.espresso.DetoxMatcher, matcherForTestId, [fulfillment_selection_screen_shopping_mode_info_text, false]
14:26:06.304 32194 32247 D Detox   : class androidx.test.espresso.Espresso, onView, [(view.getTag() is "fulfillment_selection_screen_shopping_mode_info_text" and view has effective visibility <VISIBLE>)]
14:26:06.304 32194 32247 D Detox   : class com.wix.detox.espresso.DetoxMatcher, matcherForSufficientlyVisible, [75]
14:26:06.304 32194 32247 D Detox   : class com.wix.detox.espresso.DetoxAssertion, waitForAssertMatcher, [androidx.test.espresso.ViewInteraction@492204e, (view has effective visibility <VISIBLE> and view.getGlobalVisibleRect() covers at least <75> percent of the view's area), 5.0]
14:26:06.306 32194 32194 I ViewInteraction: Checking 'MatchesViewAssertion(Detox){viewMatcher=(view has effective visibility <VISIBLE> and view.getGlobalVisibleRect() covers at least <75> percent of the view's area)}' assertion on view (view.getTag() is "fulfillment_selection_screen_shopping_mode_info_text" and view has effective visibility <VISIBLE>)
14:26:06.464 32194 32194 I ViewInteraction: Checking 'MatchesViewAssertion(Detox){viewMatcher=(view has effective visibility <VISIBLE> and view.getGlobalVisibleRect() covers at least <75> percent of the view's area)}' assertion on view (view.getTag() is "fulfillment_selection_screen_shopping_mode_info_text" and view has effective visibility <VISIBLE>)
14:26:06.639 32194 32194 I ViewInteraction: Checking 'MatchesViewAssertion(Detox){viewMatcher=(view has effective visibility <VISIBLE> and view.getGlobalVisibleRect() covers at least <75> percent of the view's area)}' assertion on view (view.getTag() is "fulfillment_selection_screen_shopping_mode_info_text" and view has effective visibility <VISIBLE>)
14:26:06.795 32194 32194 I ViewInteraction: Checking 'MatchesViewAssertion(Detox){viewMatcher=(view has effective visibility <VISIBLE> and view.getGlobalVisibleRect() covers at least <75> percent of the view's area)}' assertion on view (view.getTag() is "fulfillment_selection_screen_shopping_mode_info_text" and view has effective visibility <VISIBLE>)
14:26:06.968 32194 32194 I ViewInteraction: Checking 'MatchesViewAssertion(Detox){viewMatcher=(view has effective visibility <VISIBLE> and view.getGlobalVisibleRect() covers at least <75> percent of the view's area)}' assertion on view (view.getTag() is "fulfillment_selection_screen_shopping_mode_info_text" and view has effective visibility <VISIBLE>)
14:26:07.332 32194 32194 I Detox   : UIManagerModule is busy
14:26:07.363 32194 32194 I Detox   : Network is busy, with 2 in-flight calls
14:26:07.378 32194 32194 I Detox   : Network is busy, with 2 in-flight calls
14:26:07.394 32194 32194 I Detox   : Network is busy, with 2 in-flight calls
14:26:07.411 32194 32194 I Detox   : Network is busy, with 2 in-flight calls
14:26:07.429 32194 32194 I Detox   : Network is busy, with 1 in-flight calls
14:26:07.491 32194 32194 I Detox   : UIManagerModule is busy
14:26:07.548 32194 32194 I ViewInteraction: Checking 'MatchesViewAssertion(Detox){viewMatcher=(view has effective visibility <VISIBLE> and view.getGlobalVisibleRect() covers at least <75> percent of the view's area)}' assertion on view (view.getTag() is "fulfillment_selection_screen_shopping_mode_info_text" and view has effective visibility <VISIBLE>)
14:26:07.548 32194 32247 I DetoxWSClient: Sending out action 'invokeResult' (ID #25)
14:26:07.548 32194 32247 I DetoxDispatcher: Done with action 'invoke'
14:26:07.551 32194 32251 D DetoxWSClient: Received action 'invoke' (ID #26, params={"target":{"type":"Class","value":"com.wix.detox.espresso.EspressoDetox"},"method":"perform","args":[{"type":"Invocation","value":{"target":{"type":"Class","value":"com.wix.detox.espresso.DetoxMatcher"},"method":"matcherForTestId","args":["fulfillment_selection_screen_shopping_mode_info_text",{"type":"boolean","value":false}]}},{"type":"Invocation","value":{"target":{"type":"Class","value":"com.wix.detox.espresso.DetoxAction"},"method":"getAttributes","args":[]}}]})
14:26:07.551 32194 32247 I DetoxDispatcher: Handling action 'invoke' (ID #26)...
14:26:07.551 32194 32247 D Detox   : class com.wix.detox.espresso.DetoxMatcher, matcherForTestId, [fulfillment_selection_screen_shopping_mode_info_text, false]
14:26:07.551 32194 32247 D Detox   : class com.wix.detox.espresso.DetoxAction, getAttributes, []
14:26:07.552 32194 32247 D Detox   : class com.wix.detox.espresso.EspressoDetox, perform, [(view.getTag() is "fulfillment_selection_screen_shopping_mode_info_text" and view has effective visibility <VISIBLE>), com.wix.detox.espresso.action.GetAttributesAction@f83fa06]
14:26:07.704 32194 32247 I DetoxWSClient: Sending out action 'invokeResult' (ID #26)
14:26:07.704 32194 32247 I DetoxDispatcher: Done with action 'invoke'
14:26:07.708 32194 32251 D DetoxWSClient: Received action 'invoke' (ID #27, params={"target":{"type":"Class","value":"com.wix.detox.espresso.EspressoDetox"},"method":"perform","args":[{"type":"Invocation","value":{"target":{"type":"Class","value":"com.wix.detox.espresso.DetoxMatcher"},"method":"matcherForTestId","args":["shopping_mode_delivery_button",{"type":"boolean","value":false}]}},{"type":"Invocation","value":{"target":{"type":"Class","value":"com.wix.detox.espresso.DetoxViewActions"},"method":"click","args":[]}}]})
14:26:07.708 32194 32247 I DetoxDispatcher: Handling action 'invoke' (ID #27)...
14:26:07.708 32194 32247 D Detox   : class com.wix.detox.espresso.DetoxMatcher, matcherForTestId, [shopping_mode_delivery_button, false]
14:26:07.708 32194 32247 D Detox   : class com.wix.detox.espresso.DetoxViewActions, click, []
14:26:07.708 32194 32247 D Detox   : class com.wix.detox.espresso.EspressoDetox, perform, [(view.getTag() is "shopping_mode_delivery_button" and view has effective visibility <VISIBLE>), com.wix.detox.espresso.action.RNClickAction@41ce6a7]
14:26:07.740 32194 32194 I Detox   : UIManagerModule is busy
14:26:08.799 32194 32247 I DetoxWSClient: Sending out action 'invokeResult' (ID #27)
14:26:08.799 32194 32247 I DetoxDispatcher: Done with action 'invoke'
14:26:08.805 32194 32251 D DetoxWSClient: Received action 'invoke' (ID #28, params={"target":{"type":"Class","value":"com.wix.detox.espresso.EspressoDetox"},"method":"perform","args":[{"type":"Invocation","value":{"target":{"type":"Class","value":"com.wix.detox.espresso.DetoxMatcher"},"method":"matcherForTestId","args":["search_with_results_textinput",{"type":"boolean","value":false}]}},{"type":"Invocation","value":{"target":{"type":"Class","value":"com.wix.detox.espresso.DetoxViewActions"},"method":"typeText","args":["08837"]}}]})
14:26:08.805 32194 32247 I DetoxDispatcher: Handling action 'invoke' (ID #28)...
14:26:08.805 32194 32247 D Detox   : class com.wix.detox.espresso.DetoxMatcher, matcherForTestId, [search_with_results_textinput, false]
14:26:08.805 32194 32247 D Detox   : class com.wix.detox.espresso.DetoxViewActions, typeText, [08837]
14:26:08.806 32194 32247 D Detox   : class com.wix.detox.espresso.EspressoDetox, perform, [(view.getTag() is "search_with_results_textinput" and view has effective visibility <VISIBLE>), com.wix.detox.espresso.action.DetoxTypeTextAction@4d3e33]
14:26:09.232 32194 32194 I Detox   : UIManagerModule is busy
14:26:09.248 32194 32194 I Detox   : UIManagerModule is busy
14:26:09.832 32194 32194 I Detox   : UIManagerModule is busy
14:26:09.845 32194 32194 I Detox   : UIManagerModule is busy
14:26:10.391 32194 32194 I Detox   : UIManagerModule is busy
14:26:10.397 32194 32194 I Detox   : UIManagerModule is busy
14:26:10.429 32194 32194 I Detox   : Network is busy, with 1 in-flight calls
14:26:10.445 32194 32194 I Detox   : Network is busy, with 1 in-flight calls
14:26:10.461 32194 32194 I Detox   : Network is busy, with 1 in-flight calls
14:26:10.928 32194 32194 I Detox   : Network is busy, with 1 in-flight calls
14:26:10.963 32194 32194 I Detox   : UIManagerModule is busy
14:26:11.053 32194 32194 I Detox   : UIManagerModule is busy
14:26:11.061 32194 32194 I Detox   : UIManagerModule is busy
14:26:11.595 32194 32194 I Detox   : Network is busy, with 1 in-flight calls
14:26:11.610 32194 32194 I Detox   : Network is busy, with 1 in-flight calls
14:26:11.643 32194 32194 I Detox   : UIManagerModule is busy
14:26:11.720 32194 32194 I Detox   : UIManagerModule is busy
14:26:11.728 32194 32194 I Detox   : UIManagerModule is busy
14:26:12.263 32194 32194 I Detox   : Network is busy, with 1 in-flight calls
14:26:12.277 32194 32194 I Detox   : Network is busy, with 1 in-flight calls
14:26:12.294 32194 32194 I Detox   : Network is busy, with 1 in-flight calls
14:26:12.362 32194 32194 I Detox   : UIManagerModule is busy
14:26:12.429 32194 32247 I DetoxWSClient: Sending out action 'invokeResult' (ID #28)
14:26:12.429 32194 32247 I DetoxDispatcher: Done with action 'invoke'
14:26:12.432 32194 32251 D DetoxWSClient: Received action 'invoke' (ID #29, params={"target":{"type":"Class","value":"com.wix.detox.espresso.EspressoDetox"},"method":"perform","args":[{"type":"Invocation","value":{"target":{"type":"Class","value":"com.wix.detox.espresso.DetoxMatcher"},"method":"matcherForTestId","args":["search_with_results_index_0_button",{"type":"boolean","value":false}]}},{"type":"Invocation","value":{"target":{"type":"Class","value":"com.wix.detox.espresso.DetoxViewActions"},"method":"click","args":[]}}]})
14:26:12.432 32194 32247 I DetoxDispatcher: Handling action 'invoke' (ID #29)...
14:26:12.432 32194 32247 D Detox   : class com.wix.detox.espresso.DetoxMatcher, matcherForTestId, [search_with_results_index_0_button, false]
14:26:12.433 32194 32247 D Detox   : class com.wix.detox.espresso.DetoxViewActions, click, []
14:26:12.433 32194 32247 D Detox   : class com.wix.detox.espresso.EspressoDetox, perform, [(view.getTag() is "search_with_results_index_0_button" and view has effective visibility <VISIBLE>), com.wix.detox.espresso.action.RNClickAction@b54b1e8]
14:26:12.484 32194 32194 I Detox   : UIManagerModule is busy
14:26:12.516 32194 32194 I Detox   : UIManagerModule is busy
14:26:12.565 32194 32194 I Detox   : UIManagerModule is busy
14:26:12.582 32194 32194 I Detox   : UIManagerModule is busy
14:26:13.021 32194 32194 I Detox   : UIManagerModule is busy
14:26:13.496 32194 32247 I DetoxWSClient: Sending out action 'invokeResult' (ID #29)
14:26:13.497 32194 32247 I DetoxDispatcher: Done with action 'invoke'
14:26:13.499 32194 32251 D DetoxWSClient: Received action 'invoke' (ID #30, params={"target":{"type":"Class","value":"com.wix.detox.espresso.EspressoDetox"},"method":"perform","args":[{"type":"Invocation","value":{"target":{"type":"Class","value":"com.wix.detox.espresso.DetoxMatcher"},"method":"matcherForTestId","args":["store_listing_select_store_index_0_button",{"type":"boolean","value":false}]}},{"type":"Invocation","value":{"target":{"type":"Class","value":"com.wix.detox.espresso.DetoxAction"},"method":"getAttributes","args":[]}}]})
14:26:13.499 32194 32247 I DetoxDispatcher: Handling action 'invoke' (ID #30)...
14:26:13.499 32194 32247 D Detox   : class com.wix.detox.espresso.DetoxMatcher, matcherForTestId, [store_listing_select_store_index_0_button, false]
14:26:13.499 32194 32247 D Detox   : class com.wix.detox.espresso.DetoxAction, getAttributes, []
14:26:13.499 32194 32247 D Detox   : class com.wix.detox.espresso.EspressoDetox, perform, [(view.getTag() is "store_listing_select_store_index_0_button" and view has effective visibility <VISIBLE>), com.wix.detox.espresso.action.GetAttributesAction@f137ccb]
14:26:13.663 32194 32247 I DetoxWSClient: Sending out action 'invokeResult' (ID #30)
14:26:13.663 32194 32247 I DetoxDispatcher: Done with action 'invoke'
14:26:13.665 32194 32251 D DetoxWSClient: Received action 'invoke' (ID #31, params={"target":{"type":"Class","value":"com.wix.detox.espresso.EspressoDetox"},"method":"perform","args":[{"type":"Invocation","value":{"target":{"type":"Class","value":"com.wix.detox.espresso.DetoxMatcher"},"method":"matcherForTestId","args":["store_listing_select_store_index_0_button",{"type":"boolean","value":false}]}},{"type":"Invocation","value":{"target":{"type":"Class","value":"com.wix.detox.espresso.DetoxViewActions"},"method":"click","args":[]}}]})
14:26:13.665 32194 32247 I DetoxDispatcher: Handling action 'invoke' (ID #31)...
14:26:13.665 32194 32247 D Detox   : class com.wix.detox.espresso.DetoxMatcher, matcherForTestId, [store_listing_select_store_index_0_button, false]
14:26:13.665 32194 32247 D Detox   : class com.wix.detox.espresso.DetoxViewActions, click, []
14:26:13.665 32194 32247 D Detox   : class com.wix.detox.espresso.EspressoDetox, perform, [(view.getTag() is "store_listing_select_store_index_0_button" and view has effective visibility <VISIBLE>), com.wix.detox.espresso.action.RNClickAction@773353f]
14:26:14.006 32194 32194 I Detox   : UIManagerModule is busy
14:26:14.032 32194 32194 I Detox   : Network is busy, with 1 in-flight calls
14:26:14.047 32194 32194 I Detox   : Network is busy, with 1 in-flight calls
14:26:14.061 32194 32194 I Detox   : Network is busy, with 1 in-flight calls
14:26:14.078 32194 32194 I Detox   : Network is busy, with 1 in-flight calls
14:26:14.096 32194 32194 I Detox   : Network is busy, with 1 in-flight calls
14:26:14.111 32194 32194 I Detox   : Network is busy, with 1 in-flight calls
14:26:14.573 32194 32194 I Detox   : UIManagerModule is busy
14:26:14.595 32194 32194 I Detox   : Network is busy, with 5 in-flight calls
14:26:14.610 32194 32194 I Detox   : Network is busy, with 5 in-flight calls
14:26:14.629 32194 32194 I Detox   : Network is busy, with 5 in-flight calls
14:26:14.645 32194 32194 I Detox   : Network is busy, with 5 in-flight calls
14:26:14.661 32194 32194 I Detox   : Network is busy, with 5 in-flight calls
14:26:14.679 32194 32194 I Detox   : Network is busy, with 5 in-flight calls
14:26:14.693 32194 32194 I Detox   : Network is busy, with 4 in-flight calls
14:26:14.710 32194 32194 I Detox   : Network is busy, with 2 in-flight calls
14:26:14.727 32194 32194 I Detox   : Network is busy, with 2 in-flight calls
14:26:14.745 32194 32194 I Detox   : Network is busy, with 2 in-flight calls
14:26:15.105 32194 32194 I Detox   : UIManagerModule is busy
14:26:15.111 32194 32194 I Detox   : Network is busy, with 1 in-flight calls
14:26:15.127 32194 32194 I Detox   : Network is busy, with 1 in-flight calls
14:26:15.144 32194 32194 I Detox   : Network is busy, with 1 in-flight calls
14:26:15.161 32194 32194 I Detox   : Network is busy, with 1 in-flight calls
14:26:15.177 32194 32194 I Detox   : Network is busy, with 1 in-flight calls
14:26:15.196 32194 32194 I Detox   : Network is busy, with 1 in-flight calls
14:26:15.210 32194 32194 I Detox   : Network is busy, with 1 in-flight calls
14:26:15.227 32194 32194 I Detox   : Network is busy, with 1 in-flight calls
14:26:15.246 32194 32194 I Detox   : Network is busy, with 1 in-flight calls
14:26:15.260 32194 32194 I Detox   : Network is busy, with 1 in-flight calls
14:26:16.046 32194 32194 I Detox   : Network is busy, with 1 in-flight calls
14:26:16.431 32194 32247 I DetoxWSClient: Sending out action 'invokeResult' (ID #31)
14:26:16.431 32194 32247 I DetoxDispatcher: Done with action 'invoke'
14:26:16.439 32194 32251 D DetoxWSClient: Received action 'invoke' (ID #32, params={"target":{"type":"Class","value":"com.wix.detox.espresso.DetoxAssertion"},"method":"waitForAssertMatcher","args":[{"type":"Invocation","value":{"target":{"type":"Class","value":"androidx.test.espresso.Espresso"},"method":"onView","args":[{"type":"Invocation","value":{"target":{"type":"Class","value":"com.wix.detox.espresso.DetoxMatcher"},"method":"matcherForText","args":["Item Availability Warning",{"type":"boolean","value":false}]}}]}},{"type":"Invocation","value":{"target":{"type":"Class","value":"com.wix.detox.espresso.DetoxMatcher"},"method":"matcherForSufficientlyVisible","args":[{"type":"Integer","value":75}]}},{"type":"Double","value":2}]})
14:26:16.439 32194 32247 I DetoxDispatcher: Handling action 'invoke' (ID #32)...
14:26:16.439 32194 32247 D Detox   : class com.wix.detox.espresso.DetoxMatcher, matcherForText, [Item Availability Warning, false]
14:26:16.440 32194 32247 D Detox   : class androidx.test.espresso.Espresso, onView, [(an instance of android.widget.TextView and view.getText() with or without transformation to match: is "Item Availability Warning" and view has effective visibility <VISIBLE>)]
14:26:16.440 32194 32247 D Detox   : class com.wix.detox.espresso.DetoxMatcher, matcherForSufficientlyVisible, [75]
14:26:16.440 32194 32247 D Detox   : class com.wix.detox.espresso.DetoxAssertion, waitForAssertMatcher, [androidx.test.espresso.ViewInteraction@71e57f5, (view has effective visibility <VISIBLE> and view.getGlobalVisibleRect() covers at least <75> percent of the view's area), 2.0]
14:26:16.444 32194 32194 I ViewInteraction: Checking 'MatchesViewAssertion(Detox){viewMatcher=(view has effective visibility <VISIBLE> and view.getGlobalVisibleRect() covers at least <75> percent of the view's area)}' assertion on view (an instance of android.widget.TextView and view.getText() with or without transformation to match: is "Item Availability Warning" and view has effective visibility <VISIBLE>)
14:26:16.685 32194 32194 I ViewInteraction: Checking 'MatchesViewAssertion(Detox){viewMatcher=(view has effective visibility <VISIBLE> and view.getGlobalVisibleRect() covers at least <75> percent of the view's area)}' assertion on view (an instance of android.widget.TextView and view.getText() with or without transformation to match: is "Item Availability Warning" and view has effective visibility <VISIBLE>)
14:26:16.910 32194 32194 I ViewInteraction: Checking 'MatchesViewAssertion(Detox){viewMatcher=(view has effective visibility <VISIBLE> and view.getGlobalVisibleRect() covers at least <75> percent of the view's area)}' assertion on view (an instance of android.widget.TextView and view.getText() with or without transformation to match: is "Item Availability Warning" and view has effective visibility <VISIBLE>)
14:26:17.147 32194 32194 I ViewInteraction: Checking 'MatchesViewAssertion(Detox){viewMatcher=(view has effective visibility <VISIBLE> and view.getGlobalVisibleRect() covers at least <75> percent of the view's area)}' assertion on view (an instance of android.widget.TextView and view.getText() with or without transformation to match: is "Item Availability Warning" and view has effective visibility <VISIBLE>)
14:26:17.450 32194 32194 I ViewInteraction: Checking 'MatchesViewAssertion(Detox){viewMatcher=(view has effective visibility <VISIBLE> and view.getGlobalVisibleRect() covers at least <75> percent of the view's area)}' assertion on view (an instance of android.widget.TextView and view.getText() with or without transformation to match: is "Item Availability Warning" and view has effective visibility <VISIBLE>)
14:26:17.689 32194 32194 I ViewInteraction: Checking 'MatchesViewAssertion(Detox){viewMatcher=(view has effective visibility <VISIBLE> and view.getGlobalVisibleRect() covers at least <75> percent of the view's area)}' assertion on view (an instance of android.widget.TextView and view.getText() with or without transformation to match: is "Item Availability Warning" and view has effective visibility <VISIBLE>)
14:26:17.906 32194 32194 I ViewInteraction: Checking 'MatchesViewAssertion(Detox){viewMatcher=(view has effective visibility <VISIBLE> and view.getGlobalVisibleRect() covers at least <75> percent of the view's area)}' assertion on view (an instance of android.widget.TextView and view.getText() with or without transformation to match: is "Item Availability Warning" and view has effective visibility <VISIBLE>)
14:26:18.123 32194 32194 I ViewInteraction: Checking 'MatchesViewAssertion(Detox){viewMatcher=(view has effective visibility <VISIBLE> and view.getGlobalVisibleRect() covers at least <75> percent of the view's area)}' assertion on view (an instance of android.widget.TextView and view.getText() with or without transformation to match: is "Item Availability Warning" and view has effective visibility <VISIBLE>)
14:26:18.338 32194 32194 I ViewInteraction: Checking 'MatchesViewAssertion(Detox){viewMatcher=(view has effective visibility <VISIBLE> and view.getGlobalVisib
