14:32:53.162  4481  4532 I DetoxWSClient: Sending out action 'invokeResult' (ID #14)
14:32:53.162  4481  4532 I DetoxDispatcher: Done with action 'invoke'
14:32:53.165  4481  4538 D DetoxWSClient: Received action 'invoke' (ID #15, params={"target":{"type":"Class","value":"com.wix.detox.espresso.DetoxAssertion"},"method":"waitForAssertMatcher","args":[{"type":"Invocation","value":{"target":{"type":"Class","value":"androidx.test.espresso.Espresso"},"method":"onView","args":[{"type":"Invocation","value":{"target":{"type":"Class","value":"com.wix.detox.espresso.DetoxMatcher"},"method":"matcherForTestId","args":["user_logged_in_header_button",{"type":"boolean","value":false}]}}]}},{"type":"Invocation","value":{"target":{"type":"Class","value":"com.wix.detox.espresso.DetoxMatcher"},"method":"matcherForSufficientlyVisible","args":[{"type":"Integer","value":75}]}},{"type":"Double","value":2}]})
14:32:53.165  4481  4532 I DetoxDispatcher: Handling action 'invoke' (ID #15)...
14:32:53.165  4481  4532 D Detox   : class com.wix.detox.espresso.DetoxMatcher, matcherForTestId, [user_logged_in_header_button, false]
14:32:53.165  4481  4532 D Detox   : class androidx.test.espresso.Espresso, onView, [(view.getTag() is "user_logged_in_header_button" and view has effective visibility <VISIBLE>)]
14:32:53.165  4481  4532 D Detox   : class com.wix.detox.espresso.DetoxMatcher, matcherForSufficientlyVisible, [75]
14:32:53.165  4481  4532 D Detox   : class com.wix.detox.espresso.DetoxAssertion, waitForAssertMatcher, [androidx.test.espresso.ViewInteraction@ea526f4, (view has effective visibility <VISIBLE> and view.getGlobalVisibleRect() covers at least <75> percent of the view's area), 2.0]
14:32:53.166  4481  4481 I ViewInteraction: Checking 'MatchesViewAssertion(Detox){viewMatcher=(view has effective visibility <VISIBLE> and view.getGlobalVisibleRect() covers at least <75> percent of the view's area)}' assertion on view (view.getTag() is "user_logged_in_header_button" and view has effective visibility <VISIBLE>)
14:32:53.167  4481  4532 I DetoxWSClient: Sending out action 'invokeResult' (ID #15)
14:32:53.167  4481  4532 I DetoxDispatcher: Done with action 'invoke'
14:32:53.169  4481  4538 D DetoxWSClient: Received action 'invoke' (ID #16, params={"target":{"type":"Class","value":"com.wix.detox.espresso.DetoxAssertion"},"method":"assertMatcher","args":[{"type":"Invocation","value":{"target":{"type":"Class","value":"androidx.test.espresso.Espresso"},"method":"onView","args":[{"type":"Invocation","value":{"target":{"type":"Class","value":"com.wix.detox.espresso.DetoxMatcher"},"method":"matcherForText","args":["Hi Testone!",{"type":"boolean","value":false}]}}]}},{"type":"Invocation","value":{"target":{"type":"Class","value":"com.wix.detox.espresso.DetoxMatcher"},"method":"matcherForSufficientlyVisible","args":[{"type":"Integer","value":75}]}}]})
14:32:53.169  4481  4532 I DetoxDispatcher: Handling action 'invoke' (ID #16)...
14:32:53.169  4481  4532 D Detox   : class com.wix.detox.espresso.DetoxMatcher, matcherForText, [Hi Testone!, false]
14:32:53.170  4481  4532 D Detox   : class androidx.test.espresso.Espresso, onView, [(an instance of android.widget.TextView and view.getText() with or without transformation to match: is "Hi Testone!" and view has effective visibility <VISIBLE>)]
14:32:53.170  4481  4532 D Detox   : class com.wix.detox.espresso.DetoxMatcher, matcherForSufficientlyVisible, [75]
14:32:53.170  4481  4532 D Detox   : class com.wix.detox.espresso.DetoxAssertion, assertMatcher, [androidx.test.espresso.ViewInteraction@d6fd892, (view has effective visibility <VISIBLE> and view.getGlobalVisibleRect() covers at least <75> percent of the view's area)]
14:32:53.171  4481  4481 I ViewInteraction: Checking 'MatchesViewAssertion(Detox){viewMatcher=(view has effective visibility <VISIBLE> and view.getGlobalVisibleRect() covers at least <75> percent of the view's area)}' assertion on view (an instance of android.widget.TextView and view.getText() with or without transformation to match: is "Hi Testone!" and view has effective visibility <VISIBLE>)
14:32:53.172  4481  4532 I DetoxWSClient: Sending out action 'invokeResult' (ID #16)
14:32:53.172  4481  4532 I DetoxDispatcher: Done with action 'invoke'
14:32:53.227  4481  4538 D DetoxWSClient: Received action 'invoke' (ID #17, params={"target":{"type":"Class","value":"com.wix.detox.espresso.DetoxAssertion"},"method":"assertMatcher","args":[{"type":"Invocation","value":{"target":{"type":"Class","value":"androidx.test.espresso.Espresso"},"method":"onView","args":[{"type":"Invocation","value":{"target":{"type":"Class","value":"com.wix.detox.espresso.DetoxMatcher"},"method":"matcherForTestId","args":["user_logged_in_header_button",{"type":"boolean","value":false}]}}]}},{"type":"Invocation","value":{"target":{"type":"Class","value":"com.wix.detox.espresso.DetoxMatcher"},"method":"matcherForSufficientlyVisible","args":[{"type":"Integer","value":75}]}}]})
14:32:53.227  4481  4532 I DetoxDispatcher: Handling action 'invoke' (ID #17)...
14:32:53.227  4481  4532 D Detox   : class com.wix.detox.espresso.DetoxMatcher, matcherForTestId, [user_logged_in_header_button, false]
14:32:53.227  4481  4532 D Detox   : class androidx.test.espresso.Espresso, onView, [(view.getTag() is "user_logged_in_header_button" and view has effective visibility <VISIBLE>)]
14:32:53.228  4481  4532 D Detox   : class com.wix.detox.espresso.DetoxMatcher, matcherForSufficientlyVisible, [75]
14:32:53.229  4481  4532 D Detox   : class com.wix.detox.espresso.DetoxAssertion, assertMatcher, [androidx.test.espresso.ViewInteraction@f67be60, (view has effective visibility <VISIBLE> and view.getGlobalVisibleRect() covers at least <75> percent of the view's area)]
14:32:53.233  4481  4481 I ViewInteraction: Checking 'MatchesViewAssertion(Detox){viewMatcher=(view has effective visibility <VISIBLE> and view.getGlobalVisibleRect() covers at least <75> percent of the view's area)}' assertion on view (view.getTag() is "user_logged_in_header_button" and view has effective visibility <VISIBLE>)
14:32:53.234  4481  4532 I DetoxWSClient: Sending out action 'invokeResult' (ID #17)
14:32:53.234  4481  4532 I DetoxDispatcher: Done with action 'invoke'
14:32:53.236  4481  4538 D DetoxWSClient: Received action 'invoke' (ID #18, params={"target":{"type":"Class","value":"com.wix.detox.espresso.EspressoDetox"},"method":"perform","args":[{"type":"Invocation","value":{"target":{"type":"Class","value":"com.wix.detox.espresso.DetoxMatcher"},"method":"matcherForTestId","args":["user_logged_in_header_button",{"type":"boolean","value":false}]}},{"type":"Invocation","value":{"target":{"type":"Class","value":"com.wix.detox.espresso.DetoxViewActions"},"method":"click","args":[]}}]})
14:32:53.236  4481  4532 I DetoxDispatcher: Handling action 'invoke' (ID #18)...
14:32:53.237  4481  4532 D Detox   : class com.wix.detox.espresso.DetoxMatcher, matcherForTestId, [user_logged_in_header_button, false]
14:32:53.237  4481  4532 D Detox   : class com.wix.detox.espresso.DetoxViewActions, click, []
14:32:53.237  4481  4532 D Detox   : class com.wix.detox.espresso.EspressoDetox, perform, [(view.getTag() is "user_logged_in_header_button" and view has effective visibility <VISIBLE>), com.wix.detox.espresso.action.RNClickAction@96d7f19]
14:32:53.517  4481  4481 I Detox   : UIManagerModule is busy
14:32:53.536  4481  4481 I Detox   : UIManagerModule is busy
14:32:54.382  4481  4532 I DetoxWSClient: Sending out action 'invokeResult' (ID #18)
14:32:54.382  4481  4532 I DetoxDispatcher: Done with action 'invoke'
14:32:54.386  4481  4538 D DetoxWSClient: Received action 'invoke' (ID #19, params={"target":{"type":"Class","value":"com.wix.detox.espresso.DetoxAssertion"},"method":"waitForAssertMatcher","args":[{"type":"Invocation","value":{"target":{"type":"Class","value":"androidx.test.espresso.Espresso"},"method":"onView","args":[{"type":"Invocation","value":{"target":{"type":"Class","value":"com.wix.detox.espresso.DetoxMatcher"},"method":"matcherForTestId","args":["user_profile_screen_vertical_scrollview",{"type":"boolean","value":false}]}}]}},{"type":"Invocation","value":{"target":{"type":"Class","value":"com.wix.detox.espresso.DetoxMatcher"},"method":"matcherForSufficientlyVisible","args":[{"type":"Integer","value":75}]}},{"type":"Double","value":3}]})
14:32:54.386  4481  4532 I DetoxDispatcher: Handling action 'invoke' (ID #19)...
14:32:54.386  4481  4532 D Detox   : class com.wix.detox.espresso.DetoxMatcher, matcherForTestId, [user_profile_screen_vertical_scrollview, false]
14:32:54.386  4481  4532 D Detox   : class androidx.test.espresso.Espresso, onView, [(view.getTag() is "user_profile_screen_vertical_scrollview" and view has effective visibility <VISIBLE>)]
14:32:54.386  4481  4532 D Detox   : class com.wix.detox.espresso.DetoxMatcher, matcherForSufficientlyVisible, [75]
14:32:54.386  4481  4532 D Detox   : class com.wix.detox.espresso.DetoxAssertion, waitForAssertMatcher, [androidx.test.espresso.ViewInteraction@b8ae345, (view has effective visibility <VISIBLE> and view.getGlobalVisibleRect() covers at least <75> percent of the view's area), 3.0]
14:32:54.387  4481  4481 I ViewInteraction: Checking 'MatchesViewAssertion(Detox){viewMatcher=(view has effective visibility <VISIBLE> and view.getGlobalVisibleRect() covers at least <75> percent of the view's area)}' assertion on view (view.getTag() is "user_profile_screen_vertical_scrollview" and view has effective visibility <VISIBLE>)
14:32:54.388  4481  4532 I DetoxWSClient: Sending out action 'invokeResult' (ID #19)
14:32:54.388  4481  4532 I DetoxDispatcher: Done with action 'invoke'
14:32:54.389  4481  4538 D DetoxWSClient: Received action 'invoke' (ID #20, params={"target":{"type":"Class","value":"com.wix.detox.espresso.EspressoDetox"},"method":"perform","args":[{"type":"Invocation","value":{"target":{"type":"Class","value":"com.wix.detox.espresso.DetoxMatcher"},"method":"matcherForTestId","args":["user_profile_screen_vertical_scrollview",{"type":"boolean","value":false}]}},{"type":"Invocation","value":{"target":{"type":"Class","value":"com.wix.detox.espresso.DetoxAction"},"method":"scrollToEdge","args":[{"type":"Integer","value":4},{"type":"Double","value":-1},{"type":"Double","value":-1}]}}]})
14:32:54.390  4481  4532 I DetoxDispatcher: Handling action 'invoke' (ID #20)...
14:32:54.390  4481  4532 D Detox   : class com.wix.detox.espresso.DetoxMatcher, matcherForTestId, [user_profile_screen_vertical_scrollview, false]
14:32:54.390  4481  4532 D Detox   : class com.wix.detox.espresso.DetoxAction, scrollToEdge, [4, -1.0, -1.0]
14:32:54.390  4481  4532 D Detox   : class com.wix.detox.espresso.EspressoDetox, perform, [(view.getTag() is "user_profile_screen_vertical_scrollview" and view has effective visibility <VISIBLE>), com.wix.detox.espresso.DetoxAction$2@834cfcb]
14:32:54.391  4481  4481 D DetoxScrollHelper: System gesture insets: Insets{left=0, top=187, right=0, bottom=144} minX=6 minY=193 maxX=1338.0 maxY=2842.0 currentX=672 currentY=2652
14:32:54.391  4481  4481 D DetoxScrollHelper: scroll Point(672, 2652) --> Point(672, 239)
14:32:55.521  4481  4532 I DetoxWSClient: Sending out action 'invokeResult' (ID #20)
14:32:55.522  4481  4532 I DetoxDispatcher: Done with action 'invoke'
14:32:55.526  4481  4538 D DetoxWSClient: Received action 'invoke' (ID #21, params={"target":{"type":"Class","value":"com.wix.detox.espresso.EspressoDetox"},"method":"perform","args":[{"type":"Invocation","value":{"target":{"type":"Class","value":"com.wix.detox.espresso.DetoxMatcher"},"method":"matcherForTestId","args":["user_profile_screen_logout",{"type":"boolean","value":false}]}},{"type":"Invocation","value":{"target":{"type":"Class","value":"com.wix.detox.espresso.DetoxViewActions"},"method":"click","args":[]}}]})
14:32:55.527  4481  4532 I DetoxDispatcher: Handling action 'invoke' (ID #21)...
14:32:55.527  4481  4532 D Detox   : class com.wix.detox.espresso.DetoxMatcher, matcherForTestId, [user_profile_screen_logout, false]
14:32:55.527  4481  4532 D Detox   : class com.wix.detox.espresso.DetoxViewActions, click, []
14:32:55.527  4481  4532 D Detox   : class com.wix.detox.espresso.EspressoDetox, perform, [(view.getTag() is "user_profile_screen_logout" and view has effective visibility <VISIBLE>), com.wix.detox.espresso.action.RNClickAction@3132666]
14:32:55.946  4481  4566 I ReactNativeJS: couldn't retrieve token wakefernJWT: Unauthorized
14:32:55.948  4481  4566 I ReactNativeJS: value for key "lastTimeAskedForNotificationsPermission" doesn't exist in storage, removal skipped
14:32:55.948  4481  4566 I ReactNativeJS: value for key "hasSeenRegistrationScreen" doesn't exist in storage, removal skipped
14:32:57.087  4481  4481 I Detox   : UIManagerModule is busy
14:32:57.094  4481  4532 I DetoxWSClient: Sending out action 'invokeResult' (ID #21)
14:32:57.094  4481  4532 I DetoxDispatcher: Done with action 'invoke'
14:32:57.096  4481  4538 D DetoxWSClient: Received action 'invoke' (ID #22, params={"target":{"type":"Class","value":"com.wix.detox.espresso.DetoxAssertion"},"method":"assertMatcher","args":[{"type":"Invocation","value":{"target":{"type":"Class","value":"androidx.test.espresso.Espresso"},"method":"onView","args":[{"type":"Invocation","value":{"target":{"type":"Class","value":"com.wix.detox.espresso.DetoxMatcher"},"method":"matcherForTestId","args":["user_logged_out_header_button",{"type":"boolean","value":false}]}}]}},{"type":"Invocation","
