14:30:27.417  3036  3036 I Detox   : UIManagerModule is busy
14:30:27.442  3036  3036 I Detox   : UIManagerModule is busy
14:30:27.452  3036  3036 I Detox   : UIManagerModule is busy
14:30:27.831  3036  3089 I DetoxWSClient: Sending out action 'invokeResult' (ID #2)
14:30:27.831  3036  3089 I DetoxDispatcher: Done with action 'invoke'
14:30:27.877  3036  3098 D DetoxWSClient: Received action 'invoke' (ID #3, params={"target":{"type":"Class","value":"com.wix.detox.espresso.EspressoDetox"},"method":"perform","args":[{"type":"Invocation","value":{"target":{"type":"Class","value":"com.wix.detox.espresso.DetoxMatcher"},"method":"matcherForTestId","args":["item_more_main_tab_button",{"type":"boolean","value":false}]}},{"type":"Invocation","value":{"target":{"type":"Class","value":"com.wix.detox.espresso.DetoxViewActions"},"method":"click","args":[]}}]})
14:30:27.877  3036  3089 I DetoxDispatcher: Handling action 'invoke' (ID #3)...
14:30:27.877  3036  3089 D Detox   : class com.wix.detox.espresso.DetoxMatcher, matcherForTestId, [item_more_main_tab_button, false]
14:30:27.877  3036  3089 D Detox   : class com.wix.detox.espresso.DetoxViewActions, click, []
14:30:27.877  3036  3089 D Detox   : class com.wix.detox.espresso.EspressoDetox, perform, [(view.getTag() is "item_more_main_tab_button" and view has effective visibility <VISIBLE>), com.wix.detox.espresso.action.RNClickAction@784a576]
14:30:28.945  3036  3089 I DetoxWSClient: Sending out action 'invokeResult' (ID #3)
14:30:28.946  3036  3089 I DetoxDispatcher: Done with action 'invoke'
14:30:28.948  3036  3098 D DetoxWSClient: Received action 'invoke' (ID #4, params={"target":{"type":"Class","value":"com.wix.detox.espresso.EspressoDetox"},"method":"perform","args":[{"type":"Invocation","value":{"target":{"type":"Class","value":"com.wix.detox.espresso.DetoxMatcher"},"method":"matcherForTestId","args":["more_screen_item_debug_button",{"type":"boolean","value":false}]}},{"type":"Invocation","value":{"target":{"type":"Class","value":"com.wix.detox.espresso.DetoxViewActions"},"method":"click","args":[]}}]})
14:30:28.948  3036  3089 I DetoxDispatcher: Handling action 'invoke' (ID #4)...
14:30:28.948  3036  3089 D Detox   : class com.wix.detox.espresso.DetoxMatcher, matcherForTestId, [more_screen_item_debug_button, false]
14:30:28.948  3036  3089 D Detox   : class com.wix.detox.espresso.DetoxViewActions, click, []
14:30:28.948  3036  3089 D Detox   : class com.wix.detox.espresso.EspressoDetox, perform, [(view.getTag() is "more_screen_item_debug_button" and view has effective visibility <VISIBLE>), com.wix.detox.espresso.action.RNClickAction@23411c4]
14:30:29.088  3036  3126 D Detox.RNMarker: NATIVE_MODULE_SETUP_START (RNFBInstallationsModule)
14:30:29.088  3036  3126 D Detox.RNMarker: NATIVE_MODULE_SETUP_END (RNFBInstallationsModule)
14:30:29.358  3036  3126 W ReactNativeJS: [AxiosError: Request failed with status code 401]
14:30:30.185  3036  3089 I DetoxWSClient: Sending out action 'invokeResult' (ID #4)
14:30:30.185  3036  3089 I DetoxDispatcher: Done with action 'invoke'
14:30:30.189  3036  3098 D DetoxWSClient: Received action 'invoke' (ID #5, params={"target":{"type":"Class","value":"com.wix.detox.espresso.EspressoDetox"},"method":"perform","args":[{"type":"Invocation","value":{"target":{"type":"Class","value":"com.wix.detox.espresso.DetoxMatcher"},"method":"matcherForTestId","args":["e2e_debug_screen_login_button",{"type":"boolean","value":false}]}},{"type":"Invocation","value":{"target":{"type":"Class","value":"com.wix.detox.espresso.DetoxViewActions"},"method":"click","args":[]}}]})
14:30:30.189  3036  3089 I DetoxDispatcher: Handling action 'invoke' (ID #5)...
14:30:30.189  3036  3089 D Detox   : class com.wix.detox.espresso.DetoxMatcher, matcherForTestId, [e2e_debug_screen_login_button, false]
14:30:30.189  3036  3089 D Detox   : class com.wix.detox.espresso.DetoxViewActions, click, []
14:30:30.189  3036  3089 D Detox   : class com.wix.detox.espresso.EspressoDetox, perform, [(view.getTag() is "e2e_debug_screen_login_button" and view has effective visibility <VISIBLE>), com.wix.detox.espresso.action.RNClickAction@9979b20]
14:30:31.266  3036  3089 I DetoxWSClient: Sending out action 'invokeResult' (ID #5)
14:30:31.266  3036  3089 I DetoxDispatcher: Done with action 'invoke'
14:30:31.269  3036  3098 D DetoxWSClient: Received action 'invoke' (ID #6, params={"target":{"type":"Class","value":"com.wix.detox.espresso.EspressoDetox"},"method":"perform","args":[{"type":"Invocation","value":{"target":{"type":"Class","value":"com.wix.detox.espresso.DetoxMatcher"},"method":"matcherForTestId","args":["e2e_authentication_screen_email_textinput",{"type":"boolean","value":false}]}},{"type":"Invocation","value":{"target":{"type":"Class","value":"com.wix.detox.espresso.DetoxViewActions"},"method":"typeText","args":["srite001@yopmail.com"]}}]})
14:30:31.270  3036  3089 I DetoxDispatcher: Handling action 'invoke' (ID #6)...
14:30:31.270  3036  3089 D Detox   : class com.wix.detox.espresso.DetoxMatcher, matcherForTestId, [e2e_authentication_screen_email_textinput, false]
14:30:31.270  3036  3089 D Detox   : class com.wix.detox.espresso.DetoxViewActions, typeText, [srite001@yopmail.com]
14:30:31.270  3036  3089 D Detox   : class com.wix.detox.espresso.EspressoDetox, perform, [(view.getTag() is "e2e_authentication_screen_email_textinput" and view has effective visibility <VISIBLE>), com.wix.detox.espresso.action.DetoxTypeTextAction@c7fc621]
14:30:31.685  3036  3036 I Detox   : UIManagerModule is busy
14:30:31.698  3036  3036 I Detox   : UIManagerModule is busy
14:30:31.731  3036  3036 I Detox   : UIManagerModule is busy
14:30:31.744  3036  3036 I Detox   : UIManagerModule is busy
14:30:31.783  3036  3036 I Detox   : UIManagerModule is busy
14:30:31.794  3036  3036 I Detox   : UIManagerModule is busy
14:30:31.832  3036  3036 I Detox   : UIManagerModule is busy
14:30:31.846  3036  3036 I Detox   : UIManagerModule is busy
14:30:31.882  3036  3036 I Detox   : UIManagerModule is busy
14:30:31.894  3036  3036 I Detox   : UIManagerModule is busy
14:30:31.932  3036  3036 I Detox   : UIManagerModule is busy
14:30:31.945  3036  3036 I Detox   : UIManagerModule is busy
14:30:31.982  3036  3036 I Detox   : UIManagerModule is busy
14:30:31.995  3036  3036 I Detox   : UIManagerModule is busy
14:30:32.302  3036  3036 I Detox   : UIManagerModule is busy
14:30:32.311  3036  3036 I Detox   : UIManagerModule is busy
14:30:32.366  3036  3036 I Detox   : UIManagerModule is busy
14:30:32.378  3036  3036 I Detox   : UIManagerModule is busy
14:30:32.432  3036  3036 I Detox   : UIManagerModule is busy
14:30:32.444  3036  3036 I Detox   : UIManagerModule is busy
14:30:32.481  3036  3036 I Detox   : UIManagerModule is busy
14:30:32.494  3036  3036 I Detox   : UIManagerModule is busy
14:30:32.531  3036  3036 I Detox   : UIManagerModule is busy
14:30:32.545  3036  3036 I Detox   : UIManagerModule is busy
14:30:32.582  3036  3036 I Detox   : UIManagerModule is busy
14:30:32.594  3036  3036 I Detox   : UIManagerModule is busy
14:30:32.632  3036  3036 I Detox   : UIManagerModule is busy
14:30:32.644  3036  3036 I Detox   : UIManagerModule is busy
14:30:32.682  3036  3036 I Detox   : UIManagerModule is busy
14:30:32.695  3036  3036 I Detox   : UIManagerModule is busy
14:30:32.731  3036  3036 I Detox   : UIManagerModule is busy
14:30:32.746  3036  3036 I Detox   : UIManagerModule is busy
14:30:32.782  3036  3036 I Detox   : UIManagerModule is busy
14:30:32.795  3036  3036 I Detox   : UIManagerModule is busy
14:30:32.831  3036  3036 I Detox   : UIManagerModule is busy
14:30:32.844  3036  3036 I Detox   : UIManagerModule is busy
14:30:32.881  3036  3036 I Detox   : UIManagerModule is busy
14:30:32.898  3036  3036 I Detox   : UIManagerModule is busy
14:30:32.931  3036  3036 I Detox   : UIManagerModule is busy
14:30:32.944  3036  3036 I Detox   : UIManagerModule is busy
14:30:32.965  3036  3089 I DetoxWSClient: Sending out action 'invokeResult' (ID #6)
14:30:32.965  3036  3089 I DetoxDispatcher: Done with action 'invoke'
14:30:32.967  3036  3098 D DetoxWSClient: Received action 'invoke' (ID #7, params={"target":{"type":"Class","value":"com.wix.detox.espresso.EspressoDetox"},"method":"perform","args":[{"type":"Invocation","value":{"target":{"type":"Class","value":"com.wix.detox.espresso.DetoxMatcher"},"method":"matcherForTestId","args":["e2e_authentication_screen_password_textinput",{"type":"boolean","value":false}]}},{"type":"Invocation","value":{"target":{"type":"Class","value":"com.wix.detox.espresso.DetoxViewActions"},"method":"typeText","args":["P@ssw0rd"]}}]})
14:30:32.968  3036  3089 I DetoxDispatcher: Handling action 'invoke' (ID #7)...
14:30:32.968  3036  3089 D Detox   : class com.wix.detox.espresso.DetoxMatcher, matcherForTestId, [e2e_authentication_screen_password_textinput, false]
14:30:32.968  3036  3089 D Detox   : class com.wix.detox.espresso.DetoxViewActions, typeText, [P@ssw0rd]
14:30:32.968  3036  3089 D Detox   : class com.wix.detox.espresso.EspressoDetox, perform, [(view.getTag() is "e2e_authentication_screen_password_textinput" and view has effective visibility <VISIBLE>), com.wix.detox.espresso.action.DetoxTypeTextAction@cfd2bae]
14:30:33.402  3036  3036 I Detox   : UIManagerModule is busy
14:30:33.489  3036  3036 I Detox   : UIManagerModule is busy
14:30:33.533  3036  3036 I Detox   : UIManagerModule is busy
14:30:33.551  3036  3036 I Detox   : UIManagerModule is busy
14:30:33.581  3036  3036 I Detox   : UIManagerModule is busy
14:30:33.615  3036  3036 I Detox   : UIManagerModule is busy
14:30:33.649  3036  3036 I Detox   : UIManagerModule is busy
14:30:33.682  3036  3036 I Detox   : UIManagerModule is busy
14:30:33.716  3036  3036 I Detox   : UIManagerModule is busy
14:30:33.730  3036  3089 I DetoxWSClient: Sending out action 'invokeResult' (ID #7)
14:30:33.730  3036  3089 I DetoxDispatcher: Done with action 'invoke'
14:30:33.733  3036  3098 D DetoxWSClient: Received action 'invoke' (ID #8, params={"target":{"type":"Class","value":"com.wix.detox.espresso.DetoxAssertion"},"method":"waitForAssertMatcher","args":[{"type":"Invocation","value":{"target":{"type":"Class","value":"androidx.test.espresso.Espresso"},"method":"onView","args":[{"type":"Invocation","value":{"target":{"type":"Class","value":"com.wix.detox.espresso.DetoxMatcher"},"method":"matcherForTestId","args":["e2e_authentication_screen_login_button",{"type":"boolean","value":false}]}}]}},{"type":"Invocation","value":{"target":{"type":"Class","value":"com.wix.detox.espresso.DetoxMatcher"},"method":"matcherForSufficientlyVisible","args":[{"type":"Integer","value":75}]}},{"type":"Double","value":10}]})
14:30:33.733  3036  3089 I DetoxDispatcher: Handling action 'invoke' (ID #8)...
14:30:33.733  3036  3089 D Detox   : class com.wix.detox.espresso.DetoxMatcher, matcherForTestId, [e2e_authentication_screen_login_button, false]
14:30:33.733  3036  3089 D Detox   : class androidx.test.espresso.Espresso, onView, [(view.getTag() is "e2e_authentication_screen_login_button" and view has effective visibility <VISIBLE>)]
14:30:33.733  3036  3089 D Detox   : class com.wix.detox.espresso.DetoxMatcher, matcherForSufficientlyVisible, [75]
14:30:33.733  3036  3089 D Detox   : class com.wix.detox.espresso.DetoxAssertion, waitForAssertMatcher, [androidx.test.espresso.ViewInteraction@1094f59, (view has effective visibility <VISIBLE> and view.getGlobalVisibleRect() covers at least <75> percent of the view's area), 10.0]
14:30:33.734  3036  3036 I ViewInteraction: Checking 'MatchesViewAssertion(Detox){viewMatcher=(view has effective visibility <VISIBLE> and view.getGlobalVisibleRect() covers at least <75> percent of the view's area)}' assertion on view (view.getTag() is "e2e_authentication_screen_login_button" and view has effective visibility <VISIBLE>)
14:30:33.735  3036  3089 I DetoxWSClient: Sending out action 'invokeResult' (ID #8)
14:30:33.735  3036  3089 I DetoxDispatcher: Done with action 'invoke'
14:30:33.736  3036  3098 D DetoxWSClient: Received action 'invoke' (ID #9, params={"target":{"type":"Class","value":"com.wix.detox.espresso.EspressoDetox"},"method":"perform","args":[{"type":"Invocation","value":{"target":{"type":"Class","value":"com.wix.detox.espresso.DetoxMatcher"},"method":"matcherForTestId","args":["e2e_authentication_screen_login_form_wrapper",{"type":"boolean","value":false}]}},{"type":"Invocation","value":{"target":{"type":"Class","value":"com.wix.detox.espresso.DetoxViewActions"},"method":"click","args":[]}}]})
14:30:33.737  3036  3089 I DetoxDispatcher: Handling action 'invoke' (ID #9)...
14:30:33.737  3036  3089 D Detox   : class com.wix.detox.espresso.DetoxMatcher, matcherForTestId, [e2e_authentication_screen_login_form_wrapper, false]
14:30:33.737  3036  3089 D Detox   : class com.wix.detox.espresso.DetoxViewActions, click, []
14:30:33.737  3036  3089 D Detox   : class com.wix.detox.espresso.EspressoDetox, perform, [(view.getTag() is "e2e_authentication_screen_login_form_wrapper" and view has effective visibility <VISIBLE>), com.wix.detox.espresso.action.RNClickAction@2bb2bff]
14:30:34.138  3036  3089 I DetoxWSClient: Sending out action 'invokeResult' (ID #9)
14:30:34.138  3036  3089 I DetoxDispatcher: Done with action 'invoke'
14:30:36.146  3036  3098 D DetoxWSClient: Received action 'invoke' (ID #10, params={"target":{"type":"Class","value":"com.wix.detox.espresso.EspressoDetox"},"method":"perform","args":[{"type":"Invocation","value":{"target":{"type":"Class","value":"com.wix.detox.espresso.DetoxMatcher"},"method":"matcherForTestId","args":["e2e_authentication_screen_login_button",{"type":"boolean","value":false}]}},{"type":"Invocation","value":{"target":{"type":"Class","value":"com.wix.detox.espresso.DetoxViewActions"},"method":"click","args":[]}}]})
14:30:36.146  3036  3089 I DetoxDispatcher: Handling action 'invoke' (ID #10)...
14:30:36.147  3036  3089 D Detox   : class com.wix.detox.espresso.DetoxMatcher, matcherForTestId, [e2e_authentication_screen_login_button, false]
14:30:36.147  3036  3089 D Detox   : class com.wix.detox.espresso.DetoxViewActions, click, []
14:30:36.148  3036  3089 D Detox   : class com.wix.detox.espresso.EspressoDetox, perform, [(view.getTag() is "e2e_authentication_screen_login_button" and view has effective visibility <VISIBLE>), com.wix.detox.espresso.action.RNClickAction@be95df]
14:30:36.197  3036  3036 I Detox   : UIManagerModule is busy
14:30:36.229  3036  3036 I Detox   : Network is busy, with 1 in-flight calls
14:30:36.244  3036  3036 I Detox   : Network is busy, with 1 in-flight calls
14:30:36.260  3036  3036 I Detox   : Network is busy, with 1 in-flight calls
14:30:36.277  3036  3036 I Detox   : Network is busy, with 1 in-flight calls
14:30:36.294  3036  3036 I Detox   : Network is busy, with 1 in-flight calls
14:30:36.310  3036  3036 I Detox   : Network is busy, with 1 in-flight calls
14:30:36.327  3036  3036 I Detox   : Network is busy, with 1 in-flight calls
14:30:36.344  3036  3036 I Detox   : Network is busy, with 1 in-flight calls
14:30:36.361  3036  3036 I Detox   : Network is busy, with 1 in-flight calls
14:30:36.377  3036  3036 I Detox   : Network is busy, with 1 in-flight calls
14:30:36.394  3036  3036 I Detox   : Network is busy, with 1 in-flight calls
14:30:36.411  3036  3036 I Detox   : Network is busy, with 1 in-flight calls
14:30:36.427  3036  3036 I Detox   : Network is busy, with 1 in-flight calls
14:30:37.059  3036  3036 I Detox   : UIManagerModule is busy
14:30:37.067  3036  3036 I Detox   : Network is busy, with 8 in-flight calls
14:30:37.077  3036  3036 I Detox   : Network is busy, with 8 in-flight calls
14:30:37.094  3036  3036 I Detox   : Network is busy, with 8 in-flight calls
14:30:37.111  3036  3036 I Detox   : Network is busy, with 8 in-flight calls
14:30:37.127  3036  3036 I Detox   : Network is busy, with 8 in-flight calls
14:30:37.143  3036  3036 I Detox   : Network is busy, with 8 in-flight calls
14:30:37.160  3036  3036 I Detox   : Network is busy, with 7 in-flight calls
14:30:37.177  3036  3036 I Detox   : Network is busy, with 7 in-flight calls
14:30:37.195  3036  3036 I Detox   : Network is busy, with 7 in-flight calls
14:30:37.211  3036  3036 I Detox   : Network is busy, with 7 in-flight calls
14:30:37.227  3036  3036 I Detox   : Network is busy, with 7 in-flight calls
14:30:37.245  3036  3036 I Detox   : Network is busy, with 7 in-flight calls
14:30:37.261  3036  3036 I Detox   : Network is busy, with 7 in-flight calls
14:30:37.277  3036  3036 I Detox   : Network is busy, with 5 in-flight calls
14:30:37.294  3036  3036 I Detox   : Network is busy, with 5 in-flight calls
14:30:37.310  3036  3036 I Detox   : Network is busy, with 5 in-flight calls
14:30:37.327  3036  3036 I Detox   : Network is busy, with 5 in-flight calls
14:30:37.344  3036  3036 I Detox   : Network is busy, with 5 in-flight calls
14:30:37.361  3036  3036 I Detox   : Network is busy, with 5 in-flight calls
14:30:37.377  3036  3036 I Detox   : Network is busy, with 5 in-flight calls
14:30:37.394  3036  3036 I Detox   : Network is busy, with 5 in-flight calls
14:30:37.411  3036  3036 I Detox   : Network is busy, with 5 in-flight calls
14:30:37.427  3036  3036 I Detox   : Network is busy, with 5 in-flight calls
14:30:37.445  3036  3036 I Detox   : Network is busy, with 5 in-flight calls
14:30:37.460  3036  3036 I Detox   : Network is busy, with 5 in-flight calls
14:30:37.477  3036  3036 I Detox   : Network is busy, with 5 in-flight calls
14:30:37.495  3036  3036 I Detox   : Network is busy, with 5 in-flight calls
14:30:37.510  3036  3036 I Detox   : Network is busy, with 5 in-flight calls
14:30:37.527  3036  3036 I Detox   : Network is busy, with 5 in-flight calls
14:30:37.544  3036  3036 I Detox   : Network is busy, with 5 in-flight calls
14:30:37.560  3036  3036 I Detox   : Network is busy, with 5 in-flight calls
14:30:37.577  3036  3036 I Detox   : Network is busy, with 5 in-flight calls
14:30:37.593  3036  3036 I Detox   : Network is busy, with 5 in-flight calls
14:30:37.611  3036  3036 I Detox   : Network is busy, with 5 in-flight calls
14:30:37.626  3036  3126 D Detox.RNMarker: NATIVE_MODULE_SETUP_START (RNFBAuthModule)
14:30:37.630  3036  3036 I Detox   : Network is busy, with 9 in-flight calls
14:30:37.630  3036  3126 D Detox.RNMarker: NATIVE_MODULE_SETUP_END (RNFBAuthModule)
14:30:37.644  3036  3036 I Detox   : Network is busy, with 9 in-flight calls
14:30:37.660  3036  3036 I Detox   : Network is busy, with 8 in-flight calls
14:30:37.677  3036  3036 I Detox   : Network is busy, with 5 in-flight calls
14:30:37.693  3036  3036 I Detox   : Network is busy, with 3 in-flight calls
14:30:37.710  3036  3036 I Detox   : Network is busy, with 3 in-flight calls
14:30:37.727  3036  3036 I Detox   : Network is busy, with 2 in-flight calls
14:30:37.743  3036  3036 I Detox   : Network is busy, with 2 in-flight calls
14:30:37.761  3036  3036 I Detox   : Network is busy, with 2 in-flight calls
14:30:37.778  3036  3036 I Detox   : Network is busy, with 1 in-flight calls
14:30:37.793  3036  3036 I Detox   : Network is busy, with 1 in-flight calls
14:30:37.811  3036  3036 I Detox   : Network is busy, with 1 in-flight calls
14:30:37.827  3036  3036 I Detox   : Network is busy, with 1 in-flight calls
14:30:37.843  3036  3036 I Detox   : Network is busy, with 1 in-flight calls
14:30:37.860  3036  3036 I Detox   : Network is busy, with 1 in-flight calls
14:30:39.380  3036  3126 D Detox.RNMarker: NATIVE_MODULE_SETUP_START (RNFBFirestoreModule)
14:30:39.380  3036  3126 D Detox.RNMarker: NATIVE_MODULE_SETUP_END (RNFBFirestoreModule)
14:30:39.380  3036  3126 D Detox.RNMarker: NATIVE_MODULE_SETUP_START (RNFBFirestoreCollectionModule)
14:30:39.380  3036  3126 D Detox.RNMarker: NATIVE_MODULE_SETUP_END (RNFBFirestoreCollectionModule)
14:30:39.380  3036  3126 D Detox.RNMarker: NATIVE_MODULE_SETUP_START (RNFBFirestoreDocumentModule)
14:30:39.380  3036  3126 D Detox.RNMarker: NATIVE_MODULE_SETUP_END (RNFBFirestoreDocumentModule)
14:30:39.380  3036  3126 D Detox.RNMarker: NATIVE_MODULE_SETUP_START (RNFBFirestoreTransactionModule)
14:30:39.380  3036  3126 D Detox.RNMarker: NATIVE_MODULE_SETUP_END (RNFBFirestoreTransactionModule)
14:30:39.385  3036  3237 E GooglePlayServicesUtil: GooglePlayServices not available due to error 9
14:30:40.675  3036  3036 I Detox   : UIManagerModule is busy
14:30:40.707  3036  3036 I Detox   : UIManagerModule is busy
14:30:40.715  3036  3036 I Detox   : UIManagerModule is busy
14:30:40.739  3036  3036 I Detox   : UIManagerModule is busy
14:30:40.745  3036  3036 I Detox   : Network is busy, with 5 in-flight calls
14:30:40.761  3036  3036 I Detox   : Network is busy, with 5 in-flight calls
14:30:40.777  3036  3036 I Detox   : Network is busy, with 5 in-flight calls
14:30:40.794  3036  3036 I Detox   : Network is busy, with 5 in-flight calls
14:30:40.812  3036  3036 I Detox   : Network is busy, with 5 in-flight calls
14:30:40.827  3036  3036 I Detox   : Network is busy, with 5 in-flight calls
14:30:40.844  3036  3036 I Detox   : Network is busy, with 5 in-flight calls
14:30:40.860  3036  3036 I Detox   : Network is busy, with 5 in-flight calls
14:30:40.878  3036  3036 I Detox   : Network is busy, with 5 in-flight calls
14:30:40.894  3036  3036 I Detox   : Network is busy, with 5 in-flight calls
14:30:40.911  3036  3036 I Detox   : Network is busy, with 5 in-flight calls
14:30:40.928  3036  3036 I Detox   : Network is busy, with 6 in-flight calls
14:30:40.945  3036  3036 I Detox   : Network is busy, with 6 in-flight calls
14:30:40.961  3036  3036 I Detox   : Network is busy, with 6 in-flight calls
14:30:40.980  3036  3036 I Detox   : Network is busy, with 6 in-flight calls
14:30:40.994  3036  3036 I Detox   : Network is busy, with 6 in-flight calls
14:30:41.011  3036  3036 I Detox   : Network is busy, with 6 in-flight calls
14:30:41.027  3036  3036 I Detox   : Network is busy, with 6 in-flight calls
14:30:41.044  3036  3036 I Detox   : Network is busy, with 6 in-flight calls
14:30:41.060  3036  3036 I Detox   : Network is busy, with 6 in-flight calls
14:30:41.077  3036  3036 I Detox   : Network is busy, with 6 in-flight calls
14:30:41.094  3036  3036 I Detox   : Network is busy, with 6 in-flight calls
14:30:41.110  3036  3036 I Detox   : Network is busy, with 6 in-flight calls
14:30:41.127  3036  3036 I Detox   : Network is busy, with 6 in-flight calls
14:30:41.143  3036  3036 I Detox   : Network is busy, with 6 in-flight calls
14:30:41.161  3036  3036 I Detox   : Network is busy, with 6 in-flight calls
14:30:41.177  3036  3036 I Detox   : Network is busy, with 6 in-flight calls
14:30:41.197  3036  3036 I Detox   : Network is busy, with 6 in-flight calls
14:30:41.210  3036  3036 I Detox   : Network is busy, with 6 in-flight calls
14:30:41.227  3036  3036 I Detox   : Network is busy, with 6 in-flight calls
14:30:41.244  3036  3036 I Detox   : Network is busy, with 6 in-flight calls
14:30:41.260  3036  3036 I Detox   : Network is busy, with 6 in-flight calls
14:30:41.277  3036  3036 I Detox   : Network is busy, with 6 in-flight calls
14:30:41.294  3036  3036 I Detox   : Network is busy, with 6 in-flight calls
14:30:41.310  3036  3036 I Detox   : Network is busy, with 6 in-flight calls
14:30:41.327  3036  3036 I Detox   : Network is busy, with 6 in-flight calls
14:30:41.343  3036  3036 I Detox   : Network is busy, with 6 in-flight calls
14:30:41.360  3036  3036 I Detox   : Network is busy, with 6 in-flight calls
14:30:41.377  3036  3036 I Detox   : Network is busy, with 6 in-flight calls
14:30:41.394  3036  3036 I Detox   : Network is busy, with 5 in-flight calls
14:30:41.411  3036  3036 I Detox   : Network is busy, with 5 in-flight calls
14:30:41.429  3036  3036 I Detox   : Network is busy, with 4 in-flight calls
14:30:41.447  3036  3036 I Detox   : Network is busy, with 4 in-flight calls
14:30:41.460  3036  3036 I Detox   : Network is busy, with 4 in-flight calls
14:30:41.480  3036  3036 I Detox   : Network is busy, with 3 in-flight calls
14:30:41.494  3036  3036 I Detox   : Network is busy, with 3 in-flight calls
14:30:41.510  3036  3036 I Detox   : Network is busy, with 3 in-flight calls
14:30:41.527  3036  3036 I Detox   : Network is busy, with 3 in-flight calls
14:30:41.544  3036  3036 I Detox   : Network is busy, with 3 in-flight calls
14:30:41.560  3036  3036 I Detox   : Network is busy, with 3 in-flight calls
14:30:41.577  3036  3036 I Detox   : Network is busy, with 3 in-flight calls
14:30:41.594  3036  3036 I Detox   : Network is busy, with 3 in-flight calls
14:30:41.610  3036  3036 I Detox   : Network is busy, with 3 in-flight calls
14:30:41.627  3036  3036 I Detox   : Network is busy, with 3 in-flight calls
14:30:41.644  3036  3036 I Detox   : Network is busy, with 2 in-flight calls
14:30:41.661  3036  3036 I Detox   : Network is busy, with 2 in-flight calls
14:30:41.677  3036  3036 I Detox   : Network is busy, with 1 in-flight calls
14:30:41.693  3036  3036 I Detox   : Network is busy, with 1 in-flight calls
14:30:41.710  3036  3036 I Detox   : Network is busy, with 1 in-flight calls
14:30:41.727  3036  3036 I Detox   : Network is busy, with 1 in-flight calls
14:30:41.743  3036  3036 I Detox   : Network is busy, with 1 in-flight calls
14:30:41.761  3036  3036 I Detox   : Network is busy, with 1 in-flight calls
14:30:41.778  3036  3036 I Detox   : Network is busy, with 1 in-flight calls
14:30:41.794  3036  3036 I Detox   : Network is busy, with 1 in-flight calls
14:30:41.812  3036  3036 I Detox   : Network is busy, with 1 in-flight calls
14:30:41.827  3036  3036 I Detox   : Network is busy, with 1 in-flight calls
14:30:41.843  3036  3036 I Detox   : Network is busy, with 1 in-flight calls
14:30:41.860  3036  3036 I Detox   : Network is busy, with 1 in-flight calls
14:30:41.877  3036  3036 I Detox   : Network is busy, with 1 in-flight calls
14:30:41.893  3036  3036 I Detox   : Network is busy, with 1 in-flight calls
14:30:41.911  3036  3036 I Detox   : Network is busy, with 1 in-flight calls
14:30:41.927  3036  3036 I Detox   : Network is busy, with 1 in-flight calls
14:30:41.943  3036  3036 I Detox   : Network is busy, with 1 in-flight calls
14:30:41.960  3036  3036 I Detox   : Network is busy, with 1 in-flight calls
14:30:41.977  3036  3036 I Detox   : Network is busy, with 1 in-flight calls
14:30:41.993  3036  3036 I Detox   : Network is busy, with 1 in-flight calls
14:30:42.010  3036  3036 I Detox   : Network is busy, with 1 in-flight calls
14:30:42.027  3036  3036 I Detox   : Network is busy, with 1 in-flight calls
14:30:42.044  3036  3036 I Detox   : Network is busy, with 1 in-flight calls
14:30:42.062  3036  3036 I Detox   : Network is busy, with 1 in-flight calls
14:30:42.077  3036  3036 I Detox   : Network is busy, with 1 in-flight calls
14:30:42.093  3036  3036 I Detox   : Network is busy, with 1 in-flight calls
14:30:42.110  3036  3036 I Detox   : Network is busy, with 1 in-flight calls
14:30:42.127  3036  3036 I Detox   : Network is busy, with 1 in-flight calls
14:30:42.143  3036  3036 I Detox   : Network is busy, with 1 in-flight calls
14:30:42.161  3036  3036 I Detox   : Network is busy, with 1 in-flight calls
14:30:42.178  3036  3036 I Detox   : Network is busy, with 1 in-flight calls
14:30:42.194  3036  3036 I Detox   : Network is busy, with 1 in-flight calls
14:30:42.210  3036  3036 I Detox   : Network is busy, with 1 in-flight calls
14:30:42.227  3036  3036 I Detox   : Network is busy, with 1 in-flight calls
14:30:42.243  3036  3036 I Detox   : Network is busy, with 1 in-flight calls
14:30:42.260  3036  3036 I Detox   : Network is busy, with 1 in-flight calls
14:30:42.277  3036  3036 I Detox   : Network is busy, with 1 in-flight calls
14:30:42.294  3036  3036 I Detox   : Network is busy, with 1 in-flight calls
14:30:42.310  3036  3036 I Detox   : Network is busy, with 1 in-flight calls
14:30:42.327  3036  3036 I Detox   : Network is busy, with 1 in-flight calls
14:30:42.343  3036  3036 I Detox   : Network is busy, with 1 in-flight calls
14:30:42.360  3036  3036 I Detox   : Network is busy, with 1 in-flight calls
14:30:42.377  3036  3036 I Detox   : Network is busy, with 1 in-flight calls
14:30:42.393  3036  3036 I Detox   : Network is busy, with 1 in-flight calls
14:30:42.411  3036  3036 I Detox   : Network is busy, with 1 in-flight calls
14:30:42.428  3036  3036 I Detox   : Network is busy, with 1 in-flight calls
14:30:42.443  3036  3036 I Detox   : Network is busy, with 1 in-flight calls
14:30:42.460  3036  3036 I Detox   : Network is busy, with 1 in-flight calls
14:30:42.477  3036  3036 I Detox   : Network is busy, with 1 in-flight calls
14:30:42.493  3036  3036 I Detox   : Network is busy, with 1 in-flight calls
14:30:42.510  3036  3036 I Detox   : Network is busy, with 1 in-flight calls
14:30:42.527  3036  3036 I Detox   : Network is busy, with 1 in-flight calls
14:30:42.544  3036  3036 I Detox   : Network is busy, with 1 in-flight calls
14:30:42.561  3036  3036 I Detox   : Network is busy, with 1 in-flight calls
14:30:42.577  3036  3036 I Detox   : Network is busy, with 1 in-flight calls
14:30:42.593  3036  3036 I Detox   : Network is busy, with 1 in-flight calls
14:30:42.610  3036  3036 I Detox   : Network is busy, with 1 in-flight calls
14:30:42.627  3036  3036 I Detox   : Network is busy, with 1 in-flight calls
14:30:42.643  3036  3036 I Detox   : Network is busy, with 1 in-flight calls
14:30:42.660  3036  3036 I Detox   : Network is busy, with 1 in-flight calls
14:30:42.678  3036  3036 I Detox   : Network is busy, with 1 in-flight calls
14:30:42.694  3036  3036 I Detox   : Network is busy, with 1 in-flight calls
14:30:42.710  3036  3036 I Detox   : Network is busy, with 1 in-flight calls
14:30:42.727  3036  3036 I Detox   : Network is busy, with 1 in-flight calls
14:30:42.744  3036  3036 I Detox   : Network is busy, with 1 in-flight calls
14:30:42.761  3036  3036 I Detox   : Network is busy, with 1 in-flight calls
14:30:42.778  3036  3036 I Detox   : Network is busy, with 1 in-flight calls
14:30:42.794  3036  3036 I Detox   : Network is busy, with 1 in-flight calls
14:30:42.811  3036  3036 I Detox   : Network is busy, with 1 in-flight calls
14:30:42.829  3036  3036 I Detox   : Network is busy, with 1 in-flight calls
14:30:42.844  3036  3036 I Detox   : Network is busy, with 1 in-flight calls
14:30:42.860  3036  3036 I Detox   : Network is busy, with 1 in-flight calls
14:30:42.877  3036  3036 I Detox   : Network is busy, with 1 in-flight calls
14:30:42.899  3036  3036 I Detox   : Network is busy, with 1 in-flight calls
14:30:42.912  3036  3036 I Detox   : Network is busy, with 1 in-flight calls
14:30:42.928  3036  3036 I Detox   : Network is busy, with 1 in-flight calls
14:30:42.944  3036  3036 I Detox   : Network is busy, with 1 in-flight calls
14:30:42.964  3036  3036 I Detox   : Network is busy, with 1 in-flight calls
14:30:42.979  3036  3036 I Detox   : Network is busy, with 1 in-flight calls
14:30:42.995  3036  3036 I Detox   : Network is busy, with 1 in-flight calls
14:30:43.012  3036  3036 I Detox   : Network is busy, with 1 in-flight calls
14:30:43.028  3036  3036 I Detox   : Network is busy, with 1 in-flight calls
14:30:43.045  3036  3036 I Detox   : Network is busy, with 1 in-flight calls
14:30:43.061  3036  3036 I Detox   : Network is busy, with 1 in-flight calls
14:30:43.078  3036  3036 I Detox   : Network is busy, with 1 in-flight calls
14:30:43.096  3036  3036 I Detox   : Network is busy, with 1 in-flight calls
14:30:43.111  3036  3036 I Detox   : Network is busy, with 1 in-flight calls
14:30:43.128  3036  3036 I Detox   : Network is busy, with 1 in-flight calls
14:30:43.143  3036  3036 I Detox   : Network is busy, with 1 in-flight calls
14:30:43.161  3036  3036 I Detox   : Network is busy, with 1 in-flight calls
14:30:43.177  3036  3036 I Detox   : Network is busy, with 1 in-flight calls
14:30:43.195  3036  3036 I Detox   : Network is busy, with 1 in-flight calls
14:30:43.212  3036  3036 I Detox   : Network is busy, with 1 in-flight calls
14:30:43.227  3036  3036 I Detox   : Network is busy, with 1 in-flight calls
14:30:43.247  3036  3036 I Detox   : Network is busy, with 1 in-flight calls
14:30:43.260  3036  3036 I Detox   : Network is busy, with 1 in-flight calls
14:30:43.277  3036  3036 I Detox   : Network is busy, with 1 in-flight calls
14:30:43.293  3036  3036 I Detox   : Network is busy, with 1 in-flight calls
14:30:43.310  3036  3036 I Detox   : Network is busy, with 1 in-flight calls
14:30:43.327  3036  3036 I Detox   : Network is busy, with 1 in-flight calls
14:30:43.343  3036  3036 I Detox   : Network is busy, with 1 in-flight calls
14:30:43.363  3036  3036 I Detox   : Network is busy, with 1 in-flight calls
14:30:43.379  3036  3036 I Detox   : Network is busy, with 1 in-flight calls
14:30:43.395  3036  3036 I Detox   : Network is busy, with 1 in-flight calls
14:30:43.412  3036  3036 I Detox   : Network is busy, with 1 in-flight calls
14:30:43.430  3036  3036 I Detox   : Network is busy, with 1 in-flight calls
14:30:43.446  3036  3036 I Detox   : Network is busy, with 1 in-flight calls
14:30:43.460  3036  3036 I Detox   : Network is busy, with 1 in-flight calls
14:30:43.477  3036  3036 I Detox   : Network is busy, with 1 in-flight calls
14:30:43.494  3036  3036 I Detox   : Network is busy, with 1 in-flight calls
14:30:43.510  3036  3036 I Detox   : Network is busy, with 1 in-flight calls
14:30:43.532  3036  3036 I Detox   : Network is busy, with 1 in-flight calls
14:30:43.545  3036  3036 I Detox   : Network is busy, with 1 in-flight calls
14:30:43.561  3036  3036 I Detox   : Network is busy, with 1 in-flight calls
14:30:43.578  3036  3036 I Detox   : Network is busy, with 1 in-flight calls
14:30:43.596  3036  3036 I Detox   : Network is busy, with 1 in-flight calls
14:30:43.612  3036  3036 I Detox   : Network is busy, with 1 in-flight calls
14:30:43.627  3036  3036 I Detox   : Network is busy, with 2 in-flight calls
14:30:43.644  3036  3036 I Detox   : Network is busy, with 2 in-flight calls
14:30:43.661  3036  3036 I Detox   : Network is busy, with 2 in-flight calls
14:30:43.679  3036  3036 I Detox   : Network is busy, with 2 in-flight calls
14:30:43.696  3036  3036 I Detox   : Network is busy, with 2 in-flight calls
14:30:43.712  3036  3036 I Detox   : Network is busy, with 2 in-flight calls
14:30:43.727  3036  3036 I Detox   : Network is busy, with 1 in-flight calls
14:30:43.744  3036  3036 I Detox   : Network is busy, with 1 in-flight calls
14:30:43.763  3036  3036 I Detox   : Network is busy, with 1 in-flight calls
14:30:43.778  3036  3036 I Detox   : Network is busy, with 1 in-flight calls
14:30:43.798  3036  3036 I Detox   : Network is busy, with 1 in-flight calls
14:30:43.813  3036  3036 I Detox   : Network is busy, with 1 in-flight calls
14:30:43.830  3036  3036 I Detox   : Network is busy, with 1 in-flight calls
14:30:43.844  3036  3036 I Detox   : UIManagerModule is busy
14:30:43.862  3036  3036 I Detox   : Network is busy, with 1 in-flight calls
14:30:43.878  3036  3036 I Detox   : Network is busy, with 1 in-flight calls
14:30:43.895  3036  3036 I Detox   : Network is busy, with 1 in-flight calls
14:30:43.912  3036  3036 I Detox   : Network is busy, with 1 in-flight calls
14:30:43.929  3036  3036 I Detox   : Network is busy, with 1 in-flight calls
14:30:43.945  3036  3036 I Detox   : Network is busy, with 1 in-flight calls
14:30:43.961  3036  3036 I Detox   : Network is busy, with 1 in-flight calls
14:30:43.985  3036  3036 I Detox   : UIManagerModule is busy
14:30:43.994  3036  3036 I Detox   : Network is busy, with 2 in-flight calls
14:30:44.010  3036  3036 I Detox   : Network is busy, with 2 in-flight calls
14:30:44.030  3036  3036 I Detox   : Network is busy, with 2 in-flight calls
14:30:44.045  3036  3036 I Detox   : Network is busy, with 2 in-flight calls
14:30:44.063  3036  3036 I Detox   : Network is busy, with 2 in-flight calls
14:30:44.078  3036  3036 I Detox   : Network is busy, with 2 in-flight calls
14:30:44.093  3036  3036 I Detox   : Network is busy, with 3 in-flight calls
14:30:44.110  3036  3036 I Detox   : Network is busy, with 2 in-flight calls
14:30:44.174  3036  3036 I Detox   : Network is busy, with 2 in-flight calls
14:30:44.179  3036  3036 I Detox   : Network is busy, with 2 in-flight calls
14:30:44.195  3036  3036 I Detox   : Network is busy, with 1 in-flight calls
14:30:44.211  3036  3036 I Detox   : Network is busy, with 1 in-flight calls
14:30:44.228  3036  3036 I Detox   : Network is busy, with 1 in-flight calls
14:30:44.244  3036  3036 I Detox   : Network is busy, with 1 in-flight calls
14:30:44.260  3036  3036 I Detox   : Network is busy, with 1 in-flight calls
14:30:44.279  3036  3036 I Detox   : Network is busy, with 1 in-flight calls
14:30:44.294  3036  3036 I Detox   : Network is busy, with 1 in-flight calls
14:30:44.317  3036  3036 I Detox   : Network is busy, with 1 in-flight calls
14:30:44.327  3036  3036 I Detox   : Network is busy, with 1 in-flight calls
14:30:44.344  3036  3036 I Detox   : Network is busy, with 1 in-flight calls
14:30:44.360  3036  3036 I Detox   : Network is busy, with 1 in-flight calls
14:30:44.381  3036  3036 I Detox   : Network is busy, with 1 in-flight calls
14:30:44.395  3036  3036 I Detox   : Network is busy, with 1 in-flight calls
14:30:44.410  3036  3036 I Detox   : Network is busy, with 1 in-flight calls
14:30:44.429  3036  3036 I Detox   : Network is busy, with 1 in-flight calls
14:30:44.447  3036  3036 I Detox   : Network is busy, with 1 in-flight calls
14:30:44.460  3036  3036 I Detox   : Network is busy, with 1 in-flight calls
14:30:44.480  3036  3036 I Detox   : Network is busy, with 1 in-flight calls
14:30:44.497  3036  3036 I Detox   : Network is busy, with 1 in-flight calls
14:30:44.512  3036  3036 I Detox   : Network is busy, with 1 in-flight calls
14:30:44.530  3036  3036 I Detox   : Network is busy, with 1 in-flight calls
14:30:44.543  3036  3036 I Detox   : Network is busy, with 1 in-flight calls
14:30:44.564  3036  3036 I Detox   : Network is busy, with 1 in-flight calls
14:30:44.579  3036  3036 I Detox   : Network is busy, with 1 in-flight calls
14:30:44.597  3036  3036 I Detox   : Network is busy, with 1 in-flight calls
14:30:44.611  3036  3036 I Detox   : Network is busy, with 1 in-flight calls
14:30:44.629  3036  3036 I Detox   : Network is busy, with 1 in-flight calls
14:30:44.647  3036  3036 I Detox   : Network is busy, with 1 in-flight calls
14:30:44.662  3036  3036 I Detox   : Network is busy, with 1 in-flight calls
14:30:44.677  3036  3036 I Detox   : Network is busy, with 1 in-flight calls
14:30:44.850  3036  3036 I Detox   : UIManagerModule is busy
14:30:44.928  3036  3089 I DetoxWSClient: Sending out action 'invokeResult' (ID #10)
14:30:44.928  3036  3089 I DetoxDispatcher: Done with action 'invoke'
14:30:44.932  3036  3098 D DetoxWSClient: Received action 'invoke' (ID #11, params={"target":{"type":"Class","value":"com.wix.detox.espresso.DetoxAssertion"},"method":"assertMatcher","args":[{"type":"Invocation","value":{"target":{"type":"Class","value":"androidx.test.espresso.Espresso"},"method":"onView","args":[{"type":"Invocation","value":{"target":{"type":"Class","value":"com.wix.detox.espresso.DetoxMatcher"},"method":"matcherForTestId","args":["debug_screen_logout",{"type":"boolean","value":false}]}}]}},{"type":"Invocation","value":{"target":{"type":"Class","value":"com.wix.detox.espresso.DetoxMatcher"},"method":"matcherForSufficientlyVisible","args":[{"type":"Integer","value":75}]}}]})
14:30:44.932  3036  3089 I DetoxDispatcher: Handling action 'invoke' (ID #11)...
14:30:44.932  3036  3089 D Detox   : class com.wix.detox.espresso.DetoxMatcher, matcherForTestId, [debug_screen_logout, false]
14:30:44.932  3036  3089 D Detox   : class androidx.test.espresso.Espresso, onView, [(view.getTag() is "debug_screen_logout" and view has effective visibility <VISIBLE>)]
14:30:44.932  3036  3089 D Detox   : class com.wix.detox.espresso.DetoxMatcher, matcherForSufficientlyVisible, [75]
14:30:44.932  3036  3089 D Detox   : class com.wix.detox.espresso.DetoxAssertion, assertMatcher, [androidx.test.espresso.ViewInteraction@93e4eb5, (view has effective visibility <VISIBLE> and view.getGlobalVisibleRect() covers at least <75> percent of the view's area)]
14:30:44.933  3036  3036 I ViewInteraction: Checking 'MatchesViewAssertion(Detox){viewMatcher=(view has effective visibility <VISIBLE> and view.getGlobalVisibleRect() covers at least <75> percent of the view's area)}' assertion on view (view.getTag() is "debug_screen_logout" and view has effective visibility <VISIBLE>)
14:30:44.934  3036  3089 I DetoxWSClient: Sending out action 'invokeResult' (ID #11)
14:30:44.934  3036  3089 I DetoxDispatcher: Done with action 'invoke'
14:30:44.939  3036  3098 D DetoxWSClient: Received action 'invoke' (ID #12, params={"target":{"type":"Class","value":"com.wix.detox.espresso.EspressoDetox"},"method":"perform","args":[{"type":"Invocation","value":{"target":{"type":"Class","value":"com.wix.detox.espresso.DetoxMatcher"},"method":"matcherForTestId","args":["go_back_header_button",{"type":"boolean","value":false}]}},{"type":"Invocation","value":{"target":{"type":"Class","value":"com.wix.detox.espresso.DetoxViewActions"},"method":"click","args":[]}}]})
14:30:44.940  3036  3089 I DetoxDispatcher: Handling action 'invoke' (ID #12)...
14:30:44.940  3036  3089 D Detox   : class com.wix.detox.espresso.DetoxMatcher, matcherForTestId, [go_back_header_button, false]
14:30:44.940  3036  3089 D Detox   : class com.wix.detox.espresso.DetoxViewActions, click, []
14:30:44.940  3036  3089 D Detox   : class com.wix.detox.espresso.EspressoDetox, perform, [(view.getTag() is "go_back_header_button" and view has effective visibility <VISIBLE>), com.wix.detox.espresso.action.RNClickAction@e7b4016]
14:30:46.065  3036  3089 I DetoxWSClient: Sending out action 'invokeResult' (ID #12)
14:30:46.066  3036  3089 I DetoxDispatcher: Done with action 'invoke'
14:30:46.070  3036  3098 D DetoxWSClient: Received action 'invoke' (ID #13, params={"target":{"type":"Class","value":"com.wix.detox.espresso.DetoxAssertion"},"method":"assertMatcher","args":[{"type":"Invocation","value":{"target":{"type":"Class","value":"androidx.test.espresso.Espresso"},"method":"onView","args":[{"type":"Invocation","value":{"target":{"type":"Class","value":"com.wix.detox.espresso.DetoxMatcher"},"method":"matcherForTestId","args":["more_screen_item_debug_button",{"type":"boolean","value":false}]}}]}},{"type":"Invocation","value":{"target":{"type":"Class","value":"com.wix.detox.espresso.DetoxMatcher"},"method":"matcherForSufficientlyVisible","args":[{"type":"Integer","value":75}]}}]})
14:30:46.071  3036  3089 I DetoxDispatcher: Handling action 'invoke' (ID #13)...
14:30:46.071  3036  3089 D Detox   : class com.wix.detox.espresso.DetoxMatcher, matcherForTestId, [more_screen_item_debug_button, false]
14:30:46.071  3036  3089 D Detox   : class androidx.test.espresso.Espresso, onView, [(view.getTag() is "more_screen_item_debug_button" and view has effective visibility <VISIBLE>)]
14:30:46.071  3036  3089 D Detox   : class com.wix.detox.espresso.DetoxMatcher, matcherForSufficientlyVisible, [75]
14:30:46.071  3036  3089 D Detox   : class com.wix.detox.espresso.DetoxAssertion, assertMatcher, [androidx.test.espresso.ViewInteraction@bf0431a, (view has effective visibility <VISIBLE> and view.getGlobalVisibleRect() covers at least <75> percent of the view's area)]
14:30:46.072  3036  3036 I ViewInteraction: Checking 'MatchesViewAssertion(Detox){viewMatcher=(view has effective visibility <VISIBLE> and view.getGlobalVisibleRect() covers at least <75> percent of the view's area)}' assertion on view (view.getTag() is "more_screen_item_debug_button" and view has effective visibility <VISIBLE>)
14:30:46.073  3036  3089 I DetoxWSClient: Sending out action 'invokeResult' (ID #13)
14:30:46.073  3036  3089 I DetoxDispatcher: Done with action 'invoke'
14:30:46.075  3036  3098 D DetoxWSClient: Received action 'invoke' (ID #14, params={"target":{"type":"Class","value":"com.wix.detox.espresso.EspressoDetox"},"method":"perform","args":[{"type":"Invocation","value":{"target":{"type":"Class","value":"com.wix.detox.espresso.DetoxMatcher"},"method":"matcherForTestId","args":["item_home_main_tab_button",{"type":"boolean","value":false}]}},{"type":"Invocation","value":{"target":{"type":"Class","value":"com.wix.detox.espresso.DetoxViewActions"},"method":"click","args":[]}}]})
14:30:46.075  3036  3089 I DetoxDispatcher: Handling action 'invoke' (ID #14)...
14:30:46.075  3036  3089 D Detox   : class com.wix.detox.espresso.DetoxMatcher, matcherForTestId, [item_home_main_tab_button, false]
14:30:46.075  3036  3089 D Detox   : class com.wix.detox.espresso.DetoxViewActions, click, []
14:30:46.075  3036  3089 D Detox   : class com.wix.detox.espresso.EspressoDetox, perform, [(view.getTag() is "item_home_main_tab_button" and view has effective visibility <VISIBLE>), com.wix.detox.espresso.action.RNClickAction@9daae4b]
14:30:46.107  3036  3036 I Detox   : UIManagerModule is busy
14:30:47.130  3036  3089 I DetoxWSClient: Sending out action 'invokeResult' (ID #14)
14:30:47.130  3036  3089 I DetoxDispatcher: Done with action 'invoke'
14:30:47.133  3036  3098 D DetoxWSClient: Received action 'invoke' (ID #15, params={"target":{"type":"Class","value":"com.wix.detox.espresso.DetoxAssertion"},"method":"waitForAssertMatcher","args":[{"type":"Invocation","value":{"target":{"type":"Class","value":"androidx.test.espresso.Espresso"},"method":"onView","args":[{"type":"Invocation","value":{"target":{"type":"Class","value":"com.wix.detox.espresso.DetoxMatcher"},"method":"matcherForTestId","args":["user_logged_in_header_button",{"type":"boolean","value":false}]}}]}},{"type":"Invocation","value":{"target":{"type":"Class","value":"com.wix.detox.espresso.DetoxMatcher"},"method":"matcherForSufficientlyVisible","args":[{"type":"Integer","value":75}]}},{"type":"Double","value":2}]})
14:30:47.133  3036  3089 I DetoxDispatcher: Handling action 'invoke' (ID #15)...
14:30:47.133  3036  3089 D Detox   : class com.wix.detox.espresso.DetoxMatcher, matcherForTestId, [user_logged_in_header_button, false]
14:30:47.133  3036  3089 D Detox   : class androidx.test.espresso.Espresso, onView, [(view.getTag() is "user_logged_in_header_button" and view has effective visibility <VISIBLE>)]
14:30:47.133  3036  3089 D Detox   : class com.wix.detox.espresso.DetoxMatcher, matcherForSufficientlyVisible, [75]
14:30:47.133  3036  3089 D Detox   : class com.wix.detox.espresso.DetoxAssertion, waitForAssertMatcher, [androidx.test.espresso.ViewInteraction@2abeebf, (view has effective visibility <VISIBLE> and view.getGlobalVisibleRe
