14:26:49.115 32194 32247 I DetoxWSClient: Sending out action 'invokeResult' (ID #54)
14:26:49.115 32194 32247 I DetoxDispatcher: Done with action 'invoke'
14:26:49.120 32194 32251 D DetoxWSClient: Received action 'invoke' (ID #55, params={"target":{"type":"Class","value":"com.wix.detox.espresso.DetoxAssertion"},"method":"waitForAssertMatcher","args":[{"type":"Invocation","value":{"target":{"type":"Class","value":"androidx.test.espresso.Espresso"},"method":"onView","args":[{"type":"Invocation","value":{"target":{"type":"Class","value":"com.wix.detox.espresso.DetoxMatcher"},"method":"matcherForTestId","args":["cart_info_items_count",{"type":"boolean","value":false}]}}]}},{"type":"Invocation","value":{"target":{"type":"Class","value":"com.wix.detox.espresso.DetoxMatcher"},"method":"matcherForSufficientlyVisible","args":[{"type":"Integer","value":75}]}},{"type":"Double","value":3}]})
14:26:49.120 32194 32247 I DetoxDispatcher: Handling action 'invoke' (ID #55)...
14:26:49.120 32194 32247 D Detox   : class com.wix.detox.espresso.DetoxMatcher, matcherForTestId, [cart_info_items_count, false]
14:26:49.120 32194 32247 D Detox   : class androidx.test.espresso.Espresso, onView, [(view.getTag() is "cart_info_items_count" and view has effective visibility <VISIBLE>)]
14:26:49.120 32194 32247 D Detox   : class com.wix.detox.espresso.DetoxMatcher, matcherForSufficientlyVisible, [75]
14:26:49.120 32194 32247 D Detox   : class com.wix.detox.espresso.DetoxAssertion, waitForAssertMatcher, [androidx.test.espresso.ViewInteraction@36123a6, (view has effective visibility <VISIBLE> and view.getGlobalVisibleRect() covers at least <75> percent of the view's area), 3.0]
14:26:49.121 32194 32194 I ViewInteraction: Checking 'MatchesViewAssertion(Detox){viewMatcher=(view has effective visibility <VISIBLE> and view.getGlobalVisibleRect() covers at least <75> percent of the view's area)}' assertion on view (view.getTag() is "cart_info_items_count" and view has effective visibility <VISIBLE>)
14:26:49.122 32194 32247 I DetoxWSClient: Sending out action 'invokeResult' (ID #55)
14:26:49.122 32194 32247 I DetoxDispatcher: Done with action 'invoke'
14:26:49.124 32194 32251 D DetoxWSClient: Received action 'invoke' (ID #56, params={"target":{"type":"Class","value":"com.wix.detox.espresso.DetoxAssertion"},"method":"assertMatcher","args":[{"type":"Invocation","value":{"target":{"type":"Class","value":"androidx.test.espresso.Espresso"},"method":"onView","args":[{"type":"Invocation","value":{"target":{"type":"Class","value":"com.wix.detox.espresso.DetoxMatcher"},"method":"matcherForTestId","args":["cart_info_items_count",{"type":"boolean","value":false}]}}]}},{"type":"Invocation","value":{"target":{"type":"Class","value":"com.wix.detox.espresso.DetoxMatcher"},"method":"matcherForText","args":["3 items",{"type":"boolean","value":false}]}}]})
14:26:49.124 32194 32247 I DetoxDispatcher: Handling action 'invoke' (ID #56)...
14:26:49.124 32194 32247 D Detox   : class com.wix.detox.espresso.DetoxMatcher, matcherForTestId, [cart_info_items_count, false]
14:26:49.124 32194 32247 D Detox   : class androidx.test.espresso.Espresso, onView, [(view.getTag() is "cart_info_items_count" and view has effective visibility <VISIBLE>)]
14:26:49.124 32194 32247 D Detox   : class com.wix.detox.espresso.DetoxMatcher, matcherForText, [3 items, false]
14:26:49.124 32194 32247 D Detox   : class com.wix.detox.espresso.DetoxAssertion, assertMatcher, [androidx.test.espresso.ViewInteraction@1319194, (an instance of android.widget.TextView and view.getText() with or without transformation to match: is "3 items" and view has effective visibility <VISIBLE>)]
14:26:49.125 32194 32194 I ViewInteraction: Checking 'MatchesViewAssertion(Detox){viewMatcher=(an instance of android.widget.TextView and view.getText() with or without transformation to match: is "3 items" and view has effective visibility <VISIBLE>)}' assertion on view (view.getTag() is "cart_info_items_count" and view has effective visibility <VISIBLE>)
14:26:49.125 32194 32247 I DetoxWSClient: Sending out action 'invokeResult' (ID #56)
14:26:49.125 32194 32247 I DetoxDispatcher: Done with action 'invoke'
14:26:49.127 32194 32251 D DetoxWSClient: Received action 'invoke' (ID #57, params={"target":{"type":"Class","value":"com.wix.detox.espresso.EspressoDetox"},"method":"perform","args":[{"type":"Invocation","value":{"target":{"type":"Class","value":"com.wix.detox.espresso.DetoxMatcher"},"method":"matcherForTestId","args":["cart_info_price",{"type":"boolean","value":false}]}},{"type":"Invocation","value":{"target":{"type":"Class","value":"com.wix.detox.espresso.DetoxAction"},"method":"getAttributes","args":[]}}]})
14:26:49.127 32194 32247 I DetoxDispatcher: Handling action 'invoke' (ID #57)...
14:26:49.127 32194 32247 D Detox   : class com.wix.detox.espresso.DetoxMatcher, matcherForTestId, [cart_info_price, false]
14:26:49.127 32194 32247 D Detox   : class com.wix.detox.espresso.DetoxAction, getAttributes, []
14:26:49.127 32194 32247 D Detox   : class com.wix.detox.espresso.EspressoDetox, perform, [(view.getTag() is "cart_info_price" and view has effective visibility <VISIBLE>), com.wix.detox.espresso.action.GetAttributesAction@8ee443d]
14:26:49.326 32194 32247 I DetoxWSClient: Sending out action 'invokeResult' (ID #57)
14:26:49.326 32194 32247 I DetoxDispatcher: Done with action 'invoke'
14:26:49.328 32194 32251 D DetoxWSClient: Received action 'invoke' (ID #58, params={"target":{"type":"Class","value":"com.wix.detox.espresso.DetoxAssertion"},"method":"assertMatcher","args":[{"type":"Invocation","value":{"target":{"type":"Class","value":"androidx.test.espresso.Espresso"},"method":"onView","args":[{"type":"Invocation","value":{"target":{"type":"Class","value":"com.wix.detox.espresso.DetoxMatcher"},"method":"matcherForTestId","args":["shopping_bottom_sheet_estimated_total_text",{"type":"boolean","value":false}]}}]}},{"type":"Invocation","value":{"target":{"type":"Class","value":"com.wix.detox.espresso.DetoxMatcher"},"method":"matcherForText","args":["$21.31",{"type":"boolean","value":false}]}}]})
14:26:49.328 32194 32247 I DetoxDispatcher: Handling action 'invoke' (ID #58)...
14:26:49.329 32194 32247 D Detox   : class com.wix.detox.espresso.DetoxMatcher, matcherForTestId, [shopping_bottom_sheet_estimated_total_text, false]
14:26:49.329 32194 32247 D Detox   : class androidx.test.espresso.Espresso, onView, [(view.getTag() is "shopping_bottom_sheet_estimated_total_text" and view has effective visibility <VISIBLE>)]
14:26:49.329 32194 32247 D Detox   : class com.wix.detox.espresso.DetoxMatcher, matcherForText, [$21.31, false]
14:26:49.329 32194 32247 D Detox   : class com.wix.detox.espresso.DetoxAssertion, assertMatcher, [androidx.test.espresso.ViewInteraction@268617b, (an instance of android.widget.TextView and view.getText() with or without transformation to match: is "$21.31" and view has effective visibility <VISIBLE>)]
14:26:49.330 32194 32194 I ViewInteraction: Checking 'MatchesViewAssertion(Detox){viewMatcher=(an instance of android.widget.TextView and view.getText() with or without transformation to match: is "$21.31" and view has effective visibility <VISIBLE>)}' assertion on view (view.getTag() is "shopping_bottom_sheet_estimated_total_text" and view has effective visibility <VISIBLE>)
14:26:49.330 32194 32247 I DetoxWSClient: Sending out action 'invokeResult' (ID #58)
14:26:49.330 32194 32247 I DetoxDispatcher: Done with action 'invoke'
14:26:49.393 32194 32251 D DetoxWSClient: Received action 'invoke' (ID #59, params={"target":{"type":"Class","value":"com.wix.detox.espresso.EspressoDetox"},"method":"perform","args":[{"type":"Invocation","value":{"target":{"type":"Class","value":"com.wix.detox.espresso.DetoxMatcher"},"method":"matcherForTestId","args":["checkout_continue_button",{"type":"boolean","value":false}]}},{"type":"Invocation","value":{"target":{"type":"Class","value":"com.wix.detox.espresso.DetoxAction"},"method":"getAttributes","args":[]}}]})
14:26:49.393 32194 32247 I DetoxDispatcher: Handling action 'invoke' (ID #59)...
14:26:49.394 32194 32247 D Detox   : class com.wix.detox.espresso.DetoxMatcher, matcherForTestId, [checkout_continue_button, false]
14:26:49.394 32194 32247 D Detox   : class com.wix.detox.espresso.DetoxAction, getAttributes, []
14:26:49.394 32194 32247 D Detox   : class com.wix.detox.espresso.EspressoDetox, perform, [(view.getTag() is "checkout_continue_button" and view has effective visibility <VISIBLE>), com.wix.detox.espresso.action.GetAttributesAction@4472b98]
14:26:49.581 32194 32247 I DetoxWSClient: Sending out action 'invokeResult' (ID #59)
14:26:49.581 32194 32247 I DetoxDispatcher: Done with action 'invoke'
14:26:49.584 32194 32251 D DetoxWSClient: Received action 'invoke' (ID #60, params={"target":{"type":"Class","value":"com.wix.detox.espresso.EspressoDetox"},"method":"perform","args":[{"type":"Invocation","value":{"target":{"type":"Class","value":"com.wix.detox.espresso.DetoxMatcher"},"method":"matcherForAtIndex","args":[{"type":"Integer","value":0},{"type":"Invocation","value":{"target":{"type":"Class","value":"com.wix.detox.espresso.DetoxMatcher"},"method":"matcherForTestId","args":["checkout_continue_button",{"type":"boolean","value":false}]}}]}},{"type":"Invocation","value":{"target":{"type":"Class","value":"com.wix.detox.espresso.DetoxViewActions"},"method":"click","args":[]}}]})
14:26:49.584 32194 32247 I DetoxDispatcher: Handling action 'invoke' (ID #60)...
14:26:49.584 32194 32247 D Detox   : class com.wix.detox.espresso.DetoxMatcher, matcherForTestId, [checkout_continue_button, false]
14:26:49.584 32194 32247 D Detox   : class com.wix.detox.espresso.DetoxMatcher, matcherForAtIndex, [0, (view.getTag() is "checkout_continue_button" and view has effective visibility <VISIBLE>)]
14:26:49.584 32194 32247 D Detox   : class com.wix.detox.espresso.DetoxViewActions, click, []
14:26:49.584 32194 32247 D Detox   : class com.wix.detox.espresso.EspressoDetox, perform, [View at index #0, of those matching MATCHER(view.getTag() is "checkout_continue_button" and view has effective visibility <VISIBLE>), com.wix.detox.espresso.action.RNClickAction@97aba2d]
14:26:50.162 32194 32194 I Detox   : UIManagerModule is busy
14:26:50.182 32194 32194 I Detox   : UIManagerModule is busy
14:26:50.194 32194 32194 I Detox   : UIManagerModule is busy
14:26:52.615 32194 32247 I DetoxWSClient: Sending out action 'invokeResult' (ID #60)
14:26:52.615 32194 32247 I DetoxDispatcher: Done with action 'invoke'
14:26:52.623 32194 32251 D DetoxWSClient: Received action 'invoke' (ID #61, params={"target":{"type":"Class","value":"com.wix.detox.espresso.DetoxAssertion"},"method":"waitForAssertMatcher","args":[{"type":"Invocation","value":{"target":{"type":"Class","value":"androidx.test.espresso.Espresso"},"method":"onView","args":[{"type":"Invocation","value":{"target":{"type":"Class","value":"com.wix.detox.espresso.DetoxMatcher"},"method":"matcherForTestId","args":["interim_checkout_screen_continue",{"type":"boolean","value":false}]}}]}},{"type":"Invocation","value":{"target":{"type":"Class","value":"com.wix.detox.espresso.DetoxMatcher"},"method":"matcherForSufficientlyVisible","args":[{"type":"Integer","value":75}]}},{"type":"Double","value":3}]})
14:26:52.623 32194 32247 I DetoxDispatcher: Handling action 'invoke' (ID #61)...
14:26:52.624 32194 32247 D Detox   : class com.wix.detox.espresso.DetoxMatcher, matcherForTestId, [interim_checkout_screen_continue, false]
14:26:52.624 32194 32247 D Detox   : class androidx.test.espresso.Espresso, onView, [(view.getTag() is "interim_checkout_screen_continue" and view has effective visibility <VISIBLE>)]
14:26:52.624 32194 32247 D Detox   : class com.wix.detox.espresso.DetoxMatcher, matcherForSufficientlyVisible, [75]
14:26:52.624 32194 32247 D Detox   : class com.wix.detox.espresso.DetoxAssertion, waitFo
