14:33:26.395  5103  5161 I DetoxWSClient: Sending out action 'invokeResult' (ID #14)
14:33:26.395  5103  5161 I DetoxDispatcher: Done with action 'invoke'
14:33:26.449  5103  5165 D DetoxWSClient: Received action 'invoke' (ID #15, params={"target":{"type":"Class","value":"com.wix.detox.espresso.DetoxAssertion"},"method":"assertMatcher","args":[{"type":"Invocation","value":{"target":{"type":"Class","value":"androidx.test.espresso.Espresso"},"method":"onView","args":[{"type":"Invocation","value":{"target":{"type":"Class","value":"com.wix.detox.espresso.DetoxMatcher"},"method":"matcherForTestId","args":["search_results",{"type":"boolean","value":false}]}}]}},{"type":"Invocation","value":{"target":{"type":"Class","value":"com.wix.detox.espresso.DetoxMatcher"},"method":"matcherForSufficientlyVisible","args":[{"type":"Integer","value":75}]}}]})
14:33:26.449  5103  5161 I DetoxDispatcher: Handling action 'invoke' (ID #15)...
14:33:26.449  5103  5161 D Detox   : class com.wix.detox.espresso.DetoxMatcher, matcherForTestId, [search_results, false]
14:33:26.450  5103  5161 D Detox   : class androidx.test.espresso.Espresso, onView, [(view.getTag() is "search_results" and view has effective visibility <VISIBLE>)]
14:33:26.450  5103  5161 D Detox   : class com.wix.detox.espresso.DetoxMatcher, matcherForSufficientlyVisible, [75]
14:33:26.450  5103  5161 D Detox   : class com.wix.detox.espresso.DetoxAssertion, assertMatcher, [androidx.test.espresso.ViewInteraction@1f90e8c, (view has effective visibility <VISIBLE> and view.getGlobalVisibleRect() covers at least <75> percent of the view's area)]
14:33:26.451  5103  5103 I ViewInteraction: Checking 'MatchesViewAssertion(Detox){viewMatcher=(view has effective visibility <VISIBLE> and view.getGlobalVisibleRect() covers at least <75> percent of the view's area)}' assertion on view (view.getTag() is "search_results" and view has effective visibility <VISIBLE>)
14:33:26.451  5103  5161 I DetoxWSClient: Sending out action 'invokeResult' (ID #15)
14:33:26.451  5103  5161 I DetoxDispatcher: Done with action 'invoke'
14:33:26.454  5103  5165 D DetoxWSClient: Received action 'invoke' (ID #16, params={"target":{"type":"Class","value":"com.wix.detox.espresso.DetoxAssertion"},"method":"assertMatcher","args":[{"type":"Invocation","value":{"target":{"type":"Class","value":"androidx.test.espresso.Espresso"},"method":"onView","args":[{"type":"Invocation","value":{"target":{"type":"Class","value":"com.wix.detox.espresso.DetoxMatcher"},"method":"matcherForShallowAccessibilityLabel","args":["\/Rice \\((\\d+)\\)\/",{"type":"boolean","value":true}]}}]}},{"type":"Invocation","value":{"target":{"type":"Class","value":"com.wix.detox.espresso.DetoxMatcher"},"method":"matcherForSufficientlyVisible","args":[{"type":"Integer","value":75}]}}]})
14:33:26.454  5103  5161 I DetoxDispatcher: Handling action 'invoke' (ID #16)...
14:33:26.454  5103  5161 D Detox   : class com.wix.detox.espresso.DetoxMatcher, matcherForShallowAccessibilityLabel, [/Rice \((\d+)\)/, true]
14:33:26.455  5103  5161 D Detox   : class androidx.test.espresso.Espresso, onView, [((view.getContentDescription() should match the pattern: /Rice \((\d+)\)/ or an instance of android.widget.TextView and view.getText() with or without transformation to match: should match the pattern: /Rice \((\d+)\)/) and view has effective visibility <VISIBLE>)]
14:33:26.455  5103  5161 D Detox   : class com.wix.detox.espresso.DetoxMatcher, matcherForSufficientlyVisible, [75]
14:33:26.455  5103  5161 D Detox   : class com.wix.detox.espresso.DetoxAssertion, assertMatcher, [androidx.test.espresso.ViewInteraction@25b45ea, (view has effective visibility <VISIBLE> and view.getGlobalVisibleRect() covers at least <75> percent of the view's area)]
14:33:26.457  5103  5103 I ViewInteraction: Checking 'MatchesViewAssertion(Detox){viewMatcher=(view has effective visibility <VISIBLE> and view.getGlobalVisibleRect() covers at least <75> percent of the view's area)}' assertion on view ((view.getContentDescription() should match the pattern: /Rice \((\d+)\)/ or an instance of android.widget.TextView and view.getText() with or without transformation to match: should match the pattern: /Rice \((\d+)\)/) and view has effective visibility <VISIBLE>)
14:33:26.457  5103  5161 I DetoxWSClient: Sending out action 'invokeResult' (ID #16)
14:33:26.457  5103  5161 I DetoxDispatcher: Done with action 'invoke'
14:33:26.460  5103  5165 D DetoxWSClient: Received action 'invoke' (ID #17, params={"target":{"type":"Class","value":"com.wix.detox.espresso.DetoxAssertion"},"method":"assertMatcher","args":[{"type":"Invocation","value":{"target":{"type":"Class","value":"androidx.test.espresso.Espresso"},"method":"onView","args":[{"type":"Invocation","value":{"target":{"type":"Class","value":"com.wix.detox.espresso.DetoxMatcher"},"method":"matcherWithDescendant","args":[{"type":"Invocation","value":{"target":{"type":"Class","value":"com.wix.detox.espresso.DetoxMatcher"},"method":"matcherForTestId","args":["product_list",{"type":"boolean","value":false}]}},{"type":"Invocation","value":{"target":{"type":"Class","value":"com.wix.detox.espresso.DetoxMatcher"},"method":"matcherForTestId","args":["\/product_card_.*\/",{"type":"boolean","value":true}]}}]}}]}},{"type":"Invocation","value":{"target":{"type":"Class","value":"com.wix.detox.espresso.DetoxMatcher"},"method":"matcherForSufficientlyVisible","args":[{"type":"Integer","value":75}]}}]})
14:33:26.460  5103  5161 I DetoxDispatcher: Handling action 'invoke' (ID #17)...
14:33:26.460  5103  5161 D Detox   : class com.wix.detox.espresso.DetoxMatcher, matcherForTestId, [product_list, false]
14:33:26.461  5103  5161 D Detox   : class com.wix.detox.espresso.DetoxMatcher, matcherForTestId, [/product_card_.*/, true]
14:33:26.461  5103  5161 D Detox   : class com.wix.detox.espresso.DetoxMatcher, matcherWithDescendant, [(view.getTag() is "product_list" and view has effective visibility <VISIBLE>), (view.getTag() should match the pattern: /product_card_.*/ and view has effective visibility <VISIBLE>)]
14:33:26.461  5103  5161 D Detox   : class androidx.test.espresso.Espresso, onView, [((view.getTag() is "product_list" and view has effective visibility <VISIBLE>) and (view is an instance of android.view.ViewGroup and has descendant matching (view.getTag() should match the pattern: /product_card_.*/ and view has effective visibility <VISIBLE>)))]
14:33:26.462  5103  5161 D Detox   : class com.wix.detox.espresso.DetoxMatcher, matcherForSufficientlyVisible, [75]
14:33:26.462  5103  5161 D Detox   : class com.wix.detox.espresso.DetoxAssertion, assertMatcher, [androidx.test.espresso.ViewInteraction@56e8778, (view has effective visibility <VISIBLE> and view.getGlobalVisibleRect() covers at least <75> percent of the view's area)]
14:33:26.463  5103  5103 I ViewInteraction: Checking 'MatchesViewAssertion(Detox){viewMatcher=(view has effective visibility <VISIBLE> and view.getGlobalVisibleRect() covers at least <75> percent of the view's area)}' assertion on view ((view.getTag() is "product_list" and view has effective visibility <VISIBLE>) and (view is an instance of android.view.ViewGroup and has descendant matching (view.getTag() should match the pattern: /product_card_.*/ and view has effective visibility <VISIBLE>)))
14:33:26.463  5103  5161 I DetoxWSClient: Sending out action 'invokeResult' (ID #17)
14:33:26.463  5103  5161 I DetoxDispatcher: Done with action 'invoke'
14:33:26.839  5103  5165 D DetoxWSClient: Received action 'invoke' (ID #18, params={"target":{"type":"Class","value":"com.wix.detox.espresso.EspressoDetox"},"method":"perform","args":[{"type":"Invocation","value":{"target":{"type":"Class","value":"com.wix.detox.espresso.DetoxMatcher"},"method":"matcherForTestId","args":["pills_touchable",{"type":"boolean","value":false}]}},{"type":"Invocation","value":{"target":{"type":"Class","value":"com.wix.detox.espresso.DetoxAction"},"method":"getAttributes","args":[]}}]})
14:33:26.839  5103  5161 I DetoxDispatcher: Handling action 'invoke' (ID #18)...
14:33:26.839  5103  5161 D Detox   : class com.wix.detox.espresso.DetoxMatcher, matcherForTestId, [pills_touchable, false]
14:33:26.839  5103  5161 D Detox   : class com.wix.detox.espresso.DetoxAction, getAttributes, []
14:33:26.839  5103  5161 D Detox   : class com.wix.detox.espresso.EspressoDetox, perform, [(view.getTag() is "pills_touchable" and view has effective visibility <VISIBLE>), com.wix.detox.espresso.action.GetAttributesAction@59fd6b6]
14:33:27.138  5103  5161 I DetoxWSClient: Sending out action 'invokeResult' (ID #18)
14:33:27.138  5103  5161 I DetoxDispatcher: Done with action 'invoke'
14:33:27.141  5103  5165 D DetoxWSClient: Received action 'invoke' (ID #19, params={"target":{"type":"Class","value":"com.wix.detox.espresso.EspressoDetox"},"method":"perform","args":[{"type":"Invocation","value":{"target":{"type":"Class","value":"com.wix.detox.espresso.DetoxMatcher"},"method":"matcherForAtIndex","args":[{"type":"Integer","value":1},{"type":"Invocation","value":{"target":{"type":"Class","value":"com.wix.detox.espresso.DetoxMatcher"},"method":"matcherForTestId","args":["pills_touchable",{"type":"boolean","value":false}]}}]}},{"type":"Invocation","value":{"target":{"type":"Class","value":"com.wix.detox.espresso.DetoxViewActions"},"method":"click","args":[]}}]})
14:33:27.142  5103  5161 I DetoxDispatcher: Handling action 'invoke' (ID #19)...
14:33:27.142  5103  5161 D Detox   : class com.wix.detox.espresso.DetoxMatcher, matcherForTestId, [pills_touchable, false]
14:33:27.142  5103  5161 D Detox   : class com.wix.detox.espresso.DetoxMatcher, matcherForAtIndex, [1, (view.getTag() is "pills_touchable" and view has effective visibility <VISIBLE>)]
14:33:27.142  5103  5161 D Detox   : class com.wix.detox.espresso.DetoxViewActions, click, []
14:33:27.142  5103  5161 D Detox   : class com.wix.detox.espresso.EspressoDetox, perform, [View at index #1, of those matching MATCHER(view.getTag() is "pills_touchable" and view has effective visibility <VISIBLE>), com.wix.detox.espresso.acti
