14:28:20.362  1146  1326 I DetoxWSClient: Sending out action 'invokeResult' (ID #28)
14:28:20.362  1146  1326 I DetoxDispatcher: Done with action 'invoke'
14:28:20.367  1146  1330 D DetoxWSClient: Received action 'invoke' (ID #29, params={"target":{"type":"Class","value":"com.wix.detox.espresso.DetoxAssertion"},"method":"assertMatcher","args":[{"type":"Invocation","value":{"target":{"type":"Class","value":"androidx.test.espresso.Espresso"},"method":"onView","args":[{"type":"Invocation","value":{"target":{"type":"Class","value":"com.wix.detox.espresso.DetoxMatcher"},"method":"matcherForTestId","args":["more_menu_header_button",{"type":"boolean","value":false}]}}]}},{"type":"Invocation","value":{"target":{"type":"Class","value":"com.wix.detox.espresso.DetoxMatcher"},"method":"matcherForSufficientlyVisible","args":[{"type":"Integer","value":75}]}}]})
14:28:20.367  1146  1326 I DetoxDispatcher: Handling action 'invoke' (ID #29)...
14:28:20.367  1146  1326 D Detox   : class com.wix.detox.espresso.DetoxMatcher, matcherForTestId, [more_menu_header_button, false]
14:28:20.367  1146  1326 D Detox   : class androidx.test.espresso.Espresso, onView, [(view.getTag() is "more_menu_header_button" and view has effective visibility <VISIBLE>)]
14:28:20.367  1146  1326 D Detox   : class com.wix.detox.espresso.DetoxMatcher, matcherForSufficientlyVisible, [75]
14:28:20.367  1146  1326 D Detox   : class com.wix.detox.espresso.DetoxAssertion, assertMatcher, [androidx.test.espresso.ViewInteraction@8755861, (view has effective visibility <VISIBLE> and view.getGlobalVisibleRect() covers at least <75> percent of the view's area)]
14:28:20.373  1146  1146 I ViewInteraction: Checking 'MatchesViewAssertion(Detox){viewMatcher=(view has effective visibility <VISIBLE> and view.getGlobalVisibleRect() covers at least <75> percent of the view's area)}' assertion on view (view.getTag() is "more_menu_header_button" and view has effective visibility <VISIBLE>)
14:28:20.526  1146  1326 I DetoxActionHandlers: Test exception
14:28:20.526  1146  1326 I DetoxActionHandlers: java.lang.reflect.InvocationTargetException
14:28:20.526  1146  1326 I DetoxActionHandlers: 	at java.lang.reflect.Method.invoke(Native Method)
14:28:20.526  1146  1326 I DetoxActionHandlers: 	at org.apache.commons.lang3.reflect.MethodUtils.invokeStaticMethod(MethodUtils.java:443)
14:28:20.526  1146  1326 I DetoxActionHandlers: 	at org.apache.commons.lang3.reflect.MethodUtils.invokeStaticMethod(MethodUtils.java:405)
14:28:20.526  1146  1326 I DetoxActionHandlers: 	at com.wix.invoke.types.ClassTarget.execute(ClassTarget.java:23)
14:28:20.526  1146  1326 I DetoxActionHandlers: 	at com.wix.invoke.types.Target.invoke(Target.java:59)
14:28:20.526  1146  1326 I DetoxActionHandlers: 	at com.wix.invoke.MethodInvocation.invoke(MethodInvocation.java:35)
14:28:20.526  1146  1326 I DetoxActionHandlers: 	at com.wix.invoke.MethodInvocation.invoke(MethodInvocation.java:26)
14:28:20.526  1146  1326 I DetoxActionHandlers: 	at com.wix.invoke.MethodInvocation.invoke(MethodInvocation.java:20)
14:28:20.526  1146  1326 I DetoxActionHandlers: 	at com.wix.detox.adapters.server.InvokeActionHandler.handle(DetoxActionHandlers.kt:54)
14:28:20.526  1146  1326 I DetoxActionHandlers: 	at com.wix.detox.adapters.server.ActionsExecutor.executeAction$lambda$2$lambda$1(DetoxActionsDispatcher.kt:76)
14:28:20.526  1146  1326 I DetoxActionHandlers: 	at com.wix.detox.adapters.server.ActionsExecutor.$r8$lambda$LZ3KRuVesIYkeXHJoNMi_yqw1HU(Unknown Source:0)
14:28:20.526  1146  1326 I DetoxActionHandlers: 	at com.wix.detox.adapters.server.ActionsExecutor$$ExternalSyntheticLambda0.run(Unknown Source:8)
14:28:20.526  1146  1326 I DetoxActionHandlers: 	at android.os.Handler.handleCallback(Handler.java:959)
14:28:20.526  1146  1326 I DetoxActionHandlers: 	at android.os.Handler.dispatchMessage(Handler.java:100)
14:28:20.526  1146  1326 I DetoxActionHandlers: 	at android.os.Looper.loopOnce(Looper.java:232)
14:28:20.526  1146  1326 I DetoxActionHandlers: 	at android.os.Looper.loop(Looper.java:317)
14:28:20.526  1146  1326 I DetoxActionHandlers: 	at com.wix.detox.adapters.server.ActionsExecutor._init_$lambda$0(DetoxActionsDispatcher.kt:62)
14:28:20.526  1146  1326 I DetoxActionHandlers: 	at com.wix.detox.adapters.server.ActionsExecutor.$r8$lambda$4eWOlZMqOQq2jbqiFbTCEP-pHOY(Unknown Source:0)
14:28:20.526  1146  1326 I DetoxActionHandlers: 	at com.wix.detox.adapters.server.ActionsExecutor$$ExternalSyntheticLambda1.run(Unknown Source:4)
14:28:20.526  1146  1326 I DetoxActionHandlers: 	at java.lang.Thread.run(Thread.java:1012)
14:28:20.526  1146  1326 I DetoxActionHandlers: Caused by: androidx.test.espresso.base.AssertionErrorHandler$AssertionFailedWithCauseError: '(view has effective visibility <VISIBLE> and view.getGlobalVisibleRect() covers at least <75> percent of the view's area)' doesn't match the selected view.
14:28:20.526  1146  1326 I DetoxActionHandlers: Expected: (view has effective visibility <VISIBLE> and view.getGlobalVisibleRect() covers at least <75> percent of the view's area)
14:28:20.526  1146  1326 I DetoxActionHandlers:      Got: was null
14:28:20.526  1146  1326 I DetoxActionHandlers: 
14:28:20.526  1146  1326 I DetoxActionHandlers: 	at dalvik.system.VMStack.getThreadStackTrace(Native Method)
14:28:20.526  1146  1326 I DetoxActionHandlers: 	at java.lang.Thread.getStackTrace(Thread.java:1841)
14:28:20.526  1146  1326 I DetoxActionHandlers: 	at androidx.test.espresso.base.AssertionErrorHandler.handleSafely(AssertionErrorHandler.java:35)
14:28:20.526  1146  1326 I DetoxActionHandlers: 	at androidx.test.espresso.base.AssertionErrorHandler.handleSafely(AssertionErrorHandler.java:26)
14:28:20.526  1146  1326 I DetoxActionHandlers: 	at androidx.test.espresso.base.DefaultFailureHandler$TypedFailureHandler.handle(DefaultFailureHandler.java:158)
14:28:20.526  1146  1326 I DetoxActionHandlers: 	at androidx.test.espresso.base.DefaultFailureHandler.handle(DefaultFailureHandler.java:120)
14:28:20.526  1146  1326 I DetoxActionHandlers: 	at androidx.test.espresso.ViewInteraction.waitForAndHandleInteractionResults(ViewInteraction.java:387)
14:28:20.526  1146  1326 I DetoxActionHandlers: 	at androidx.test.espresso.ViewInteraction.check(ViewInteraction.java:366)
14:28:20.526  1146  1326 I DetoxActionHandlers: 	at com.wix.detox.espresso.DetoxAssertion.assertMatcher(DetoxAssertion.java:37)
14:28:20.526  1146  1326 I DetoxActionHandlers: 	... 20 more
14:28:20.526  1146  1326 I DetoxActionHandlers: Caused by: junit.framework.AssertionFailedError: '(view has effective visibility <VISIBLE> and view.getGlobalVisibleRect() covers at least <75> percent of the view's area)' doesn't match the selected view.
14:28:20.526  1146  1326 I DetoxActionHandlers: Expected: (view has effective visibility <VISIBLE> and view.getGlobalVisibleRect() covers at least <75> percent of the view's area)
14:28:20.526  1146  1326 I DetoxActionHandlers:      Got: was null
14:28:20.526  1146  1326 I DetoxActionHandlers: 
14:28:20.526  1146  1326 I DetoxActionHandlers: 	at androidx.test.espresso.matcher.ViewMatchers.assertThat(ViewMatchers.java:620)
14:28:20.526  1146  1326 I DetoxActionHandlers: 	at com.wix.detox.espresso.assertion.ViewAssertions$MatchesViewAssertion.check(ViewAssertions.java:51)
14:28:20.526  1146  1326 I DetoxActionHandlers: 	at androidx.test.espresso.ViewInteraction$SingleExecutionViewAssertion.check(ViewInteraction.java:488)
14:28:20.526  1146  1326 I DetoxActionHandlers: 	at androidx.test.espresso.ViewInteraction$2.call(ViewInteraction.java:346)
14:28:20.526  1146  1326 I DetoxActionHandlers: 	at androidx.test.espresso.ViewInteraction$2.call(ViewInteraction.java:319)
14:28:20.526  1146  1326 I DetoxActionHandlers: 	at java.util.concurrent.FutureTask.run(FutureTask.java:264)
14:28:20.526  1146  1326 I DetoxActionHandlers: 	at android.os.Handler.handleCallback(Handler.java:959)
14:28:20.526  1146  1326 I DetoxActionHandlers: 	at android.os.Handler.dispatchMessage(Handler.java:100)
14:28:20.526  1146  1326 I DetoxActionHandlers: 	at android.os.Looper.loopOnce(Looper.java:232)
14:28:20.526  1146  1326 I DetoxActionHandlers: 	at android.os.Looper.loop(Looper.java:317)
14:28:20.526  1146  1326 I DetoxActionHandlers: 	at android.app.ActivityThread.main(ActivityThread.java:8705)
14:28:20.526  1146  1326 I DetoxActionHandlers: 	at java.lang.reflect.Method.invoke(Native Method)
14:28:20.526  1146  1326 I DetoxActionHandlers: 	at com.android.internal.os.RuntimeInit$MethodAndArgsCaller.run(RuntimeInit.java:580)
14:28:20.526  1146  1326 I DetoxActionHandlers: 	at com.android.internal.os.ZygoteInit.main(ZygoteInit.java:886)
14:28:20.526  1146  1326 I DetoxWSClient: Sending out action 'testFailed' (ID #29)
14:28:20.526  1146  1326 I DetoxDispatcher: Done with action 'invoke'
14:28:20.573  1146  1330 D DetoxWSClient: Received action 'invoke' (ID #30, params={"target":{"type":"Class","value":"com.wix.detox.espresso.EspressoDetox"},"method":"perform","args":[{"type":"Invocation","value":{"target":{"type":"Class","value":"com.wix.detox.espresso.DetoxMatcher"},"method":"matcherForTestId","args":["item_shop_departments_main_tab_button",{"type":"boolean","value":false}]}},{"type":"Invocation","value":{"target":{"type":"Class","value":"com.wix.detox.espresso.DetoxViewActions"},"method":"click","args":[]}}]})
14:28:20.573  1146  1326 I DetoxDispatcher: Handling action 'invoke' (ID #30)...
14:28:20.573  1146  1326 D Detox   : class com.wix.detox.espresso.DetoxMatcher, matcherForTestId, [item_shop_departments_main_tab_button, false]
14:28:20.574  1146  1326 D Detox   : class com.wix.detox.espresso.DetoxViewActions, click, []
14:28:20.574  1146  1326 D Detox   : class com.wix.detox.espresso.EspressoDetox, perform, [(view.getTag() is "item_shop_departments_main_tab_button" and view has effective visibility <VISIBLE>), com.wix.detox.espresso.action.RNClickAction@7ce3d42]
14:28:21.629  1146  1326 I DetoxWSClient: Sending out action 'invokeResult' (ID #30)
14:28:21.630  1146  1326 I DetoxDispatcher: Done with action 'invoke'
14:28:21.634  1146  1330 D DetoxWSClient: Received action 'invoke' (ID #31, params={"target":{"type":"Class","value":"com.wix.detox.espresso.EspressoDetox"},"method":"perform","args":[{"type":"Invocation","value":{"target":{"type":"Class","value":"com.wix.detox.espresso.DetoxMatcher"},"method":"matcherForAtIndex","args":[{"type":"Integer","value":0},{"type":"Invocation","value":{"target":{"type":"Class","value":"com.wix.detox.espresso.DetoxMatcher"},"method":"matcherForTestId","args":["department_list_screen_department_item",{"type":"boolean","value":false}]}}]}},{"type":"Invocation","value":{"target":{"type":"Class","value":"com.wix.detox.espresso.DetoxViewActions"},"method":"click","args":[]}}]})
14:28:21.634  1146  1326 I DetoxDispatcher: Handling action 'invoke' (ID #31)...
14:28:21.634  1146  1326 D Detox   : class com.wix.detox.espresso.DetoxMatcher, matcherForTestId, [department_list_screen_department_item, false]
14:28:21.635  1146  1326 D Detox   : class com.wix.detox.espresso.DetoxMatcher, matcherForAtIndex, [0, (view.getTag() is "department_list_screen_department_item" and view has effective visibility <VISIBLE>)]
14:28:21.635  1146  1326 D Detox   : class com.wix.detox.espresso.DetoxViewActions, click, []
14:28:21.635  1146  1326 D Detox   : class com.wix.detox.espresso.EspressoDetox, perform, [View at index #0, of those matching MATCHER(view.getTag() is "department_list_screen_department_item" and view has effective visibility <VISIBLE>), com.wix.detox.espresso.action.RNClickAction@d99993b]
14:28:22.986  1146  1146 I Detox   : UIManagerModule is busy
14:28:23.367  1146  1326 I DetoxWSClient: Sending out action 'invokeResult' (ID #31)
14:28:23.367  1146  1326 I DetoxDispatcher: Done with action 'invoke'
14:28:23.371  1146  1330 D DetoxWSClient: Received action 'invoke' (ID #32, params={"target":{"type":"Class","value":"com.wix.detox.espresso.EspressoDetox"},"method":"perform","args":[{"type":"Invocation","value":{"target":{"type":"Class","value":"com.wix.detox.espresso.DetoxMatcher"},"method":"matcherForAtIndex","args":[{"type":"Integer","value":0},{"type":"Invocation","value":{"target":{"type":"Class","value":"com.wix.detox.espresso.DetoxMatcher"},"method":"matcherForTestId","args":["product_carousel_horizontal_list_item",{"type":"boolean","value":false}]}}]}},{"type":"Invocation","value":{"target":{"type":"Class","value":"com.wix.detox.espresso.DetoxViewActions"},"method":"click","args":[]}}]})
14:28:23.371  1146  1326 I DetoxDispatcher: Handling action 'invoke' (ID #32)...
14:28:23.372  1146  1326 D Detox   : class com.wix.detox.espresso.DetoxMatcher, matcherForTestId, [product_carousel_horizontal_list_item, false]
14:28:23.372  1146  1326 D Detox   : class com.wix.detox.espresso.DetoxMatcher, matcherForAtIndex, [0, (view.getTag() is "product_carousel_horizontal_list_item" and view has effective visibility <VISIBLE>)]
14:28:23.372  1146  1326 D Detox   : class com.wix.detox.espresso.DetoxViewActions, click, []
14:28:23.372  1146  1326 D Detox   : class com.wix.detox.espresso.EspressoDetox, perform, [View at index #0, of those matching MATCHER(view.getTag() is "product_carousel_horizontal_list_item" and view has effective visibility <VISIBLE>), com.wix.detox.espresso.action.RNClickAction@b22dd14]
14:28:24.734  1146  1326 I DetoxWSClient: Sending out action 'invokeResult' (ID #32)
14:28:24.734  1146  1326 I DetoxDispatcher: Done with action 'invoke'
14:28:24.738  1146  1330 D DetoxWSClient: Received action 'invoke' (ID #33, params={"target":{"type":"Class","value":"com.wix.detox.espresso.EspressoDetox"},"method":"perform","args":[{"type":"Invocation","value":{"target":{"type":"Class","value":"com.wix.detox.espresso.DetoxMatcher"},"method":"matcherForTestId","args":["shopping_item_add_to_list_button",{"type":"boolean","value":false}]}},{"type":"Invocation","value":{"target":{"type":"Class","value":"com.wix.detox.espresso.DetoxViewActions"},"method":"click","args":[]}}]})
14:28:24.738  1146  1326 I DetoxDispatcher: Handling action 'invoke' (ID #33)...
14:28:24.738  1146  1326 D Detox   : class com.wix.detox.espresso.DetoxMatcher, matcherForTestId, [shopping_item_add_to_list_button, false]
14:28:24.738  1146  1326 D Detox   : class com.wix.detox.espresso.DetoxViewActions, click, []
14:28:24.738  1146  1326 D Detox   : class com.wix.detox.espresso.EspressoDetox, perform, [(view.getTag() is "shopping_item_add_to_list_button" and view has effective visibility <VISIBLE>), com.wix.detox.espresso.action.RNClickAction@1c7c166]
14:28:24.985  1146  1146 I Detox   : UIManagerModule is busy
14:28:25.014  1146  1146 I Detox   : AnimatedModule is busy.
14:28:25.027  1146  1146 I Detox   : AnimatedModule is busy.
14:28:25.044  1146  1146 I Detox   : AnimatedModule is busy.
14:28:25.061  1146  1146 I Detox   : AnimatedModule is busy.
14:28:25.077  1146  1146 I Detox   : AnimatedModule is busy.
14:28:25.094  1146  1146 I Detox   : AnimatedModule is busy.
14:28:25.110  1146  1146 I Detox   : AnimatedModule is busy.
14:28:25.128  1146  1146 I Detox   : AnimatedModule is busy.
14:28:25.144  1146  1146 I Detox   : AnimatedModule is busy.
14:28:25.164  1146  1146 I Detox   : AnimatedModule is busy.
14:28:25.177  1146  1146 I Detox   : AnimatedModule is busy.
14:28:25.194  1146  1146 I Detox   : AnimatedModule is busy.
14:28:25.211  1146  1146 I Detox   : AnimatedModule is busy.
14:28:25.228  1146  1146 I Detox   : AnimatedModule is busy.
14:28:25.244  1146  1146 I Detox   : AnimatedModule is busy.
14:28:25.263  1146  1146 I Detox   : AnimatedModule is busy.
14:28:25.278  1146  1146 I Detox   : AnimatedModule is busy.
14:28:25.611  1146  1146 I Detox   : Network is busy, with 1 in-flight calls
14:28:25.630  1146  1146 I Detox   : Network is busy, with 1 in-flight calls
14:28:25.645  1146  1146 I Detox   : Network is busy, with 1 in-flight calls
14:28:25.670  1146  1146 I Detox   : UIManagerModule is busy
14:28:26.679  1146  1146 I Detox   : UIManagerModule is busy
14:28:26.713  1146  1146 I Detox   : AnimatedModule is busy.
14:28:26.727  1146  1146 I Detox   : AnimatedModule is busy.
14:28:26.744  1146  1146 I Detox   : AnimatedModule is busy.
14:28:26.760  1146  1146 I Detox   : AnimatedModule is busy.
14:28:26.777  1146  1146 I Detox   : AnimatedModule is busy.
14:28:26.794  1146  1146 I Detox   : AnimatedModule is busy.
14:28:26.810  1146  1146 I Detox   : AnimatedModule is busy.
14:28:26.827  1146  1146 I Detox   : AnimatedModule is busy.
14:28:26.844  1146  1146 I Detox   : AnimatedModule is busy.
14:28:26.861  1146  1146 I Detox   : AnimatedModule is busy.
14:28:26.878  1146  1146 I Detox   : AnimatedModule is busy.
14:28:26.894  1146  1146 I Detox   : AnimatedModule is busy.
14:28:26.910  1146  1146 I Detox   : AnimatedModule is busy.
14:28:26.927  1146  1146 I Detox   : AnimatedModule is busy.
14:28:26.944  1146  1146 I Detox   : AnimatedModule is busy.
14:28:26.960  1146  1146 I Detox   : AnimatedModule is busy.
14:28:26.977  1146  1146 I Detox   : AnimatedModule is busy.
14:28:26.994  1146  1146 I Detox   : AnimatedModule is busy.
14:28:27.010  1146  1146 I Detox   : AnimatedModule is busy.
14:28:27.028  1146  1146 I Detox   : AnimatedModule is busy.
14:28:27.044  1146  1146 I Detox   : AnimatedModule is busy.
14:28:27.060  1146  1146 I Detox   : AnimatedModule is busy.
14:28:27.077  1146  1146 I Detox   : AnimatedModule is busy.
14:28:27.111  1146  1146 I Detox   : AnimatedModule is busy.
14:28:27.127  1146  1146 I Detox   : AnimatedModule is busy.
14:28:27.144  1146  1146 I Detox   : AnimatedModule is busy.
14:28:27.160  1146  1146 I Detox   : AnimatedModule is busy.
14:28:27.177  1146  1146 I Detox   : AnimatedModule is busy.
14:28:27.194  1146  1146 I Detox   : AnimatedModule is busy.
14:28:27.210  1146  1146 I Detox   : AnimatedModule is busy.
14:28:27.227  1146  1146 I Detox   : AnimatedModule is busy.
14:28:27.244  1146  1146 I Detox   : AnimatedModule is busy.
14:28:27.260  1146  1146 I Detox   : AnimatedModule is busy.
14:28:27.277  1146  1146 I Detox   : AnimatedModule is busy.
14:28:27.294  1146  1146 I Detox   : AnimatedModule is busy.
14:28:27.310  1146  1146 I Detox   : AnimatedModule is busy.
14:28:27.327  1146  1146 I Detox   : AnimatedModule is busy.
14:28:27.344  1146  1146 I Detox   : AnimatedModule is busy.
14:28:27.360  1146  1146 I Detox   : AnimatedModule is busy.
14:28:27.377  1146  1146 I Detox   : AnimatedModule is busy.
14:28:27.394  1146  1146 I Detox   : AnimatedModule is busy.
14:28:27.411  1146  1146 I Detox   : AnimatedModule is busy.
14:28:27.427  1146  1146 I Detox   : AnimatedModule is busy.
14:28:27.444  1146  1146 I Detox   : AnimatedModule is busy.
14:28:27.460  1146  1146 I Detox   : AnimatedModule is busy.
14:28:27.477  1146  1146 I Detox   : AnimatedModule is busy.
14:28:27.494  1146  1146 I Detox   : AnimatedModule is busy.
14:28:27.510  1146  1146 I Detox   : AnimatedModule is busy.
14:28:27.527  1146  1146 I Detox   : AnimatedModule is busy.
14:28:27.544  1146  1146 I Detox   : AnimatedModule is busy.
14:28:27.560  1146  1146 I Detox   : AnimatedModule is busy.
14:28:27.577  1146  1146 I Detox   : AnimatedModule is busy.
14:28:27.594  1146  1146 I Detox   : AnimatedModule is busy.
14:28:27.610  1146  1146 I Detox   : AnimatedModule is busy.
14:28:27.627  1146  1146 I Detox   : AnimatedModule is busy.
14:28:27.644  1146  1146 I Detox   : AnimatedModule is busy.
14:28:27.660  1146  1146 I Detox   : AnimatedModule is busy.
14:28:27.677  1146  1146 I Detox   : AnimatedModule is busy.
14:28:27.694  1146  1146 I Detox   : AnimatedModule is busy.
14:28:27.710  1146  1146 I Detox   : AnimatedModule is busy.
14:28:27.727  1146  1146 I Detox   : AnimatedModule is busy.
14:28:27.744  1146  1146 I Detox   : AnimatedModule is busy.
14:28:27.761  1146  1146 I Detox   : AnimatedModule is busy.
14:28:27.777  1146  1146 I Detox   : AnimatedModule is busy.
14:28:27.794  1146  1146 I Detox   : AnimatedModule is busy.
14:28:27.810  1146  1146 I Detox   : AnimatedModule is busy.
14:28:27.827  1146  1146 I Detox   : AnimatedModule is busy.
14:28:27.844  1146  1146 I Detox   : AnimatedModule is busy.
14:28:27.860  1146  1146 I Detox   : AnimatedModule is busy.
14:28:27.877  1146  1146 I Detox   : AnimatedModule is busy.
14:28:27.895  1146  1326 I DetoxWSClient: Sending out action 'invokeResult' (ID #33)
14:28:27.895  1146  1326 I DetoxDispatcher: Done with action 'invoke'
14:28:27.898  1146  1330 D DetoxWSClient: Received action 'invoke' (ID #34, params={"target":{"type":"Class","value":"com.wix.detox.espresso.DetoxAssertion"},"method":"waitForAssertMatcher","args":[{"type":"Invocation","value":{"target":{"type":"Class","value":"androidx.test.espresso.Espresso"},"method":"onView","args":[{"type":"Invocation","value":{"target":{"type":"Class","value":"com.wix.detox.espresso.DetoxMatcher"},"method":"matcherForText","args":["Added to cart",{"type":"boolean","value":false}]}}]}},{"type":"Invocation","value":{"target":{"type":"Class","value":"com.wix.detox.espresso.DetoxMatcher"},"method":"matcherForSufficientlyVisible","args":[{"type":"Integer","value":75}]}},{"type":"Double","value":2}]})
14:28:27.898  1146  1326 I DetoxDispatcher: Handling action 'invoke' (ID #34)...
14:28:27.898  1146  1326 D Detox   : class com.wix.detox.espresso.DetoxMatcher, matcherForText, [Added to cart, false]
14:28:27.899  1146  1326 D Detox   : class androidx.test.espresso.Espresso, onView, [(an instance of android.widget.TextView and view.getText() with or without transformation to match: is "Added to cart" and view has effective visibility <VISIBLE>)]
14:28:27.899  1146  1326 D Detox   : class com.wix.detox.espresso.DetoxMatcher, matcherForSufficientlyVisible, [75]
14:28:27.899  1146  1326 D Detox   : class com.wix.detox.espresso.DetoxAssertion, waitForAssertMatcher, [androidx.test.espresso.ViewInteraction@7dd8c89, (view has effective visibility <VISIBLE> and view.getGlobalVisibleRect() covers at least <75> percent of the view's area), 2.0]
14:28:27.914  1146  1146 I ViewInteraction: Checking 'MatchesViewAssertion(Detox){viewMatcher=(view has effective visibility <VISIBLE> and view.getGlobalVisibleRect() covers at least <75> percent of the view's area)}' assertion on view (an instance of android.widget.TextView and view.getText() with or without transformation to match: is "Added to cart" and view has effective visibility <VISIBLE>)
14:28:27.914  1146  1326 I DetoxWSClient: Sending out action 'invokeResult' (ID #34)
14:28:27.914  1146  1326 I DetoxDispatcher: Done with action 'invoke'
14:28:27.916  1146  1330 D DetoxWSClient: Received action 'invoke' (ID #35, params={"target":{"type":"Class","value":"com.wix.detox.espresso.EspressoDetox"},"method":"perform","args":[{"type":"Invocation","value":{"target":{"type":"Class","value":"com.wix.detox.espresso.DetoxMatcher"},"method":"matcherForText","args":["Dismiss",{"type":"boolean","value":false}]}},{"type":"Invocation","value":{"target":{"type":"Class","value":"com.wix.detox.espresso.DetoxViewActions"},"method":"click","args":[]}}]})
14:28:27.916  1146  1326 I DetoxDispatcher: Handling action 'invoke' (ID #35)...
14:28:27.916  1146  1326 D Detox   : class com.wix.detox.espresso.DetoxMatcher, matcherForText, [Dismiss, false]
14:28:27.917  1146  1326 D Detox   : class com.wix.detox.espresso.DetoxViewActions, click, []
14:28:27.917  1146  1326 D Detox   : class com.wix.detox.espresso.EspressoDetox, perform, [(an instance of android.widget.TextView and view.getText() with or without transformation to match: is "Dismiss" and view has effective visibility <VISIBLE>), com.wix.detox.espresso.action.RNClickAction@4f724af]
14:28:28.250  1146  1146 I Detox   : AnimatedModule is busy.
14:28:28.260  1146  1146 I Detox   : AnimatedModule is busy.
14:28:28.277  1146  1146 I Detox   : AnimatedModule is busy.
14:28:28.294  1146  1146 I Detox   : AnimatedModule is busy.
14:28:28.311  1146  1146 I Detox   : AnimatedModule is busy.
14:28:28.327  1146  1146 I Detox   : AnimatedModule is busy.
14:28:28.345  1146  1146 I Detox   : AnimatedModule is busy.
14:28:28.361  1146  1146 I Detox   : AnimatedModule is busy.
14:28:28.377  1146  1146 I Detox   : AnimatedModule is busy.
14:28:28.394  1146  1146 I Detox   : AnimatedModule is busy.
14:28:28.410  1146  1146 I Detox   : AnimatedModule is busy.
14:28:28.427  1146  1146 I Detox   : AnimatedModule is busy.
14:28:28.444  1146  1146 I Detox   : AnimatedModule is busy.
14:28:28.460  1146  1146 I Detox   : AnimatedModule is busy.
14:28:28.788  1146  1146 I Detox   : UIManagerModule is busy
14:28:28.861  1146  1326 I DetoxWSClient: Sending out action 'invokeResult' (ID #35)
14:28:28.861  1146  1326 I DetoxDispatcher: Done with action 'invoke'
14:28:28.863  1146  1330 D DetoxWSClient: Received action 'invoke' (ID #36, params={"target":{"type":"Class","value":"com.wix.detox.espresso.EspressoDetox"},"method":"perform","args":[{"type":"Invocation","value":{"target":{"type":"Class","value":"com.wix.detox.espresso.DetoxMatcher"},"method":"matcherForTestId","args":["item_shop_departments_main_tab_button",{"type":"boolean","value":false}]}},{"type":"Invocation","value":{"target":{"type":"Class","value":"com.wix.detox.espresso.DetoxViewActions"},"method":"click","args":[]}}]})
14:28:28.863  1146  1326 I DetoxDispatcher: Handling action 'invoke' (ID #36)...
14:28:28.863  1146  1326 D Detox   : class com.wix.detox.espresso.DetoxMatcher, matcherForTestId, [item_shop_departments_main_tab_button, false]
14:28:28.863  1146  1326 D Detox   : class com.wix.detox.espresso.DetoxViewActions, click, []
14:28:28.863  1146  1326 D Detox   : class com.wix.detox.espresso.EspressoDetox, perform, [(view.getTag() is "item_shop_departments_main_tab_button" and view has effective visibility <VISIBLE>), com.wix.detox.espresso.action.RNClickAction@6adecb5]
14:28:28.914  1146  1146 I Detox   : UIManagerModule is busy
14:28:30.287  1146  1326 I DetoxWSClient: Sending out action 'invokeResult' (ID #36)
14:28:30.287  1146  1326 I DetoxDispatcher: Done with action 'invoke'
14:28:30.292  1146  1330 D DetoxWSClient: Received action 'invoke' (ID #37, params={"target":{"type":"Class","value":"com.wix.detox.espresso.EspressoDetox"},"method":"perform","args":[{"type":"Invocation","value":{"target":{"type":"Class","value":"com.wix.detox.espresso.DetoxMatcher"},"method":"matcherForAtIndex","args":[{"type":"Integer","value":1},{"type":"Invocation","value":{"target":{"type":"Class","value":"com.wix.detox.espresso.DetoxMatcher"},"method":"matcherForTestId","args":["department_list_screen_department_item",{"type":"boolean","value":false}]}}]}},{"type":"Invocation","value":{"target":{"type":"Class","value":"com.wix.detox.espresso.DetoxViewActions"},"method":"click","args":[]}}]})
14:28:30.292  1146  1326 I DetoxDispatcher: Handling action 'invoke' (ID #37)...
14:28:30.292  1146  1326 D Detox   : class com.wix.detox.espresso.DetoxMatcher, matcherForTestId, [department_list_screen_department_item, false]
14:28:30.293  1146  1326 D Detox   : class com.wix.detox.espresso.DetoxMatcher, matcherForAtIndex, [1, (view.getTag() is "department_list_screen_department_item" and view has effective visibility <VISIBLE>)]
14:28:30.293  1146  1326 D Detox   : class com.wix.detox.espresso.DetoxViewActions, click, []
14:28:30.293  1146  1326 D Detox   : class com.wix.detox.espresso.EspressoDetox, perform, [View at index #1, of those matching MATCHER(view.getTag() is "department_list_screen_department_item" and view has effective visibility <VISIBLE>), com.wix.detox.espresso.action.RNClickAction@a8d87fe]
14:28:30.326  1146  1146 I Detox   : UIManagerModule is busy
14:28:31.639  1146  1146 I Detox   : UIManagerModule is busy
14:28:32.017  1146  1326 I DetoxWSClient: Sending out action 'invokeResult' (ID #37)
14:28:32.018  1146  1326 I DetoxDispatcher: Done with action 'invoke'
14:28:32.021  1146  1330 D DetoxWSClient: Received action 'invoke' (ID #38, params={"target":{"type":"Class","value":"com.wix.detox.espresso.EspressoDetox"},"method":"perform","args":[{"type":"Invocation","value":{"target":{"type":"Class","value":"com.wix.detox.espresso.DetoxMatcher"},"method":"matcherForAtIndex","args":[{"type":"Integer","value":0},{"type":"Invocation","value":{"target":{"type":"Class","value":"com.wix.detox.espresso.DetoxMatcher"},"method":"matcherForTestId","args":["product_carousel_horizontal_list_item",{"type":"boolean","value":false}]}}]}},{"type":"Invocation","value":{"target":{"type":"Class","value":"com.wix.detox.espresso.DetoxViewActions"},"method":"click","args":[]}}]})
14:28:32.022  1146  1326 I DetoxDispatcher: Handling action 'invoke' (ID #38)...
14:28:32.022  1146  1326 D Detox   : class com.wix.detox.espresso.DetoxMatcher, matcherForTestId, [product_carousel_horizontal_list_item, false]
14:28:32.022  1146  1326 D Detox   : class com.wix.detox.espresso.DetoxMatcher, matcherForAtIndex, [0, (view.getTag() is "product_carousel_horizontal_list_item" and view has effective visibility <VISIBLE>)]
14:28:32.022  1146  1326 D Detox   : class com.wix.detox.espresso.DetoxViewActions, click, []
14:28:32.022  1146  1326 D Detox   : class com.wix.detox.espresso.EspressoDetox, perform, [View at index #0, of those matching MATCHER(view.getTag() is "product_carousel_horizontal_list_item" and view has effective visibility <VISIBLE>), com.wix.detox.espresso.action.RNClickAction@9623222]
14:28:33.382  1146  1326 I DetoxWSClient: Sending out action 'invokeResult' (ID #38)
14:28:33.383  1146  1326 I DetoxDispatcher: Done with action 'invoke'
14:28:33.387  1146  1330 D DetoxWSClient: Received action 'invoke' (ID #39, params={"target":{"type":"Class","value":"com.wix.detox.espresso.EspressoDetox"},"method":"perform","args":[{"type":"Invocation","value":{"target":{"type":"Class","value":"com.wix.detox.espresso.DetoxMatcher"},"method":"matcherForTestId","args":["shopping_item_add_to_list_button",{"type":"boolean","value":false}]}},{"type":"Invocation","value":{"target":{"type":"Class","value":"com.wix.detox.espresso.DetoxViewActions"},"method":"click","args":[]}}]})
14:28:33.387  1146  1326 I DetoxDispatcher: Handling action 'invoke' (ID #39)...
14:28:33.388  1146  1326 D Detox   : class com.wix.detox.espresso.DetoxMatcher, matcherForTestId, [shopping_item_add_to_list_button, false]
14:28:33.388  1146  1326 D Detox   : class com.wix.detox.espresso.DetoxViewActions, click, []
14:28:33.388  1146  1326 D Detox   : class com.wix.detox.espresso.EspressoDetox, perform, [(view.getTag() is "shopping_item_add_to_list_button" and view has effective visibility <VISIBLE>), com.wix.detox.espresso.action.RNClickAction@9ca3050]
14:28:33.616  1146  1146 I Detox   : UIManagerModule is busy
14:28:33.646  1146  1146 I Detox   : AnimatedModule is busy.
14:28:33.660  1146  1146 I Detox   : AnimatedModule is busy.
14:28:33.677  1146  1146 I Detox   : AnimatedModule is busy.
14:28:33.693  1146  1146 I Detox   : AnimatedModule is busy.
14:28:33.711  1146  1146 I Detox   : AnimatedModule is busy.
14:28:33.727  1146  1146 I Detox   : AnimatedModule is busy.
14:28:33.744  1146  1146 I Detox   : AnimatedModule is busy.
14:28:33.760  1146  1146 I Detox   : AnimatedModule is busy.
14:28:33.779  1146  1146 I Detox   : AnimatedModule is busy.
14:28:33.793  1146  1146 I Detox   : AnimatedModule is busy.
14:28:33.810  1146  1146 I Detox   : AnimatedModule is busy.
14:28:33.827  1146  1146 I Detox   : AnimatedModule is busy.
14:28:33.845  1146  1146 I Detox   : AnimatedModule is busy.
14:28:33.861  1146  1146 I Detox   : AnimatedModule is busy.
14:28:33.878  1146  1146 I Detox   : AnimatedModule is busy.
14:28:33.895  1146  1146 I Detox   : AnimatedModule is busy.
14:28:33.911  1146  1146 I Detox   : AnimatedModule is busy.
14:28:34.245  1146  1146 I Detox   : Network is busy, with 1 in-flight calls
14:28:34.246  1146  1146 I Detox   : Network is busy, with 1 in-flight calls
14:28:34.260  1146  1146 I Detox   : Network is busy, with 1 in-flight calls
14:28:34.278  1146  1146 I Detox   : Network is busy, with 1 in-flight calls
14:28:34.302  1146  1146 I Detox   : UIManagerModule is busy
14:28:34.414  1146  1146 I Detox   : UIManagerModule is busy
14:28:34.437  1146  1146 I Detox   : UIManagerModule is busy
14:28:34.444  1146  1146 I Detox   : Network is busy, with 1 in-flight calls
14:28:34.461  1146  1146 I Detox   : Network is busy, with 1 in-flight calls
14:28:34.477  1146  1146 I Detox   : Network is busy, with 1 in-flight calls
14:28:34.495  1146  1146 I Detox   : Network is busy, with 1 in-flight calls
14:28:34.510  1146  1146 I Detox   : Network is busy, with 1 in-flight calls
14:28:34.528  1146  1146 I Detox   : Network is busy, with 1 in-flight calls
14:28:34.543  1146  1146 I Detox   : Network is busy, with 1 in-flight calls
14:28:34.560  1146  1146 I Detox   : Network is busy, with 1 in-flight calls
14:28:34.577  1146  1146 I Detox   : Network is busy, with 1 in-flight calls
14:28:34.593  1146  1146 I Detox   : Network is busy, with 1 in-flight calls
14:28:34.610  1146  1146 I Detox   : Network is busy, with 1 in-flight calls
14:28:34.627  1146  1146 I Detox   : Network is busy, with 1 in-flight calls
14:28:34.644  1146  1146 I Detox   : Network is busy, with 1 in-flight calls
14:28:34.660  1146  1146 I Detox   : Network is busy, with 1 in-flight calls
14:28:34.924  1146  1146 I Detox   : UIManagerModule is busy
14:28:34.938  1146  1146 I Detox   : UIManagerModule is busy
14:28:34.944  1146  1146 I Detox   : AnimatedModule is busy.
14:28:34.960  1146  1146 I Detox   : AnimatedModule is busy.
14:28:34.977  1146  1146 I Detox   : AnimatedModule is busy.
14:28:34.993  1146  1146 I Detox   : AnimatedModule is busy.
14:28:35.011  1146  1146 I Detox   : AnimatedModule is busy.
14:28:35.027  1146  1146 I Detox   : AnimatedModule is busy.
14:28:35.044  1146  1146 I Detox   : AnimatedModule is busy.
14:28:35.060  1146  1146 I Detox   : AnimatedModule is busy.
14:28:35.077  1146  1146 I Detox   : AnimatedModule is busy.
14:28:35.094  1146  1146 I Detox   : AnimatedModule is busy.
14:28:35.110  1146  1146 I Detox   : AnimatedModule is busy.
14:28:35.127  1146  1146 I Detox   : AnimatedModule is busy.
14:28:35.144  1146  1146 I Detox   : AnimatedModule is busy.
14:28:35.162  1146  1146 I Detox   : AnimatedModule is busy.
14:28:35.178  1146  1146 I Detox   : AnimatedModule is busy.
14:28:35.195  1146  1146 I Detox   : AnimatedModule is busy.
14:28:35.212  1146  1146 I Detox   : AnimatedModule is busy.
14:28:35.407  1146  1146 I Detox   : UIManagerModule is busy
14:28:35.430  1146  1146 I Detox   : AnimatedModule is busy.
14:28:35.445  1146  1146 I Detox   : AnimatedModule is busy.
14:28:35.461  1146  1146 I Detox   : AnimatedModule is busy.
14:28:35.478  1146  1146 I Detox   : AnimatedModule is busy.
14:28:35.494  1146  1146 I Detox   : AnimatedModule is busy.
14:28:35.511  1146  1146 I Detox   : AnimatedModule is busy.
14:28:35.527  1146  1146 I Detox   : AnimatedModule is busy.
14:28:35.544  1146  1146 I Detox   : AnimatedModule is busy.
14:28:35.561  1146  1146 I Detox   : AnimatedModule is busy.
14:28:35.577  1146  1146 I Detox   : AnimatedModule is busy.
14:28:35.594  1146  1146 I Detox   : AnimatedModule is busy.
14:28:35.611  1146  1146 I Detox   : AnimatedModule is busy.
14:28:35.627  1146  1146 I Detox   : AnimatedModule is busy.
14:28:35.644  1146  1146 I Detox   : AnimatedModule is busy.
14:28:35.660  1146  1146 I Detox   : AnimatedModule is busy.
14:28:35.677  1146  1146 I Detox   : AnimatedModule is busy.
14:28:35.694  1146  1146 I Detox   : AnimatedModule is busy.
14:28:35.710  1146  1146 I Detox   : AnimatedModule is busy.
14:28:35.727  1146  1146 I Detox   : AnimatedModule is busy.
14:28:35.744  1146  1146 I Detox   : AnimatedModule is busy.
14:28:35.760  1146  1146 I Detox   : AnimatedModule is busy.
14:28:35.777  1146  1146 I Detox   : AnimatedModule is busy.
14:28:35.794  1146  1146 I Detox   : AnimatedModule is busy.
14:28:35.810  1146  1146 I Detox   : AnimatedModule is busy.
14:28:35.827  1146  1146 I Detox   : AnimatedModule is busy.
14:28:35.844  1146  1146 I Detox   : AnimatedModule is busy.
14:28:35.861  1146  1146 I Detox   : AnimatedModule is busy.
14:28:35.878  1146  1146 I Detox   : AnimatedModule is busy.
14:28:35.894  1146  1146 I Detox   : AnimatedModule is busy.
14:28:35.910  1146  1146 I Detox   : AnimatedModule is busy.
14:28:35.927  1146  1146 I Detox   : AnimatedModule is busy.
14:28:35.944  1146  1146 I Detox   : AnimatedModule is busy.
14:28:35.961  1146  1146 I Detox   : AnimatedModule is busy.
14:28:35.981  1146  1146 I Detox   : AnimatedModule is busy.
14:28:35.997  1146  1146 I Detox   : AnimatedModule is busy.
14:28:36.013  1146  1146 I Detox   : AnimatedModule is busy.
14:28:36.030  1146  1146 I Detox   : AnimatedModule is busy.
14:28:36.046  1146  1146 I Detox   : AnimatedModule is busy.
14:28:36.063  1146  1146 I Detox   : AnimatedModule is busy.
14:28:36.079  1146  1146 I Detox   : AnimatedModule is busy.
14:28:36.115  1146  1146 I Detox   : AnimatedModule is busy.
14:28:36.124  1146  1146 I Detox   : AnimatedModule is busy.
14:28:36.130  1146  1146 I Detox   : AnimatedModule is busy.
14:28:36.146  1146  1146 I Detox   : AnimatedModule is busy.
14:28:36.163  1146  1146 I Detox   : AnimatedModule is busy.
14:28:36.179  1146  1146 I Detox   : AnimatedModule is busy.
14:28:36.200  1146  1146 I Detox   : AnimatedModule is busy.
14:28:36.213  1146  1146 I Detox   : AnimatedModule is busy.
14:28:36.230  1146  1146 I Detox   : AnimatedModule is busy.
14:28:36.246  1146  1146 I Detox   : AnimatedModule is busy.
14:28:36.263  1146  1146 I Detox   : AnimatedModule is busy.
14:28:36.279  1146  1146 I Detox   : AnimatedModule is busy.
14:28:36.296  1146  1146 I Detox   : AnimatedModule is busy.
14:28:36.313  1146  1146 I Detox   : AnimatedModule is busy.
14:28:36.329  1146  1146 I Detox   : AnimatedModule is busy.
14:28:36.346  1146  1146 I Detox   : AnimatedModule is busy.
14:28:36.363  1146  1146 I Detox   : AnimatedModule is busy.
14:28:36.379  1146  1146 I Detox   : AnimatedModule is busy.
14:28:36.396  1146  1146 I Detox   : AnimatedModule is busy.
14:28:36.413  1146  1146 I Detox   : AnimatedModule is busy.
14:28:36.433  1146  1146 I Detox   : AnimatedModule is busy.
14:28:36.446  1146  1146 I Detox   : AnimatedModule is busy.
14:28:36.463  1146  1146 I Detox   : AnimatedModule is busy.
14:28:36.480  1146  1146 I Detox   : AnimatedModule is busy.
14:28:36.496  1146  1146 I Detox   : AnimatedModule is busy.
14:28:36.511  1146  1146 I Detox   : AnimatedModule is busy.
14:28:36.527  1146  1146 I Detox   : AnimatedModule is busy.
14:28:36.544  1146  1146 I Detox   : AnimatedModule is busy.
14:28:36.561  1146  1146 I Detox   : AnimatedModule is busy.
14:28:36.577  1146  1146 I Detox   : AnimatedModule is busy.
14:28:36.594  1146  1146 I Detox   : AnimatedModule is busy.
14:28:36.627  1146  1326 I DetoxWSClient: Sending out action 'invokeResult' (ID #39)
14:28:36.627  1146  1326 I DetoxDispatcher: Done with action 'invoke'
14:28:36.631  1146  1330 D DetoxWSClient: Received action 'invoke' (ID #40, params={"target":{"type":"Class","value":"com.wix.detox.espresso.DetoxAssertion"},"method":"waitForAssertMatcher","args":[{"type":"Invocation","value":{"target":{"type":"Class","value":"androidx.test.espresso.Espresso"},"method":"onView","args":[{"type":"Invocation","value":{"target":{"type":"Class","value":"com.wix.detox.espresso.DetoxMatcher"},"method":"matcherForText","args":["Added to cart",{"type":"boolean","value":false}]}}]}},{"type":"Invocation","value":{"target":{"type":"Class","value":"com.wix.detox.espresso.DetoxMatcher"},"method":"matcherForSufficientlyVisible","args":[{"type":"Integer","value":75}]}},{"type":"Double","value":2}]})
14:28:36.631  1146  1326 I DetoxDispatcher: Handling action 'invoke' (ID #40)...
14:28:36.631  1146  1326 D Detox   : class com.wix.detox.espresso.DetoxMatcher, matcherForText, [Added to cart, false]
14:28:36.631  1146  1326 D Detox   : class androidx.test.espresso.Espresso, onView, [(an instance of android.widget.TextView and view.getText() with or without transformation to match: is "Added to cart" and view has effective visibility <VISIBLE>)]
14:28:36.631  1146  1326 D Detox   : class com.wix.detox.espresso.DetoxMatcher, matcherForSufficientlyVisible, [75]
14:28:36.631  1146  1326 D Detox   : class com.wix.detox.espresso.DetoxAssertion, waitForAssertMatcher, [androidx.test.espresso.ViewInteraction@204af1, (view has effective visibility <VISIBLE> and view.getGlobalVisibleRect() covers at least <75> percent of the view's area), 2.0]
14:28:36.633  1146  1146 I ViewInteraction: Checking 'MatchesViewAssertion(Detox){viewMatcher=(view has effective visibility <VISIBLE> and view.getGlobalVisibleRect() covers at least <75> percent of the view's area)}' assertion on view (an instance of android.widget.TextView and view.getText() with or without transformation to match: is "Added to cart" and view has effective visibility <VISIBLE>)
14:28:36.633  1146  1326 I DetoxWSClient: Sending out action 'invokeResult' (ID #40)
14:28:36.633  1146  1326 I DetoxDispatcher: Done with action 'invoke'
14:28:36.635  1146  1330 D DetoxWSClient: Received action 'invoke' (ID #41, params={"target":{"type":"Class","value":"com.wix.detox.espresso.EspressoDetox"},"method":"perform","args":[{"type":"Invocation","value":{"target":{"type":"Class","value":"com.wix.detox.espresso.DetoxMatcher"},"method":"matcherForText","args":["Dismiss",{"type":"boolean","value":false}]}},{"type":"Invocation","value":{"target":{"type":"Class","value":"com.wix.detox.espresso.DetoxViewActions"},"method":"click","args":[]}}]})
14:28:36.635  1146  1326 I DetoxDispatcher: Handling action 'invoke' (ID #41)...
14:28:36.635  1146  1326 D Detox   : class com.wix.detox.espresso.DetoxMatcher, matcherForText, [Dismiss, false]
14:28:36.636  1146  1326 D Detox   : class com.wix.detox.espresso.DetoxViewActions, click, []
14:28:36.636  1146  1326 D Detox   : class com.wix.detox.espresso.EspressoDetox, perform, [(an instance of android.widget.TextView and view.getText() with or without transformation to match: is "Dismiss" and view has effective visibility <VISIBLE>), com.wix.detox.espresso.action.RNClickAction@cb1cd57]
14:28:36.970  1146  1146 I Detox   : AnimatedModule is busy.
14:28:36.977  1146  1146 I Detox   : AnimatedModule is busy.
14:28:36.994  1146  1146 I Detox   : AnimatedModule is busy.
14:28:37.011  1146  1146 I Detox   : AnimatedModule is busy.
14:28:37.027  1146  1146 I Detox   : AnimatedModule is busy.
14:28:37.044  1146  1146 I Detox   : AnimatedModule is busy.
14:28:37.060  1146  1146 I Detox   : AnimatedModule is busy.
14:28:37.077  1146  1146 I Detox   : AnimatedModule is busy.
14:28:37.094  1146  1146 I Detox   : AnimatedModule is busy.
14:28:37.111  1146  1146 I Detox   : AnimatedModule is busy.
14:28:37.127  1146  1146 I Detox   : AnimatedModule is busy.
14:28:37.144  1146  1146 I Detox   : AnimatedModule is busy.
14:28:37.160  1146  1146 I Detox   : AnimatedModule is busy.
14:28:37.177  1146  1146 I Detox   : AnimatedModule is busy.
14:28:37.197  1146  1146 I Detox   : UIManagerModule is busy
14:28:37.277  1146  1326 I DetoxWSClient: Sending out action 'invokeResult' (ID #41)
14:28:37.277  1146  1326 I DetoxDispatcher: Done with action 'invoke'
14:28:37.279  1146  1330 D DetoxWSClient: Received action 'invoke' (ID #42, params={"target":{"type":"Class","value":"com.wix.detox.espresso.EspressoDetox"},"method":"perform","args":[{"type":"Invocation","value":{"target":{"type":"Class","value":"com.wix.detox.espresso.DetoxMatcher"},"method":"matcherForTestId","args":["item_shop_departments_main_tab_button",{"type":"boolean","value":false}]}},{"type":"Invocation","value":{"target":{"type":"Class","value":"com.wix.detox.espresso.DetoxViewActions"},"method":"click","args":[]}}]})
14:28:37.279  1146  1326 I DetoxDispatcher: Handling action 'invoke' (ID #42)...
14:28:37.279  1146  1326 D Detox   : class com.wix.detox.espresso.DetoxMatcher, matcherForTestId, [item_shop_departments_main_tab_button, false]
14:28:37.280  1146  1326 D Detox   : class com.wix.detox.espresso.DetoxViewActions, click, []
14:28:37.280  1146  1326 D Detox   : class com.wix.detox.espresso.EspressoDetox, perform, [(view.getTag() is "item_shop_departments_main_tab_button" and view has effective visibility <VISIBLE>), com.wix.detox.espresso.action.RNClickAction@7013a62]
14:28:37.330  1146  1146 I Detox   : UIManagerModule is busy
14:28:38.747  1146  1326 I DetoxWSClient: Sending out action 'invokeResult' (ID #42)
14:28:38.748  1146  1326 I DetoxDispatcher: Done with action 'invoke'
14:28:38.753  1146  1330 D DetoxWSClient: Received action 'invoke' (ID #43, params={"target":{"type":"Class","value":"com.wix.detox.espresso.EspressoDetox"},"method":"perform","args":[{"type":"Invocation","value":{"target":{"type":"Class","value":"com.wix.detox.espresso.DetoxMatcher"},"method":"matcherForAtIndex","args":[{"type":"Integer","value":2},{"type":"Invocation","value":{"target":{"type":"Class","value":"com.wix.detox.espresso.DetoxMatcher"},"method":"matcherForTestId","args":["department_list_screen_department_item",{"type":"boolean","value":false}]}}]}},{"type":"Invocation","value":{"target":{"type":"Class","value":"com.wix.detox.espresso.DetoxViewActions"},"method":"click","args":[]}}]})
14:28:38.753  1146  1326 I DetoxDispatcher: Handling action 'invoke' (ID #43)...
14:28:38.753  1146  1326 D Detox   : class com.wix.detox.espresso.DetoxMatcher, matcherForTestId, [department_list_screen_department_item, false]
14:28:38.753  1146  1326 D Detox   : class com.wix.detox.espresso.DetoxMatcher, matcherForAtIndex, [2, (view.getTag() is "department_list_screen_department_item" and view has effective visibility <VISIBLE>)]
14:28:38.753  1146  1326 D Detox   : class com.wix.detox.espresso.DetoxViewActions, click, []
14:28:38.753  1146  1326 D Detox   : class com.wix.detox.espresso.EspressoDetox, perform, [View at index #2, of those matching MATCHER(view.getTag() is "department_list_screen_department_item" and view has effective visibility <VISIBLE>), com.wix.detox.espresso.action.RNClickAction@d202917]
14:28:40.996  1146  1326 I DetoxWSClient: Sending out action 'invokeResult' (ID #43)
14:28:40.997  1146  1326 I DetoxDispatcher: Done with action 'invoke'
14:28:41.000  1146  1330 D DetoxWSClient: Received action 'invoke' (ID #44, params={"target":{"type":"Class","value":"com.wix.detox.espresso.EspressoDetox"},"method":"perform","args":[{"type":"Invocation","value":{"target":{"type":"Class","value":"com.wix.detox.espresso.DetoxMatcher"},"method":"matcherForAtIndex","args":[{"type":"Integer","value":0},{"type":"Invocation","value":{"target":{"type":"Class","value":"com.wix.detox.espresso.DetoxMatcher"},"method":"matcherForTestId","args":["product_carousel_horizontal_list_item",{"type":"boolean","value":false}]}}]}},{"type":"Invocation","value":{"target":{"type":"Class","value":"com.wix.detox.espresso.DetoxViewActions"},"method":"click","args":[]}}]})
14:28:41.000  1146  1326 I DetoxDispatcher: Handling action 'invoke' (ID #44)...
14:28:41.000  1146  1326 D Detox   : class com.wix.detox.espresso.DetoxMatcher, matcherForTestId, [product_carousel_horizontal_list_item, false]
14:28:41.000  1146  1326 D Detox   : class com.wix.detox.espresso.DetoxMatcher, matcherForAtIndex, [0, (view.getTag() is "product_carousel_horizontal_list_item" and view has effective visibility <VISIBLE>)]
14:28:41.000  1146  1326 D Detox   : class com.wix.detox.espresso.DetoxViewActions, click, []
14:28:41.000  1146  1326 D Detox   : class com.wix.detox.espresso.EspressoDetox, perform, [View at index #0, of those matching MATCHER(view.getTag() is "product_carousel_horizontal_list_item" and view has effective visibility <VISIBLE>), com.wix.detox.espresso.action.RNClickAction@89114d4]
14:28:42.468  1146  1326 I DetoxWSClient: Sending out action 'invokeResult' (ID #44)
14:28:42.468  1146  1326 I DetoxDispatcher: Done with action 'invoke'
14:28:42.474  1146  1330 D DetoxWSClient: Received action 'invoke' (ID #45, params={"target":{"type":"Class","value":"com.wix.detox.espresso.EspressoDetox"},"method":"perform","args":[{"type":"Invocation","value":{"target":{"type":"Class","value":"com.wix.detox.espresso.DetoxMatcher"},"method":"matcherForTestId","args":["shopping_item_add_to_list_button",{"type":"boolean","value":false}]}},{"type":"Invocation","value":{"target":{"type":"Class","value":"com.wix.detox.espresso.DetoxViewActions"},"method":"click","args":[]}}]})
14:28:42.474  1146  1326 I DetoxDispatcher: Handling action 'invoke' (ID #45)...
14:28:42.474  1146  1326 D Detox   : class com.wix.detox.espresso.DetoxMatcher, matcherForTestId, [shopping_item_add_to_list_button, false]
14:28:42.474  1146  1326 D Detox   : class com.wix.detox.espresso.DetoxViewActions, click, []
14:28:42.475  1146  1326 D Detox   : class com.wix.detox.espresso.EspressoDetox, perform, [(view.getTag() is "shopping_item_add_to_list_button" and view has effective visibility <VISIBLE>), com.wix.detox.espresso.action.RNClickAction@791f363]
14:28:42.747  1146  1146 I Detox   : AnimatedModule is busy.
14:28:42.763  1146  1146 I Detox   : AnimatedModule is busy.
14:28:42.778  1146  1146 I Detox   : AnimatedModule is busy.
14:28:42.795  1146  1146 I Detox   : AnimatedModule is busy.
14:28:42.812  1146  1146 I Detox   : AnimatedModule is busy.
14:28:42.832  1146  1146 I Detox   : AnimatedModule is busy.
14:28:42.845  1146  1146 I Detox   : AnimatedModule is busy.
14:28:42.862  1146  1146 I Detox   : AnimatedModule is busy.
14:28:42.878  1146  1146 I Detox   : AnimatedModule is busy.
14:28:42.895  1146  1146 I Detox   : AnimatedModule is busy.
14:28:42.913  1146  1146 I Detox   : AnimatedModule is busy.
14:28:42.928  1146  1146 I Detox   : AnimatedModule is busy.
14:28:42.945  1146  1146 I Detox   : AnimatedModule is busy.
14:28:42.962  1146  1146 I Detox   : AnimatedModule is busy.
14:28:42.978  1146  1146 I Detox   : AnimatedModule is busy.
14:28:42.998  1146  1146 I Detox   : AnimatedModule is busy.
14:28:43.013  1146  1146 I Detox   : AnimatedModule is busy.
14:28:43.047  1146  1146 I Detox   : UIManagerModule is busy
14:28:43.361  1146  1146 I Detox   : Network is busy, with 1 in-flight calls
14:28:43.377  1146  1146 I Detox   : Network is busy, with 1 in-flight calls
14:28:43.395  1146  1146 I Detox   : Network is busy, with 1 in-flight calls
14:28:43.412  1146  1146 I Detox   : Network is busy, with 1 in-flight calls
14:28:43.429  1146  1146 I Detox   : Network is busy, with 1 in-flight calls
14:28:43.446  1146  1146 I Detox   : Network is busy, with 1 in-flight calls
14:28:43.476  1146  1146 I Detox   : UIManagerModule is busy
14:28:43.828  1146  1146 I Detox   : Network is busy, with 1 in-flight calls
14:28:43.844  1146  1146 I Detox   : Network is busy, with 1 in-flight calls
14:28:43.861  1146  1146 I Detox   : Network is busy, with 1 in-flight calls
14:28:44.109  1146  1146 I Detox   : UIManagerModule is busy
14:28:44.125  1146  1146 I Detox   : UIManagerModule is busy
14:28:44.128  1146  1146 I Detox   : AnimatedModule is busy.
14:28:44.143  1146  1146 I Detox   : AnimatedModule is busy.
14:28:44.160  1146  1146 I Detox   : AnimatedModule is busy.
14:28:44.179  1146  1146 I Detox   : AnimatedModule is busy.
14:28:44.194  1146  1146 I Detox   : AnimatedModule is busy.
14:28:44.211  1146  1146 I Detox   : AnimatedModule is busy.
14:28:44.228  1146  1146 I Detox   : AnimatedModule is busy.
14:28:44.247  1146  1146 I Detox   : AnimatedModule is busy.
14:28:44.260  1146  1146 I Detox   : AnimatedModule is busy.
14:28:44.277  1146  1146 I Detox   : AnimatedModule is busy.
14:28:44.293  1146  1146 I Detox   : AnimatedModule is busy.
14:28:44.310  1146  1146 I Detox   : AnimatedModule is busy.
14:28:44.327  1146  1146 I Detox   : AnimatedModule is busy.
14:28:44.345  1146  1146 I Detox   : AnimatedModule is busy.
14:28:44.362  1146  1146 I Detox   : AnimatedModule is busy.
14:28:44.378  1146  1146 I Detox   : AnimatedModule is busy.
14:28:44.395  1146  1146 I Detox   : AnimatedModule is busy.
14:28:44.490  1146  1146 I Detox   : UIManagerModule is busy
14:28:44.513  1146  1146 I Detox   : AnimatedModule is busy.
14:28:44.528  1146  1146 I Detox   : AnimatedModule is busy.
14:28:44.544  1146  1146 I Detox   : AnimatedModule is busy.
14:28:44.561  1146  1146 I Detox   : AnimatedModule is busy.
14:28:44.578  1146  1146 I Detox   : AnimatedModule is busy.
14:28:44.594  1146  1146 I Detox   : AnimatedModule is busy.
14:28:44.610  1146  1146 I Detox   : AnimatedModule is busy.
14:28:44.627  1146  1146 I Detox   : AnimatedModule is busy.
14:28:44.644  1146  1146 I Detox   : AnimatedModule is busy.
14:28:44.660  1146  1146 I Detox   : AnimatedModule is busy.
14:28:44.677  1146  1146 I Detox   : AnimatedModule is busy.
14:28:44.694  1146  1146 I Detox   : AnimatedModule is busy.
14:28:44.711  1146  1146 I Detox   : AnimatedModule is busy.
14:28:44.727  1146  1146 I Detox   : AnimatedModule is busy.
14:28:44.744  1146  1146 I Detox   : AnimatedModule is busy.
14:28:44.761  1146  1146 I Detox   : AnimatedModule is busy.
14:28:44.778  1146  1146 I Detox   : AnimatedModule is busy.
14:28:44.795  1146  1146 I Detox   : AnimatedModule is busy.
14:28:44.811  1146  1146 I Detox   : AnimatedModule is busy.
14:28:44.828  1146  1146 I Detox   : AnimatedModule is busy.
14:28:44.844  1146  1146 I Detox   : AnimatedModule is busy.
14:28:44.861  1146  1146 I Detox   : AnimatedModule is busy.
14:28:44.877  1146  1146 I Detox   : AnimatedModule is busy.
14:28:44.894  1146  1146 I Detox   : AnimatedModule is busy.
14:28:44.911  1146  1146 I Detox   : AnimatedModule is busy.
14:28:44.928  1146  1146 I Detox   : AnimatedModule is busy.
14:28:44.944  1146  1146 I Detox   : AnimatedModule is busy.
14:28:44.961  1146  1146 I Detox   : AnimatedModule is busy.
14:28:44.979  1146  1146 I Detox   : AnimatedModule is busy.
14:28:44.994  1146  1146 I Detox   : AnimatedModule is busy.
14:28:45.010  1146  1146 I Detox   : AnimatedModule is busy.
14:28:45.027  1146  1146 I Detox   : AnimatedModule is busy.
14:28:45.044  1146  1146 I Detox   : AnimatedModule is busy.
14:28:45.060  1146  1146 I Detox   : AnimatedModule is busy.
14:28:45.077  1146  1146 I Detox   : AnimatedModule is busy.
14:28:45.094  1146  1146 I Detox   : AnimatedModule is busy.
14:28:45.111  1146  1146 I Detox   : AnimatedModule is busy.
14:28:45.127  1146  1146 I Detox   : AnimatedModule is busy.
14:28:45.144  1146  1146 I Detox   : AnimatedModule is busy.
14:28:45.161  1146  1146 I Detox   : AnimatedModule is busy.
14:28:45.177  1146  1146 I Detox   : AnimatedModule is busy.
14:28:45.194  1146  1146 I Detox   : AnimatedModule is busy.
14:28:45.210  1146  1146 I Detox   : AnimatedModule is busy.
14:28:45.227  1146  1146 I Detox   : AnimatedModule is busy.
14:28:45.244  1146  1146 I Detox   : AnimatedModule is busy.
14:28:45.260  1146  1146 I Detox   : AnimatedModule is busy.
14:28:45.277  1146  1146 I Detox   : AnimatedModule is busy.
14:28:45.294  1146  1146 I Detox   : AnimatedModule is busy.
14:28:45.310  1146  1146 I Detox   : AnimatedModule is busy.
14:28:45.327  1146  1146 I Detox   : AnimatedModule is busy.
14:28:45.344  1146  1146 I Detox   : AnimatedModule is busy.
14:28:45.361  1146  1146 I Detox   : AnimatedModule is busy.
14:28:45.377  1146  1146 I Detox   : AnimatedModule is busy.
14:28:45.394  1146  1146 I Detox   : AnimatedModule is busy.
14:28:45.410  1146  1146 I Detox   : AnimatedModule is busy.
14:28:45.427  1146  1146 I Detox   : AnimatedModule is busy.
14:28:45.444  1146  1146 I Detox   : AnimatedModule is busy.
14:28:45.460  1146  1146 I Detox   : AnimatedModule is busy.
14:28:45.478  1146  1146 I Detox   : AnimatedModule is busy.
14:28:45.495  1146  1146 I Detox   : AnimatedModule is busy.
14:28:45.510  1146  1146 I Detox   : AnimatedModule is busy.
14:28:45.527  1146  1146 I Detox   : AnimatedModule is busy.
14:28:45.544  1146  1146 I Detox   : AnimatedModule is busy.
14:28:45.560  1146  1146 I Detox   : AnimatedModule is busy.
14:28:45.577  1146  1146 I Detox   : AnimatedModule is busy.
14:28:45.596  1146  1146 I Detox   : AnimatedModule is busy.
14:28:45.610  1146  1146 I Detox   : AnimatedModule is busy.
14:28:45.627  1146  1146 I Detox   : AnimatedModule is busy.
14:28:45.644  1146  1146 I Detox   : AnimatedModule is busy.
14:28:45.662  1146  1146 I Detox   : AnimatedModule is busy.
14:28:45.678  1146  1146 I Detox   : AnimatedModule is busy.
14:28:45.699  1146  1326 I DetoxWSClient: Sending out action 'invokeResult' (ID #45)
14:28:45.699  1146  1326 I DetoxDispatcher: Done with action 'invoke'
14:28:45.701  1146  1330 D DetoxWSClient: Received action 'invoke' (ID #46, params={"target":{"type":"Class","value":"com.wix.detox.espresso.DetoxAssertion"},"method":"waitForAssertMatcher","args":[{"type":"Invocation","value":{"target":{"type":"Class","value":"androidx.test.espresso.Espresso"},"method":"onView","args":[{"type":"Invocation","value":{"target":{"type":"Class","value":"com.wix.detox.espresso.DetoxMatcher"},"method":"matcherForText","args":["Added to cart",{"type":"boolean","value":false}]}}]}},{"type":"Invocation","value":{"target":{"type":"Class","value":"com.wix.detox.espresso.DetoxMatcher"},"method":"matcherForSufficientlyVisible","args":[{"type":"Integer","value":75}]}},{"type":"Double","value":2}]})
14:28:45.701  1146  1326 I DetoxDispatcher: Handling action 'invoke' (ID #46)...
14:28:45.701  1146  1326 D Detox   : class com.wix.detox.espresso.DetoxMatcher, matcherForText, [Added to cart, false]
14:28:45.701  1146  1326 D Detox   : class androidx.test.espresso.Espresso, onView, [(an instance of android.widget.TextView and view.getText() with or without transformation to match: is "Added to cart" and view has effective visibility <VISIBLE>)]
14:28:45.702  1146  1326 D Detox   : class com.wix.detox.espresso.DetoxMatcher, matcherForSufficientlyVisible, [75]
14:28:45.702  1146  1326 D Detox   : class com.wix.detox.espresso.DetoxAssertion, waitForAssertMatcher, [androidx.test.espresso.ViewInteraction@3040fc0, (view has effective visibility <VISIBLE> and view.getGlobalVisibleRect() covers at least <75> percent of the view's area), 2.0]
14:28:45.703  1146  1146 I ViewInteraction: Checking 'MatchesViewAssertion(Detox){viewMatcher=(view has effective visibility <VISIBLE> and view.getGlobalVisibleRect() covers at least <75> percent of the view's area)}' assertion on view (an instance of android.widget.TextView and view.getText() with or without transformation to match: is "Added to cart" and view has effective visibility <VISIBLE>)
14:28:45.703  1146  1326 I DetoxWSClient: Sending out action 'invokeResult' (ID #46)
14:28:45.703  1146  1326 I DetoxDispatcher: Done with action 'invoke'
14:28:45.705  1146  1330 D DetoxWSClient: Received action 'invoke' (ID #47, params={"target":{"type":"Class","value":"com.wix.detox.espresso.EspressoDetox"},"method":"perform","args":[{"type":"Invocation","value":{"target":{"type":"Class","value":"com.wix.detox.espresso.DetoxMatcher"},"method":"matcherForText","args":["Dismiss",{"type":"boolean","value":false}]}},{"type":"Invocation","value":{"target":{"type":"Class","value":"com.wix.detox.espresso.DetoxViewActions"},"method":"click","args":[]}}]})
14:28:45.705  1146  1326 I DetoxDispatcher: Handling action 'invoke' (ID #47)...
14:28:45.705  1146  1326 D Detox   : class com.wix.detox.espresso.DetoxMatcher, matcherForText, [Dismiss, false]
14:28:45.705  1146  1326 D Detox   : class com.wix.detox.espresso.DetoxViewActions, click, []
14:28:45.705  1146  1326 D Detox   : class com.wix.detox.espresso.EspressoDetox, perform, [(an instance of android.widget.TextView and view.getText() with or without transformation to match: is "Dismiss" and view has effective visibility <VISIBLE>), com.wix.detox.espresso.action.RNClickAction@9800c3e]
