14:33:29.129  5103  5161 I DetoxWSClient: Sending out action 'invokeResult' (ID #19)
14:33:29.129  5103  5161 I DetoxDispatcher: Done with action 'invoke'
14:33:29.186  5103  5165 D DetoxWSClient: Received action 'invoke' (ID #20, params={"target":{"type":"Class","value":"com.wix.detox.espresso.DetoxAssertion"},"method":"assertMatcher","args":[{"type":"Invocation","value":{"target":{"type":"Class","value":"androidx.test.espresso.Espresso"},"method":"onView","args":[{"type":"Invocation","value":{"target":{"type":"Class","value":"com.wix.detox.espresso.DetoxMatcher"},"method":"matcherForShallowAccessibilityLabel","args":["Filter",{"type":"boolean","value":false}]}}]}},{"type":"Invocation","value":{"target":{"type":"Class","value":"com.wix.detox.espresso.DetoxMatcher"},"method":"matcherForSufficientlyVisible","args":[{"type":"Integer","value":75}]}}]})
14:33:29.186  5103  5161 I DetoxDispatcher: Handling action 'invoke' (ID #20)...
14:33:29.186  5103  5161 D Detox   : class com.wix.detox.espresso.DetoxMatcher, matcherForShallowAccessibilityLabel, [Filter, false]
14:33:29.186  5103  5161 D Detox   : class androidx.test.espresso.Espresso, onView, [((view.getContentDescription() is "Filter" or an instance of android.widget.TextView and view.getText() with or without transformation to match: is "Filter") and view has effective visibility <VISIBLE>)]
14:33:29.186  5103  5161 D Detox   : class com.wix.detox.espresso.DetoxMatcher, matcherForSufficientlyVisible, [75]
14:33:29.186  5103  5161 D Detox   : class com.wix.detox.espresso.DetoxAssertion, assertMatcher, [androidx.test.espresso.ViewInteraction@b9c3ef7, (view has effective visibility <VISIBLE> and view.getGlobalVisibleRect() covers at least <75> percent of the view's area)]
14:33:29.187  5103  5103 I ViewInteraction: Checking 'MatchesViewAssertion(Detox){viewMatcher=(view has effective visibility <VISIBLE> and view.getGlobalVisibleRect() covers at least <75> percent of the view's area)}' assertion on view ((view.getContentDescription() is "Filter" or an instance of android.widget.TextView and view.getText() with or without transformation to match: is "Filter") and view has effective visibility <VISIBLE>)
14:33:29.188  5103  5161 I DetoxWSClient: Sending out action 'invokeResult' (ID #20)
14:33:29.188  5103  5161 I DetoxDispatcher: Done with action 'invoke'
14:33:29.190  5103  5165 D DetoxWSClient: Received action 'invoke' (ID #21, params={"target":{"type":"Class","value":"com.wix.detox.espresso.DetoxAssertion"},"method":"assertMatcher","args":[{"type":"Invocation","value":{"target":{"type":"Class","value":"androidx.test.espresso.Espresso"},"method":"onView","args":[{"type":"Invocation","value":{"target":{"type":"Class","value":"com.wix.detox.espresso.DetoxMatcher"},"method":"matcherForShallowAccessibilityLabel","args":["Frequently Purchased",{"type":"boolean","value":false}]}}]}},{"type":"Invocation","value":{"target":{"type":"Class","value":"com.wix.detox.espresso.DetoxMatcher"},"method":"matcherForSufficientlyVisible","args":[{"type":"Integer","value":75}]}}]})
14:33:29.191  5103  5161 I DetoxDispatcher: Handling action 'invoke' (ID #21)...
14:33:29.191  5103  5161 D Detox   : class com.wix.detox.espresso.DetoxMatcher, matcherForShallowAccessibilityLabel, [Frequently Purchased, false]
14:33:29.191  5103  5161 D Detox   : class androidx.test.espresso.Espresso, onView, [((view.getContentDescription() is "Frequently Purchased" or an instance of android.widget.TextView and view.getText() with or without transformation to match: is "Frequently Purchased") and view has effective visibility <VISIBLE>)]
14:33:29.191  5103  5161 D Detox   : class com.wix.detox.espresso.DetoxMatcher, matcherForSufficientlyVisible, [75]
14:33:29.191  5103  5161 D Detox   : class com.wix.detox.espresso.DetoxAssertion, assertMatcher, [androidx.test.espresso.ViewInteraction@6c04164, (view has effective visibility <VISIBLE> and view.getGlobalVisibleRect() covers at least <75> percent of the view's area)]
14:33:29.192  5103  5103 I ViewInteraction: Checking 'MatchesViewAssertion(Detox){viewMatcher=(view has effective visibility <VISIBLE> and view.getGlobalVisibleRect() covers at least <75> percent of the view's area)}' assertion on view ((view.getContentDescription() is "Frequently Purchased" or an instance of android.widget.TextView and view.getText() with or without transformation to match: is "Frequently Purchased") and view has effective visibility <VISIBLE>)
14:33:29.193  5103  5161 I DetoxWSClient: Sending out action 'invokeResult' (ID #21)
14:33:29.193  5103  5161 I DetoxDispatcher: Done with action 'invoke'
14:33:29.573  5103  5165 D DetoxWSClient: Received action 'invoke' (ID #22, params={"target":{"type":"Class","value":"com.wix.detox.espresso.EspressoDetox"},"method":"perform","args":[{"type":"Invocation","value":{"target":{"type":"Class","value":"com.wix.detox.espresso.DetoxMatcher"},"method":"matcherForTestId","args":["\/product_card_.*\/",{"type":"boolean","value":true}]}},{"type":"Invocation","value":{"target":{"type":"Class","value":"com.wix.detox.espresso.DetoxAction"},"method":"getAttributes","args":[]}}]})
14:33:29.573  5103  5161 I DetoxDispatcher: Handling action 'invoke' (ID #22)...
14:33:29.573  5103  5161 D Detox   : class com.wix.detox.espresso.DetoxMatcher, matcherForTestId, [/product_card_.*/, true]
14:33:29.574  5103  5161 D Detox   : class com.wix.detox.espresso.DetoxAction, getAttributes, []
14:33:29.574  5103  5161 D Detox   : class com.wix.detox.espresso.EspressoDetox, perform, [(view.getTag() should match the pattern: /product_card_.*/ and view has effective visibility <VISIBLE>), com.wix.detox.espresso.action.GetAttributesAction@b207fcd]
14:33:29.825  5103  5161 I DetoxWSClient: Sending out action 'invokeResult' (ID #22)
14:33:29.825  5103  5161 I DetoxDispatcher: Done with action 'invoke'
14:33:29.827  5103  5165 D DetoxWSClient: Received action 'invoke' (ID #23, params={"target":{"type":"Class","value":"com.wix.detox.espresso.EspressoDetox"},"method":"perform","args":[{"type":"Invocation","value":{"target":{"type":"Class","value":"com.wix.detox.espresso.DetoxMatcher"},"method":"matcherForAtIndex","args":[{"type":"Integer","value":1},{"type":"Invocation","value":{"target":{"type":"Class","value":"com.wix.detox.espresso.DetoxMatcher"},"method":"matcherForTestId","args":["\/product_card_.*\/",{"type":"boolean","value":true}]}}]}},{"type":"Invocation","value":{"target":{"type":"Class","value":"com.wix.detox.espresso.DetoxViewActions"},"method":"click","args":[]}}]})
14:33:29.828  5103  5161 I DetoxDispatcher: Handling action 'invoke' (ID #23)...
14:33:29.828  5103  5161 D Detox   : class com.wix.detox.espresso.DetoxMatcher, matcherForTestId, [/product_card_.*/, true]
14:33:29.828  5103  5161 D Detox   : class com.wix.detox.espresso.DetoxMatcher, matcherForAtIndex, [1, (view.getTag() should match the pattern: /product_card_.*/ and view has effective visibility <VISIBLE>)]
14:33:29.828  5103  5161 D Detox   : class com.wix.detox.espresso.DetoxViewActions, click, []
14:33:29.828  5103  5161 D Detox   : class com.wix.detox.espresso.EspressoDetox, perform, [View at index #1, of those matching MATCHER(view.getTag() should match the pattern: /product_card_.*/ and view has effective visibility <VISIBLE>), com.wix.detox.espresso.action.RNClickAction@c4ee678]
14:33:31.148  5103  5161 I DetoxWSClient: Sending out action 'invokeResult' (ID #23)
14:33:31.148  5103  5161 I DetoxDispatcher: Done with action 'invoke'
14:33:31.152  5103  5165 D DetoxWSClient: Received action 'invoke' (ID #24, params={"target":{"type":"Class","value":"com.wix.detox.espresso.DetoxAssertion"},"method":"assertMatcher","args":[{"type":"Invocation","value":{"target":{"type":"Class","value":"androidx.test.espresso.Espresso"},"method":"onView","args":[{"type":"Invocation","value":{"target":{"type":"Class","value":"com.wix.detox.espresso.DetoxMatcher"},"method":"matcherForTestId","args":["product_details",{"type":"boolean","value":false}]}}]}},{"type":"Invocation","value":{"target":{"type":"Class","value":"com.wix.detox.espresso.DetoxMatcher"},"method":"matcherForSufficientlyVisible","args":[{"type":"Integer","value":75}]}}]})
14:33:31.152  5103  5161 I DetoxDispatcher: Handling action 'invoke' (ID #24)...
14:33:31.153  5103  5161 D Detox   : class com.wix.detox.espresso.DetoxMatcher, matcherForTestId, [product_details, false]
14:33:31.153  5103  5161 D Detox   : class androidx.test.espresso.Espresso, onView, [(view.getTag() is "product_details" and view has effective visibility <VISIBLE>)]
14:33:31.153  5103  5161 D Detox   : class com.wix.detox.espresso.DetoxMatcher, matcherForSufficientlyVisible, [75]
14:33:31.153  5103  5161 D Detox   : class com.wix.detox.espresso.DetoxAssertion, assertMatcher, [androidx.test.espresso.ViewInteraction@e7b4016, (view has effective visibility <VISIBLE> and view.getGlobalVisibleRect() covers at least <75> percent of the view's area)]
14:33:31.154  5103  5103 I ViewInteraction: Checking 'MatchesViewAssertion(Detox){viewMatcher=(view has effective visibility <VISIBLE> and view.getGlobalVisibleRect() covers at least <75> percent of the view's area)}' assertion on view (view.getTag() is "product_details" and view has effective visibility <VISIBLE>)
14:33:31.154  5103  5161 I DetoxWSClient: Sending out action 'invokeResult' (ID #24)
14:33:31.154  5103  5161 I DetoxDispatcher: Done with action 'invoke'
14:33:31.156  5103  5165 D DetoxWSClient: Received action 'invoke' (ID #25, params={"target":{"type":"Class","value":"com.wix.detox.espresso.DetoxAssertion"},"method":"assertMatcher","args":[{"type":"Invocation","value":{"target":{"type":"Class","value":"androidx.test.espresso.Espresso"},"method":"onView","args":[{"type":"Invocation","value":{"target":{"type":"Class","value":"com.wix.detox.espresso.DetoxMatcher"},"method":"matcherForAtIndex","args":[{"type":"Integer","value":0},{"type":"Invocation","value":{"target":{"type":"Class","value":"com.wix.detox.espresso.DetoxMatcher"},"method":"matcherForShallowAccessibilityLabel","args":["\/Grain Trust Steamed Brown Rice.*\/",{"type":"boolean","value":true}]}}]}}]}},{"type":"Invocation","value":{"target":{"type":"Class","value":"com.wix.detox.espresso.DetoxMatcher"},"method":"matcherForSufficientlyVisible","args":[{"type":"Integer","value":75}]}}]})
14:33:31.156  5103  5161 I DetoxDispatcher: Handling action 'invoke' (ID #25)...
14:33:31.156  5103  5161 D Detox   : class com.wix.detox.espresso.DetoxMatcher, matcherForShallowAccessibilityLabel, [/Grain Trust Steamed Brown Rice.*/, true]
14:33:31.157  5103  5161 D Detox   : class com.wix.detox.espresso.DetoxMatcher, matcherForAtIndex, [0, ((view.getContentDescription() should match the pattern: /Grain Trust Steamed Brown Rice.*/ or an instance of android.widget.TextView and view.getText() with or without transformation to match: should match the pattern: /Grain Trust Steamed Brown Rice.*/) and view has effective visibility <VISIBLE>)]
14:33:31.157  5103  5161 D Detox   : class androidx.test.espresso.Espresso, onView, [View at index #0, of those matching MATCHER((view.getContentDescription() should match the pattern: /Grain Trust Steamed Brown Rice.*/ or an instance of android.widget.TextView and view.getText() with or without transformation to match: should match the pattern: /Grain Trust Steamed Brown Rice.*/) and view has effective visibility <VISIBLE>)]
14:33:31.157  5103  5161 D Detox   : class com.wix.detox.espresso.DetoxMatcher, matcherForSufficientlyVisible, [75]
14:33:31.157  5103  5161 D Detox   : class com.wix.detox.espresso.DetoxAssertion, assertMatcher, [androidx.test.espresso.ViewInteraction@2e29b84, (view has effective visibility <VISIBLE> and view.getGlobalVisibleRect() covers at least <75> percent of the view's area)]
14:33:31.159  5103  5103 I ViewInteraction: Checking 'MatchesViewAssertion(Detox){viewMatcher=(view has effective visibility <VISIBLE> and view.getGlobalVisibleRect() covers at least <75> percent of the view's area)}' assertion on view View at index #0, of those matching MATCHER((view.getContentDescription() should match the pattern: /Grain Trust Steamed Brown Rice.*/ or an instance of android.widget.TextView and view.getText() with or without transformation to match: should match the pattern: /Grain Trust Steamed Brown Rice.*/) and view has effective visibility <VISIBLE>)
14:33:31.159  5103  5161 I DetoxWSClient: Sending out action 'invokeResult' (ID #25)
14:33:31.159  5103  5161 I DetoxDispatcher: Done with action 'invoke'
14:33:31.161  5103  5165 D DetoxWSClient: Received action 'invoke' (ID #26, params={"target":{"type":"Class","value":"com.wix.detox.espresso.EspressoDetox"},"method":"perform","args":[{"type":"Invocation","value":{"target":{"type":"Class","value":"com.wix.detox.espresso.DetoxMatcher"},"method":"matcherForTestId","args":["go_back_header_button",{"type":"boolean","value":false}]}},{"type":"Invocation","value":{"target":{"type":"Class","value":"com.wix.detox.espresso.DetoxViewActions"},"method":"click","args":[]}}]})
14:33:31.161  5103  5161 I DetoxDispatcher: Handling action 'invoke' (ID #26)...
14:33:31.161  5103  5161 D Detox   : class com.wix.detox.espresso.DetoxMatcher, matcherForTestId, [go_back_header_button, false]
14:33:31.162  5103  5161 D Detox   : class com.wix.detox.espresso.DetoxViewActions, click, []
14:33:31.162  5103  5161 D Detox   : class com.wix.detox.espresso.EspressoDetox, perform, [(view.getTag() is "go_back_header_button" and view has effective visibility <VISIBLE>), com.wix.detox.espresso.action.RNClickAction@5e347a2]
14:33:32.366  5103  5103 I Detox   : UIManagerModule is busy
14:33:32.446  5103  5161 I DetoxWSClient: Sending out action 'invokeResult' (ID #26)
14:33:32.446  5103  5161 I DetoxDispatcher: Done with action 'invoke'
14:33:32.450  5103  5165 D DetoxWSClient: Received action 'invoke' (ID #27, params={"target":{"type":"Class","value":"com.wix.detox.espresso.DetoxAssertion"},"method":"assertMatcher","args":[{"type":"Invocation","value":{"target":{"type":"Class","value":"androidx.test.espresso.Espresso"},"method":"onView","args":[{"type":"Invocation","value":{"target":{"type":"Class","value":"com.wix.detox.espresso.DetoxMatcher"},"method":"matcherForShallowAccessibilityLabel","args":["\/Rice \\((\\d+)\\)\/",{"type":"boolean","value":true}]}}]}},{"type":"Invocation","value":{"target":{"type":"Class","value":"com.wix.detox.espresso.DetoxMatcher"},"method":"matcherForSufficientlyVisible","args":[{"type":"Integer","value":75}]}}]})
14:33:32.450  5103  5161 I DetoxDispatcher: Handling action 'invoke' (ID #27)...
14:33:32.450  5103  5161 D Detox   : class com.wix.detox.espresso.DetoxMatcher, matcherForShallowAccessibilityLabel, [/Rice \((\d+)\)/, true]
14:33:32.450  5103  5161 D Detox   : class androidx.test.espresso.Espresso, onView, [((view.getContentDescription() should match the pattern: /Rice \((\d+)\)/ or an instance of android.widget.TextView and view.getText() with or without transformation to match: should match the pattern: /Rice \((\d+)\)/) and view has effective visibility <VISIBLE>)]
14:33:32.450  5103  5161 D Detox   : class com.wix.detox.espresso.DetoxMatcher, matcherForSufficientlyVisible, [75]
14:33:32.450  5103  5161 D Detox   : class com.wix.detox.espresso.DetoxAssertion, assertMatcher, [androidx.test.espresso.ViewInteraction@a28bf80, (view has effective visibility <VISIBLE> and view.getGlobalVisibleRect() covers at least <75> percent of the view's area)]
14:33:32.451  5103  5103 I ViewInteraction: Checking 'MatchesViewAssertion(Detox){viewMatcher=(view has effective visibility <VISIBLE> and view.getGlobalVisibleRect() covers at least <75> percent of the view's area)}' assertion on view ((view.getContentDescription() should match the pattern: /Rice \((\d+)\)/ or an instance of android.widget.TextView and view.getText() with or without transformation to match: should match the pattern: /Rice \((\d+)\)/) and view has effective visibility <VISIBLE>)
14:33:32.452  5103  5161 I DetoxWSClient: Sending out action 'invokeResult' (ID #27)
14:33:32.452  5103  5161 I DetoxDispatcher: Done with action 'invoke'
14:33:32.453  5103  5165 D DetoxWSClient: Received action 'invoke' (ID #28, params={"target":{"type":"Class","value":"com.wix.detox.espresso.DetoxAssertion"},"method":"assertMatcher","args":[{"type":"Invocation","value":{"target":{"type":"Class","value":"androidx.test.espresso.Espresso"},"method":"onView","args":[{"type":"Invocation","value":{"target":{"type":"Class","value":"com.wix.detox.espresso.DetoxMatcher"},"method":"matcherWithDescendant","args":[{"type":"Invocation","value":{"target":{"type":"Class","value":"com.wix.detox.espresso.DetoxMatcher"},"method":"matcherForTestId","args":["product_list",{"type":"boolean","value":false}]}},{"type":"Invocati
