14:23:21.213 31452 31505 I DetoxWSClient: Sending out action 'invokeResult' (ID #2)
14:23:21.213 31452 31505 I DetoxDispatcher: Done with action 'invoke'
14:23:21.258 31452 31509 D DetoxWSClient: Received action 'invoke' (ID #3, params={"target":{"type":"Class","value":"com.wix.detox.espresso.DetoxAssertion"},"method":"waitForAssertMatcherWithSearchAction","args":[{"type":"Invocation","value":{"target":{"type":"Class","value":"androidx.test.espresso.Espresso"},"method":"onView","args":[{"type":"Invocation","value":{"target":{"type":"Class","value":"com.wix.detox.espresso.DetoxMatcher"},"method":"matcherForTestId","args":["quick_link_item_promotions",{"type":"boolean","value":false}]}}]}},{"type":"Invocation","value":{"target":{"type":"Class","value":"com.wix.detox.espresso.DetoxMatcher"},"method":"matcherForSufficientlyVisible","args":[{"type":"Integer","value":75}]}},{"type":"Invocation","value":{"target":{"type":"Class","value":"com.wix.detox.espresso.DetoxAction"},"method":"scrollInDirectionStaleAtEdge","args":[{"type":"Integer","value":4},{"type":"Double","value":50},{"type":"Double","value":-1},{"type":"Double","value":-1}]}},{"type":"Invocation","value":{"target":{"type":"Class","value":"com.wix.detox.espresso.DetoxMatcher"},"method":"matcherForTestId","args":["home_screen_scrollview",{"type":"boolean","value":false}]}}]})
14:23:21.259 31452 31505 I DetoxDispatcher: Handling action 'invoke' (ID #3)...
14:23:21.259 31452 31505 D Detox   : class com.wix.detox.espresso.DetoxMatcher, matcherForTestId, [quick_link_item_promotions, false]
14:23:21.259 31452 31505 D Detox   : class androidx.test.espresso.Espresso, onView, [(view.getTag() is "quick_link_item_promotions" and view has effective visibility <VISIBLE>)]
14:23:21.260 31452 31505 D Detox   : class com.wix.detox.espresso.DetoxMatcher, matcherForSufficientlyVisible, [75]
14:23:21.260 31452 31505 D Detox   : class com.wix.detox.espresso.DetoxAction, scrollInDirectionStaleAtEdge, [4, 50.0, -1.0, -1.0]
14:23:21.260 31452 31505 D Detox   : class com.wix.detox.espresso.DetoxMatcher, matcherForTestId, [home_screen_scrollview, false]
14:23:21.260 31452 31505 D Detox   : class com.wix.detox.espresso.DetoxAssertion, waitForAssertMatcherWithSearchAction, [androidx.test.espresso.ViewInteraction@966f670, (view has effective visibility <VISIBLE> and view.getGlobalVisibleRect() covers at least <75> percent of the view's area), com.wix.detox.espresso.scroll.DetoxScrollActionStaleAtEdge@a8d3de9, (view.getTag() is "home_screen_scrollview" and view has effective visibility <VISIBLE>)]
14:23:21.261 31452 31452 I ViewInteraction: Checking 'MatchesViewAssertion(Detox){viewMatcher=(view has effective visibility <VISIBLE> and view.getGlobalVisibleRect() covers at least <75> percent of the view's area)}' assertion on view (view.getTag() is "quick_link_item_promotions" and view has effective visibility <VISIBLE>)
14:23:21.262 31452 31505 I DetoxWSClient: Sending out action 'invokeResult' (ID #3)
14:23:21.262 31452 31505 I DetoxDispatcher: Done with action 'invoke'
14:23:21.266 31452 31509 D DetoxWSClient: Received action 'invoke' (ID #4, params={"target":{"type":"Class","value":"com.wix.detox.espresso.EspressoDetox"},"method":"perform","args":[{"type":"Invocation","value":{"target":{"type":"Class","value":"com.wix.detox.espresso.DetoxMatcher"},"method":"matcherForTestId","args":["quick_link_item_promotions",{"type":"boolean","value":false}]}},{"type":"Invocation","value":{"target":{"type":"Class","value":"com.wix.detox.espresso.DetoxViewActions"},"method":"click","args":[]}}]})
14:23:21.266 31452 31505 I DetoxDispatcher: Handling action 'invoke' (ID #4)...
14:23:21.266 31452 31505 D Detox   : class com.wix.detox.espresso.DetoxMatcher, matcherForTestId, [quick_link_item_promotions, false]
14:23:21.267 31452 31505 D Detox   : class com.wix.detox.espresso.DetoxViewActions, click, []
14:23:21.267 31452 31505 D Detox   : class com.wix.detox.espresso.EspressoDetox, perform, [(view.getTag() is "quick_link_item_promotions" and view has effective visibility <VISIBLE>), com.wix.detox.espresso.action.RNClickAction@e7aa50f]
14:23:22.328 31452 31505 I DetoxWSClient: Sending out action 'invokeResult' (ID #4)
14:23:22.328 31452 31505 I DetoxDispatcher: Done with action 'invoke'
14:23:22.333 31452 31509 D DetoxWSClient: Received action 'invoke' (ID #5, params={"target":{"type":"Class","value":"com.wix.detox.espresso.DetoxAssertion"},"method":"assertMatcher","args":[{"type":"Invocation","value":{"target":{"type":"Class","value":"androidx.test.espresso.Espresso"},"method":"onView","args":[{"type":"Invocation","value":{"target":{"type":"Class","value":"com.wix.detox.espresso.DetoxMatcher"},"method":"matcherForText","args":["Select Your Store",{"type":"boolean","value":false}]}}]}},{"type":"Invocation","value":{"target":{"type":"Class","value":"com.wix.detox.espresso.DetoxMatcher"},"method":"matcherForSufficientlyVisible","args":[{"type":"Integer","value":75}]}}]})
14:23:22.334 31452 31505 I DetoxDispatcher: Handling action 'invoke' (ID #5)...
14:23:22.334 31452 31505 D Detox   : class com.wix.detox.espresso.DetoxMatcher, matcherForText, [Select Your Store, false]
14:23:22.334 31452 31505 D Detox   : class androidx.test.espresso.Espresso, onView, [(an instance of android.widget.TextView and view.getText() with or without transformation to match: is "Select Your Store" and view has effective visibility <VISIBLE>)]
14:23:22.334 31452 31505 D Detox   : class com.wix.detox.espresso.DetoxMatcher, matcherForSufficientlyVisible, [75]
14:23:22.334 31452 31505 D Detox   : class com.wix.detox.espresso.DetoxAssertion, assertMatcher, [androidx.test.espresso.ViewInteraction@8456990, (view has effective visibility <VISIBLE> and view.getGlobalVisibleRect() covers at least <75> percent of the view's area)]
14:23:22.336 31452 31452 I ViewInteraction: Checking 'MatchesViewAssertion(Detox){viewMatcher=(view has effective visibility <VISIBLE> and view.getGlobalVisibleRect() covers at least <75> percent of the view's area)}' assertion on view (an instance of android.widget.TextView and view.getText() with or without transformation to match: is "Select Your Store" and view has effective visibility <VISIBLE>)
14:23:22.338 31452 31505 I DetoxWSClient: Sending out action 'invokeResult' (ID #5)
14:23:22.338 31452 31505 I DetoxDispatcher: Done with action 'invoke'
14:23:22.341 31452 31509 D DetoxWSClient: Received action 'invoke' (ID #6, params={"target":{"type":"Class","value":"com.wix.detox.espresso.EspressoDetox"},"method":"perform","args":[{"type":"Invocation","value":{"target":{"type":"Class","value":"com.wix.detox.espresso.DetoxMatcher"},"method":"matcherForTestId","args":["go_back_header_button",{"type":"boolean","value":false}]}},{"type":"Invocation","value":{"target":{"type":"Class","value":"com.wix.detox.espresso.DetoxViewActions"},"method":"click","args":[]}}]})
14:23:22.341 31452 31505 I DetoxDispatcher: Handling action 'invoke' (ID #6)...
14:23:22.341 31452 31505 D Detox   : class com.wix.detox.espresso.DetoxMatcher, matcherForTestId, [go_back_header_button, false]
14:23:22.341 31452 31505 D Detox   : class com.wix.detox.espresso.DetoxViewActions, click, []
14:23:22.341 31452 31505 D Detox   : class com.wix.detox.espresso.EspressoDetox, perform, [(view.getTag() is "go_back_header_button" and view has effective visibility <VISIBLE>), com.wix.detox.espresso.action.RNClickAction@4ed8aaf]
14:23:23.467 31452 31505 I DetoxWSClient: Sending out action 'invokeResult' (ID #6)
14:23:23.467 31452 31505 I DetoxDispatcher: Done with action 'invoke'
14:23:23.471 31452 31509 D DetoxWSClient: Received action 'invoke' (ID #7, params={"target":{"type":"Class","value":"com.wix.detox.espresso.EspressoDetox"},"method":"perform","args":[{"type":"Invocation","value":{"target":{"type":"Class","value":"com.wix.detox.espresso.DetoxMatcher"},"method":"matcherForTestId","args":["item_home_main_tab_button",{"type":"boolean","value":false}]}},{"type":"Invocation","value":{"target":{"type":"Class","value":"com.wix.detox.espresso.DetoxViewActions"},"method":"click","args":[]}}]})
14:23:23.472 31452 31505 I DetoxDispatcher: Handling action 'invoke' (ID #7)...
14:23:23.472 31452 31505 D Detox   : class com.wix.detox.espresso.DetoxMatcher, matcherForTestId, [item_home_main_tab_button, false]
14:23:23.472 31452 31505 D Detox   : class com.wix.detox.espresso.DetoxViewActions, click, []
14:23:23.472 31452 31505 D Detox   : class com.wix.detox.espresso.EspressoDetox, perform, [(view.getTag() is "item_home_main_tab_button" and view has effective visibility <VISIBLE>), com.wix.detox.espresso.action.RNClickAction@1e9377f]
14:23:23.513 31452 31452 I Detox   : UIManagerModule is busy
