14:26:18.123 32194 32194 I ViewInteraction: Checking 'MatchesViewAssertion(Detox){viewMatcher=(view has effective visibility <VISIBLE> and view.getGlobalVisibleRect() covers at least <75> percent of the view's area)}' assertion on view (an instance of android.widget.TextView and view.getText() with or without transformation to match: is "Item Availability Warning" and view has effective visibility <VISIBLE>)
14:26:18.338 32194 32194 I ViewInteraction: Checking 'MatchesViewAssertion(Detox){viewMatcher=(view has effective visibility <VISIBLE> and view.getGlobalVisibleRect() covers at least <75> percent of the view's area)}' assertion on view (an instance of android.widget.TextView and view.getText() with or without transformation to match: is "Item Availability Warning" and view has effective visibility <VISIBLE>)
14:26:18.557 32194 32247 I DetoxActionHandlers: Test exception
14:26:18.557 32194 32247 I DetoxActionHandlers: java.lang.reflect.InvocationTargetException
14:26:18.557 32194 32247 I DetoxActionHandlers: 	at java.lang.reflect.Method.invoke(Native Method)
14:26:18.557 32194 32247 I DetoxActionHandlers: 	at org.apache.commons.lang3.reflect.MethodUtils.invokeStaticMethod(MethodUtils.java:443)
14:26:18.557 32194 32247 I DetoxActionHandlers: 	at org.apache.commons.lang3.reflect.MethodUtils.invokeStaticMethod(MethodUtils.java:405)
14:26:18.557 32194 32247 I DetoxActionHandlers: 	at com.wix.invoke.types.ClassTarget.execute(ClassTarget.java:23)
14:26:18.557 32194 32247 I DetoxActionHandlers: 	at com.wix.invoke.types.Target.invoke(Target.java:59)
14:26:18.557 32194 32247 I DetoxActionHandlers: 	at com.wix.invoke.MethodInvocation.invoke(MethodInvocation.java:35)
14:26:18.557 32194 32247 I DetoxActionHandlers: 	at com.wix.invoke.MethodInvocation.invoke(MethodInvocation.java:26)
14:26:18.557 32194 32247 I DetoxActionHandlers: 	at com.wix.invoke.MethodInvocation.invoke(MethodInvocation.java:20)
14:26:18.557 32194 32247 I DetoxActionHandlers: 	at com.wix.detox.adapters.server.InvokeActionHandler.handle(DetoxActionHandlers.kt:54)
14:26:18.557 32194 32247 I DetoxActionHandlers: 	at com.wix.detox.adapters.server.ActionsExecutor.executeAction$lambda$2$lambda$1(DetoxActionsDispatcher.kt:76)
14:26:18.557 32194 32247 I DetoxActionHandlers: 	at com.wix.detox.adapters.server.ActionsExecutor.$r8$lambda$LZ3KRuVesIYkeXHJoNMi_yqw1HU(Unknown Source:0)
14:26:18.557 32194 32247 I DetoxActionHandlers: 	at com.wix.detox.adapters.server.ActionsExecutor$$ExternalSyntheticLambda0.run(Unknown Source:8)
14:26:18.557 32194 32247 I DetoxActionHandlers: 	at android.os.Handler.handleCallback(Handler.java:959)
14:26:18.557 32194 32247 I DetoxActionHandlers: 	at android.os.Handler.dispatchMessage(Handler.java:100)
14:26:18.557 32194 32247 I DetoxActionHandlers: 	at android.os.Looper.loopOnce(Looper.java:232)
14:26:18.557 32194 32247 I DetoxActionHandlers: 	at android.os.Looper.loop(Looper.java:317)
14:26:18.557 32194 32247 I DetoxActionHandlers: 	at com.wix.detox.adapters.server.ActionsExecutor._init_$lambda$0(DetoxActionsDispatcher.kt:62)
14:26:18.557 32194 32247 I DetoxActionHandlers: 	at com.wix.detox.adapters.server.ActionsExecutor.$r8$lambda$4eWOlZMqOQq2jbqiFbTCEP-pHOY(Unknown Source:0)
14:26:18.557 32194 32247 I DetoxActionHandlers: 	at com.wix.detox.adapters.server.ActionsExecutor$$ExternalSyntheticLambda1.run(Unknown Source:4)
14:26:18.557 32194 32247 I DetoxActionHandlers: 	at java.lang.Thread.run(Thread.java:1012)
14:26:18.557 32194 32247 I DetoxActionHandlers: Caused by: com.wix.detox.common.DetoxErrors$DetoxRuntimeException: 2.0sec timeout expired without matching of given matcher: (view has effective visibility <VISIBLE> and view.getGlobalVisibleRect() covers at least <75> percent of the view's area)
14:26:18.557 32194 32247 I DetoxActionHandlers: 	at com.wix.detox.espresso.DetoxAssertion.waitForAssertMatcher(DetoxAssertion.java:72)
14:26:18.557 32194 32247 I DetoxActionHandlers: 	... 20 more
14:26:18.558 32194 32247 I DetoxWSClient: Sending out action 'testFailed' (ID #32)
14:26:18.558 32194 32247 I DetoxDispatcher: Done with action 'invoke'
14:26:18.606 32194 32251 D DetoxWSClient: Received action 'invoke' (ID #33, params={"target":{"type":"Class","value":"com.wix.detox.espresso.EspressoDetox"},"method":"perform","args":[{"type":"Invocation","value":{"target":{"type":"Class","value":"com.wix.detox.espresso.DetoxMatcher"},"method":"matcherForTestId","args":["item_cart_main_tab_button",{"type":"boolean","value":false}]}},{"type":"Invocation","value":{"target":{"type":"Class","value":"com.wix.detox.espresso.DetoxViewActions"},"method":"click","args":[]}}]})
14:26:18.606 32194 32247 I DetoxDispatcher: Handling action 'invoke' (ID #33)...
14:26:18.606 32194 32247 D Detox   : class com.wix.detox.espresso.DetoxMatcher, matcherForTestId, [item_cart_main_tab_button, false]
14:26:18.606 32194 32247 D Detox   : class com.wix.detox.espresso.DetoxViewActions, click, []
14:26:18.606 32194 32247 D Detox   : class com.wix.detox.espresso.EspressoDetox, perform, [(view.getTag() is "item_cart_main_tab_button" and view has effective visibility <VISIBLE>), com.wix.detox.espresso.action.RNClickAction@30fd4c2]
14:26:19.665 32194 32247 I DetoxWSClient: Sending out action 'invokeResult' (ID #33)
14:26:19.665 32194 32247 I DetoxDispatcher: Done with action 'invoke'
14:26:19.673 32194 32251 D DetoxWSClient: Received action 'invoke' (ID #34, params={"target":{"type":"Class","value":"com.wix.detox.espresso.DetoxAssertion"},"method":"assertMatcher","args":[{"type":"Invocation","value":{"target":{"type":"Class","value":"androidx.test.espresso.Espresso"},"method":"onView","args":[{"type":"Invocation","value":{"target":{"type":"Class","value":"com.wix.detox.espresso.DetoxMatcher"},"method":"matcherForTestId","args":["more_menu_header_button",{"type":"boolean","value":false}]}}]}},{"type":"Invocation","value":{"target":{"type":"Class","value":"com.wix.detox.espresso.DetoxMatcher"},"method":"matcherForSufficientlyVisible","args":[{"type":"Integer","value":75}]}}]})
14:26:19.674 32194 32247 I DetoxDispatcher: Handling action 'invoke' (ID #34)...
14:26:19.674 32194 32247 D Detox   : class com.wix.detox.espresso.DetoxMatcher, matcherForTestId, [more_menu_header_button, false]
14:26:19.674 32194 32247 D Detox   : class androidx.test.espresso.Espresso, onView, [(view.getTag() is "more_menu_header_button" and view has effective visibility <VISIBLE>)]
14:26:19.674 32194 32247 D Detox   : class com.wix.detox.espresso.DetoxMatcher, matcherForSufficientlyVisible, [75]
14:26:19.674 32194 32247 D Detox   : class com.wix.detox.espresso.DetoxAssertion, assertMatcher, [androidx.test.espresso.ViewInteraction@ba0a79a, (view has effective visibility <VISIBLE> and view.getGlobalVisibleRect() covers at least <75> percent of the view's area)]
14:26:19.678 32194 32194 I ViewInteraction: Checking 'MatchesViewAssertion(Detox){viewMatcher=(view has effective visibility <VISIBLE> and view.getGlobalVisibleRect() covers at least <75> percent of the view's area)}' assertion on view (view.getTag() is "more_menu_header_button" and view has effective visibility <VISIBLE>)
14:26:19.838 32194 32247 I DetoxActionHandlers: Test exception
14:26:19.838 32194 32247 I DetoxActionHandlers: java.lang.reflect.InvocationTargetException
14:26:19.838 32194 32247 I DetoxActionHandlers: 	at java.lang.reflect.Method.invoke(Native Method)
14:26:19.838 32194 32247 I DetoxActionHandlers: 	at org.apache.commons.lang3.reflect.MethodUtils.invokeStaticMethod(MethodUtils.java:443)
14:26:19.838 32194 32247 I DetoxActionHandlers: 	at org.apache.commons.lang3.reflect.MethodUtils.invokeStaticMethod(MethodUtils.java:405)
14:26:19.838 32194 32247 I DetoxActionHandlers: 	at com.wix.invoke.types.ClassTarget.execute(ClassTarget.java:23)
14:26:19.838 32194 32247 I DetoxActionHandlers: 	at com.wix.invoke.types.Target.invoke(Target.java:59)
14:26:19.838 32194 32247 I DetoxActionHandlers: 	at com.wix.invoke.MethodInvocation.invoke(MethodInvocation.java:35)
14:26:19.838 32194 32247 I DetoxActionHandlers: 	at com.wix.invoke.MethodInvocation.invoke(MethodInvocation.java:26)
14:26:19.838 32194 32247 I DetoxActionHandlers: 	at com.wix.invoke.MethodInvocation.invoke(MethodInvocation.java:20)
14:26:19.838 32194 32247 I DetoxActionHandlers: 	at com.wix.detox.adapters.server.InvokeActionHandler.handle(DetoxActionHandlers.kt:54)
14:26:19.838 32194 32247 I DetoxActionHandlers: 	at com.wix.detox.adapters.server.ActionsExecutor.executeAction$lambda$2$lambda$1(DetoxActionsDispatcher.kt:76)
14:26:19.838 32194 32247 I DetoxActionHandlers: 	at com.wix.detox.adapters.server.ActionsExecutor.$r8$lambda$LZ3KRuVesIYkeXHJoNMi_yqw1HU(Unknown Source:0)
14:26:19.838 32194 32247 I DetoxActionHandlers: 	at com.wix.detox.adapters.server.ActionsExecutor$$ExternalSyntheticLambda0.run(Unknown Source:8)
14:26:19.838 32194 32247 I DetoxActionHandlers: 	at android.os.Handler.handleCallback(Handler.java:959)
14:26:19.838 32194 32247 I DetoxActionHandlers: 	at android.os.Handler.dispatchMessage(Handler.java:100)
14:26:19.838 32194 32247 I DetoxActionHandlers: 	at android.os.Looper.loopOnce(Looper.java:232)
14:26:19.838 32194 32247 I DetoxActionHandlers: 	at android.os.Looper.loop(Looper.java:317)
14:26:19.838 32194 32247 I DetoxActionHandlers: 	at com.wix.detox.adapters.server.ActionsExecutor._init_$lambda$0(DetoxActionsDispatcher.kt:62)
14:26:19.838 32194 32247 I DetoxActionHandlers: 	at com.wix.detox.adapters.server.ActionsExecutor.$r8$lambda$4eWOlZMqOQq2jbqiFbTCEP-pHOY(Unknown Source:0)
14:26:19.838 32194 32247 I DetoxActionHandlers: 	at com.wix.detox.adapters.server.ActionsExecutor$$ExternalSyntheticLambda1.run(Unknown Source:4)
14:26:19.838 32194 32247 I DetoxActionHandlers: 	at java.lang.Thread.run(Thread.java:1012)
14:26:19.838 32194 32247 I DetoxActionHandlers: Caused by: androidx.test.espresso.base.AssertionErrorHandler$AssertionFailedWithCauseError: '(view has effective visibility <VISIBLE> and view.getGlobalVisibleRect() covers at least <75> percent of the view's area)' doesn't match the selected view.
14:26:19.838 32194 32247 I DetoxActionHandlers: Expected: (view has effective visibility <VISIBLE> and view.getGlobalVisibleRect() covers at least <75> percent of the view's area)
14:26:19.838 32194 32247 I DetoxActionHandlers:      Got: was null
14:26:19.838 32194 32247 I DetoxActionHandlers: 
14:26:19.838 32194 32247 I DetoxActionHandlers: 	at dalvik.system.VMStack.getThreadStackTrace(Native Method)
14:26:19.838 32194 32247 I DetoxActionHandlers: 	at java.lang.Thread.getStackTrace(Thread.java:1841)
14:26:19.838 32194 32247 I DetoxActionHandlers: 	at androidx.test.espresso.base.AssertionErrorHandler.handleSafely(AssertionErrorHandler.java:35)
14:26:19.838 32194 32247 I DetoxActionHandlers: 	at androidx.test.espresso.base.AssertionErrorHandler.handleSafely(AssertionErrorHandler.java:26)
14:26:19.838 32194 32247 I DetoxActionHandlers: 	at androidx.test.espresso.base.DefaultFailureHandler$TypedFailureHandler.handle(DefaultFailureHandler.java:158)
14:26:19.838 32194 32247 I DetoxActionHandlers: 	at androidx.test.espresso.base.DefaultFailureHandler.handle(DefaultFailureHandler.java:120)
14:26:19.838 32194 32247 I DetoxActionHandlers: 	at androidx.test.espresso.ViewInteraction.waitForAndHandleInteractionResults(ViewInteraction.java:387)
14:26:19.838 32194 32247 I DetoxActionHandlers: 	at androidx.test.espresso.ViewInteraction.check(ViewInteraction.java:366)
14:26:19.838 32194 32247 I DetoxActionHandlers: 	at com.wix.detox.espresso.DetoxAssertion.assertMatcher(DetoxAssertion.java:37)
14:26:19.838 32194 32247 I DetoxActionHandlers: 	... 20 more
14:26:19.838 32194 32247 I DetoxActionHandlers: Caused by: junit.framework.AssertionFailedError: '(view has effective visibility <VISIBLE> and view.getGlobalVisibleRect() covers at least <75> percent of the view's area)' doesn't match the selected view.
14:26:19.838 32194 32247 I DetoxActionHandlers: Expected: (view has effective visibility <VISIBLE> and view.getGlobalVisibleRect() covers at least <75> percent of the view's area)
14:26:19.838 32194 32247 I DetoxActionHandlers:      Got: was null
14:26:19.838 32194 32247 I DetoxActionHandlers: 
14:26:19.838 32194 32247 I DetoxActionHandlers: 	at androidx.test.espresso.matcher.ViewMatchers.assertThat(ViewMatchers.java:620)
14:26:19.838 32194 32247 I DetoxActionHandlers: 	at com.wix.detox.espresso.assertion.ViewAssertions$MatchesViewAssertion.check(ViewAssertions.java:51)
14:26:19.838 32194 32247 I DetoxActionHandlers: 	at androidx.test.espresso.ViewInteraction$SingleExecutionViewAssertion.check(ViewInteraction.java:488)
14:26:19.838 32194 32247 I DetoxActionHandlers: 	at androidx.test.espresso.ViewInteraction$2.call(ViewInteraction.java:346)
14:26:19.838 32194 32247 I DetoxActionHandlers: 	at androidx.test.espresso.ViewInteraction$2.call(ViewInteraction.java:319)
14:26:19.838 32194 32247 I DetoxActionHandlers: 	at java.util.concurrent.FutureTask.run(FutureTask.java:264)
14:26:19.838 32194 32247 I DetoxActionHandlers: 	at android.os.Handler.handleCallback(Handler.java:959)
14:26:19.838 32194 32247 I DetoxActionHandlers: 	at android.os.Handler.dispatchMessage(Handler.java:100)
14:26:19.838 32194 32247 I DetoxActionHandlers: 	at android.os.Looper.loopOnce(Looper.java:232)
14:26:19.838 32194 32247 I DetoxActionHandlers: 	at android.os.Looper.loop(Looper.java:317)
14:26:19.838 32194 32247 I DetoxActionHandlers: 	at android.app.ActivityThread.main(ActivityThread.java:8705)
14:26:19.838 32194 32247 I DetoxActionHandlers: 	at java.lang.reflect.Method.invoke(Native Method)
14:26:19.838 32194 32247 I DetoxActionHandlers: 	at com.android.internal.os.RuntimeInit$MethodAndArgsCaller.run(RuntimeInit.java:580)
