14:26:59.533 32194 32247 I DetoxWSClient: Sending out action 'invokeResult' (ID #66)
14:26:59.533 32194 32247 I DetoxDispatcher: Done with action 'invoke'
14:26:59.604 32194 32251 D DetoxWSClient: Received action 'invoke' (ID #67, params={"target":{"type":"Class","value":"com.wix.detox.espresso.DetoxAssertion"},"method":"assertMatcher","args":[{"type":"Invocation","value":{"target":{"type":"Class","value":"androidx.test.espresso.Espresso"},"method":"onView","args":[{"type":"Invocation","value":{"target":{"type":"Class","value":"com.wix.detox.espresso.DetoxMatcher"},"method":"matcherForTestId","args":["timeslots_list",{"type":"boolean","value":false}]}}]}},{"type":"Invocation","value":{"target":{"type":"Class","value":"com.wix.detox.espresso.DetoxMatcher"},"method":"matcherForSufficientlyVisible","args":[{"type":"Integer","value":75}]}}]})
14:26:59.605 32194 32247 I DetoxDispatcher: Handling action 'invoke' (ID #67)...
14:26:59.605 32194 32247 D Detox   : class com.wix.detox.espresso.DetoxMatcher, matcherForTestId, [timeslots_list, false]
14:26:59.606 32194 32247 D Detox   : class androidx.test.espresso.Espresso, onView, [(view.getTag() is "timeslots_list" and view has effective visibility <VISIBLE>)]
14:26:59.606 32194 32247 D Detox   : class com.wix.detox.espresso.DetoxMatcher, matcherForSufficientlyVisible, [75]
14:26:59.606 32194 32247 D Detox   : class com.wix.detox.espresso.DetoxAssertion, assertMatcher, [androidx.test.espresso.ViewInteraction@e0b5739, (view has effective visibility <VISIBLE> and view.getGlobalVisibleRect() covers at least <75> percent of the view's area)]
14:26:59.609 32194 32194 I ViewInteraction: Checking 'MatchesViewAssertion(Detox){viewMatcher=(view has effective visibility <VISIBLE> and view.getGlobalVisibleRect() covers at least <75> percent of the view's area)}' assertion on view (view.getTag() is "timeslots_list" and view has effective visibility <VISIBLE>)
14:26:59.611 32194 32247 I DetoxWSClient: Sending out action 'invokeResult' (ID #67)
14:26:59.611 32194 32247 I DetoxDispatcher: Done with action 'invoke'
14:26:59.614 32194 32251 D DetoxWSClient: Received action 'invoke' (ID #68, params={"target":{"type":"Class","value":"com.wix.detox.espresso.DetoxAssertion"},"method":"assertMatcher","args":[{"type":"Invocation","value":{"target":{"type":"Class","value":"androidx.test.espresso.Espresso"},"method":"onView","args":[{"type":"Invocation","value":{"target":{"type":"Class","value":"com.wix.detox.espresso.DetoxMatcher"},"method":"matcherForTestId","args":["timeslots_empty_list",{"type":"boolean","value":false}]}}]}},{"type":"Invocation","value":{"target":{"type":"Class","value":"com.wix.detox.espresso.DetoxMatcher"},"method":"matcherForSufficientlyVisible","args":[{"type":"Integer","value":75}]}}]})
14:26:59.615 32194 32247 I DetoxDispatcher: Handling action 'invoke' (ID #68)...
14:26:59.615 32194 32247 D Detox   : class com.wix.detox.espresso.DetoxMatcher, matcherForTestId, [timeslots_empty_list, false]
14:26:59.615 32194 32247 D Detox   : class androidx.test.espresso.Espresso, onView, [(view.getTag() is "timeslots_empty_list" and view has effective visibility <VISIBLE>)]
14:26:59.615 32194 32247 D Detox   : class com.wix.detox.espresso.DetoxMatcher, matcherForSufficientlyVisible, [75]
14:26:59.615 32194 32247 D Detox   : class com.wix.detox.espresso.DetoxAssertion, assertMatcher, [androidx.test.espresso.ViewInteraction@d0d26df, (view has effective visibility <VISIBLE> and view.getGlobalVisibleRect() covers at least <75> percent of the view's area)]
14:26:59.624 32194 32194 I ViewInteraction: Checking 'MatchesViewAssertion(Detox){viewMatcher=(view has effective visibility <VISIBLE> and view.getGlobalVisibleRect() covers at least <75> percent of the view's area)}' assertion on view (view.getTag() is "timeslots_empty_list" and view has effective visibility <VISIBLE>)
14:26:59.802 32194 32247 I DetoxActionHandlers: Test exception
14:26:59.802 32194 32247 I DetoxActionHandlers: java.lang.reflect.InvocationTargetException
14:26:59.802 32194 32247 I DetoxActionHandlers: 	at java.lang.reflect.Method.invoke(Native Method)
14:26:59.802 32194 32247 I DetoxActionHandlers: 	at org.apache.commons.lang3.reflect.MethodUtils.invokeStaticMethod(MethodUtils.java:443)
14:26:59.802 32194 32247 I DetoxActionHandlers: 	at org.apache.commons.lang3.reflect.MethodUtils.invokeStaticMethod(MethodUtils.java:405)
14:26:59.802 32194 32247 I DetoxActionHandlers: 	at com.wix.invoke.types.ClassTarget.execute(ClassTarget.java:23)
14:26:59.802 32194 32247 I DetoxActionHandlers: 	at com.wix.invoke.types.Target.invoke(Target.java:59)
14:26:59.802 32194 32247 I DetoxActionHandlers: 	at com.wix.invoke.MethodInvocation.invoke(MethodInvocation.java:35)
14:26:59.802 32194 32247 I DetoxActionHandlers: 	at com.wix.invoke.MethodInvocation.invoke(MethodInvocation.java:26)
14:26:59.802 32194 32247 I DetoxActionHandlers: 	at com.wix.invoke.MethodInvocation.invoke(MethodInvocation.java:20)
14:26:59.802 32194 32247 I DetoxActionHandlers: 	at com.wix.detox.adapters.server.InvokeActionHandler.handle(DetoxActionHandlers.kt:54)
14:26:59.802 32194 32247 I DetoxActionHandlers: 	at com.wix.detox.adapters.server.ActionsExecutor.executeAction$lambda$2$lambda$1(DetoxActionsDispatcher.kt:76)
14:26:59.802 32194 32247 I DetoxActionHandlers: 	at com.wix.detox.adapters.server.ActionsExecutor.$r8$lambda$LZ3KRuVesIYkeXHJoNMi_yqw1HU(Unknown Source:0)
14:26:59.802 32194 32247 I DetoxActionHandlers: 	at com.wix.detox.adapters.server.ActionsExecutor$$ExternalSyntheticLambda0.run(Unknown Source:8)
14:26:59.802 32194 32247 I DetoxActionHandlers: 	at android.os.Handler.handleCallback(Handler.java:959)
14:26:59.802 32194 32247 I DetoxActionHandlers: 	at android.os.Handler.dispatchMessage(Handler.java:100)
14:26:59.802 32194 32247 I DetoxActionHandlers: 	at android.os.Looper.loopOnce(Looper.java:232)
14:26:59.802 32194 32247 I DetoxActionHandlers: 	at android.os.Looper.loop(Looper.java:317)
14:26:59.802 32194 32247 I DetoxActionHandlers: 	at com.wix.detox.adapters.server.ActionsExecutor._init_$lambda$0(DetoxActionsDispatcher.kt:62)
14:26:59.802 32194 32247 I DetoxActionHandlers: 	at com.wix.detox.adapters.server.ActionsExecutor.$r8$lambda$4eWOlZMqOQq2jbqiFbTCEP-pHOY(Unknown Source:0)
14:26:59.802 32194 32247 I DetoxActionHandlers: 	at com.wix.detox.adapters.server.ActionsExecutor$$ExternalSyntheticLambda1.run(Unknown Source:4)
14:26:59.802 32194 32247 I DetoxActionHandlers: 	at java.lang.Thread.run(Thread.java:1012)
14:26:59.802 32194 32247 I DetoxActionHandlers: Caused by: androidx.test.espresso.base.AssertionErrorHandler$AssertionFailedWithCauseError: '(view has effective visibility <VISIBLE> and view.getGlobalVisibleRect() covers at least <75> percent of the view's area)' doesn't match the selected view.
14:26:59.802 32194 32247 I DetoxActionHandlers: Expected: (view has effective visibility <VISIBLE> and view.getGlobalVisibleRect() covers at least <75> percent of the view's area)
14:26:59.802 32194 32247 I DetoxActionHandlers:      Got: was null
14:26:59.802 32194 32247 I DetoxActionHandlers: 
14:26:59.802 32194 32247 I DetoxActionHandlers: 	at dalvik.system.VMStack.getThreadStackTrace(Native Method)
14:26:59.802 32194 32247 I DetoxActionHandlers: 	at java.lang.Thread.getStackTrace(Thread.java:1841)
14:26:59.802 32194 32247 I DetoxActionHandlers: 	at androidx.test.espresso.base.AssertionErrorHandler.handleSafely(AssertionErrorHandler.java:35)
14:26:59.802 32194 32247 I DetoxActionHandlers: 	at androidx.test.espresso.base.AssertionErrorHandler.handleSafely(AssertionErrorHandler.java:26)
14:26:59.802 32194 32247 I DetoxActionHandlers: 	at androidx.test.espresso.base.DefaultFailureHandler$TypedFailureHandler.handle(DefaultFailureHandler.java:158)
14:26:59.802 32194 32247 I DetoxActionHandlers: 	at androidx.test.espresso.base.DefaultFailureHandler.handle(DefaultFailureHandler.java:120)
14:26:59.802 32194 32247 I DetoxActionHandlers: 	at androidx.test.espresso.ViewInteraction.waitForAndHandleInteractionResults(ViewInteraction.java:387)
14:26:59.802 32194 32247 I DetoxActionHandlers: 	at androidx.test.espresso.ViewInteraction.check(ViewInteraction.java:366)
14:26:59.802 32194 32247 I DetoxActionHandlers: 	at com.wix.detox.espresso.DetoxAssertion.assertMatcher(DetoxAssertion.java:37)
14:26:59.802 32194 32247 I DetoxActionHandlers: 	... 20 more
14:26:59.802 32194 32247 I DetoxActionHandlers: Caused by: junit.framework.AssertionFailedError: '(view has effective visibility <VISIBLE> and view.getGlobalVisibleRect() covers at least <75> percent of the view's area)' doesn't match the selected view.
14:26:59.802 32194 32247 I DetoxActionHandlers: Expected: (view has effective visibility <VISIBLE> and view.getGlobalVisibleRect() covers at least <75> percent of the view's area)
14:26:59.802 32194 32247 I DetoxActionHandlers:      Got: was null
14:26:59.802 32194 32247 I DetoxActionHandlers: 
14:26:59.802 32194 32247 I DetoxActionHandlers: 	at androidx.test.espresso.matcher.ViewMatchers.assertThat(ViewMatchers.java:620)
14:26:59.802 32194 32247 I DetoxActionHandlers: 	at com.wix.detox.espresso.assertion.ViewAssertions$MatchesViewAssertion.check(ViewAssertions.java:51)
14:26:59.802 32194 32247 I DetoxActionHandlers: 	at androidx.test.espresso.ViewInteraction$SingleExecutionViewAssertion.check(ViewInteraction.java:488)
14:26:59.802 32194 32247 I DetoxActionHandlers: 	at androidx.test.espresso.ViewInteraction$2.call(ViewInteraction.java:346)
14:26:59.802 32194 32247 I DetoxActionHandlers: 	at androidx.test.espresso.ViewInteraction$2.call(ViewInteraction.java:319)
14:26:59.802 32194 32247 I DetoxActionHandlers: 	at java.util.concurrent.FutureTask.run(FutureTask.java:264)
14:26:59.802 32194 32247 I DetoxActionHandlers: 	at android.os.Handler.handleCallback(Handler.java:959)
14:26:59.802 32194 32247 I DetoxActionHandlers: 	at android.os.Handler.dispatchMessage(Handler.java:100)
14:26:59.802 32194 32247 I DetoxActionHandlers: 	at android.os.Looper.loopOnce(Looper.java:232)
14:26:59.802 32194 32247 I DetoxActionHandlers: 	at android.os.Looper.loop(Looper.java:317)
14:26:59.802 32194 32247 I DetoxActionHandlers: 	at android.app.ActivityThread.main(ActivityThread.java:8705)
14:26:59.802 32194 32247 I DetoxActionHandlers: 	at java.lang.reflect.Method.invoke(Native Method)
14:26:59.802 32194 32247 I DetoxActionHandlers: 	at com.android.internal.os.RuntimeInit$MethodAndArgsCaller.run(RuntimeInit.java:580)
14:26:59.802 32194 32247 I DetoxActionHandlers: 	at com.android.internal.os.ZygoteInit.main(ZygoteInit.java:886)
14:26:59.802 32194 32247 I DetoxWSClient: Sending out action 'testFailed' (ID #68)
14:26:59.802 32194 32247 I DetoxDispatcher: Done with action 'invoke'
14:26:59.983 32194 32251 D DetoxWSClient: Received action 'invoke' (ID #69, params={"target":{"type":"Class","value":"com.wix.detox.espresso.DetoxAssertion"},"method":"assertMatcher","args":[{"type":"Invocation","value":{"target":{"type":"Class","value":"androidx.test.espresso.Espresso"},"method":"onView","args":[{"type":"Invocation","value":{"target":{"type":"Class","value":"com.wix.detox.espresso.DetoxMatcher"},"method":"matcherForTestId","args":["timeslots_list",{"type":"boolean","value":false}]}}]}},{"type":"Invocation","value":{"target":{"type":"Class","value":"com.wix.detox.espresso.DetoxMatcher"},"method":"matcherForSufficientlyVisible","args":[{"type":"Integer","value":75}]}}]})
14:26:59.983 32194 32247 I DetoxDispatcher: Handling action 'invoke' (ID #69)...
14:26:59.983 32194 32247 D Detox   : class com.wix.detox.espresso.DetoxMatcher, matcherForTestId, [timeslots_list, false]
14:26:59.984 32194 32247 D Detox   : class androidx.test.espresso.Espresso, onView, [(view.getTag() is "timeslots_list" and view has effective visibility <VISIBLE>)]
14:26:59.984 32194 32247 D Detox   : class com.wix.detox.espresso.DetoxMatcher, matcherForSufficientlyVisible, [75]
14:26:59.984 32194 32247 D Detox   : class com.wix.detox.espresso.DetoxAssertion, assertMatcher, [androidx.test.espresso.ViewInteraction@4b9db74, (view has effective visibility <VISIBLE> and view.getGlobalVisibleRect() covers at least <75> percent of the view's area)]
14:27:00.129 32194 32194 I ViewInteraction: Checking 'MatchesViewAssertion(Detox){viewMatcher=(view has effective visibility <VISIBLE> and view.getGlobalVisibleRect() covers at least <75> percent of the view's area)}' assertion on view (view.getTag() is "timeslots_list" and view has effective visibility <VISIBLE>)
14:27:00.130 32194 32247 I DetoxWSClient: Sending out action 'invokeResult' (ID #69)
14:27:00.130 32194 32247 I DetoxDispatcher: Done with action 'invoke'
14:27:00.133 32194 32251 D DetoxWSClient: Received action 'invoke' (ID #70, params={"target":{"type":"Class","value":"com.wix.detox.espresso.DetoxAssertion"},"method":"assertMatcher","args":[{"type":"Invocation","value":{"target":{"type":"Class","value":"androidx.test.espresso.Espresso"},"method":"onView","args":[{"type":"Invocation","value":{"target":{"type":"Class","value":"com.wix.detox.espresso.DetoxMatcher"},"method":"matcherForTestId","args":["timeslots_empty_list",{"type":"boolean","value":false}]}}]}},{"type":"Invocation","value":{"target":{"type":"Class","value":"com.wix.detox.espresso.DetoxMatcher"},"method":"matcherForSufficientlyVisible","args":[{"type":"Integer","value":75}]}}]})
14:27:00.133 32194 32247 I DetoxDispatcher: Handling action 'invoke' (ID #70)...
14:27:00.133 32194 32247 D Detox   : class com.wix.detox.espresso.DetoxMatcher, matcherForTestId, [timeslots_empty_list, false]
14:27:00.133 32194 32247 D Detox   : class androidx.test.espresso.Espresso, onView, [(view.getTag() is "timeslots_empty_list" and view has effective visibility <VISIBLE>)]
14:27:00.133 32194 32247 D Detox   : class com.wix.detox.espresso.DetoxMatcher, matcherForSufficientlyVisible, [75]
14:27:00.134 32194 32247 D Detox   : class com.wix.detox.espresso.DetoxAssertion, assertMatcher, [androidx.test.espresso.ViewInteraction@3b7f89d, (view has effective visibility <VISIBLE> and view.getGlobalVisibleRect() covers at least <75> percent of the view's area)]
14:27:00.137 32194 32194 I ViewInteraction: Checking 'MatchesViewAssertion(Detox){viewMatcher=(view has effective visibility <VISIBLE> and view.getGlobalVisibleRect() covers at least <75> percent of the view's area)}' assertion on view (view.getTag() is "timeslots_empty_list" and view has effective visibility <VISIBLE>)
14:27:00.282 32194 32247 I DetoxActionHandlers: Test exception
14:27:00.282 32194 32247 I DetoxActionHandlers: java.lang.reflect.InvocationTargetException
14:27:00.282 32194 32247 I DetoxActionHandlers: 	at java.lang.reflect.Method.invoke(Native Method)
14:27:00.282 32194 32247 I DetoxActionHandlers: 	at org.apache.commons.lang3.reflect.MethodUtils.invokeStaticMethod(MethodUtils.java:443)
14:27:00.282 32194 32247 I DetoxActionHandlers: 	at org.apache.commons.lang3.reflect.MethodUtils.invokeStaticMethod(MethodUtils.java:405)
14:27:00.282 32194 32247 I DetoxActionHandlers: 	at com.wix.invoke.types.ClassTarget.execute(ClassTarget.java:23)
14:27:00.282 32194 32247 I DetoxActionHandlers: 	at com.wix.invoke.types.Target.invoke(Target.java:59)
14:27:00.282 32194 32247 I DetoxActionHandlers: 	at com.wix.invoke.MethodInvocation.invoke(MethodInvocation.java:35)
14:27:00.282 32194 32247 I DetoxActionHandlers: 	at com.wix.invoke.MethodInvocation.invoke(MethodInvocation.java:26)
14:27:00.282 32194 32247 I DetoxActionHandlers: 	at com.wix.invoke.MethodInvocation.invoke(MethodInvocation.java:20)
14:27:00.282 32194 32247 I DetoxActionHandlers: 	at com.wix.detox.adapters.server.InvokeActionHandler.handle(DetoxActionHandlers.kt:54)
14:27:00.282 32194 32247 I DetoxActionHandlers: 	at com.wix.detox.adapters.server.ActionsExecutor.executeAction$lambda$2$lambda$1(DetoxActionsDispatcher.kt:76)
14:27:00.282 32194 32247 I DetoxActionHandlers: 	at com.wix.detox.adapters.server.ActionsExecutor.$r8$lambda$LZ3KRuVesIYkeXHJoNMi_yqw1HU(Unknown Source:0)
14:27:00.282 32194 32247 I DetoxActionHandlers: 	at com.wix.detox.adapters.server.ActionsExecutor$$ExternalSyntheticLambda0.run(Unknown Source:8)
14:27:00.282 32194 32247 I DetoxActionHandlers: 	at android.os.Handler.handleCallback(Handler.java:959)
14:27:00.282 32194 32247 I DetoxActionHandlers: 	at android.os.Handler.dispatchMessage(Handler.java:100)
14:27:00.282 32194 32247 I DetoxActionHandlers: 	at android.os.Looper.loopOnce(Looper.java:232)
14:27:00.282 32194 32247 I DetoxActionHandlers: 	at android.os.Looper.loop(Looper.java:317)
14:27:00.282 32194 32247 I DetoxActionHandlers: 	at com.wix.detox.adapters.server.ActionsExecutor._init_$lambda$0(DetoxActionsDispatcher.kt:62)
14:27:00.282 32194 32247 I DetoxActionHandlers: 	at com.wix.detox.adapters.server.ActionsExecutor.$r8$lambda$4eWOlZMqOQq2jbqiFbTCEP-pHOY(Unknown Source:0)
14:27:00.282 32194 32247 I DetoxActionHandlers: 	at com.wix.detox.adapters.server.ActionsExecutor$$ExternalSyntheticLambda1.run(Unknown Source:4)
14:27:00.282 32194 32247 I DetoxActionHandlers: 	at java.lang.Thread.run(Thread.java:1012)
14:27:00.282 32194 32247 I DetoxActionHandlers: Caused by: androidx.test.espresso.base.AssertionErrorHandler$AssertionFailedWithCauseError: '(view has effective visibility <VISIBLE> and view.getGlobalVisibleRect() covers at least <75> percent of the view's area)' doesn't match the selected view.
14:27:00.282 32194 32247 I DetoxActionHandlers: Expected: (view has effective visibility <VISIBLE> and view.getGlobalVisibleRect() covers at least <75> percent of the view's area)
14:27:00.282 32194 32247 I DetoxActionHandlers:      Got: was null
14:27:00.282 32194 32247 I DetoxActionHandlers: 
14:27:00.282 32194 32247 I DetoxActionHandlers: 	at dalvik.system.VMStack.getThreadStackTrace(Native Method)
14:27:00.282 32194 32247 I DetoxActionHandlers: 	at java.lang.Thread.getStackTrace(Thread.java:1841)
14:27:00.282 32194 32247 I DetoxActionHandlers: 	at androidx.test.espresso.base.AssertionErrorHandler.handleSafely(AssertionErrorHandler.java:35)
14:27:00.282 32194 32247 I DetoxActionHandlers: 	at androidx.test.espresso.base.AssertionErrorHandler.handleSafely(AssertionErrorHandler.java:26)
14:27:00.282 32194 32247 I DetoxActionHandlers: 	at androidx.test.espresso.base.DefaultFailureHandler$TypedFailureHandler.handle(DefaultFailureHandler.java:158)
14:27:00.282 32194 32247 I DetoxActionHandlers: 	at androidx.test.espresso.base.DefaultFailureHandler.handle(DefaultFailureHandler.java:120)
14:27:00.282 32194 32247 I DetoxActionHandlers: 	at androidx.test.espresso.ViewInteraction.waitForAndHandleInteractionResults(ViewInteraction.java:387)
14:27:00.282 32194 32247 I DetoxActionHandlers: 	at androidx.test.espresso.ViewInteraction.check(ViewInteraction.java:366)
14:27:00.282 32194 32247 I DetoxActionHandlers: 	at com.wix.detox.espresso.DetoxAssertion.assertMatcher(DetoxAssertion.java:37)
14:27:00.282 32194 32247 I DetoxActionHandlers: 	... 20 more
14:27:00.282 32194 32247 I DetoxActionHandlers: Caused by: junit.framework.AssertionFailedError: '(view has effective visibility <VISIBLE> and view.getGlobalVisibleRect() covers at least <75> percent of the view's area)' doesn't match the selected view.
14:27:00.282 32194 32247 I DetoxActionHandlers: Expected: (view has effective visibility <VISIBLE> and view.getGlobalVisibleRect() covers at least <75> percent of the view's area)
14:27:00.282 32194 32247 I DetoxActionHandlers:      Got: was null
14:27:00.282 32194 32247 I DetoxActionHandlers: 
14:27:00.282 32194 32247 I DetoxActionHandlers: 	at androidx.test.espresso.matcher.ViewMatchers.assertThat(ViewMatchers.java:620)
14:27:00.282 32194 32247 I DetoxActionHandlers: 	at com.wix.detox.espresso.assertion.ViewAssertions$MatchesViewAssertion.check(ViewAssertions.java:51)
14:27:00.282 32194 32247 I DetoxActionHandlers: 	at androidx.test.espresso.ViewInteraction$SingleExecutionViewAssertion.check(ViewInteraction.java:488)
14:27:00.282 32194 32247 I DetoxActionHandlers: 	at androidx.test.espresso.ViewInteraction$2.call(ViewInteraction.java:346)
14:27:00.282 32194 32247 I DetoxActionHandlers: 	at androidx.test.espresso.ViewInteraction$2.call(ViewInteraction.java:319)
14:27:00.282 32194 32247 I DetoxActionHandlers: 	at java.util.concurrent.FutureTask.run(FutureTask.java:264)
14:27:00.282 32194 32247 I DetoxActionHandlers: 	at android.os.Handler.handleCallback(Handler.java:959)
14:27:00.282 32194 32247 I DetoxActionHandlers: 	at android.os.Handler.dispatchMessage(Handler.java:100)
14:27:00.282 32194 32247 I DetoxActionHandlers: 	at android.os.Looper.loopOnce(Looper.java:232)
14:27:00.282 32194 32247 I DetoxActionHandlers: 	at android.os.Looper.loop(Looper.java:317)
14:27:00.282 32194 32247 I DetoxActionHandlers: 	at android.app.ActivityThread.main(ActivityThread.java:8705)
14:27:00.282 32194 32247 I DetoxActionHandlers: 	at java.lang.reflect.Method.invoke(Native Method)
14:27:00.282 32194 32247 I DetoxActionHandlers: 	at com.android.internal.os.RuntimeInit$MethodAndArgsCaller.run(RuntimeInit.java:580)
14:27:00.282 32194 32247 I DetoxActionHandlers: 	at com.android.internal.os.ZygoteInit.main(ZygoteInit.java:886)
14:27:00.282 32194 32247 I DetoxWSClient: Sending out action 'testFailed' (ID #70)
14:27:00.283 32194 32247 I DetoxDispatcher: Done with action 'invoke'
14:27:00.285 32194 32251 D DetoxWSClient: Received action 'invoke' (ID #71, params={"target":{"type":"Class","value":"com.wix.detox.espresso.EspressoDetox"},"method":"perform","args":[{"type":"Invocation","value":{"target":{"type":"Class","value":"com.wix.detox.espresso.DetoxMatcher"},"method":"matcherForTestId","args":["\/^timeslot_(((0?[1-9])|(1[0-2])):([0-5])(0|5)(A|P)M) - (((0?[1-9])|(1[0-2])):([0-5])(0|5)(A|P)M)$\/",{"type":"boolean","value":true}]}},{"type":"Invocation","value":{"target":{"type":"Class","value":"com.wix.detox.espresso.DetoxAction"},"method":"getAttributes","args":[]}}]})
14:27:00.285 32194 32247 I DetoxDispatcher: Handling action 'invoke' (ID #71)...
14:27:00.285 32194 32247 D Detox   : class com.wix.detox.espresso.DetoxMatcher, matcherForTestId, [/^timeslot_(((0?[1-9])|(1[0-2])):([0-5])(0|5)(A|P)M) - (((0?[1-9])|(1[0-2])):([0-5])(0|5)(A|P)M)$/, true]
14:27:00.286 32194 32247 D Detox   : class com.wix.detox.espresso.DetoxAction, getAttributes, []
14:27:00.286 32194 32247 D Detox   : class com.wix.detox.espresso.EspressoDetox, perform, [(view.getTag() should match the pattern: /^timeslot_(((0?[1-9])|(1[0-2])):([0-5])(0|5)(A|P)M) - (((0?[1-9])|(1[0-2])):([0-5])(0|5)(A|P)M)$/ and view has effective visibility <VISIBLE>), com.wix.detox.espresso.action.GetAttributesAction@e61250c]
14:27:00.691 32194 32247 I DetoxWSClient: Sending out action 'invokeResult' (ID #71)
14:27:00.691 32194 32247 I DetoxDispatcher: Done with action 'invoke'
14:27:00.694 32194 32251 D DetoxWSClient: Received action 'invoke' (ID #72, params={"target":{"type":"Class","value":"com.wix.detox.espresso.EspressoDetox"},"method":"perform","args":[{"type":"Invocation","value":{"target":{"type":"Class","value":"com.wix.detox.espresso.DetoxMatcher"},"method":"matcherForTestId","args":["timeslot_1:00PM - 2:00PM",{"type":"boolean","value":false}]}},{"type":"Invocation","value":{"target":{"type":"Class","value":"com.wix.detox.espresso.DetoxViewActions"},"method":"click","args":[]}}]})
14:27:00.694 32194 32247 I DetoxDispatcher: Handling action 'invoke' (ID #72)...
14:27:00.694 32194 32247 D Detox   : class com.wix.detox.espresso.DetoxMatcher, matcherForTestId, [timeslot_1:00PM - 2:00PM, false]
14:27:00.695 32194 32247 D Detox   : class com.wix.detox.espresso.DetoxViewActions, click, []
14:27:00.695 32194 32247 D Detox   : class com.wix.detox.espresso.EspressoDetox, perform, [(view.getTag() is "timeslot_1:00PM - 2:00PM" and view has effective visibility <VISIBLE>), com.wix.detox.espresso.action.RNClickAction@dc7cad1]
14:27:00.803 32194 32194 I Detox   : UIManagerModule is busy
14:27:00.828 32194 32194 I Detox   : Network is busy, with 1 in-flight calls
14:27:00.844 32194 32194 I Detox   : Network is busy, with 1 in-flight calls
14:27:00.861 32194 32194 I Detox   : Network is busy, with 1 in-flight calls
14:27:00.877 32194 32194 I Detox   : Network is busy, with 1 in-flight calls
14:27:00.893 32194 32194 I Detox   : Network is busy, with 1 in-flight calls
14:27:00.910 32194 32194 I Detox   : Network is busy, with 1 in-flight calls
14:27:00.927 32194 32194 I Detox   : Network is busy, with 1 in-flight calls
14:27:00.943 32194 32194 I Detox   : Network is busy, with 1 in-flight calls
14:27:00.961 32194 32194 I Detox   : AnimatedModule is busy.
14:27:00.977 32194 32194 I Detox   : AnimatedModule is busy.
14:27:00.994 32194 32194 I Detox   : AnimatedModule is busy.
14:27:01.010 32194 32194 I Detox   : AnimatedModule is busy.
14:27:01.027 32194 32194 I Detox   : AnimatedModule is busy.
14:27:01.044 32194 32194 I Detox   : AnimatedModule is busy.
14:27:01.061 32194 32194 I Detox   : AnimatedModule is busy.
14:27:01.078 32194 32194 I Detox   : AnimatedModule is busy.
14:27:01.094 32194 32194 I Detox   : AnimatedModule is busy.
14:27:01.237 32194 32194 I Detox   : UIManagerModule is busy
14:27:01.278 32194 32194 I Detox   : Network is busy, with 1 in-flight calls
14:27:01.294 32194 32194 I Detox   : Network is busy, with 1 in-flight calls
14:27:01.310 32194 32194 I Detox   : Network is busy, with 1 in-flight calls
14:27:01.327 32194 32194 I Detox   : Network is busy, with 1 in-flight calls
14:27:01.344 32194 32194 I Detox   : Network is busy, with 1 in-flight calls
14:27:01.361 32194 32194 I Detox   : Network is busy, with 1 in-flight calls
14:27:01.377 32194 32194 I Detox   : Network is busy, with 1 in-flight calls
14:27:01.394 32194 32194 I Detox   : Network is busy, with 1 in-flight calls
14:27:01.410 32194 32194 I Detox   : Network is busy, with 1 in-flight calls
14:27:01.427 32194 32194 I Detox   : Network is busy, with 1 in-flight calls
14:27:01.444 32194 32194 I Detox   : Network is busy, with 1 in-flight calls
14:27:01.736 32194 32194 I Detox   : UIManagerModule is busy
14:27:01.776 32194 32194 I Detox   : UIManagerModule is busy
14:27:01.797 32194 32194 I Detox   : Network is busy, with 4 in-flight calls
14:27:01.812 32194 32194 I Detox   : Network is busy, with 4 in-flight calls
14:27:01.832 32194 32194 I Detox   : Network is busy, with 4 in-flight calls
14:27:01.846 32194 32194 I Detox   : Network is busy, with 3 in-flight calls
14:27:01.862 32194 32194 I Detox   : Network is busy, with 3 in-flight calls
14:27:01.880 32194 32194 I Detox   : Network is busy, with 3 in-flight calls
14:27:01.896 32194 32194 I Detox   : Network is busy, with 2 in-flight calls
14:27:01.930 32194 32194 I Detox   : Network is busy, with 1 in-flight calls
14:27:01.941 32194 32194 I Detox   : Network is busy, with 1 in-flight calls
14:27:01.947 32194 32194 I Detox   : Network is busy, with 1 in-flight calls
14:27:09.323 32194 32194 I Detox   : UIManagerModule is busy
14:27:09.328 32194 32194 I Detox   : Network is busy, with 3 in-flight calls
14:27:09.344 32194 32194 I Detox   : Network is busy, with 3 in-flight calls
14:27:09.360 32194 32194 I Detox   : Network is busy, with 2 in-flight calls
14:27:09.377 32194 32194 I Detox   : Network is busy, with 2 in-flight calls
14:27:09.393 32194 32194 I Detox   : Network is busy, with 2 in-flight calls
14:27:09.410 32194 32194 I Detox   : Network is busy, with 2 in-flight calls
14:27:09.427 32194 32194 I Detox   : Network is busy, with 2 in-flight calls
14:27:09.443 32194 32194 I Detox   : Network is busy, with 2 in-flight calls
14:27:10.367 32194 32194 I Detox   : UIManagerModule is busy
14:27:10.379 32194 32194 I Detox   : Network is busy, with 2 in-flight calls
14:27:10.395 32194 32194 I Detox   : Network is busy, with 2 in-flight calls
14:27:10.411 32194 32194 I Detox   : Network is busy, with 2 in-flight calls
14:27:10.430 32194 32194 I Detox   : Network is busy, with 2 in-flight calls
14:27:10.445 32194 32194 I Detox   : Network is busy, with 2 in-flight calls
14:27:10.461 32194 32194 I Detox   : Network is busy, with 2 in-flight calls
14:27:10.482 32194 32194 I Detox   : Network is busy, with 2 in-flight calls
14:27:10.495 32194 32194 I Detox   : Network is busy, with 1 in-flight calls
14:27:10.512 32194 32194 I Detox   : Network is busy, with 1 in-flight calls
14:27:10.528 32194 32194 I Detox   : Network is busy, with 1 in-flight calls
14:27:10.696 32194 32251 D DetoxWSClient: Received action 'currentStatus' (ID #73, params={})
14:27:10.696 32194 32248 I DetoxDispatcher: Handling action 'currentStatus' (ID #73)...
14:27:10.697 32194 32248 I DetoxWSClient: Sending out action 'currentStatusResult' (ID #73)
14:27:10.698 32194 32248 I DetoxDispatcher: Done with action 'currentStatus'
14:27:11.883 32194 32247 I DetoxWSClient: Sending out action 'invokeResult' (ID #72)
14:27:11.883 32194 32247 I DetoxDispatcher: Done with action 'invoke'
14:27:11.890 32194 32251 D DetoxWSClient: Received action 'invoke' (ID #74, params={"target":{"type":"Class","value":"com.wix.detox.espresso.DetoxAssertion"},"method":"waitForAssertMatcher","args":[{"type":"Invocation","value":{"target":{"type":"Class","value":"androidx.test.espresso.Espresso"},"method":"onView","args":[{"type":"Invocation","value":{"target":{"type":"Class","value":"com.wix.detox.espresso.DetoxMatcher"},"method":"matcherForTestId","args":["wakefern_reserved_timeslot_icon",{"type":"boolean","value":false}]}}]}},{"type":"Invocation","value":{"target":{"type":"Class","value":"com.wix.detox.espresso.DetoxMatcher"},"method":"matcherForSufficientlyVisible","args":[{"type":"Integer","value":75}]}},{"type":"Double","value":5}]})
14:27:11.890 32194 32247 I DetoxDispatcher: Handling action 'invoke' (ID #74)...
14:27:11.890 32194 32247 D Detox   : class com.wix.detox.espresso.DetoxMatcher, matcherForTestId, [wakefern_reserved_timeslot_icon, false]
14:27:11.891 32194 32247 D Detox   : class androidx.test.espresso.Espresso, onView, [(view.getTag() is "wakefern_reserved_timeslot_icon" and view has effective visibility <VISIBLE>)]
14:27:11.891 32194 32247 D Detox   : class com.wix.detox.espresso.DetoxMatcher, matcherForSufficientlyVisible, [75]
14:27:11.891 32194 32247 D Detox   : class com.wix.detox.espresso.DetoxAssertion, waitForAssertMatcher, [androidx.test.espresso.ViewInteraction@ed5eee, (view has effective visibility <VISIBLE> and view.getGlobalVisibleRect() covers at least <75> percent of the view's area), 5.0]
14:27:11.892 32194 32194 I ViewInteraction: Checking 'MatchesViewAssertion(Detox){viewMatcher=(view has effective visibility <VISIBLE> and view.getGlobalVisibleRect() covers at least <75> percent of the view's area)}' assertion on view (view.getTag() is "wakefern_reserved_timeslot_icon" and view has effective visibility <VISIBLE>)
14:27:11.892 32194 32247 I DetoxWSClient: Sending out action 'invokeResult' (ID #74)
14:27:11.893 32194 32247 I DetoxDispatcher: Done with action 'invoke'
14:27:11.894 32194 32251 D DetoxWSClient: Received action 'invoke' (ID #75, params={"target":{"type":"Class","value":"com.wix.detox.espresso.DetoxAssertion"},"method":"waitForAssertMatcher","args":[{"type":"Invocation","value":{"target":{"type":"Class","value":"androidx.test.espresso.Espresso"},"method":"onView","args":[{"type":"Invocation","value":{"target":{"type":"Class","value":"com.wix.detox.espresso.DetoxMatcher"},"method":"matcherForTestId","args":["wakefern_timeslot_list_open_table_button",{"type":"boolean","value":false}]}}]}},{"type":"Invocation","value":{"target":{"type":"Class","value":"com.wix.detox.espresso.DetoxMatcher"},"method":"matcherForSufficientlyVisible","args":[{"type":"Integer","value":75}]}},{"type":"Double","value":1}]})
14:27:11.895 32194 32247 I DetoxDispatcher: Handling action 'invoke' (ID #75)...
14:27:11.895 32194 32247 D Detox   : class com.wix.detox.espresso.DetoxMatcher, matcherForTestId, [wakefern_timeslot_list_open_table_button, false]
14:27:11.895 32194 32247 D Detox   : class androidx.test.espresso.Espresso, onView, [(view.getTag() is "wakefern_timeslot_list_open_table_button" and view has effective visibility <VISIBLE>)]
14:27:11.895 32194 32247 D Detox   : class com.wix.detox.espresso.DetoxMatcher, matcherForSufficientlyVisible, [75]
14:27:11.895 32194 32247 D Detox   : class com.wix.detox.espresso.DetoxAssertion, waitForAssertMatcher, [androidx.test.espresso.ViewInteraction@eef321c, (view has effective visibility <VISIBLE> and view.getGlobalVisibleRect() covers at least <75> percent of the view's area), 1.0]
14:27:11.896 32194 32194 I ViewInteraction: Checking 'MatchesViewAssertion(Detox){viewMatcher=(view has effective visibility <VISIBLE> and view.getGlobalVisibleRect() covers at least <75> percent of the view's area)}' assertion on view (view.getTag() is "wakefern_timeslot_list_open_table_button" and view has effective visibility <VISIBLE>)
14:27:11.896 32194 32247 I DetoxWSClient: Sending out action 'invokeResult' (ID #75)
14:27:11.897 32194 32247 I DetoxDispatcher: Done with action 'invoke'
14:27:11.898 32194 32251 D DetoxWSClient: Received action 'invoke' (ID #76, params={"target":{"type":"Class","value":"com.wix.detox.espresso.EspressoDetox"},"method":"perform","args":[{"type":"Invocation","value":{"target":{"type":"Class","value":"com.wix.detox.espresso.DetoxMatcher"},"method":"matcherForTestId","args":["wakefern_timeslot_list_open_table_button",{"type":"boolean","value":false}]}},{"type":"Invocation","value":{"target":{"type":"Class","value":"com.wix.detox.espresso.DetoxViewActions"},"method":"click","args":[]}}]})
14:27:11.898 32194 32247 I DetoxDispatcher: Handling action 'invoke' (ID #76)...
14:27:11.898 32194 32247 D Detox   : class com.wix.detox.espresso.DetoxMatcher, matcherForTestId, [wakefern_timeslot_list_open_table_button, false]
14:27:11.898 32194 32247 D Detox   : class com.wix.detox.espresso.DetoxViewActions, click, []
14:27:11.899 32194 32247 D Detox   : class com.wix.detox.espresso.EspressoDetox, perform, [(view.getTag() is "wakefern_timeslot_list_open_table_button" and view has effective visibility <VISIBLE>), com.wix.detox.espresso.action.RNClickAction@5d47bfa]
14:27:11.952 32194 32194 I Detox   : UIManagerModule is busy
14:27:12.938 32194 32194 I Detox   : UIManagerModule is busy
14:27:12.962 32194 32194 I Detox   : AnimatedModule is busy.
14:27:12.978 32194 32194 I Detox   : AnimatedModule is busy.
14:27:12.994 32194 32194 I Detox   : AnimatedModule is busy.
14:27:13.010 32194 32194 I Detox   : AnimatedModule is busy.
14:27:13.029 32194 32194 I Detox   : AnimatedModule is busy.
14:27:13.044 32194 32194 I Detox   : AnimatedModule is busy.
14:27:13.061 32194 32194 I Detox   : AnimatedModule is busy.
14:27:13.077 32194 32194 I Detox   : AnimatedModule is busy.
14:27:13.095 32194 32194 I Detox   : AnimatedModule is busy.
14:27:13.110 32194 32194 I Detox   : AnimatedModule is busy.
14:27:13.127 32194 32194 I Detox   : AnimatedModule is busy.
14:27:13.144 32194 32194 I Detox   : AnimatedModule is busy.
14:27:13.160 32194 32194 I Detox   : AnimatedModule is busy.
14:27:13.177 32194 32194 I Detox   : AnimatedModule is busy.
14:27:13.194 32194 32194 I Detox   : AnimatedModule is busy.
14:27:13.210 32194 32194 I Detox   : AnimatedModule is busy.
14:27:13.227 32194 32194 I Detox   : AnimatedModule is busy.
14:27:13.244 32194 32194 I Detox   : AnimatedModule is busy.
14:27:13.261 32194 32194 I Detox   : AnimatedModule is busy.
14:27:13.278 32194 32194 I Detox   : AnimatedModule is busy.
14:27:13.294 32194 32194 I Detox   : AnimatedModule is busy.
14:27:13.310 32194 32194 I Detox   : AnimatedModule is busy.
14:27:13.328 32194 32194 I Detox   : AnimatedModule is busy.
14:27:13.345 32194 32194 I Detox   : AnimatedModule is busy.
14:27:13.361 32194 32194 I Detox   : AnimatedModule is busy.
14:27:13.378 32194 32194 I Detox   : AnimatedModule is busy.
14:27:13.394 32194 32194 I Detox   : AnimatedModule is busy.
14:27:13.410 32194 32194 I Detox   : AnimatedModule is busy.
14:27:13.427 32194 32194 I Detox   : AnimatedModule is busy.
14:27:13.448 32194 32194 I Detox   : UIManagerModule is busy
14:27:13.936 32194 32194 I Detox   : UIManagerModule is busy
14:27:13.944 32194 32247 I DetoxWSClient: Sending out action 'invokeResult' (ID #76)
14:27:13.944 32194 32247 I DetoxDispatcher: Done with action 'invoke'
14:27:13.947 32194 32251 D DetoxWSClient: Received action 'invoke' (ID #77, params={"target":{"type":"Class","value":"com.wix.detox.espresso.DetoxAssertion"},"method":"waitForAssertMatcher","args":[{"type":"Invocation","value":{"target":{"type":"Class","value":"androidx.test.espresso.Espresso"},"method":"onView","args":[{"type":"Invocation","value":{"target":{"type":"Class","value":"com.wix.detox.espresso.DetoxMatcher"},"method":"matcherForTestId","args":["timeslots_list",{"type":"boolean","value":false}]}}]}},{"type":"Invocation","value":{"target":{"type":"Class","value":"com.wix.detox.espresso.DetoxMatcher"},"method":"matcherForSufficientlyVisible","args":[{"type":"Integer","value":75}]}},{"type":"Double","value":5}]})
14:27:13.947 32194 32247 I DetoxDispatcher: Handling action 'invoke' (ID #77)...
14:27:13.947 32194 32247 D Detox   : class com.wix.detox.espresso.DetoxMatcher, matcherForTestId, [timeslots_list, false]
14:27:13.948 32194 32247 D Detox   : class androidx.test.espresso.Espresso, onView, [(view.getTag() is "timeslots_list" and view has effective visibility <VISIBLE>)]
14:27:13.948 32194 32247 D Detox   : class com.wix.detox.espresso.DetoxMatcher, matcherForSufficientlyVisible, [75]
14:27:13.948 32194 32247 D Detox   : class com.wix.detox.espresso.DetoxAssertion, waitForAssertMatcher, [androidx.test.espresso.ViewInteraction@b20ac51, (view has effective visibility <VISIBLE> and view.getGlobalVisibleRect() covers at least <75> percent of the view's area), 5.0]
14:27:13.949 32194 32194 I ViewInteraction: Checking 'MatchesViewAssertion(Detox){viewMatcher=(view has effective visibility <VISIBLE> and view.getGlobalVisibleRect() covers at least <75> percent of the view's area)}' assertion on view (view.getTag() is "timeslots_list" and view has effective visibility <VISIBLE>)
14:27:13.949 32194 32247 I DetoxWSClient: Sending out action 'invokeResult' (ID #77)
14:27:13.949 32194 32247 I DetoxDispatcher: Done with action 'invoke'
14:27:13.951 32194 32251 D DetoxWSClient: Received action 'invoke' (ID #78, params={"target":{"type":"Class","value":"com.wix.detox.espresso.EspressoDetox"},"method":"perform","args":[{"type":"Invocation","value":{"target":{"type":"Class","value":"com.wix.detox.espresso.DetoxMatcher"},"method":"matcherForTestId","args":["\/^timeslot_(((0?[1-9])|(1[0-2])):([0-5])(0|5)(A|P)M) - (((0?[1-9])|(1[0-2])):([0-5])(0|5)(A|P)M)$\/",{"type":"boolean","value":true}]}},{"type":"Invocation","value":{"target":{"type":"Class","value":"com.wix.detox.espresso.DetoxAction"},"method":"getAttributes","args":[]}}]})
14:27:13.951 32194 32247 I DetoxDispatcher: Handling action 'invoke' (ID #78)...
14:27:13.951 32194 32247 D Detox   : class com.wix.detox.espresso.DetoxMatcher, matcherForTestId, [/^timeslot_(((0?[1-9])|(1[0-2])):([0-5])(0|5)(A|P)M) - (((0?[1-9])|(1[0-2])):([0-5])(0|5)(A|P)M)$/, true]
14:27:13.951 32194 32247 D Detox   : class com.wix.detox.espresso.DetoxAction, getAttributes, []
14:27:13.951 32194 32247 D Detox   : class com.wix.detox.espresso.EspressoDetox, perform, [(view.getTag() should match the pattern: /^timeslot_(((0?[1-9])|(1[0-2])):([0-5])(0|5)(A|P)M) - (((0?[1-9])|(1[0-2])):([0-5])(0|5)(A|P)M)$/ and view has effective visibility <VISIBLE>), com.wix.detox.espresso.action.GetAttributesAction@92d7db7]
