14:26:19.665 32194 32247 I DetoxWSClient: Sending out action 'invokeResult' (ID #33)
14:26:19.665 32194 32247 I DetoxDispatcher: Done with action 'invoke'
14:26:19.673 32194 32251 D DetoxWSClient: Received action 'invoke' (ID #34, params={"target":{"type":"Class","value":"com.wix.detox.espresso.DetoxAssertion"},"method":"assertMatcher","args":[{"type":"Invocation","value":{"target":{"type":"Class","value":"androidx.test.espresso.Espresso"},"method":"onView","args":[{"type":"Invocation","value":{"target":{"type":"Class","value":"com.wix.detox.espresso.DetoxMatcher"},"method":"matcherForTestId","args":["more_menu_header_button",{"type":"boolean","value":false}]}}]}},{"type":"Invocation","value":{"target":{"type":"Class","value":"com.wix.detox.espresso.DetoxMatcher"},"method":"matcherForSufficientlyVisible","args":[{"type":"Integer","value":75}]}}]})
14:26:19.674 32194 32247 I DetoxDispatcher: Handling action 'invoke' (ID #34)...
14:26:19.674 32194 32247 D Detox   : class com.wix.detox.espresso.DetoxMatcher, matcherForTestId, [more_menu_header_button, false]
14:26:19.674 32194 32247 D Detox   : class androidx.test.espresso.Espresso, onView, [(view.getTag() is "more_menu_header_button" and view has effective visibility <VISIBLE>)]
14:26:19.674 32194 32247 D Detox   : class com.wix.detox.espresso.DetoxMatcher, matcherForSufficientlyVisible, [75]
14:26:19.674 32194 32247 D Detox   : class com.wix.detox.espresso.DetoxAssertion, assertMatcher, [androidx.test.espresso.ViewInteraction@ba0a79a, (view has effective visibility <VISIBLE> and view.getGlobalVisibleRect() covers at least <75> percent of the view's area)]
14:26:19.678 32194 32194 I ViewInteraction: Checking 'MatchesViewAssertion(Detox){viewMatcher=(view has effective visibility <VISIBLE> and view.getGlobalVisibleRect() covers at least <75> percent of the view's area)}' assertion on view (view.getTag() is "more_menu_header_button" and view has effective visibility <VISIBLE>)
14:26:19.838 32194 32247 I DetoxActionHandlers: Test exception
14:26:19.838 32194 32247 I DetoxActionHandlers: java.lang.reflect.InvocationTargetException
14:26:19.838 32194 32247 I DetoxActionHandlers: 	at java.lang.reflect.Method.invoke(Native Method)
14:26:19.838 32194 32247 I DetoxActionHandlers: 	at org.apache.commons.lang3.reflect.MethodUtils.invokeStaticMethod(MethodUtils.java:443)
14:26:19.838 32194 32247 I DetoxActionHandlers: 	at org.apache.commons.lang3.reflect.MethodUtils.invokeStaticMethod(MethodUtils.java:405)
14:26:19.838 32194 32247 I DetoxActionHandlers: 	at com.wix.invoke.types.ClassTarget.execute(ClassTarget.java:23)
14:26:19.838 32194 32247 I DetoxActionHandlers: 	at com.wix.invoke.types.Target.invoke(Target.java:59)
14:26:19.838 32194 32247 I DetoxActionHandlers: 	at com.wix.invoke.MethodInvocation.invoke(MethodInvocation.java:35)
14:26:19.838 32194 32247 I DetoxActionHandlers: 	at com.wix.invoke.MethodInvocation.invoke(MethodInvocation.java:26)
14:26:19.838 32194 32247 I DetoxActionHandlers: 	at com.wix.invoke.MethodInvocation.invoke(MethodInvocation.java:20)
14:26:19.838 32194 32247 I DetoxActionHandlers: 	at com.wix.detox.adapters.server.InvokeActionHandler.handle(DetoxActionHandlers.kt:54)
14:26:19.838 32194 32247 I DetoxActionHandlers: 	at com.wix.detox.adapters.server.ActionsExecutor.executeAction$lambda$2$lambda$1(DetoxActionsDispatcher.kt:76)
14:26:19.838 32194 32247 I DetoxActionHandlers: 	at com.wix.detox.adapters.server.ActionsExecutor.$r8$lambda$LZ3KRuVesIYkeXHJoNMi_yqw1HU(Unknown Source:0)
14:26:19.838 32194 32247 I DetoxActionHandlers: 	at com.wix.detox.adapters.server.ActionsExecutor$$ExternalSyntheticLambda0.run(Unknown Source:8)
14:26:19.838 32194 32247 I DetoxActionHandlers: 	at android.os.Handler.handleCallback(Handler.java:959)
14:26:19.838 32194 32247 I DetoxActionHandlers: 	at android.os.Handler.dispatchMessage(Handler.java:100)
14:26:19.838 32194 32247 I DetoxActionHandlers: 	at android.os.Looper.loopOnce(Looper.java:232)
14:26:19.838 32194 32247 I DetoxActionHandlers: 	at android.os.Looper.loop(Looper.java:317)
14:26:19.838 32194 32247 I DetoxActionHandlers: 	at com.wix.detox.adapters.server.ActionsExecutor._init_$lambda$0(DetoxActionsDispatcher.kt:62)
14:26:19.838 32194 32247 I DetoxActionHandlers: 	at com.wix.detox.adapters.server.ActionsExecutor.$r8$lambda$4eWOlZMqOQq2jbqiFbTCEP-pHOY(Unknown Source:0)
14:26:19.838 32194 32247 I DetoxActionHandlers: 	at com.wix.detox.adapters.server.ActionsExecutor$$ExternalSyntheticLambda1.run(Unknown Source:4)
14:26:19.838 32194 32247 I DetoxActionHandlers: 	at java.lang.Thread.run(Thread.java:1012)
14:26:19.838 32194 32247 I DetoxActionHandlers: Caused by: androidx.test.espresso.base.AssertionErrorHandler$AssertionFailedWithCauseError: '(view has effective visibility <VISIBLE> and view.getGlobalVisibleRect() covers at least <75> percent of the view's area)' doesn't match the selected view.
14:26:19.838 32194 32247 I DetoxActionHandlers: Expected: (view has effective visibility <VISIBLE> and view.getGlobalVisibleRect() covers at least <75> percent of the view's area)
14:26:19.838 32194 32247 I DetoxActionHandlers:      Got: was null
14:26:19.838 32194 32247 I DetoxActionHandlers: 
14:26:19.838 32194 32247 I DetoxActionHandlers: 	at dalvik.system.VMStack.getThreadStackTrace(Native Method)
14:26:19.838 32194 32247 I DetoxActionHandlers: 	at java.lang.Thread.getStackTrace(Thread.java:1841)
14:26:19.838 32194 32247 I DetoxActionHandlers: 	at androidx.test.espresso.base.AssertionErrorHandler.handleSafely(AssertionErrorHandler.java:35)
14:26:19.838 32194 32247 I DetoxActionHandlers: 	at androidx.test.espresso.base.AssertionErrorHandler.handleSafely(AssertionErrorHandler.java:26)
14:26:19.838 32194 32247 I DetoxActionHandlers: 	at androidx.test.espresso.base.DefaultFailureHandler$TypedFailureHandler.handle(DefaultFailureHandler.java:158)
14:26:19.838 32194 32247 I DetoxActionHandlers: 	at androidx.test.espresso.base.DefaultFailureHandler.handle(DefaultFailureHandler.java:120)
14:26:19.838 32194 32247 I DetoxActionHandlers: 	at androidx.test.espresso.ViewInteraction.waitForAndHandleInteractionResults(ViewInteraction.java:387)
14:26:19.838 32194 32247 I DetoxActionHandlers: 	at androidx.test.espresso.ViewInteraction.check(ViewInteraction.java:366)
14:26:19.838 32194 32247 I DetoxActionHandlers: 	at com.wix.detox.espresso.DetoxAssertion.assertMatcher(DetoxAssertion.java:37)
14:26:19.838 32194 32247 I DetoxActionHandlers: 	... 20 more
14:26:19.838 32194 32247 I DetoxActionHandlers: Caused by: junit.framework.AssertionFailedError: '(view has effective visibility <VISIBLE> and view.getGlobalVisibleRect() covers at least <75> percent of the view's area)' doesn't match the selected view.
14:26:19.838 32194 32247 I DetoxActionHandlers: Expected: (view has effective visibility <VISIBLE> and view.getGlobalVisibleRect() covers at least <75> percent of the view's area)
14:26:19.838 32194 32247 I DetoxActionHandlers:      Got: was null
14:26:19.838 32194 32247 I DetoxActionHandlers: 
14:26:19.838 32194 32247 I DetoxActionHandlers: 	at androidx.test.espresso.matcher.ViewMatchers.assertThat(ViewMatchers.java:620)
14:26:19.838 32194 32247 I DetoxActionHandlers: 	at com.wix.detox.espresso.assertion.ViewAssertions$MatchesViewAssertion.check(ViewAssertions.java:51)
14:26:19.838 32194 32247 I DetoxActionHandlers: 	at androidx.test.espresso.ViewInteraction$SingleExecutionViewAssertion.check(ViewInteraction.java:488)
14:26:19.838 32194 32247 I DetoxActionHandlers: 	at androidx.test.espresso.ViewInteraction$2.call(ViewInteraction.java:346)
14:26:19.838 32194 32247 I DetoxActionHandlers: 	at androidx.test.espresso.ViewInteraction$2.call(ViewInteraction.java:319)
14:26:19.838 32194 32247 I DetoxActionHandlers: 	at java.util.concurrent.FutureTask.run(FutureTask.java:264)
14:26:19.838 32194 32247 I DetoxActionHandlers: 	at android.os.Handler.handleCallback(Handler.java:959)
14:26:19.838 32194 32247 I DetoxActionHandlers: 	at android.os.Handler.dispatchMessage(Handler.java:100)
14:26:19.838 32194 32247 I DetoxActionHandlers: 	at android.os.Looper.loopOnce(Looper.java:232)
14:26:19.838 32194 32247 I DetoxActionHandlers: 	at android.os.Looper.loop(Looper.java:317)
14:26:19.838 32194 32247 I DetoxActionHandlers: 	at android.app.ActivityThread.main(ActivityThread.java:8705)
14:26:19.838 32194 32247 I DetoxActionHandlers: 	at java.lang.reflect.Method.invoke(Native Method)
14:26:19.838 32194 32247 I DetoxActionHandlers: 	at com.android.internal.os.RuntimeInit$MethodAndArgsCaller.run(RuntimeInit.java:580)
14:26:19.838 32194 32247 I DetoxActionHandlers: 	at com.android.internal.os.ZygoteInit.main(ZygoteInit.java:886)
14:26:19.838 32194 32247 I DetoxWSClient: Sending out action 'testFailed' (ID #34)
14:26:19.838 32194 32247 I DetoxDispatcher: Done with action 'invoke'
14:26:19.889 32194 32251 D DetoxWSClient: Received action 'invoke' (ID #35, params={"target":{"type":"Class","value":"com.wix.detox.espresso.EspressoDetox"},"method":"perform","args":[{"type":"Invocation","value":{"target":{"type":"Class","value":"com.wix.detox.espresso.DetoxMatcher"},"method":"matcherForTestId","args":["item_shop_departments_main_tab_button",{"type":"boolean","value":false}]}},{"type":"Invocation","value":{"target":{"type":"Class","value":"com.wix.detox.espresso.DetoxViewActions"},"method":"click","args":[]}}]})
14:26:19.889 32194 32247 I DetoxDispatcher: Handling action 'invoke' (ID #35)...
14:26:19.889 32194 32247 D Detox   : class com.wix.detox.espresso.DetoxMatcher, matcherForTestId, [item_shop_departments_main_tab_button, false]
14:26:19.889 32194 32247 D Detox   : class com.wix.detox.espresso.DetoxViewActions, click, []
14:26:19.889 32194 32247 D Detox   : class com.wix.detox.espresso.EspressoDetox, perform, [(view.getTag() is "item_shop_departments_main_tab_button" and view has effective visibility <VISIBLE>), com.wix.detox.espresso.action.RNClickAction@1e0409]
14:26:20.945 32194 32247 I DetoxWSClient: Sending out action 'invokeResult' (ID #35)
14:26:20.945 32194 32247 I DetoxDispatcher: Done with action 'invoke'
14:26:20.951 32194 32251 D DetoxWSClient: Received action 'invoke' (ID #36, params={"target":{"type":"Class","value":"com.wix.detox.espresso.EspressoDetox"},"method":"perform","args":[{"type":"Invocation","value":{"target":{"type":"Class","value":"com.wix.detox.espresso.DetoxMatcher"},"method":"matcherForAtIndex","args":[{"type":"Integer","value":0},{"type":"Invocation","value":{"target":{"type":"Class","value":"com.wix.detox.espresso.DetoxMatcher"},"method":"matcherForTestId","args":["department_list_screen_department_item",{"type":"boolean","value":false}]}}]}},{"type":"Invocation","value":{"target":{"type":"Class","value":"com.wix.detox.espresso.DetoxViewActions"},"method":"click","args":[]}}]})
14:26:20.952 32194 32247 I DetoxDispatcher: Handling action 'invoke' (ID #36)...
14:26:20.952 32194 32247 D Detox   : class com.wix.detox.espresso.DetoxMatcher, matcherForTestId, [department_list_screen_department_item, false]
14:26:20.952 32194 32247 D Detox   : class com.wix.detox.espresso.DetoxMatcher, matcherForAtIndex, [0, (view.getTag() is "department_list_screen_department_item" and view has effective visibility <VISIBLE>)]
14:26:20.952 32194 32247 D Detox   : class com.wix.detox.espresso.DetoxViewActions, click, []
14:26:20.952 32194 32247 D Detox   : class com.wix.detox.espresso.EspressoDetox, perform, [View at index #0, of those matching MATCHER(view.getTag() is "department_list_screen_department_item" and view has effective visibility <VISIBLE>), com.wix.detox.espresso.action.RNClickAction@366fd16]
14:26:22.240 32194 32194 I Detox   : UIManagerModule is busy
14:26:22.616 32194 32247 I DetoxWSClient: Sending out action 'invokeResult' (ID #36)
14:26:22.616 32194 32247 I DetoxDispatcher: Done with action 'invoke'
14:26:22.620 32194 32251 D DetoxWSClient: Received action 'invoke' (ID #37, params={"target":{"type":"Class","value":"com.wix.detox.espresso.EspressoDetox"},"method":"perform","args":[{"type":"Invocation","value":{"target":{"type":"Class","value":"com.wix.detox.espresso.DetoxMatcher"},"method":"matcherForAtIndex","args":[{"type":"Integer","value":0},{"type":"Invocation","value":{"target":{"type":"Class","value":"com.wix.detox.espresso.DetoxMatcher"},"method":"matcherForTestId","args":["product_carousel_horizontal_list_item",{"type":"boolean","value":false}]}}]}},{"type":"Invocation","value":{"target":{"type":"Class","value":"com.wix.detox.espresso.DetoxViewActions"},"method":"click","args":[]}}]})
14:26:22.621 32194 32247 I DetoxDispatcher: Handling action 'invoke' (ID #37)...
14:26:22.621 32194 32247 D Detox   : class com.wix.detox.espresso.DetoxMatcher, matcherForTestId, [product_carousel_horizontal_list_item, false]
14:26:22.621 32194 32247 D Detox   : class com.wix.detox.espresso.DetoxMatcher, matcherForAtIndex, [0, (view.getTag() is "product_carousel_horizontal_list_item" and view has effective visibility <VISIBLE>)]
14:26:22.621 32194 32247 D Detox   : class com.wix.detox.espresso.DetoxViewActions, click, []
14:26:22.621 32194 32247 D Detox   : class com.wix.detox.espresso.EspressoDetox, perform, [View at index #0, of those matching MATCHER(view.getTag() is "product_carousel_horizontal_list_item" and view has effective visibility <VISIBLE>), com.wix.detox.espresso.action.RNClickAction@39f9b91]
14:26:23.967 32194 32247 I DetoxWSClient: Sending out action 'invokeResult' (ID #37)
14:26:23.967 32194 32247 I DetoxDispatcher: Done with action 'invoke'
14:26:23.972 32194 32251 D DetoxWSClient: Received action 'invoke' (ID #38, params={"target":{"type":"Class","value":"com.wix.detox.espresso.EspressoDetox"},"method":"perform","args":[{"type":"Invocation","value":{"target":{"type":"Class","value":"com.wix.detox.espresso.DetoxMatcher"},"method":"matcherForTestId","args":["shopping_item_add_to_list_button",{"type":"boolean","value":false}]}},{"type":"Invocation","value":{"target":{"type":"Class","value":"com.wix.detox.espresso.DetoxViewActions"},"method":"click","args":[]}}]})
14:26:23.972 32194 32247 I DetoxDispatcher: Handling action 'invoke' (ID #38)...
14:26:23.972 32194 32247 D Detox   : class com.wix.detox.espresso.DetoxMatcher, matcherForTestId, [shopping_item_add_to_list_button, false]
14:26:23.972 32194 32247 D Detox   : class com.wix.detox.espresso.DetoxViewActions, click, []
14:26:23.972 32194 32247 D Detox   : class com.wix.detox.espresso.EspressoDetox, perform, [(view.getTag() is "shopping_item_add_to_list_button" and view has effective visibility <VISIBLE>), com.wix.detox.espresso.action.RNClickAction@e17c345]
14:26:24.229 32194 32194 I Detox   : AnimatedModule is busy.
14:26:24.244 32194 32194 I Detox   : AnimatedModule is busy.
14:26:24.261 32194 32194 I Detox   : AnimatedModule is busy.
14:26:24.277 32194 32194 I Detox   : AnimatedModule is busy.
14:26:24.296 32194 32194 I Detox   : AnimatedModule is busy.
14:26:24.311 32194 32194 I Detox   : AnimatedModule is busy.
14:26:24.330 32194 32194 I Detox   : AnimatedModule is busy.
14:26:24.344 32194 32194 I Detox   : AnimatedModule is busy.
14:26:24.360 32194 32194 I Detox   : AnimatedModule is busy.
14:26:24.379 32194 32194 I Detox   : AnimatedModule is busy.
14:26:24.397 32194 32194 I Detox   : AnimatedModule is busy.
14:26:24.412 32194 32194 I Detox   : AnimatedModule is busy.
14:26:24.430 32194 32194 I Detox   : AnimatedModule is busy.
14:26:24.446 32194 32194 I Detox   : AnimatedModule is busy.
14:26:24.460 32194 32194 I Detox   : AnimatedModule is busy.
14:26:24.477 32194 32194 I Detox   : AnimatedModule is busy.
14:26:24.497 32194 32194 I Detox   : AnimatedModule is busy.
14:26:24.812 32194 32194 I Detox   : Network is busy, with 1 in-flight calls
14:26:24.827 32194 32194 I Detox   : Network is busy, with 1 in-flight calls
14:26:24.844 32194 32194 I Detox   : Network is busy, with 1 in-flight calls
14:26:24.862 32194 32194 I Detox   : Network is busy, with 1 in-flight calls
14:26:24.879 32194 32194 I Detox   : Network is busy, with 1 in-flight calls
14:26:24.894 32194 32194 I Detox   : Network is busy, with 1 in-flight calls
14:26:24.914 32194 32194 I Detox   : UIManagerModule is busy
14:26:25.261 32194 32194 I Detox   : Network is busy, with 1 in-flight calls
14:26:25.277 32194 32194 I Detox   : Network is busy, with 1 in-flight calls
14:26:25.293 32194 32194 I Detox   : Network is busy, with 1 in-flight calls
14:26:25.310 32194 32194 I Detox   : Network is busy, with 1 in-flight calls
14:26:25.327 32194 32194 I Detox   : Network is busy, with 1 in-flight calls
14:26:25.343 32194 32194 I Detox   : Network is busy, with 1 in-flight calls
14:26:25.361 32194 32194 I Detox   : Network is busy, with 1 in-flight calls
14:26:25.377 32194 32194 I Detox   : Network is busy, with 1 in-flight calls
14:26:25.394 32194 32194 I Detox   : Network is busy, with 1 in-flight calls
14:26:25.410 32194 32194 I Detox   : Network is busy, with 1 in-flight calls
14:26:25.429 32194 32194 I Detox   : Network is busy, with 1 in-flight calls
14:26:25.444 32194 32194 I Detox   : Network is busy, with 1 in-flight calls
14:26:25.463 32194 32194 I Detox   : Network is busy, with 1 in-flight calls
14:26:25.478 32194 32194 I Detox   : Network is busy, with 1 in-flight calls
14:26:25.495 32194 32194 I Detox   : Network is busy, with 1 in-flight calls
14:26:25.510 32194 32194 I Detox   : Network is busy, with 1 in-flight calls
14:26:25.528 32194 32194 I Detox   : Network is busy, with 1 in-flight calls
14:26:25.544 32194 32194 I Detox   : Network is busy, with 1 in-flight calls
14:26:25.562 32194 32194 I Detox   : Network is busy, with 1 in-flight calls
14:26:25.754 32194 32194 I Detox   : UIManagerModule is busy
14:26:25.761 32194 32194 I Detox   : AnimatedModule is busy.
14:26:25.777 32194 32194 I Detox   : AnimatedModule is busy.
14:26:25.793 32194 32194 I Detox   : AnimatedModule is busy.
14:26:25.810 32194 32194 I Detox   : AnimatedModule is busy.
14:26:25.827 32194 32194 I Detox   : AnimatedModule is busy.
14:26:25.843 32194 32194 I Detox   : AnimatedModule is busy.
14:26:25.861 32194 32194 I Detox   : AnimatedModule is busy.
14:26:25.877 32194 32194 I Detox   : AnimatedModule is busy.
14:26:25.894 32194 32194 I Detox   : AnimatedModule is busy.
14:26:25.910 32194 32194 I Detox   : AnimatedModule is busy.
14:26:25.928 32194 32194 I Detox   : AnimatedModule is busy.
14:26:25.944 32194 32194 I Detox   : AnimatedModule is busy.
14:26:25.961 32194 32194 I Detox   : AnimatedModule is busy.
14:26:25.977 32194 32194 I Detox   : AnimatedModule is busy.
14:26:25.994 32194 32194 I Detox   : AnimatedModule is busy.
14:26:26.010 32194 32194 I Detox   : AnimatedModule is busy.
14:26:26.027 32194 32194 I Detox   : AnimatedModule is busy.
14:26:26.044 32194 32194 I Detox   : AnimatedModule is busy.
14:26:26.060 32194 32194 I Detox   : AnimatedModule is busy.
14:26:26.077 32194 32194 I Detox   : AnimatedModule is busy.
14:26:26.094 32194 32194 I Detox   : AnimatedModule is busy.
14:26:26.110 32194 32194 I Detox   : AnimatedModule is busy.
14:26:26.127 32194 32194 I Detox   : AnimatedModule is busy.
14:26:26.144 32194 32194 I Detox   : AnimatedModule is busy.
14:26:26.160 32194 32194 I Detox   : AnimatedModule is busy.
14:26:26.177 32194 32194 I Detox   : AnimatedModule is busy.
14:26:26.194 32194 32194 I Detox   : AnimatedModule is busy.
14:26:26.211 32194 32194 I Detox   : AnimatedModule is busy.
14:26:26.227 32194 32194 I Detox   : AnimatedModule is busy.
14:26:26.244 32194 32194 I Detox   : AnimatedModule is busy.
14:26:26.260 32194 32194 I Detox   : AnimatedModule is busy.
14:26:26.277 32194 32194 I Detox   : AnimatedModule is busy.
14:26:26.294 32194 32194 I Detox   : AnimatedModule is busy.
14:26:26.310 32194 32194 I Detox   : AnimatedModule is busy.
14:26:26.327 32194 32194 I Detox   : AnimatedModule is busy.
14:26:26.344 32194 32194 I Detox   : AnimatedModule is busy.
14:26:26.361 32194 32194 I Detox   : AnimatedModule is busy.
14:26:26.377 32194 32194 I Detox   : AnimatedModule is busy.
14:26:26.394 32194 32194 I Detox   : AnimatedModule is busy.
14:26:26.410 32194 32194 I Detox   : AnimatedModule is busy.
14:26:26.427 32194 32194 I Detox   : AnimatedModule is busy.
14:26:26.444 32194 32194 I Detox   : AnimatedModule is busy.
14:26:26.460 32194 32194 I Detox   : AnimatedModule is busy.
14:26:26.477 32194 32194 I Detox   : AnimatedModule is busy.
14:26:26.494 32194 32194 I Detox   : AnimatedModule is busy.
14:26:26.510 32194 32194 I Detox   : AnimatedModule is busy.
14:26:26.527 32194 32194 I Detox   : AnimatedModule is busy.
14:26:26.544 32194 32194 I Detox   : AnimatedModule is busy.
14:26:26.561 32194 32194 I Detox   : AnimatedModule is busy.
14:26:26.579 32194 32194 I Detox   : AnimatedModule is busy.
14:26:26.594 32194 32194 I Detox   : AnimatedModule is busy.
14:26:26.610 32194 32194 I Detox   : AnimatedModule is busy.
14:26:26.628 32194 32194 I Detox   : AnimatedModule is busy.
14:26:26.644 32194 32194 I Detox   : AnimatedModule is busy.
14:26:26.661 32194 32194 I Detox   : AnimatedModule is busy.
14:26:26.678 32194 32194 I Detox   : AnimatedModule is busy.
14:26:26.698 32194 32194 I Detox   : AnimatedModule is busy.
14:26:26.713 32194 32194 I Detox   : AnimatedModule is busy.
14:26:26.729 32194 32194 I Detox   : AnimatedModule is busy.
14:26:26.746 32194 32194 I Detox   : AnimatedModule is busy.
14:26:26.763 32194 32194 I Detox   : AnimatedModule is busy.
14:26:26.780 32194 32194 I Detox   : AnimatedModule is busy.
14:26:26.796 32194 32194 I Detox   : AnimatedModule is busy.
14:26:26.813 32194 32194 I Detox   : AnimatedModule is busy.
14:26:26.830 32194 32194 I Detox   : AnimatedModule is busy.
14:26:26.846 32194 32194 I Detox   : AnimatedModule is busy.
14:26:26.863 32194 32194 I Detox   : AnimatedModule is busy.
14:26:26.883 32194 32194 I Detox   : AnimatedModule is busy.
14:26:26.896 32194 32194 I Detox   : AnimatedModule is busy.
14:26:26.913 32194 32194 I Detox   : AnimatedModule is busy.
14:26:26.929 32194 32194 I Detox   : AnimatedModule is busy.
14:26:26.947 32194 32194 I Detox   : AnimatedModule is busy.
14:26:26.963 32194 32194 I Detox   : AnimatedModule is busy.
14:26:26.980 32194 32194 I Detox   : AnimatedModule is busy.
14:26:26.996 32194 32194 I Detox   : AnimatedModule is busy.
14:26:27.014 32194 32194 I Detox   : AnimatedModule is busy.
14:26:27.029 32194 32194 I Detox   : AnimatedModule is busy.
14:26:27.049 32194 32194 I Detox   : AnimatedModule is busy.
14:26:27.063 32194 32194 I Detox   : AnimatedModule is busy.
14:26:27.080 32194 32194 I Detox   : AnimatedModule is busy.
14:26:27.096 32194 32194 I Detox   : AnimatedModule is busy.
14:26:27.113 32194 32194 I Detox   : AnimatedModule is busy.
14:26:27.131 32194 32247 I DetoxWSClient: Sending out action 'invokeResult' (ID #38)
14:26:27.131 32194 32247 I DetoxDispatcher: Done with action 'invoke'
14:26:27.133 32194 32251 D DetoxWSClient: Received action 'invoke' (ID #39, params={"target":{"type":"Class","value":"com.wix.detox.espresso.DetoxAssertion"},"method":"waitForAssertMatcher","args":[{"type":"Invocation","value":{"target":{"type":"Class","value":"androidx.test.espresso.Espresso"},"method":"onView","args":[{"type":"Invocation","value":{"target":{"type":"Class","value":"com.wix.detox.espresso.DetoxMatcher"},"method":"matcherForText","args":["Added to cart",{"type":"boolean","value":false}]}}]}},{"type":"Invocation","value":{"target":{"type":"Class","value":"com.wix.detox.espresso.DetoxMatcher"},"method":"matcherForSufficientlyVisible","args":[{"type":"Integer","value":75}]}},{"type":"Double","value":2}]})
14:26:27.134 32194 32247 I DetoxDispatcher: Handling action 'invoke' (ID #39)...
14:26:27.134 32194 32247 D Detox   : class com.wix.detox.espresso.DetoxMatcher, matcherForText, [Added to cart, false]
14:26:27.134 32194 32247 D Detox   : class androidx.test.espresso.Espresso, onView, [(an instance of android.widget.TextView and view.getText() with or without transformation to match: is "Added to cart" and view has effective visibility <VISIBLE>)]
14:26:27.134 32194 32247 D Detox   : class com.wix.detox.espresso.DetoxMatcher, matcherForSufficientlyVisible, [75]
14:26:27.134 32194 32247 D Detox   : class com.wix.detox.espresso.DetoxAssertion, waitForAssertMatcher, [androidx.test.espresso.ViewInteraction@e683760, (view has effective visibility <VISIBLE> and view.getGlobalVisibleRect() covers at least <75> percent of the view's area), 2.0]
14:26:27.135 32194 32194 I ViewInteraction: Checking 'MatchesViewAssertion(Detox){viewMatcher=(view has effective visibility <VISIBLE> and view.getGlobalVisibleRect() covers at least <75> percent of the view's area)}' assertion on view (an instance of android.widget.TextView and view.getText() with or without transformation to match: is "Added to cart" and view has effective visibility <VISIBLE>)
14:26:27.136 32194 32247 I DetoxWSClient: Sending out action 'invokeResult' (ID #39)
14:26:27.136 32194 32247 I DetoxDispatcher: Done with action 'invoke'
14:26:27.138 32194 32251 D DetoxWSClient: Received action 'invoke' (ID #40, params={"target":{"type":"Class","value":"com.wix.detox.espresso.EspressoDetox"},"method":"perform","args":[{"type":"Invocation","value":{"target":{"type":"Class","value":"com.wix.detox.espresso.DetoxMatcher"},"method":"matcherForText","args":["Dismiss",{"type":"boolean","value":false}]}},{"type":"Invocation","value":{"target":{"type":"Class","value":"com.wix.detox.espresso.DetoxViewActions"},"method":"click","args":[]}}]})
14:26:27.138 32194 32247 I DetoxDispatcher: Handling action 'invoke' (ID #40)...
14:26:27.138 32194 32247 D Detox   : class com.wix.detox.espresso.DetoxMatcher, matcherForText, [Dismiss, false]
14:26:27.138 32194 32247 D Detox   : class com.wix.detox.espresso.DetoxViewActions, click, []
14:26:27.138 32194 32247 D Detox   : class com.wix.detox.espresso.EspressoDetox, perform, [(an instance of android.widget.TextView and view.getText() with or without transformation to match: is "Dismiss" and view has effective visibility <VISIBLE>), com.wix.detox.espresso.action.RNClickAction@8aa8cde]
14:26:27.493 32194 32194 I Detox   : AnimatedModule is busy.
14:26:27.494 32194 32194 I Detox   : AnimatedModule is busy.
14:26:27.510 32194 32194 I Detox   : AnimatedModule is busy.
14:26:27.527 32194 32194 I Detox   : AnimatedModule is busy.
14:26:27.544 32194 32194 I Detox   : AnimatedModule is busy.
14:26:27.560 32194 32194 I Detox   : AnimatedModule is busy.
14:26:27.577 32194 32194 I Detox   : AnimatedModule is busy.
14:26:27.594 32194 32194 I Detox   : AnimatedModule is busy.
14:26:27.610 32194 32194 I Detox   : AnimatedModule is busy.
14:26:27.627 32194 32194 I Detox   : AnimatedModule is busy.
14:26:27.644 32194 32194 I Detox   : AnimatedModule is busy.
14:26:27.660 32194 32194 I Detox   : AnimatedModule is busy.
14:26:27.677 32194 32194 I Detox   : AnimatedModule is busy.
14:26:27.694 32194 32194 I Detox   : AnimatedModule is busy.
14:26:27.713 32194 32194 I Detox   : UIManagerModule is busy
14:26:27.792 32194 32247 I DetoxWSClient: Sending out action 'invokeResult' (ID #40)
14:26:27.792 32194 32247 I DetoxDispatcher: Done with action 'invoke'
14:26:27.794 32194 32251 D DetoxWSClient: Received action 'invoke' (ID #41, params={"target":{"type":"Class","value":"com.wix.detox.espresso.EspressoDetox"},"method":"perform","args":[{"type":"Invocation","value":{"target":{"type":"Class","value":"com.wix.detox.espresso.DetoxMatcher"},"method":"matcherForTestId","args":["item_shop_departments_main_tab_button",{"type":"boolean","value":false}]}},{"type":"Invocation","value":{"target":{"type":"Class","value":"com.wix.detox.espresso.DetoxViewActions"},"method":"click","args":[]}}]})
14:26:27.794 32194 32247 I DetoxDispatcher: Handling action 'invoke' (ID #41)...
14:26:27.794 32194 32247 D Detox   : class com.wix.detox.espresso.DetoxMatcher, matcherForTestId, [item_shop_departments_main_tab_button, false]
14:26:27.795 32194 32247 D Detox   : class com.wix.detox.espresso.DetoxViewActions, click, []
14:26:27.795 32194 32247 D Detox   : class com.wix.detox.espresso.EspressoDetox, perform, [(view.getTag() is "item_shop_departments_main_tab_button" and view has effective visibility <VISIBLE>), com.wix.detox.espresso.action.RNClickAction@f72c8d5]
14:26:27.827 32194 32194 I Detox   : UIManagerModule is busy
14:26:29.197 32194 32247 I DetoxWSClient: Sending out action 'invokeResult' (ID #41)
14:26:29.197 32194 32247 I DetoxDispatcher: Done with action 'invoke'
14:26:29.199 32194 32251 D DetoxWSClient: Received action 'invoke' (ID #42, params={"target":{"type":"Class","value":"com.wix.detox.espresso.EspressoDetox"},"method":"perform","args":[{"type":"Invocation","value":{"target":{"type":"Class","value":"com.wix.detox.espresso.DetoxMatcher"},"method":"matcherForAtIndex","args":[{"type":"Integer","value":1},{"type":"Invocation","value":{"target":{"type":"Class","value":"com.wix.detox.espresso.DetoxMatcher"},"method":"matcherForTestId","args":["department_list_screen_department_item",{"type":"boolean","value":false}]}}]}},{"type":"Invocation","value":{"target":{"type":"Class","value":"com.wix.detox.espresso.DetoxViewActions"},"method":"click","args":[]}}]})
14:26:29.200 32194 32247 I DetoxDispatcher: Handling action 'invoke' (ID #42)...
14:26:29.200 32194 32247 D Detox   : class com.wix.detox.espresso.DetoxMatcher, matcherForTestId, [department_list_screen_department_item, false]
14:26:29.200 32194 32247 D Detox   : class com.wix.detox.espresso.DetoxMatcher, matcherForAtIndex, [1, (view.getTag() is "department_list_screen_department_item" and view has effective visibility <VISIBLE>)]
14:26:29.200 32194 32247 D Detox   : class com.wix.detox.espresso.DetoxViewActions, click, []
14:26:29.200 32194 32247 D Detox   : class com.wix.detox.espresso.EspressoDetox, perform, [View at index #1, of those matching MATCHER(view.getTag() is "department_list_screen_department_item" and view has effective visibility <VISIBLE>), com.wix.detox.espresso.action.RNClickAction@9a7479e]
14:26:30.524 32194 32194 I Detox   : UIManagerModule is busy
14:26:30.897 32194 32247 I DetoxWSClient: Sending out action 'invokeResult' (ID #42)
14:26:30.897 32194 32247 I DetoxDispatcher: Done with action 'invoke'
14:26:30.901 32194 32251 D DetoxWSClient: Received action 'invoke' (ID #43, params={"target":{"type":"Class","value":"com.wix.detox.espresso.EspressoDetox"},"method":"perform","args":[{"type":"Invocation","value":{"target":{"type":"Class","value":"com.wix.detox.espresso.DetoxMatcher"},"method":"matcherForAtIndex","args":[{"type":"Integer","value":0},{"type":"Invocation","value":{"target":{"type":"Class","value":"com.wix.detox.espresso.DetoxMatcher"},"method":"matcherForTestId","args":["product_carousel_horizontal_list_item",{"type":"boolean","value":false}]}}]}},{"type":"Invocation","value":{"target":{"type":"Class","value":"com.wix.detox.espresso.DetoxViewActions"},"method":"click","args":[]}}]})
14:26:30.901 32194 32247 I DetoxDispatcher: Handling action 'invoke' (ID #43)...
14:26:30.902 32194 32247 D Detox   : class com.wix.detox.espresso.DetoxMatcher, matcherForTestId, [product_carousel_horizontal_list_item, false]
14:26:30.902 32194 32247 D Detox   : class com.wix.detox.espresso.DetoxMatcher, matcherForAtIndex, [0, (view.getTag() is "product_carousel_horizontal_list_item" and view has effective visibility <VISIBLE>)]
14:26:30.902 32194 32247 D Detox   : class com.wix.detox.espresso.DetoxViewActions, click, []
14:26:30.902 32194 32247 D Detox   : class com.wix.detox.espresso.EspressoDetox, perform, [View at index #0, of those matching MATCHER(view.getTag() is "product_carousel_horizontal_list_item" and view has effective visibility <VISIBLE>), com.wix.detox.espresso.action.RNClickAction@2322ced]
14:26:32.285 32194 32247 I DetoxWSClient: Sending out action 'invokeResult' (ID #43)
14:26:32.285 32194 32247 I DetoxDispatcher: Done with action 'invoke'
14:26:32.288 32194 32251 D DetoxWSClient: Received action 'invoke' (ID #44, params={"target":{"type":"Class","value":"com.wix.detox.espresso.EspressoDetox"},"method":"perform","args":[{"type":"Invocation","value":{"target":{"type":"Class","value":"com.wix.detox.espresso.DetoxMatcher"},"method":"matcherForTestId","args":["shopping_item_add_to_list_button",{"type":"boolean","value":false}]}},{"type":"Invocation","value":{"target":{"type":"Class","value":"com.wix.detox.espresso.DetoxViewActions"},"method":"click","args":[]}}]})
14:26:32.288 32194 32247 I DetoxDispatcher: Handling action 'invoke' (ID #44)...
14:26:32.288 32194 32247 D Detox   : class com.wix.detox.espresso.DetoxMatcher, matcherForTestId, [shopping_item_add_to_list_button, false]
14:26:32.288 32194 32247 D Detox   : class com.wix.detox.espresso.DetoxViewActions, click, []
14:26:32.288 32194 32247 D Detox   : class com.wix.detox.espresso.EspressoDetox, perform, [(view.getTag() is "shopping_item_add_to_list_button" and view has effective visibility <VISIBLE>), com.wix.detox.espresso.action.RNClickAction@ff6805d]
14:26:32.532 32194 32194 I Detox   : UIManagerModule is busy
14:26:32.562 32194 32194 I Detox   : AnimatedModule is busy.
14:26:32.577 32194 32194 I Detox   : AnimatedModule is busy.
14:26:32.594 32194 32194 I Detox   : AnimatedModule is busy.
14:26:32.610 32194 32194 I Detox   : AnimatedModule is busy.
14:26:32.628 32194 32194 I Detox   : AnimatedModule is busy.
14:26:32.643 32194 32194 I Detox   : AnimatedModule is busy.
14:26:32.660 32194 32194 I Detox   : AnimatedModule is busy.
14:26:32.677 32194 32194 I Detox   : AnimatedModule is busy.
14:26:32.694 32194 32194 I Detox   : AnimatedModule is busy.
14:26:32.710 32194 32194 I Detox   : AnimatedModule is busy.
14:26:32.727 32194 32194 I Detox   : AnimatedModule is busy.
14:26:32.744 32194 32194 I Detox   : AnimatedModule is busy.
14:26:32.761 32194 32194 I Detox   : AnimatedModule is busy.
14:26:32.778 32194 32194 I Detox   : AnimatedModule is busy.
14:26:32.794 32194 32194 I Detox   : AnimatedModule is busy.
14:26:32.811 32194 32194 I Detox   : AnimatedModule is busy.
14:26:32.827 32194 32194 I Detox   : AnimatedModule is busy.
14:26:33.161 32194 32194 I Detox   : Network is busy, with 1 in-flight calls
14:26:33.178 32194 32194 I Detox   : Network is busy, with 1 in-flight calls
14:26:33.194 32194 32194 I Detox   : Network is busy, with 1 in-flight calls
14:26:33.212 32194 32194 I Detox   : Network is busy, with 1 in-flight calls
14:26:33.234 32194 32194 I Detox   : UIManagerModule is busy
14:26:33.823 32194 32194 I Detox   : UIManagerModule is busy
14:26:33.828 32194 32194 I Detox   : AnimatedModule is busy.
14:26:33.843 32194 32194 I Detox   : AnimatedModule is busy.
14:26:33.860 32194 32194 I Detox   : AnimatedModule is busy.
14:26:33.877 32194 32194 I Detox   : AnimatedModule is busy.
14:26:33.894 32194 32194 I Detox   : AnimatedModule is busy.
14:26:33.911 32194 32194 I Detox   : AnimatedModule is busy.
14:26:33.928 32194 32194 I Detox   : AnimatedModule is busy.
14:26:33.944 32194 32194 I Detox   : AnimatedModule is busy.
14:26:33.961 32194 32194 I Detox   : AnimatedModule is busy.
14:26:33.978 32194 32194 I Detox   : AnimatedModule is busy.
14:26:33.994 32194 32194 I Detox   : AnimatedModule is busy.
14:26:34.012 32194 32194 I Detox   : AnimatedModule is busy.
14:26:34.028 32194 32194 I Detox   : AnimatedModule is busy.
14:26:34.044 32194 32194 I Detox   : AnimatedModule is busy.
14:26:34.061 32194 32194 I Detox   : AnimatedModule is busy.
14:26:34.078 32194 32194 I Detox   : AnimatedModule is busy.
14:26:34.094 32194 32194 I Detox   : AnimatedModule is busy.
14:26:36.338 32194 32194 I Detox   : UIManagerModule is busy
14:26:36.377 32194 32194 I Detox   : UIManagerModule is busy
14:26:36.380 32194 32194 I Detox   : Network is busy, with 1 in-flight calls
14:26:36.395 32194 32194 I Detox   : Network is busy, with 1 in-flight calls
14:26:36.411 32194 32194 I Detox   : Network is busy, with 1 in-flight calls
14:26:36.428 32194 32194 I Detox   : Network is busy, with 1 in-flight calls
14:26:36.444 32194 32194 I Detox   : Network is busy, with 1 in-flight calls
14:26:36.461 32194 32194 I Detox   : Network is busy, with 1 in-flight calls
14:26:36.478 32194 32194 I Detox   : Network is busy, with 1 in-flight calls
14:26:36.495 32194 32194 I Detox   : Network is busy, with 1 in-flight calls
14:26:36.512 32194 32194 I Detox   : Network is busy, with 1 in-flight calls
14:26:36.528 32194 32194 I Detox   : Network is busy, with 1 in-flight calls
14:26:36.545 32194 32194 I Detox   : Network is busy, with 1 in-flight calls
14:26:36.561 32194 32194 I Detox   : Network is busy, with 1 in-flight calls
14:26:36.578 32194 32194 I Detox   : Network is busy, with 1 in-flight calls
14:26:36.594 32194 32194 I Detox   : Network is busy, with 1 in-flight calls
14:26:36.612 32194 32194 I Detox   : Network is busy, with 1 in-flight calls
14:26:36.974 32194 32194 I Detox   : UIManagerModule is busy
14:26:38.198 32194 32247 I DetoxWSClient: Sending out action 'invokeResult' (ID #44)
14:26:38.198 32194 32247 I DetoxDispatcher: Done with action 'invoke'
14:26:38.201 32194 32251 D DetoxWSClient: Received action 'invoke' (ID #45, params={"target":{"type":"Class","value":"com.wix.detox.espresso.DetoxAssertion"},"method":"waitForAssertMatcher","args":[{"type":"Invocation","value":{"target":{"type":"Class","value":"androidx.test.espresso.Espresso"},"method":"onView","args":[{"type":"Invocation","value":{"target":{"type":"Class","value":"com.wix.detox.espresso.DetoxMatcher"},"method":"matcherForText","args":["Added to cart",{"type":"boolean","value":false}]}}]}},{"type":"Invocation","value":{"target":{"type":"Class","value":"com.wix.detox.espresso.DetoxMatcher"},"method":"matcherForSufficientlyVisible","args":[{"type":"Integer","value":75}]}},{"type":"Double","value":2}]})
14:26:38.201 32194 32247 I DetoxDispatcher: Handling action 'invoke' (ID #45)...
14:26:38.201 32194 32247 D Detox   : class com.wix.detox.espresso.DetoxMatcher, matcherForText, [Added to cart, false]
14:26:38.201 32194 32247 D Detox   : class androidx.test.espresso.Espresso, onView, [(an instance of android.widget.TextView and view.getText() with or without transformation to match: is "Added to cart" and view has effective visibility <VISIBLE>)]
14:26:38.201 32194 32247 D Detox   : class com.wix.detox.espresso.DetoxMatcher, matcherForSufficientlyVisible, [75]
14:26:38.201 32194 32247 D Detox   : class com.wix.detox.espresso.DetoxAssertion, waitForAssertMatcher, [androidx.test.espresso.ViewInteraction@d01aff0, (view has effective visibility <VISIBLE> and view.getGlobalVisibleRect() covers at least <75> percent of the view's area), 2.0]
14:26:38.203 32194 32194 I ViewInteraction: Checking 'MatchesViewAssertion(Detox){viewMatcher=(view has effective visibility <VISIBLE> and view.getGlobalVisibleRect() covers at least <75> percent of the view's area)}' assertion on view (an instance of android.widget.TextView and view.getText() with or without transformation to match: is "Added to cart" and view has effective visibility <VISIBLE>)
14:26:38.203 32194 32247 I DetoxWSClient: Sending out action 'invokeResult' (ID #45)
14:26:38.203 32194 32247 I DetoxDispatcher: Done with action 'invoke'
14:26:38.205 32194 32251 D DetoxWSClient: Received action 'invoke' (ID #46, params={"target":{"type":"Class","value":"com.wix.detox.espresso.EspressoDetox"},"method":"perform","args":[{"type":"Invocation","value":{"target":{"type":"Class","value":"com.wix.detox.espresso.DetoxMatcher"},"method":"matcherForText","args":["Dismiss",{"type":"boolean","value":false}]}},{"type":"Invocation","value":{"target":{"type":"Class","value":"com.wix.detox.espresso.DetoxViewActions"},"method":"click","args":[]}}]})
14:26:38.205 32194 32247 I DetoxDispatcher: Handling action 'invoke' (ID #46)...
14:26:38.205 32194 32247 D Detox   : class com.wix.detox.espresso.DetoxMatcher, matcherForText, [Dismiss, false]
14:26:38.205 32194 32247 D Detox   : class com.wix.detox.espresso.DetoxViewActions, click, []
14:26:38.205 32194 32247 D Detox   : class com.wix.detox.espresso.EspressoDetox, perform, [(an instance of android.widget.TextView and view.getText() with or without transformation to match: is "Dismiss" and view has effective visibility <VISIBLE>), com.wix.detox.espresso.action.RNClickAction@3439fee]
14:26:38.247 32194 32194 I Detox   : UIManagerModule is busy
14:26:38.261 32194 32194 I Detox   : AnimatedModule is busy.
14:26:38.277 32194 32194 I Detox   : AnimatedModule is busy.
14:26:38.294 32194 32194 I Detox   : AnimatedModule is busy.
14:26:38.311 32194 32194 I Detox   : AnimatedModule is busy.
14:26:38.327 32194 32194 I Detox   : AnimatedModule is busy.
14:26:38.344 32194 32194 I Detox   : AnimatedModule is busy.
14:26:38.360 32194 32194 I Detox   : AnimatedModule is busy.
14:26:38.378 32194 32194 I Detox   : AnimatedModule is busy.
14:26:38.394 32194 32194 I Detox   : AnimatedModule is busy.
14:26:38.411 32194 32194 I Detox   : AnimatedModule is busy.
14:26:38.427 32194 32194 I Detox   : AnimatedModule is busy.
14:26:38.444 32194 32194 I Detox   : AnimatedModule is busy.
14:26:38.463 32194 32194 I Detox   : AnimatedModule is busy.
14:26:38.477 32194 32194 I Detox   : AnimatedModule is busy.
14:26:38.494 32194 32194 I Detox   : AnimatedModule is busy.
14:26:38.510 32194 32194 I Detox   : AnimatedModule is busy.
14:26:38.527 32194 32194 I Detox   : AnimatedModule is busy.
14:26:38.546 32194 32194 I Detox   : AnimatedModule is busy.
14:26:38.561 32194 32194 I Detox   : AnimatedModule is busy.
14:26:38.578 32194 32194 I Detox   : AnimatedModule is busy.
14:26:38.594 32194 32194 I Detox   : AnimatedModule is busy.
14:26:38.611 32194 32194 I Detox   : AnimatedModule is busy.
14:26:38.627 32194 32194 I Detox   : AnimatedModule is busy.
14:26:38.644 32194 32194 I Detox   : AnimatedModule is busy.
14:26:38.660 32194 32194 I Detox   : AnimatedModule is busy.
14:26:38.677 32194 32194 I Detox   : AnimatedModule is busy.
14:26:38.694 32194 32194 I Detox   : AnimatedModule is busy.
14:26:38.710 32194 32194 I Detox   : AnimatedModule is busy.
14:26:38.727 32194 32194 I Detox   : AnimatedModule is busy.
14:26:38.744 32194 32194 I Detox   : AnimatedModule is busy.
14:26:38.763 32194 32194 I Detox   : UIManagerModule is busy
14:26:39.149 32194 32247 I DetoxWSClient: Sending out action 'invokeResult' (ID #46)
14:26:39.149 32194 32247 I DetoxDispatcher: Done with action 'invoke'
14:26:39.153 32194 32251 D DetoxWSClient: Received action 'invoke' (ID #47, params={"target":{"type":"Class","value":"com.wix.detox.espresso.EspressoDetox"},"method":"perform","args":[{"type":"Invocation","value":{"target":{"type":"Class","value":"com.wix.detox.espresso.DetoxMatcher"},"method":"matcherForTestId","args":["item_shop_departments_main_tab_button",{"type":"boolean","value":false}]}},{"type":"Invocation","value":{"target":{"type":"Class","value":"com.wix.detox.espresso.DetoxViewActions"},"method":"click","args":[]}}]})
14:26:39.153 32194 32247 I DetoxDispatcher: Handling action 'invoke' (ID #47)...
14:26:39.154 32194 32247 D Detox   : class com.wix.detox.espresso.DetoxMatcher, matcherForTestId, [item_shop_departments_main_tab_button, false]
14:26:39.154 32194 32247 D Detox   : class com.wix.detox.espresso.DetoxViewActions, click, []
14:26:39.154 32194 32247 D Detox   : class com.wix.detox.espresso.EspressoDetox, perform, [(view.getTag() is "item_shop_departments_main_tab_button" and view has effective visibility <VISIBLE>), com.wix.detox.espresso.action.RNClickAction@67d0325]
14:26:39.199 32194 32194 I Detox   : UIManagerModule is busy
14:26:40.586 32194 32247 I DetoxWSClient: Sending out action 'invokeResult' (ID #47)
14:26:40.586 32194 32247 I DetoxDispatcher: Done with action 'invoke'
14:26:40.591 32194 32251 D DetoxWSClient: Received action 'invoke' (ID #48, params={"target":{"type":"Class","value":"com.wix.detox.espresso.EspressoDetox"},"method":"perform","args":[{"type":"Invocation","value":{"target":{"type":"Class","value":"com.wix.detox.espresso.DetoxMatcher"},"method":"matcherForAtIndex","args":[{"type":"Integer","value":2},{"type":"Invocation","value":{"target":{"type":"Class","value":"com.wix.detox.espresso.DetoxMatcher"},"method":"matcherForTestId","args":["department_list_screen_department_item",{"type":"boolean","value":false}]}}]}},{"type":"Invocation","value":{"target":{"type":"Class","value":"com.wix.detox.espresso.DetoxViewActions"},"method":"click","args":[]}}]})
14:26:40.591 32194 32247 I DetoxDispatcher: Handling action 'invoke' (ID #48)...
14:26:40.591 32194 32247 D Detox   : class com.wix.detox.espresso.DetoxMatcher, matcherForTestId, [department_list_screen_department_item, false]
14:26:40.591 32194 32247 D Detox   : class com.wix.detox.espresso.DetoxMatcher, matcherForAtIndex, [2, (view.getTag() is "department_list_screen_department_item" and view has effective visibility <VISIBLE>)]
14:26:40.591 32194 32247 D Detox   : class com.wix.detox.espresso.DetoxViewActions, click, []
14:26:40.591 32194 32247 D Detox   : class com.wix.detox.espresso.EspressoDetox, perform, [View at index #2, of those matching MATCHER(view.getTag() is "department_list_screen_department_item" and view has effective visibility <VISIBLE>), com.wix.detox.espresso.action.RNClickAction@d11eaae]
14:26:41.344 32194 32194 I Detox   : Network is busy, with 1 in-flight calls
14:26:41.360 32194 32194 I Detox   : Network is busy, with 1 in-flight calls
14:26:41.377 32194 32194 I Detox   : Network is busy, with 1 in-flight calls
14:26:42.409 32194 32194 I Detox   : UIManagerModule is busy
14:26:42.792 32194 32247 I DetoxWSClient: Sending out action 'invokeResult' (ID #48)
14:26:42.792 32194 32247 I DetoxDispatcher: Done with action 'invoke'
14:26:42.794 32194 32251 D DetoxWSClient: Received action 'invoke' (ID #49, params={"target":{"type":"Class","value":"com.wix.detox.espresso.EspressoDetox"},"method":"perform","args":[{"type":"Invocation","value":{"target":{"type":"Class","value":"com.wix.detox.espresso.DetoxMatcher"},"method":"matcherForAtIndex","args":[{"type":"Integer","value":0},{"type":"Invocation","value":{"target":{"type":"Class","value":"com.wix.detox.espresso.DetoxMatcher"},"method":"matcherForTestId","args":["product_carousel_horizontal_list_item",{"type":"boolean","value":false}]}}]}},{"type":"Invocation","value":{"target":{"type":"Class","value":"com.wix.detox.espresso.DetoxViewActions"},"method":"click","args":[]}}]})
14:26:42.795 32194 32247 I DetoxDispatcher: Handling action 'invoke' (ID #49)...
14:26:42.795 32194 32247 D Detox   : class com.wix.detox.espresso.DetoxMatcher, matcherForTestId, [product_carousel_horizontal_list_item, false]
14:26:42.795 32194 32247 D Detox   : class com.wix.detox.espresso.DetoxMatcher, matcherForAtIndex, [0, (view.getTag() is "product_carousel_horizontal_list_item" and view has effective visibility <VISIBLE>)]
14:26:42.795 32194 32247 D Detox   : class com.wix.detox.espresso.DetoxViewActions, click, []
14:26:42.795 32194 32247 D Detox   : class com.wix.detox.espresso.EspressoDetox, perform, [View at index #0, of those matching MATCHER(view.getTag() is "product_carousel_horizontal_list_item" and view has effective visibility <VISIBLE>), com.wix.detox.espresso.action.RNClickAction@96457f4]
14:26:44.197 32194 32247 I DetoxWSClient: Sending out action 'invokeResult' (ID #49)
14:26:44.197 32194 32247 I DetoxDispatcher: Done with action 'invoke'
14:26:44.203 32194 32251 D DetoxWSClient: Received action 'invoke' (ID #50, params={"target":{"type":"Class","value":"com.wix.detox.espresso.EspressoDetox"},"method":"perform","args":[{"type":"Invocation","value":{"target":{"type":"Class","value":"com.wix.detox.espresso.DetoxMatcher"},"method":"matcherForTestId","args":["shopping_item_add_to_list_button",{"type":"boolean","value":false}]}},{"type":"Invocation","value":{"target":{"type":"Class","value":"com.wix.detox.espresso.DetoxViewActions"},"method":"click","args":[]}}]})
14:26:44.203 32194 32247 I DetoxDispatcher: Handling action 'invoke' (ID #50)...
14:26:44.203 32194 32247 D Detox   : class com.wix.detox.espresso.DetoxMatcher, matcherForTestId, [shopping_item_add_to_list_button, false]
14:26:44.203 32194 32247 D Detox   : class com.wix.detox.espresso.DetoxViewActions, click, []
14:26:44.203 32194 32247 D Detox   : class com.wix.detox.espresso.EspressoDetox, perform, [(view.getTag() is "shopping_item_add_to_list_button" and view has effective visibility <VISIBLE>), com.wix.detox.espresso.action.RNClickAction@2b504bb]
14:26:44.459 32194 32194 I Detox   : UIManagerModule is busy
14:26:44.479 32194 32194 I Detox   : AnimatedModule is busy.
14:26:44.494 32194 32194 I Detox   : AnimatedModule is busy.
14:26:44.510 32194 32194 I Detox   : AnimatedModule is busy.
14:26:44.527 32194 32194 I Detox   : AnimatedModule is busy.
14:26:44.544 32194 32194 I Detox   : AnimatedModule is busy.
14:26:44.561 32194 32194 I Detox   : AnimatedModule is busy.
14:26:44.578 32194 32194 I Detox   : AnimatedModule is busy.
14:26:44.595 32194 32194 I Detox   : AnimatedModule is busy.
14:26:44.612 32194 32194 I Detox   : AnimatedModule is busy.
14:26:44.628 32194 32194 I Detox   : AnimatedModule is busy.
14:26:44.643 32194 32194 I Detox   : AnimatedModule is busy.
14:26:44.661 32194 32194 I Detox   : AnimatedModule is busy.
14:26:44.680 32194 32194 I Detox   : AnimatedModule is busy.
14:26:44.697 32194 32194 I Detox   : AnimatedModule is busy.
14:26:44.712 32194 32194 I Detox   : AnimatedModule is busy.
14:26:44.731 32194 32194 I Detox   : AnimatedModule is busy.
14:26:44.747 32194 32194 I Detox   : AnimatedModule is busy.
14:26:45.079 32194 32194 I Detox   : Network is busy, with 1 in-flight calls
14:26:45.094 32194 32194 I Detox   : Network is busy, with 1 in-flight calls
14:26:45.110 32194 32194 I Detox   : Network is busy, with 1 in-flight calls
14:26:45.136 32194 32194 I Detox   : UIManagerModule is busy
14:26:45.238 32194 32194 I Detox   : UIManagerModule is busy
14:26:45.776 32194 32194 I Detox   : UIManagerModule is busy
14:26:45.789 32194 32194 I Detox   : UIManagerModule is busy
14:26:45.794 32194 32194 I Detox   : AnimatedModule is busy.
14:26:45.810 32194 32194 I Detox   : AnimatedModule is busy.
14:26:45.828 32194 32194 I Detox   : AnimatedModule is busy.
14:26:45.847 32194 32194 I Detox   : AnimatedModule is busy.
14:26:45.861 32194 32194 I Detox   : AnimatedModule is busy.
14:26:45.877 32194 32194 I Detox   : AnimatedModule is busy.
14:26:45.893 32194 32194 I Detox   : AnimatedModule is busy.
14:26:45.910 32194 32194 I Detox   : AnimatedModule is busy.
14:26:45.927 32194 32194 I Detox   : AnimatedModule is busy.
14:26:45.944 32194 32194 I Detox   : AnimatedModule is busy.
14:26:45.960 32194 32194 I Detox   : AnimatedModule is busy.
14:26:45.977 32194 32194 I Detox   : AnimatedModule is busy.
14:26:45.995 32194 32194 I Detox   : AnimatedModule is busy.
14:26:46.011 32194 32194 I Detox   : AnimatedModule is busy.
14:26:46.028 32194 32194 I Detox   : AnimatedModule is busy.
14:26:46.044 32194 32194 I Detox   : AnimatedModule is busy.
14:26:46.061 32194 32194 I Detox   : AnimatedModule is busy.
14:26:46.150 32194 32194 I Detox   : UIManagerModule is busy
14:26:46.178 32194 32194 I Detox   : AnimatedModule is busy.
14:26:46.194 32194 32194 I Detox   : AnimatedModule is busy.
14:26:46.210 32194 32194 I Detox   : AnimatedModule is busy.
14:26:46.227 32194 32194 I Detox   : AnimatedModule is busy.
14:26:46.245 32194 32194 I Detox   : AnimatedModule is busy.
14:26:46.260 32194 32194 I Detox   : AnimatedModule is busy.
14:26:46.277 32194 32194 I Detox   : AnimatedModule is busy.
14:26:46.294 32194 32194 I Detox   : AnimatedModule is busy.
14:26:46.310 32194 32194 I Detox   : AnimatedModule is busy.
14:26:46.327 32194 32194 I Detox   : AnimatedModule is busy.
14:26:46.344 32194 32194 I Detox   : AnimatedModule is busy.
14:26:46.363 32194 32194 I Detox   : AnimatedModule is busy.
14:26:46.380 32194 32194 I Detox   : AnimatedModule is busy.
14:26:46.399 32194 32194 I Detox   : AnimatedModule is busy.
14:26:46.413 32194 32194 I Detox   : AnimatedModule is busy.
14:26:46.430 32194 32194 I Detox   : AnimatedModule is busy.
14:26:46.446 32194 32194 I Detox   : AnimatedModule is busy.
14:26:46.463 32194 32194 I Detox   : AnimatedModule is busy.
14:26:46.480 32194 32194 I Detox   : AnimatedModule is busy.
14:26:46.496 32194 32194 I Detox   : AnimatedModule is busy.
14:26:46.513 32194 32194 I Detox   : AnimatedModule is busy.
14:26:46.530 32194 32194 I Detox   : AnimatedModule is busy.
14:26:46.546 32194 32194 I Detox   : AnimatedModule is busy.
14:26:46.563 32194 32194 I Detox   : AnimatedModule is busy.
14:26:46.579 32194 32194 I Detox   : AnimatedModule is busy.
14:26:46.599 32194 32194 I Detox   : AnimatedModule is busy.
14:26:46.613 32194 32194 I Detox   : AnimatedModule is busy.
14:26:46.629 32194 32194 I Detox   : AnimatedModule is busy.
14:26:46.646 32194 32194 I Detox   : AnimatedModule is busy.
14:26:46.663 32194 32194 I Detox   : AnimatedModule is busy.
14:26:46.680 32194 32194 I Detox   : AnimatedModule is busy.
14:26:46.696 32194 32194 I Detox   : AnimatedModule is busy.
14:26:46.713 32194 32194 I Detox   : AnimatedModule is busy.
14:26:46.730 32194 32194 I Detox   : AnimatedModule is busy.
14:26:46.746 32194 32194 I Detox   : AnimatedModule is busy.
14:26:46.763 32194 32194 I Detox   : AnimatedModule is busy.
14:26:46.779 32194 32194 I Detox   : AnimatedModule is busy.
14:26:46.799 32194 32194 I Detox   : AnimatedModule is busy.
14:26:46.813 32194 32194 I Detox   : AnimatedModule is busy.
14:26:46.830 32194 32194 I Detox   : AnimatedModule is busy.
14:26:46.846 32194 32194 I Detox   : AnimatedModule is busy.
14:26:46.863 32194 32194 I Detox   : AnimatedModule is busy.
14:26:46.879 32194 32194 I Detox   : AnimatedModule is busy.
14:26:46.894 32194 32194 I Detox   : AnimatedModule is busy.
14:26:46.911 32194 32194 I Detox   : AnimatedModule is busy.
14:26:46.927 32194 32194 I Detox   : AnimatedModule is busy.
14:26:46.944 32194 32194 I Detox   : AnimatedModule is busy.
14:26:46.960 32194 32194 I Detox   : AnimatedModule is busy.
14:26:46.977 32194 32194 I Detox   : AnimatedModule is busy.
14:26:46.994 32194 32194 I Detox   : AnimatedModule is busy.
14:26:47.010 32194 32194 I Detox   : AnimatedModule is busy.
14:26:47.027 32194 32194 I Detox   : AnimatedModule is busy.
14:26:47.044 32194 32194 I Detox   : AnimatedModule is busy.
14:26:47.061 32194 32194 I Detox   : AnimatedModule is busy.
14:26:47.077 32194 32194 I Detox   : AnimatedModule is busy.
14:26:47.094 32194 32194 I Detox   : AnimatedModule is busy.
14:26:47.111 32194 32194 I Detox   : AnimatedModule is busy.
14:26:47.127 32194 32194 I Detox   : AnimatedModule is busy.
14:26:47.144 32194 32194 I Detox   : AnimatedModule is busy.
14:26:47.160 32194 32194 I Detox   : AnimatedModule is busy.
14:26:47.177 32194 32194 I Detox   : AnimatedModule is busy.
14:26:47.194 32194 32194 I Detox   : AnimatedModule is busy.
14:26:47.210 32194 32194 I Detox   : AnimatedModule is busy.
14:26:47.227 32194 32194 I Detox   : AnimatedModule is busy.
14:26:47.244 32194 32194 I Detox   : AnimatedModule is busy.
14:26:47.260 32194 32194 I Detox   : AnimatedModule is busy.
14:26:47.277 32194 32194 I Detox   : AnimatedModule is busy.
14:26:47.294 32194 32194 I Detox   : AnimatedModule is busy.
14:26:47.310 32194 32194 I Detox   : AnimatedModule is busy.
14:26:47.327 32194 32194 I Detox   : AnimatedModule is busy.
14:26:47.344 32194 32194 I Detox   : AnimatedModule is busy.
14:26:47.365 32194 32247 I DetoxWSClient: Sending out action 'invokeResult' (ID #50)
14:26:47.365 32194 32247 I DetoxDispatcher: Done with action 'invoke'
14:26:47.367 32194 32251 D DetoxWSClient: Received action 'invoke' (ID #51, params={"target":{"type":"Class","value":"com.wix.detox.espresso.DetoxAssertion"},"method":"waitForAssertMatcher","args":[{"type":"Invocation","value":{"target":{"type":"Class","value":"androidx.test.espresso.Espresso"},"method":"onView","args":[{"type":"Invocation","value":{"target":{"type":"Class","value":"com.wix.detox.espresso.DetoxMatcher"},"method":"matcherForText","args":["Added to cart",{"type":"boolean","value":false}]}}]}},{"type":"Invocation","value":{"target":{"type":"Class","value":"com.wix.detox.espresso.DetoxMatcher"},"method":"matcherForSufficientlyVisible","args":[{"type":"Integer","value":75}]}},{"type":"Double","value":2}]})
14:26:47.368 32194 32247 I DetoxDispatcher: Handling action 'invoke' (ID #51)...
14:26:47.368 32194 32247 D Detox   : class com.wix.detox.espresso.DetoxMatcher, matcherForText, [Added to cart, false]
14:26:47.368 32194 32247 D Detox   : class androidx.test.espresso.Espresso, onView, [(an instance of android.widget.TextView and view.getText() with or without transformation to match: is "Added to cart" and view has effective visibility <VISIBLE>)]
14:26:47.368 32194 32247 D Detox   : class com.wix.detox.espresso.DetoxMatcher, matcherForSufficientlyVisible, [75]
14:26:47.368 32194 32247 D Detox   : class com.wix.detox.espresso.DetoxAssertion, waitForAssertMatcher, [androidx.test.espresso.ViewInteraction@6690c87, (view has effective visibility <VISIBLE> and view.getGlobalVisibleRect() covers at least <75> percent of the view's area), 2.0]
14:26:47.369 32194 32194 I ViewInteraction: Checking 'MatchesViewAssertion(Detox){viewMatcher=(view has effective visibility <VISIBLE> and view.getGlobalVisibleRect() covers at least <75> percent of the view's area)}' assertion on view (an instance of android.widget.TextView and view.getText() with or without transformation to 
