14:23:53.213 31452 31505 I DetoxWSClient: Sending out action 'invokeResult' (ID #29)
14:23:53.213 31452 31505 I DetoxDispatcher: Done with action 'invoke'
14:23:53.264 31452 31509 D DetoxWSClient: Received action 'invoke' (ID #30, params={"target":{"type":"Class","value":"com.wix.detox.espresso.EspressoDetox"},"method":"perform","args":[{"type":"Invocation","value":{"target":{"type":"Class","value":"com.wix.detox.espresso.DetoxMatcher"},"method":"matcherForTestId","args":["item_more_main_tab_button",{"type":"boolean","value":false}]}},{"type":"Invocation","value":{"target":{"type":"Class","value":"com.wix.detox.espresso.DetoxViewActions"},"method":"click","args":[]}}]})
14:23:53.265 31452 31505 I DetoxDispatcher: Handling action 'invoke' (ID #30)...
14:23:53.265 31452 31505 D Detox   : class com.wix.detox.espresso.DetoxMatcher, matcherForTestId, [item_more_main_tab_button, false]
14:23:53.265 31452 31505 D Detox   : class com.wix.detox.espresso.DetoxViewActions, click, []
14:23:53.265 31452 31505 D Detox   : class com.wix.detox.espresso.EspressoDetox, perform, [(view.getTag() is "item_more_main_tab_button" and view has effective visibility <VISIBLE>), com.wix.detox.espresso.action.RNClickAction@c7fc3cc]
14:23:54.329 31452 31505 I DetoxWSClient: Sending out action 'invokeResult' (ID #30)
14:23:54.329 31452 31505 I DetoxDispatcher: Done with action 'invoke'
14:23:54.333 31452 31509 D DetoxWSClient: Received action 'invoke' (ID #31, params={"target":{"type":"Class","value":"com.wix.detox.espresso.DetoxAssertion"},"method":"waitForAssertMatcherWithSearchAction","args":[{"type":"Invocation","value":{"target":{"type":"Class","value":"androidx.test.espresso.Espresso"},"method":"onView","args":[{"type":"Invocation","value":{"target":{"type":"Class","value":"com.wix.detox.espresso.DetoxMatcher"},"method":"matcherForTestId","args":["more_screen_item_promotions_button",{"type":"boolean","value":false}]}}]}},{"type":"Invocation","value":{"target":{"type":"Class","value":"com.wix.detox.espresso.DetoxMatcher"},"method":"matcherForSufficientlyVisible","args":[{"type":"Integer","value":75}]}},{"type":"Invocation","value":{"target":{"type":"Class","value":"com.wix.detox.espresso.DetoxAction"},"method":"scrollInDirectionStaleAtEdge","args":[{"type":"Integer","value":4},{"type":"Double","value":50},{"type":"Double","value":-1},{"type":"Double","value":-1}]}},{"type":"Invocation","value":{"target":{"type":"Class","value":"com.wix.detox.espresso.DetoxMatcher"},"method":"matcherForTestId","args":["more_screen_scrollview",{"type":"boolean","value":false}]}}]})
14:23:54.333 31452 31505 I DetoxDispatcher: Handling action 'invoke' (ID #31)...
14:23:54.333 31452 31505 D Detox   : class com.wix.detox.espresso.DetoxMatcher, matcherForTestId, [more_screen_item_promotions_button, false]
14:23:54.333 31452 31505 D Detox   : class androidx.test.espresso.Espresso, onView, [(view.getTag() is "more_screen_item_promotions_button" and view has effective visibility <VISIBLE>)]
14:23:54.333 31452 31505 D Detox   : class com.wix.detox.espresso.DetoxMatcher, matcherForSufficientlyVisible, [75]
14:23:54.334 31452 31505 D Detox   : class com.wix.detox.espresso.DetoxAction, scrollInDirectionStaleAtEdge, [4, 50.0, -1.0, -1.0]
14:23:54.334 31452 31505 D Detox   : class com.wix.detox.espresso.DetoxMatcher, matcherForTestId, [more_screen_scrollview, false]
14:23:54.334 31452 31505 D Detox   : class com.wix.detox.espresso.DetoxAssertion, waitForAssertMatcherWithSearchAction, [androidx.test.espresso.ViewInteraction@54ec9f9, (view has effective visibility <VISIBLE> and view.getGlobalVisibleRect() covers at least <75> percent of the view's area), com.wix.detox.espresso.scroll.DetoxScrollActionStaleAtEdge@3ac0d3e, (view.getTag() is "more_screen_scrollview" and view has effective visibility <VISIBLE>)]
14:23:54.335 31452 31452 I ViewInteraction: Checking 'MatchesViewAssertion(Detox){viewMatcher=(view has effective visibility <VISIBLE> and view.getGlobalVisibleRect() covers at least <75> percent of the view's area)}' assertion on view (view.getTag() is "more_screen_item_promotions_button" and view has effective visibility <VISIBLE>)
14:23:54.335 31452 31505 I DetoxWSClient: Sending out action 'invokeResult' (ID #31)
14:23:54.335 31452 31505 I DetoxDispatcher: Done with action 'invoke'
14:23:54.338 31452 31509 D DetoxWSClient: Received action 'invoke' (ID #32, params={"target":{"type":"Class","value":"com.wix.detox.espresso.EspressoDetox"},"method":"perform","args":[{"type":"Invocation","value":{"target":{"type":"Class","value":"com.wix.detox.espresso.DetoxMatcher"},"method":"matcherForTestId","args":["more_screen_item_promotions_button",{"type":"boolean","value":false}]}},{"type":"Invocation","value":{"target":{"type":"Class","value":"com.wix.detox.espresso.DetoxViewActions"},"method":"click","args":[]}}]})
14:23:54.338 31452 31505 I DetoxDispatcher: Handling action 'invoke' (ID #32)...
14:23:54.338 31452 31505 D Detox   : class com.wix.detox.espresso.DetoxMatcher, matcherForTestId, [more_screen_item_promotions_button, false]
14:23:54.338 31452 31505 D Detox   : class com.wix.detox.espresso.DetoxViewActions, click, []
14:23:54.338 31452 31505 D Detox   : class com.wix.detox.espresso.EspressoDetox, perform, [(view.getTag() is "more_screen_item_promotions_button" and view has effective visibility <VISIBLE>), com.wix.detox.espresso.action.RNClickAction@83eb79f]
14:23:55.414 31452 31505 I DetoxWSClient: Sending out action 'invokeResult' (ID #32)
14:23:55.415 31452 31505 I DetoxDispatcher: Done with action 'invoke'
14:23:55.421 31452 31509 D DetoxWSClient: Received action 'invoke' (ID #33, params={"target":{"type":"Class","value":"com.wix.detox.espresso.DetoxAssertion"},"method":"waitForAssertMatcherWithSearchAction","args":[{"type":"Invocation","value":{"target":{"type":"Class","value":"androidx.test.espresso.Espresso"},"method":"onView","args":[{"type":"Invocation","value":{"target":{"type":"Class","value":"com.wix.detox.espresso.DetoxMatcher"},"method":"matcherForAtIndex","args":[{"type":"Integer","value":0},{"type":"Invocation","value":{"target":{"type":"Class","value":"com.wix.detox.espresso.DetoxMatcher"},"method":"matcherForTestId","args":["cms_text_box_button",{"type":"boolean","value":false}]}}]}}]}},{"type":"Invocation","value":{"target":{"type":"Class","value":"com.wix.detox.espresso.DetoxMatcher"},"method":"matcherForSufficientlyVisible","args":[{"type":"Integer","value":75}]}},{"type":"Invocation","value":{"target":{"type":"Class","value":"com.wix.detox.espresso.DetoxAction"},"method":"scrollInDirectionStaleAtEdge","args":[{"type":"Integer","value":4},{"type":"Double","value":50},{"type":"Double","value":-1},{"type":"Double","value":-1}]}},{"type":"Invocation","value":{"target":{"type":"Class","value":"com.wix.detox.espresso.DetoxMatcher"},"method":"matcherForTestId","args":["promotions_screen_scrollview",{"type":"boolean","value":false}]}}]})
14:23:55.422 31452 31505 I DetoxDispatcher: Handling action 'invoke' (ID #33)...
14:23:55.422 31452 31505 D Detox   : class com.wix.detox.espresso.DetoxMatcher, matcherForTestId, [cms_text_box_button, false]
14:23:55.422 31452 31505 D Detox   : class com.wix.detox.espresso.DetoxMatcher, matcherForAtIndex, [0, (view.getTag() is "cms_text_box_button" and view has effective visibility <VISIBLE>)]
14:23:55.422 31452 31505 D Detox   : class androidx.test.espresso.Espresso, onView, [View at index #0, of those matching MATCHER(view.getTag() is "cms_text_box_button" and view has effective visibility <VISIBLE>)]
14:23:55.422 31452 31505 D Detox   : class com.wix.detox.espresso.DetoxMatcher, matcherForSufficientlyVisible, [75]
14:23:55.422 31452 31505 D Detox   : class com.wix.detox.espresso.DetoxAction, scrollInDirectionStaleAtEdge, [4, 50.0, -1.0, -1.0]
14:23:55.422 31452 31505 D Detox   : class com.wix.detox.espresso.DetoxMatcher, matcherForTestId, [promotions_screen_scrollview, false]
14:23:55.422 31452 31505 D Detox   : class com.wix.detox.espresso.DetoxAssertion, waitForAssertMatcherWithSearchAction, [androidx.test.espresso.ViewInteraction@a80c4b7, (view has effective visibility <VISIBLE> and view.getGlobalVisibleRect() covers at least <75> percent of the view's area), com.wix.detox.espresso.scroll.DetoxScrollActionStaleAtEdge@14db424, (view.getTag() is "promotions_screen_scrollview" and view has effective visibility <VISIBLE>)]
14:23:55.423 31452 31452 I ViewInteraction: Checking 'MatchesViewAssertion(Detox){viewMatcher=(view has effective visibility <VISIBLE> and view.getGlobalVisibleRect() covers at least <75> percent of the view's area)}' assertion on view View at index #0, of those matching MATCHER(view.getTag() is "cms_text_box_button" and view has effective visibility <VISIBLE>)
14:23:55.423 31452 31505 I DetoxWSClient: Sending out action 'invokeResult' (ID #33)
14:23:55.423 31452 31505 I DetoxDispatcher: Done with action 'invoke'
14:23:55.425 31452 31509 D DetoxWSClient: Received action 'invoke' (ID #34, params={"target":{"type":"Class","value":"com.wix.detox.espresso.EspressoDetox"},"method":"perform","args":[{"type":"Invocation","value":{"target":{"type":"Class","value":"com.wix.detox.espresso.DetoxMatcher"},"method":"matcherForAtIndex","args":[{"type":"Integer","value":0},{"type":"Invocation","value":{"target":{"type":"Class","value":"com.wix.detox.espresso.DetoxMatcher"},"method":"matcherForTestId","args":["cms_text_box_button",{"type":"boolean","value":false}]}}]}},{"type":"Invocation","value":{"target":{"type":"Class","value":"com.wix.detox.espresso.DetoxViewActions"},"method":"click","args":[]}}]})
14:23:55.425 31452 31505 I DetoxDispatcher: Handling action 'invoke' (ID #34)...
14:23:55.425 31452 31505 D Detox   : class com.wix.detox.espresso.DetoxMatcher, matcherForTestId, [cms_text_box_button, false]
14:23:55.425 31452 31505 D Detox   : class com.wix.detox.espresso.DetoxMatcher, matcherForAtIndex, [0, (view.getTag() is "cms_text_box_button" and view has effective visibility <VISIBLE>)]
14:23:55.425 31452 31505 D Detox   : class com.wix.detox.espresso.DetoxViewActions, click, []
14:23:55.425 31452 31505 D Detox   : class com.wix.detox.espresso.EspressoDetox, perform, [View at index #0, of those matching MATCHER(view.getTag() is "cms_text_box_button" and view has effective visibility <VISIBLE>), com.wix.detox.espresso.action.RNClickAction@1e0a142]
14:23:56.984 31452 31505 I DetoxWSClient: Sending out action 'invokeResult' (ID #34)
14:23:56.984 31452 31505 I DetoxDispatcher: Done with action 'invoke'
14:23:56.988 31452 31509 D DetoxWSClient: Received action 'invoke' (ID #35, params={"target":{"type":"Class","value":"com.wix.detox.espresso.DetoxAssertion"},"method":"assertMatcher","args":[{"type":"Invocation","value":{"target":{"type":"Class","value":"androidx.test.espresso.Espresso"},"method":"onView","args":[{"type":"Invocation","value":{"target":{"type":"Class","value":"com.wix.detox.espresso.DetoxMatcher"},"method":"matcherForTestId","args":["product_list",{"type":"boolean","value":false}]}}]}},{"type":"Invocation","value":{"target":{"type":"Class","value":"com.wix.detox.espresso.DetoxMatcher"},"method":"matcherForSufficientlyVisible","args":[{"type":"Integer","value":75}]}}]})
14:23:56.988 31452 31505 I DetoxDispatcher: Handling action 'invoke' (ID #35)...
14:23:56.988 31452 31505 D Detox   : class com.wix.detox.espresso.DetoxMatcher, matcherForTestId, [product_list, false]
14:23:56.988 31452 31505 D Detox   : class androidx.test.espresso.Espresso, onView, [(view.getTag() is "product_list" and view has effective visibility <VISIBLE>)]
14:23:56.988 31452 31505 D Detox   : class com.wix.detox.espresso.DetoxMatcher, matcherForSufficientlyVisible, [75]
14:23:56.988 31452 31505 D Detox   : class com.wix.detox.espresso.DetoxAssertion, assertMatcher, [androidx.test.espresso.ViewInteraction@e848110, (view has effective visibility <VISIBLE> and view.getGlobalVisibleRect() covers at least <75> percent of the view's area)]
14:23:56.989 31452 31452 I ViewInteraction: Checking 'MatchesViewAssertion(Detox){viewMatcher=(view has effective visibility <VISIBLE> and view.getGlobalVisibleRect() covers at least <75> percent of the view's area)}' assertion on view (view.getTag() is "product_list" and view has effective visibility <VISIBLE>)
14:23:56.990 31452 31505 I DetoxWSClient: Sending out action 'invokeResult' (ID #35)
14:23:56.990 31452 31505 I DetoxDispatcher: Done with action 'invoke'
14:23:56.993 31452 31509 D DetoxWSClient: Received action 'invoke' (ID #36, params={"target":{"type":"Class","value":"com.wix.detox.espresso.EspressoDetox"},"method":"perform","args":[{"type":"Invocation","value":{"target":{"type":"Class","value":"com.wix.detox.espresso.DetoxMatcher"},"method":"matcherForTestId","args":["go_back_header_button",{"type":"boolean","value":false}]}},{"type":"Invocation","value":{"target":{"type":"Class","value":"com.wix.detox.espresso.DetoxViewActions"},"method":"click","args":[]}}]})
14:23:56.993 31452 31505 I DetoxDispatcher: Handling action 'invoke' (ID #36)...
14:23:56.993 31452 31505 D Detox   : class com.wix.detox.espresso.DetoxMatcher, matcherForTestId, [go_back_header_button, false]
14:23:56.993 31452 31505 D Detox   : class com.wix.detox.espresso.DetoxViewActions, click, []
14:23:56.993 31452 31505 D Detox   : class com.wix.detox.espresso.EspressoDetox, perform, [(view.getTag() is "go_back_header_button" and view has effective visibility <VISIBLE>), com.wix.detox.espresso.action.RNClickAction@9f8a60e]
14:23:57.026 31452 31452 I Detox   : UIManagerModule is busy
14:23:58.165 31452 31505 I DetoxWSClient: Sending out action 'invokeResult' (ID #36)
14:23:58.165 31452 31505 I DetoxDispatcher: Done with action 'invoke'
14:23:58.167 31452 31509 D DetoxWSClient: Received action 'invoke' (ID #37, params={"target":{"type":"Class","value":"com.wix.detox.espresso.EspressoDetox"},"method":"perform","args":[{"type":"Invocation","value":{"target":{"type":"Class","value":"com.wix.detox.espresso.DetoxMatcher"},"method":"matcherForTestId","args":["go_back_header_button",{"type":"boolean","value":false}]}},{"type":"Invocation","value":{"target":{"type":"Class","value":"com.wix.detox.espresso.DetoxViewActions"},"method":"click","args":[]}}]})
14:23:58.167 31452 31505 I DetoxDispatcher: Handling action 'invoke' (ID #37)...
14:23:58.167 31452 31505 D Detox   : class com.wix.detox.espresso.DetoxMatcher, matcherForTestId, [go_back_header_button, false]
14:23:58.167 31452 31505 D Detox   : class com.wix.detox.espresso.DetoxViewActions, click, []
14:23:58.167 31452 31505 D Detox   : class com.wix.detox.espresso.EspressoDetox, perform, [(view.getTag() is "go_back_header_button" and view has effective visibility <VISIBLE>), com.wix.detox.espresso.action.RNClickAction@775f4ff]
14:23:59.233 31452 31505 I DetoxWSClient: Sending out action 'invokeResult' (ID #37)
14:23:59.233 31452 31505 I DetoxDispatcher: Done with action 'invoke'
14:23:59.239 31452 31509 D DetoxWSClient: Received action 'invoke' (ID #38, params={"target":{"type":"Class","value":"com.wix.detox.espresso.EspressoDetox"},"method":"perform","args":[{"type":"Invocation","value":{"target":{"type":"Class","value":"com.wix.detox.espresso.DetoxMatcher"},"method":"matcherForTestId","args":["item_home_main_tab_button",{"type":"boolean","value":false}]}},{"type":"Invocation","value":{"target":{"type":"Class","value":"com.wix.detox.espresso.DetoxViewActions"},"method":"click","args":[]}}]})
14:23:59.239 31452 31505 I DetoxDispatcher: Handling action 'invoke' (ID #38)...
14:23:59.239 31452 31505 D Detox   : class com.wix.detox.espresso.DetoxMatcher, matcherForTestId, [item_home_main_tab_button, false]
14:23:59.239 31452 31505 D Detox   : class com.wix.detox.espresso.DetoxViewActions, click, []
14:23:59.239 31452 31505 D Detox   : class com.wix.detox.espresso.EspressoDetox, perform, [(view.getTag() is "item_home_main_tab_button" and view has effective visibility <VISIBLE>), com.wix.detox.espresso.action.RNClickAction@7e86430]
