14:25:36.151 32194 32194 E kefern.shoprite: Not starting debugger since process cannot load the jdwp agent.
14:25:36.211 32194 32211 E DynamiteModule: Invalid GmsCore APK, remote loading disabled.
14:25:36.212 32194 32211 E DynamiteModule: Invalid GmsCore APK, remote loading disabled.
14:25:36.226 32194 32229 E FirebaseMessaging: Google Play services missing or without correct permission.
14:25:36.234 32194 32221 E FirebaseCrashlytics: Settings request failed.
14:25:36.265 32194 32229 E FirebaseMessaging: Google Play services missing or without correct permission.
14:25:36.267 32194 32194 E AlarmReceiver: onReceive
14:25:36.267 32194 32194 E AlarmReceiver: onReceive: android.intent.action.BOOT_COMPLETED, null
14:25:36.279 32194 32240 E HMSSDK_HMSPackageManager: resolveInfoList is null or empty
14:25:36.279 32194 32240 E HMSSDK_HMSPackageManager: PackagePriorityInfo list is null
14:25:36.279 32194 32240 E HMSSDK_HMSPackageManager: <initHmsPackageInfoForMultiService> Failed to find HMS apk
14:25:36.280 32194 32240 E HMSSDK_HMSPackageManager: resolveInfoList is null or empty
14:25:36.280 32194 32240 E HMSSDK_HMSPackageManager: PackagePriorityInfo list is null
14:25:36.280 32194 32240 E HMSSDK_HMSPackageManager: <initHmsPackageInfoForMultiService> Failed to find HMS apk
14:25:36.280 32194 32240 E HMSSDK_HMSPackageManager: resolveInfoList is null or empty
14:25:36.280 32194 32240 E HMSSDK_HMSPackageManager: PackagePriorityInfo list is null
14:25:36.280 32194 32240 E HMSSDK_HMSPackageManager: <initHmsPackageInfoForMultiService> Failed to find HMS apk
14:25:36.282 32194 32240 E TSLocationManager: ╔═════════════════════════════════════════════
14:25:36.282 32194 32240 E TSLocationManager: ║ LICENSE VALIDATION FAILURE: com.wakefern.shoprite
14:25:36.282 32194 32240 E TSLocationManager: ╠═════════════════════════════════════════════
14:25:36.282 32194 32240 E TSLocationManager: ╟─ Failed to find license key in AndroidManifest.  Ensure you've added the key within <application><meta-data android:name="com.transistorsoft.locationmanager.hms.license" android:value="<YOUR LICENSE KEY>" />
14:25:36.282 32194 32240 E TSLocationManager: ╚═════════════════════════════════════════════
14:25:36.286 32194 32240 E HMSSDK_HMSPackageManager: resolveInfoList is null or empty
14:25:36.286 32194 32240 E HMSSDK_HMSPackageManager: PackagePriorityInfo list is null
14:25:36.286 32194 32240 E HMSSDK_HMSPackageManager: <initHmsPackageInfoForMultiService> Failed to find HMS apk
14:25:36.286 32194 32240 E HMSSDK_HMSPackageManager: resolveInfoList is null or empty
14:25:36.287 32194 32240 E HMSSDK_HMSPackageManager: PackagePriorityInfo list is null
14:25:36.287 32194 32240 E HMSSDK_HMSPackageManager: <initHmsPackageInfoForMultiService> Failed to find HMS apk
14:25:36.301 32194 32240 E HMSSDK_HMSPackageManager: resolveInfoList is null or empty
14:25:36.301 32194 32240 E HMSSDK_HMSPackageManager: PackagePriorityInfo list is null
14:25:36.301 32194 32240 E HMSSDK_HMSPackageManager: <initHmsPackageInfoForMultiService> Failed to find HMS apk
14:25:36.301 32194 32240 E HMSSDK_HMSPackageManager: resolveInfoList is null or empty
14:25:36.301 32194 32240 E HMSSDK_HMSPackageManager: PackagePriorityInfo list is null
14:25:36.301 32194 32240 E HMSSDK_HMSPackageManager: <initHmsPackageInfoForMultiService> Failed to find HMS apk
14:25:36.301 32194 32240 E HMSSDK_HMSPackageManager: resolveInfoList is null or empty
14:25:36.301 32194 32240 E HMSSDK_HMSPackageManager: PackagePriorityInfo list is null
14:25:36.301 32194 32240 E HMSSDK_HMSPackageManager: <initHmsPackageInfoForMultiService> Failed to find HMS apk
14:25:36.301 32194 32240 E HMSSDK_HMSPackageManager: resolveInfoList is null or empty
14:25:36.301 32194 32240 E HMSSDK_HMSPackageManager: PackagePriorityInfo list is null
14:25:36.301 32194 32240 E HMSSDK_HMSPackageManager: <initHmsPackageInfoForMultiService> Failed to find HMS apk
14:25:36.325 32194 32234 I TestRunner: started: runDetoxTests(com.thryveai.grocery.DetoxTest)
14:25:36.328 32194 32234 I Detox   : Detox server connection details: url=ws://localhost:59197, sessionId=7ad005b2-daea-b730-6483-bcd3d90c34bf
14:25:36.331 32194 32234 I Detox   : Connecting to server...
14:25:36.331 32194 32234 I DetoxWSClient: At connectToServer
14:25:36.340 32194 32251 D DetoxWSClient: At onOpen
14:25:36.340 32194 32251 I DetoxWSClient: Sending out action 'login' (ID #0)
14:25:36.340 32194 32251 I Detox   : Connected to server!
14:25:36.341 32194 32251 D DetoxWSClient: Received action 'loginSuccess' (ID #0, params={"testerConnected":true,"appConnected":true})
14:25:36.341 32194 32247 I DetoxDispatcher: Handling action 'loginSuccess' (ID #0)...
14:25:36.341 32194 32234 I Detox   : Launching the tested activity!
14:25:36.342 32194 32247 I DetoxDispatcher: Done with action 'loginSuccess'
14:25:36.408 32194 32194 D Detox.RNMarker: BUILD_REACT_INSTANCE_MANAGER_START (null)
14:25:36.410 32194 32194 E SoLoader: couldn't find DSO to load: libjscexecutor.so
14:25:36.410 32194 32194 E SoLoader: 	SoSource 0: com.facebook.soloader.DirectorySoSource[root = /data/app/~~-YaAllCbcL4tUA_boJL96A==/com.wakefern.shoprite-JX_ymU-1CBLI0IgHF6Assg==/lib/arm64 flags = 0]
14:25:36.410 32194 32194 E SoLoader: 	SoSource 1: com.facebook.soloader.DirectApkSoSource[root = (/data/app/~~q-gDFFYfQWrGcjXjjmzUvQ==/com.wakefern.shoprite.test-q2wdeUfLtYyKQdvvC_N3Bg==/base.apk!/lib/arm64-v8a, /data/app/~~-YaAllCbcL4tUA_boJL96A==/com.wakefern.shoprite-JX_ymU-1CBLI0IgHF6Assg==/base.apk!/lib/arm64-v8a, )]
14:25:36.410 32194 32194 E SoLoader: 	SoSource 2: com.facebook.soloader.DirectorySoSource[root = /system/lib64 flags = 2]
14:25:36.410 32194 32194 E SoLoader: 	SoSource 3: com.facebook.soloader.DirectorySoSource[root = /vendor/lib64 flags = 2]
14:25:36.410 32194 32194 E SoLoader: 	Native lib dir: /data/app/~~-YaAllCbcL4tUA_boJL96A==/com.wakefern.shoprite-JX_ymU-1CBLI0IgHF6Assg==/lib/arm64
14:25:36.410 32194 32194 E SoLoader:  result: 0
14:25:36.421 32194 32194 D Detox.RNMarker: BUILD_REACT_INSTANCE_MANAGER_END (null)
14:25:36.421 32194 32194 D Detox.RNMarker: REACT_BRIDGE_LOADING_START (null)
14:25:36.426 32194 32263 D Detox.RNMarker: CREATE_REACT_CONTEXT_START (HermesExecutorRelease)
14:25:36.426 32194 32263 D Detox.RNMarker: PROCESS_PACKAGES_START (null)
14:25:36.430 32194 32263 D Detox.RNMarker: CREATE_MODULE_START (FrescoModule)
14:25:36.431 32194 32263 D Detox.RNMarker: CREATE_MODULE_END (FrescoModule)
14:25:36.475 32194 32270 E SDKManifestVerifier: Google Play services are not available: SERVICE_INVALID
14:25:36.525 32194 32263 D Detox.RNMarker: PROCESS_PACKAGES_END (null)
14:25:36.525 32194 32263 D Detox.RNMarker: CREATE_CATALYST_INSTANCE_START (null)
14:25:36.559 32194 32274 D Detox.RNMarker: CREATE_REACT_CONTEXT_END (null)
14:25:36.559 32194 32263 D Detox.RNMarker: CREATE_CATALYST_INSTANCE_END (null)
14:25:36.559 32194 32263 D Detox.RNMarker: PRE_RUN_JS_BUNDLE_START (null)
14:25:36.562 32194 32251 D DetoxWSClient: Received action 'isReady' (ID #-1000, params={})
14:25:36.562 32194 32247 I DetoxDispatcher: Handling action 'isReady' (ID #-1000)...
14:25:36.599 32194 32274 D Detox.RNMarker: RUN_JS_BUNDLE_START (index.android.bundle)
14:25:36.599 32194 32275 D Detox.RNMarker: CREATE_MODULE_START (UIManager)
14:25:36.604 32194 32274 D Detox.RNMarker: NATIVE_MODULE_SETUP_START (RedBox)
14:25:36.604 32194 32274 D Detox.RNMarker: NATIVE_MODULE_SETUP_START (BugReporting)
14:25:36.604 32194 32274 D Detox.RNMarker: NATIVE_MODULE_SETUP_START (HeadlessJsTaskSupport)
14:25:36.604 32194 32274 D Detox.RNMarker: CREATE_MODULE_START (HeadlessJsTaskSupport)
14:25:36.605 32194 32274 D Detox.RNMarker: CREATE_MODULE_END (HeadlessJsTaskSupport)
14:25:36.605 32194 32274 D Detox.RNMarker: NATIVE_MODULE_SETUP_END (HeadlessJsTaskSupport)
14:25:36.605 32194 32274 D Detox.RNMarker: NATIVE_MODULE_SETUP_START (PlatformConstants)
14:25:36.605 32194 32274 D Detox.RNMarker: CREATE_MODULE_START (PlatformConstants)
14:25:36.605 32194 32274 D Detox.RNMarker: CREATE_MODULE_END (PlatformConstants)
14:25:36.606 32194 32274 D Detox.RNMarker: NATIVE_MODULE_SETUP_END (PlatformConstants)
14:25:36.606 32194 32274 D Detox.RNMarker: NATIVE_MODULE_SETUP_START (DeviceInfo)
14:25:36.606 32194 32274 D Detox.RNMarker: CREATE_MODULE_START (DeviceInfo)
14:25:36.606 32194 32274 D Detox.RNMarker: CREATE_MODULE_END (DeviceInfo)
14:25:36.607 32194 32274 D Detox.RNMarker: NATIVE_MODULE_SETUP_END (DeviceInfo)
14:25:36.607 32194 32274 D Detox.RNMarker: NATIVE_MODULE_SETUP_START (UIManager)
14:25:36.625 32194 32275 D Detox.RNMarker: CREATE_MODULE_END (UIManager)
14:25:36.629 32194 32275 D Detox.RNMarker: REACT_BRIDGE_LOADING_END (null)
14:25:36.649 32194 32274 D Detox.RNMarker: NATIVE_MODULE_SETUP_END (UIManager)
14:25:36.653 32194 32274 D Detox.RNMarker: NATIVE_MODULE_SETUP_START (DeviceEventManager)
14:25:36.653 32194 32274 D Detox.RNMarker: CREATE_MODULE_START (DeviceEventManager)
14:25:36.653 32194 32274 D Detox.RNMarker: CREATE_MODULE_END (DeviceEventManager)
14:25:36.654 32194 32274 D Detox.RNMarker: NATIVE_MODULE_SETUP_END (DeviceEventManager)
14:25:36.654 32194 32274 D Detox.RNMarker: NATIVE_MODULE_SETUP_START (ReanimatedModule)
14:25:36.654 32194 32274 D Detox.RNMarker: CREATE_MODULE_START (ReanimatedModule)
14:25:36.655 32194 32274 D Detox.RNMarker: CREATE_MODULE_END (ReanimatedModule)
14:25:36.655 32194 32274 D Detox.RNMarker: NATIVE_MODULE_SETUP_END (ReanimatedModule)
14:25:36.655 32194 32274 D Detox.RNMarker: NATIVE_MODULE_SETUP_START (Timing)
14:25:36.655 32194 32274 D Detox.RNMarker: CREATE_MODULE_START (Timing)
14:25:36.656 32194 32274 D Detox.RNMarker: CREATE_MODULE_END (Timing)
14:25:36.656 32194 32274 D Detox.RNMarker: NATIVE_MODULE_SETUP_END (Timing)
14:25:36.670 32194 32291 E CapabilitiesByQuality: No supported EncoderProfiles
14:25:36.672 32194 32274 D Detox.RNMarker: NATIVE_MODULE_SETUP_START (SoundManager)
14:25:36.672 32194 32274 D Detox.RNMarker: CREATE_MODULE_START (SoundManager)
14:25:36.672 32194 32274 D Detox.RNMarker: CREATE_MODULE_END (SoundManager)
14:25:36.672 32194 32274 D Detox.RNMarker: NATIVE_MODULE_SETUP_END (SoundManager)
14:25:36.673 32194 32274 D Detox.RNMarker: NATIVE_MODULE_SETUP_START (NativeAnimatedModule)
14:25:36.673 32194 32274 D Detox.RNMarker: CREATE_MODULE_START (NativeAnimatedModule)
14:25:36.673 32194 32274 D Detox.RNMarker: CREATE_MODULE_END (NativeAnimatedModule)
14:25:36.674 32194 32274 D Detox.RNMarker: NATIVE_MODULE_SETUP_END (NativeAnimatedModule)
14:25:36.674 32194 32274 D Detox.RNMarker: NATIVE_MODULE_SETUP_START (NativeAnimatedTurboModule)
14:25:36.674 32194 32274 D Detox.RNMarker: NATIVE_MODULE_SETUP_START (FrameRateLogger)
14:25:36.674 32194 32274 D Detox.RNMarker: NATIVE_MODULE_SETUP_START (KeyboardObserver)
14:25:36.675 32194 32274 D Detox.RNMarker: NATIVE_MODULE_SETUP_START (ImageLoader)
14:25:36.675 32194 32274 D Detox.RNMarker: CREATE_MODULE_START (ImageLoader)
14:25:36.675 32194 32274 D Detox.RNMarker: CREATE_MODULE_END (ImageLoader)
14:25:36.675 32194 32274 D Detox.RNMarker: NATIVE_MODULE_SETUP_END (ImageLoader)
14:25:36.682 32194 32274 D Detox.RNMarker: NATIVE_MODULE_SETUP_START (BlobModule)
14:25:36.682 32194 32274 D Detox.RNMarker: CREATE_MODULE_START (BlobModule)
14:25:36.688 32194 32274 D Detox.RNMarker: CREATE_MODULE_END (BlobModule)
14:25:36.688 32194 32274 D Detox.RNMarker: NATIVE_MODULE_SETUP_END (BlobModule)
14:25:36.691 32194 32274 D Detox.RNMarker: NATIVE_MODULE_SETUP_START (RNSentry)
14:25:36.691 32194 32274 D Detox.RNMarker: CREATE_MODULE_START (RNSentry)
14:25:36.691 32194 32274 D Detox.RNMarker: CREATE_MODULE_END (RNSentry)
14:25:36.692 32194 32274 D Detox.RNMarker: NATIVE_MODULE_SETUP_END (RNSentry)
14:25:36.695 32194 32274 D Detox.RNMarker: NATIVE_MODULE_SETUP_START (RNGestureHandlerModule)
14:25:36.696 32194 32274 D Detox.RNMarker: NATIVE_MODULE_SETUP_END (RNGestureHandlerModule)
14:25:36.699 32194 32274 D Detox.RNMarker: NATIVE_MODULE_SETUP_START (StatusBarManager)
14:25:36.699 32194 32274 D Detox.RNMarker: CREATE_MODULE_START (StatusBarManager)
14:25:36.699 32194 32274 D Detox.RNMarker: CREATE_MODULE_END (StatusBarManager)
14:25:36.700 32194 32274 D Detox.RNMarker: NATIVE_MODULE_SETUP_END (StatusBarManager)
14:25:36.700 32194 32274 D Detox.RNMarker: NATIVE_MODULE_SETUP_START (I18nManager)
14:25:36.700 32194 32274 D Detox.RNMarker: CREATE_MODULE_START (I18nManager)
14:25:36.700 32194 32274 D Detox.RNMarker: CREATE_MODULE_END (I18nManager)
14:25:36.700 32194 32274 D Detox.RNMarker: NATIVE_MODULE_SETUP_END (I18nManager)
14:25:36.701 32194 32274 D Detox.RNMarker: NATIVE_MODULE_SETUP_START (RNDeviceInfo)
14:25:36.705 32194 32274 D Detox.RNMarker: NATIVE_MODULE_SETUP_END (RNDeviceInfo)
14:25:36.705 32194 32274 D Detox.RNMarker: NATIVE_MODULE_SETUP_START (RNFBAppModule)
14:25:36.706 32194 32274 D Detox.RNMarker: NATIVE_MODULE_SETUP_END (RNFBAppModule)
14:25:36.708 32194 32274 D Detox.RNMarker: NATIVE_MODULE_SETUP_START (RNFBUtilsModule)
14:25:36.710 32194 32274 D Detox.RNMarker: NATIVE_MODULE_SETUP_END (RNFBUtilsModule)
14:25:36.711 32194 32274 D Detox.RNMarker: NATIVE_MODULE_SETUP_START (RNFBCrashlyticsModule)
14:25:36.711 32194 32274 D Detox.RNMarker: NATIVE_MODULE_SETUP_END (RNFBCrashlyticsModule)
14:25:36.711 32194 32274 D Detox.RNMarker: NATIVE_MODULE_SETUP_START (ReactNativeConfigModule)
14:25:36.711 32194 32274 D Detox.RNMarker: NATIVE_MODULE_SETUP_END (ReactNativeConfigModule)
14:25:36.714 32194 32274 D Detox.RNMarker: NATIVE_MODULE_SETUP_START (RNEncryptedStorage)
14:25:36.714 32194 32274 D Detox.RNMarker: NATIVE_MODULE_SETUP_END (RNEncryptedStorage)
14:25:36.714 32194 32274 D Detox.RNMarker: NATIVE_MODULE_SETUP_START (PlatformLocalStorage)
14:25:36.714 32194 32274 D Detox.RNMarker: NATIVE_MODULE_SETUP_START (RNC_AsyncSQLiteDBStorage)
14:25:36.714 32194 32274 D Detox.RNMarker: NATIVE_MODULE_SETUP_START (RNCAsyncStorage)
14:25:36.714 32194 32274 D Detox.RNMarker: CREATE_MODULE_START (RNCAsyncStorage)
14:25:36.715 32194 32274 D Detox.RNMarker: CREATE_MODULE_END (RNCAsyncStorage)
14:25:36.715 32194 32274 D Detox.RNMarker: NATIVE_MODULE_SETUP_END (RNCAsyncStorage)
14:25:36.721 32194 32274 D Detox.RNMarker: NATIVE_MODULE_SETUP_START (RNCNetInfo)
14:25:36.722 32194 32274 D Detox.RNMarker: NATIVE_MODULE_SETUP_END (RNCNetInfo)
14:25:36.725 32194 32274 D Detox.RNMarker: NATIVE_MODULE_SETUP_START (Networking)
14:25:36.725 32194 32274 D Detox.RNMarker: CREATE_MODULE_START (Networking)
14:25:36.725 32194 32274 D Detox.RNMarker: CREATE_MODULE_END (Networking)
14:25:36.725 32194 32274 D Detox.RNMarker: NATIVE_MODULE_SETUP_END (Networking)
14:25:36.730 32194 32274 D Detox.RNMarker: NATIVE_MODULE_SETUP_START (RNCSafeAreaContext)
14:25:36.730 32194 32274 D Detox.RNMarker: CREATE_MODULE_START (RNCSafeAreaContext)
14:25:36.730 32194 32274 D Detox.RNMarker: CREATE_MODULE_END (RNCSafeAreaContext)
14:25:36.731 32194 32274 D Detox.RNMarker: NATIVE_MODULE_SETUP_END (RNCSafeAreaContext)
14:25:36.731 32194 32274 D Detox.RNMarker: NATIVE_MODULE_SETUP_START (RNVectorIconsManager)
14:25:36.731 32194 32274 D Detox.RNMarker: NATIVE_MODULE_SETUP_START (RNVectorIconsModule)
14:25:36.731 32194 32274 D Detox.RNMarker: NATIVE_MODULE_SETUP_END (RNVectorIconsModule)
14:25:36.731 32194 32274 D Detox.RNMarker: NATIVE_MODULE_SETUP_START (RNVectorIconsManager)
14:25:36.732 32194 32274 D Detox.RNMarker: NATIVE_MODULE_SETUP_START (RNAppAuth)
14:25:36.732 32194 32274 D Detox.RNMarker: NATIVE_MODULE_SETUP_END (RNAppAuth)
14:25:36.732 32194 32274 D Detox.RNMarker: NATIVE_MODULE_SETUP_START (RNCookieManagerIOS)
14:25:36.733 32194 32274 D Detox.RNMarker: NATIVE_MODULE_SETUP_START (RNCookieManagerAndroid)
14:25:36.733 32194 32274 D Detox.RNMarker: NATIVE_MODULE_SETUP_END (RNCookieManagerAndroid)
14:25:36.733 32194 32274 D Detox.RNMarker: NATIVE_MODULE_SETUP_START (RNDeviceBrightness)
14:25:36.733 32194 32274 D Detox.RNMarker: NATIVE_MODULE_SETUP_END (RNDeviceBrightness)
14:25:36.733 32194 32274 D Detox.RNMarker: NATIVE_MODULE_SETUP_START (WebviewIosCacheClear)
14:25:36.739 32194 32213 E DynamiteModule: Invalid GmsCore APK, remote loading disabled.
14:25:36.742 32194 32274 D Detox.RNMarker: NATIVE_MODULE_SETUP_START (RNFusedLocation)
14:25:36.742 32194 32274 D Detox.RNMarker: NATIVE_MODULE_SETUP_END (RNFusedLocation)
14:25:36.742 32194 32274 D Detox.RNMarker: NATIVE_MODULE_SETUP_START (RNPermissions)
14:25:36.742 32194 32274 D Detox.RNMarker: CREATE_MODULE_START (RNPermissions)
14:25:36.743 32194 32274 D Detox.RNMarker: CREATE_MODULE_END (RNPermissions)
14:25:36.743 32194 32274 D Detox.RNMarker: NATIVE_MODULE_SETUP_END (RNPermissions)
14:25:36.755 32194 32274 D Detox.RNMarker: NATIVE_MODULE_SETUP_START (ModalManager)
14:25:36.774 32194 32274 D Detox.RNMarker: NATIVE_MODULE_SETUP_START (RNInAppBrowser)
14:25:36.774 32194 32274 D Detox.RNMarker: NATIVE_MODULE_SETUP_END (RNInAppBrowser)
14:25:36.774 32194 32274 D Detox.RNMarker: NATIVE_MODULE_SETUP_START (AppState)
14:25:36.774 32194 32274 D Detox.RNMarker: CREATE_MODULE_START (AppState)
14:25:36.774 32194 32274 D Detox.RNMarker: CREATE_MODULE_END (AppState)
14:25:36.775 32194 32274 D Detox.RNMarker: NATIVE_MODULE_SETUP_END (AppState)
14:25:36.795 32194 32274 D Detox.RNMarker: NATIVE_MODULE_SETUP_START (RNCWebView)
14:25:36.795 32194 32274 D Detox.RNMarker: NATIVE_MODULE_SETUP_END (RNCWebView)
14:25:36.802 32194 32274 D Detox.RNMarker: NATIVE_MODULE_SETUP_START (RNShare)
14:25:36.802 32194 32274 D Detox.RNMarker: CREATE_MODULE_START (RNShare)
14:25:36.802 32194 32274 D Detox.RNMarker: CREATE_MODULE_END (RNShare)
14:25:36.803 32194 32274 D Detox.RNMarker: NATIVE_MODULE_SETUP_END (RNShare)
14:25:36.805 32194 32274 D Detox.RNMarker: NATIVE_MODULE_SETUP_START (RNSModule)
14:25:36.805 32194 32274 D Detox.RNMarker: CREATE_MODULE_START (RNSModule)
14:25:36.807 32194 32274 D Detox.RNMarker: CREATE_MODULE_END (RNSModule)
14:25:36.808 32194 32274 D Detox.RNMarker: NATIVE_MODULE_SETUP_START (RNSettings)
14:25:36.808 32194 32274 D Detox.RNMarker: NATIVE_MODULE_SETUP_END (RNSettings)
14:25:36.809 32194 32274 D Detox.RNMarker: NATIVE_MODULE_SETUP_START (RNBackgroundGeolocation)
14:25:36.811 32194 32274 D Detox.RNMarker: NATIVE_MODULE_SETUP_END (RNBackgroundGeolocation)
14:25:36.814 32194 32274 D Detox.RNMarker: NATIVE_MODULE_SETUP_START (PlatformLocalStorage)
14:25:36.814 32194 32274 D Detox.RNMarker: NATIVE_MODULE_SETUP_START (RNC_AsyncSQLiteDBStorage)
14:25:36.814 32194 32274 D Detox.RNMarker: NATIVE_MODULE_SETUP_START (DeliverySolutionUtil)
14:25:36.815 32194 32274 D Detox.RNMarker: NATIVE_MODULE_SETUP_END (DeliverySolutionUtil)
14:25:36.819 32194 32274 D Detox.RNMarker: NATIVE_MODULE_SETUP_START (AddCalendarEvent)
14:25:36.819 32194 32274 D Detox.RNMarker: NATIVE_MODULE_SETUP_END (AddCalendarEvent)
14:25:36.819 32194 32274 D Detox.RNMarker: NATIVE_MODULE_SETUP_START (RNFSManager)
14:25:36.821 32194 32274 D Detox.RNMarker: NATIVE_MODULE_SETUP_END (RNFSManager)
14:25:36.821 32194 32274 D Detox.RNMarker: NATIVE_MODULE_SETUP_START (ImageResizerAndroid)
14:25:36.821 32194 32274 D Detox.RNMarker: NATIVE_MODULE_SETUP_END (ImageResizerAndroid)
14:25:36.821 32194 32274 D Detox.RNMarker: NATIVE_MODULE_SETUP_START (CameraView)
14:25:36.822 32194 32274 D Detox.RNMarker: NATIVE_MODULE_SETUP_END (CameraView)
14:25:36.822 32194 32274 D Detox.RNMarker: NATIVE_MODULE_SETUP_START (CameraDevices)
14:25:36.822 32194 32274 E CapabilitiesByQuality: No supported EncoderProfiles
14:25:36.825 32194 32274 D Detox.RNMarker: NATIVE_MODULE_SETUP_END (CameraDevices)
14:25:36.827 32194 32274 D Detox.RNMarker: NATIVE_MODULE_SETUP_START (RNAcousticMobilePush)
14:25:36.827 32194 32274 D Detox.RNMarker: NATIVE_MODULE_SETUP_END (RNAcousticMobilePush)
14:25:36.827 32194 32274 D Detox.RNMarker: NATIVE_MODULE_SETUP_START (RNAcousticMobilePushActionHandler)
14:25:36.827 32194 32274 D Detox.RNMarker: NATIVE_MODULE_SETUP_END (RNAcousticMobilePushActionHandler)
14:25:36.827 32194 32274 D Detox.RNMarker: NATIVE_MODULE_SETUP_START (InAppReviewModule)
14:25:36.827 32194 32274 D Detox.RNMarker: NATIVE_MODULE_SETUP_END (InAppReviewModule)
14:25:36.827 32194 32274 D Detox.RNMarker: NATIVE_MODULE_SETUP_START (RNInAppReviewIOS)
14:25:36.828 32194 32274 D Detox.RNMarker: NATIVE_MODULE_SETUP_START (RNBootSplash)
14:25:36.828 32194 32274 D Detox.RNMarker: NATIVE_MODULE_SETUP_END (RNBootSplash)
14:25:36.833 32194 32274 D Detox.RNMarker: NATIVE_MODULE_SETUP_START (ScanditDataCaptureCore)
14:25:36.865 32194 32274 D Detox.RNMarker: NATIVE_MODULE_SETUP_END (ScanditDataCaptureCore)
14:25:36.865 32194 32274 W ReactNativeJS: `new NativeEventEmitter()` was called with a non-null argument without the required `addListener` method.
14:25:36.865 32194 32274 W ReactNativeJS: `new NativeEventEmitter()` was called with a non-null argument without the required `removeListeners` method.
14:25:36.865 32194 32274 W ReactNativeJS: `new NativeEventEmitter()` was called with a non-null argument without the required `addListener` method.
14:25:36.865 32194 32274 W ReactNativeJS: `new NativeEventEmitter()` was called with a non-null argument without the required `removeListeners` method.
14:25:36.865 32194 32274 W ReactNativeJS: `new NativeEventEmitter()` was called with a non-null argument without the required `addListener` method.
14:25:36.865 32194 32274 W ReactNativeJS: `new NativeEventEmitter()` was called with a non-null argument without the required `removeListeners` method.
14:25:36.865 32194 32274 W ReactNativeJS: `new NativeEventEmitter()` was called with a non-null argument without the required `addListener` method.
14:25:36.865 32194 32274 W ReactNativeJS: `new NativeEventEmitter()` was called with a non-null argument without the required `removeListeners` method.
14:25:36.865 32194 32274 D Detox.RNMarker: NATIVE_MODULE_SETUP_START (ScanditDataCaptureBarcodeCapture)
14:25:36.874 32194 32274 D Detox.RNMarker: NATIVE_MODULE_SETUP_END (ScanditDataCaptureBarcodeCapture)
14:25:36.874 32194 32274 W ReactNativeJS: `new NativeEventEmitter()` was called with a non-null argument without the required `addListener` method.
14:25:36.874 32194 32274 W ReactNativeJS: `new NativeEventEmitter()` was called with a non-null argument without the required `removeListeners` method.
14:25:36.874 32194 32274 D Detox.RNMarker: NATIVE_MODULE_SETUP_START (ScanditDataCaptureBarcodeSelection)
14:25:36.900 32194 32274 D Detox.RNMarker: NATIVE_MODULE_SETUP_END (ScanditDataCaptureBarcodeSelection)
14:25:36.901 32194 32274 W ReactNativeJS: `new NativeEventEmitter()` was called with a non-null argument without the required `addListener` method.
14:25:36.902 32194 32274 W ReactNativeJS: `new NativeEventEmitter()` was called with a non-null argument without the required `removeListeners` method.
14:25:36.904 32194 32274 W ReactNativeJS: `new NativeEventEmitter()` was called with a non-null argument without the required `addListener` method.
14:25:36.904 32194 32274 W ReactNativeJS: `new NativeEventEmitter()` was called with a non-null argument without the required `removeListeners` method.
14:25:36.904 32194 32274 W ReactNativeJS: `new NativeEventEmitter()` was called with a non-null argument without the required `addListener` method.
14:25:36.904 32194 32274 W ReactNativeJS: `new NativeEventEmitter()` was called with a non-null argument without the required `removeListeners` method.
14:25:36.904 32194 32274 D Detox.RNMarker: NATIVE_MODULE_SETUP_START (ScanditDataCaptureBarcodeCount)
14:25:36.951 32194 32274 D Detox.RNMarker: NATIVE_MODULE_SETUP_END (ScanditDataCaptureBarcodeCount)
14:25:36.951 32194 32274 W ReactNativeJS: `new NativeEventEmitter()` was called with a non-null argument without the required `addListener` method.
14:25:36.951 32194 32274 W ReactNativeJS: `new NativeEventEmitter()` was called with a non-null argument without the required `removeListeners` method.
14:25:36.951 32194 32274 D Detox.RNMarker: NATIVE_MODULE_SETUP_START (ScanditDataCaptureBarcodeTracking)
14:25:36.963 32194 32274 D Detox.RNMarker: NATIVE_MODULE_SETUP_END (ScanditDataCaptureBarcodeTracking)
14:25:36.963 32194 32274 W ReactNativeJS: `new NativeEventEmitter()` was called with a non-null argument without the required `addListener` method.
14:25:36.964 32194 32274 W ReactNativeJS: `new NativeEventEmitter()` was called with a non-null argument without the required `removeListeners` method.
14:25:36.964 32194 32274 W ReactNativeJS: `new NativeEventEmitter()` was called with a non-null argument without the required `addListener` method.
14:25:36.964 32194 32274 W ReactNativeJS: `new NativeEventEmitter()` was called with a non-null argument without the required `removeListeners` method.
14:25:36.964 32194 32274 W ReactNativeJS: `new NativeEventEmitter()` was called with a non-null argument without the required `addListener` method.
14:25:36.964 32194 32274 W ReactNativeJS: `new NativeEventEmitter()` was called with a non-null argument without the required `removeListeners` method.
14:25:36.965 32194 32274 D Detox.RNMarker: NATIVE_MODULE_SETUP_START (ScanditDataCaptureSparkScan)
14:25:36.992 32194 32274 D Detox.RNMarker: NATIVE_MODULE_SETUP_END (ScanditDataCaptureSparkScan)
14:25:36.993 32194 32274 W ReactNativeJS: `new NativeEventEmitter()` was called with a non-null argument without the required `addListener` method.
14:25:36.993 32194 32274 W ReactNativeJS: `new NativeEventEmitter()` was called with a non-null argument without the required `removeListeners` method.
14:25:36.993 32194 32274 D Detox.RNMarker: NATIVE_MODULE_SETUP_START (ScanditDataCaptureBarcodePick)
14:25:37.021 32194 32274 D Detox.RNMarker: NATIVE_MODULE_SETUP_END (ScanditDataCaptureBarcodePick)
14:25:37.021 32194 32274 W ReactNativeJS: `new NativeEventEmitter()` was called with a non-null argument without the required `addListener` method.
14:25:37.021 32194 32274 W ReactNativeJS: `new NativeEventEmitter()` was called with a non-null argument without the required `removeListeners` method.
14:25:37.021 32194 32274 W ReactNativeJS: `new NativeEventEmitter()` was called with a non-null argument without the required `addListener` method.
14:25:37.021 32194 32274 W ReactNativeJS: `new NativeEventEmitter()` was called with a non-null argument without the required `removeListeners` method.
14:25:37.021 32194 32274 D Detox.RNMarker: NATIVE_MODULE_SETUP_START (ScanditDataCaptureBarcodeFind)
14:25:37.022 32194 32274 D Detox.RNMarker: NATIVE_MODULE_SETUP_END (ScanditDataCaptureBarcodeFind)
14:25:37.022 32194 32274 W ReactNativeJS: `new NativeEventEmitter()` was called with a non-null argument without the required `addListener` method.
14:25:37.022 32194 32274 W ReactNativeJS: `new NativeEventEmitter()` was called with a non-null argument without the required `removeListeners` method.
14:25:37.022 32194 32274 W ReactNativeJS: `new NativeEventEmitter()` was called with a non-null argument without the required `addListener` method.
14:25:37.022 32194 32274 W ReactNativeJS: `new NativeEventEmitter()` was called with a non-null argument without the required `removeListeners` method.
14:25:37.022 32194 32274 W ReactNativeJS: `new NativeEventEmitter()` was called with a non-null argument without the required `addListener` method.
14:25:37.022 32194 32274 W ReactNativeJS: `new NativeEventEmitter()` was called with a non-null argument without the required `removeListeners` method.
14:25:37.022 32194 32274 D Detox.RNMarker: NATIVE_MODULE_SETUP_START (ScanditDataCaptureBarcode)
14:25:37.026 32194 32274 D Detox.RNMarker: NATIVE_MODULE_SETUP_END (ScanditDataCaptureBarcode)
14:25:37.026 32194 32274 W ReactNativeJS: `new NativeEventEmitter()` was called with a non-null argument without the required `addListener` method.
14:25:37.026 32194 32274 W ReactNativeJS: `new NativeEventEmitter()` was called with a non-null argument without the required `removeListeners` method.
14:25:37.026 32194 32274 W ReactNativeJS: `new NativeEventEmitter()` was called with a non-null argument without the required `addListener` method.
14:25:37.026 32194 32274 W ReactNativeJS: `new NativeEventEmitter()` was called with a non-null argument without the required `removeListeners` method.
14:25:37.028 32194 32274 D Detox.RNMarker: NATIVE_MODULE_SETUP_START (RNHTMLtoPDF)
14:25:37.028 32194 32274 D Detox.RNMarker: NATIVE_MODULE_SETUP_END (RNHTMLtoPDF)
14:25:37.028 32194 32274 D Detox.RNMarker: NATIVE_MODULE_SETUP_START (RNPrint)
14:25:37.029 32194 32274 D Detox.RNMarker: NATIVE_MODULE_SETUP_END (RNPrint)
14:25:37.032 32194 32274 D Detox.RNMarker: NATIVE_MODULE_SETUP_START (RNWalletPasses)
14:25:37.032 32194 32274 D Detox.RNMarker: NATIVE_MODULE_SETUP_END (RNWalletPasses)
14:25:37.032 32194 32274 W ReactNativeJS: `new NativeEventEmitter()` was called with a non-null argument without the required `addListener` method.
14:25:37.033 32194 32274 W ReactNativeJS: `new NativeEventEmitter()` was called with a non-null argument without the required `removeListeners` method.
14:25:37.033 32194 32274 D Detox.RNMarker: NATIVE_MODULE_SETUP_START (RNRestart)
14:25:37.033 32194 32274 D Detox.RNMarker: NATIVE_MODULE_SETUP_END (RNRestart)
14:25:37.060 32194 32274 D Detox.RNMarker: RUN_JS_BUNDLE_END (index.android.bundle)
14:25:37.060 32194 32274 I ReactNativeJS: Running "ThryveAIGrocery
14:25:37.062 32194 32274 D Detox.RNMarker: NATIVE_MODULE_SETUP_START (AccessibilityInfo)
14:25:37.062 32194 32274 D Detox.RNMarker: CREATE_MODULE_START (AccessibilityInfo)
14:25:37.063 32194 32274 D Detox.RNMarker: CREATE_MODULE_END (AccessibilityInfo)
14:25:37.063 32194 32274 D Detox.RNMarker: NATIVE_MODULE_SETUP_END (AccessibilityInfo)
14:25:37.063 32194 32274 D Detox.RNMarker: NATIVE_MODULE_SETUP_START (AccessibilityManager)
14:25:37.078 32194 32194 D Detox.RNMarker: CONTENT_APPEARED (ThryveAIGrocery)
14:25:37.110 32194 32274 D Detox.RNMarker: NATIVE_MODULE_SETUP_START (SourceCode)
14:25:37.110 32194 32274 D Detox.RNMarker: CREATE_MODULE_START (SourceCode)
14:25:37.110 32194 32274 D Detox.RNMarker: CREATE_MODULE_END (SourceCode)
14:25:37.110 32194 32274 D Detox.RNMarker: NATIVE_MODULE_SETUP_END (SourceCode)
14:25:37.112 32194 32274 D Detox.RNMarker: NATIVE_MODULE_SETUP_START (RNFBAnalyticsModule)
14:25:37.112 32194 32274 D Detox.RNMarker: NATIVE_MODULE_SETUP_END (RNFBAnalyticsModule)
14:25:37.112 32194 32274 D Detox.RNMarker: NATIVE_MODULE_SETUP_START (RNFBConfigModule)
14:25:37.112 32194 32274 D Detox.RNMarker: NATIVE_MODULE_SETUP_END (RNFBConfigModule)
14:25:37.335 32194 32194 D DetoxRNLoading: Got new RN-context directly and immediately
14:25:37.335 32194 32234 I DetoxRNIdleRes: Setting up Espresso Idling Resources for React Native
14:25:37.337 32194 32234 D DetoxRNHelpers: Native RN module resolution (class com.facebook.react.modules.storage.AsyncStorageModule): no such class
14:25:37.339 32194 32247 W kefern.shoprite: Long monitor contention with owner Instr: androidx.test.runner.AndroidJUnitRunner (32234) at void com.wix.detox.DetoxMain.launchActivityOnCue(android.content.Context, com.wix.detox.ActivityLaunchHelper)(DetoxMain.kt:54) waiters=0 in void com.wix.detox.DetoxMain$setupActionHandlers$SynchronizedActionHandler.handle(java.lang.String, long) for 776ms
14:25:37.348 32194 32194 I Detox   : Network is busy, with 1 in-flight calls
14:25:37.360 32194 32194 I Detox   : Network is busy, with 1 in-flight calls
14:25:37.367 32194 32194 I Detox   : Network is busy, with 1 in-flight calls
14:25:37.377 32194 32194 I Detox   : Network is busy, with 1 in-flight calls
14:25:37.377 32194 32194 I Detox   : Network is busy, with 1 in-flight calls
14:25:37.394 32194 32194 I Detox   : Network is busy, with 1 in-flight calls
14:25:37.394 32194 32194 I Detox   : Network is busy, with 1 in-flight calls
14:25:37.410 32194 32194 I Detox   : Network is busy, with 1 in-flight calls
14:25:37.410 32194 32194 I Detox   : Network is busy, with 1 in-flight calls
14:25:37.427 32194 32194 I Detox   : Network is busy, with 1 in-flight calls
14:25:37.427 32194 32194 I Detox   : Network is busy, with 1 in-flight calls
14:25:37.444 32194 32194 I Detox   : Network is busy, with 1 in-flight calls
14:25:37.444 32194 32194 I Detox   : Network is busy, with 1 in-flight calls
14:25:37.460 32194 32194 I Detox   : Network is busy, with 1 in-flight calls
14:25:37.460 32194 32194 I Detox   : Network is busy, with 1 in-flight calls
14:25:37.479 32194 32194 I Detox   : Network is busy, with 1 in-flight calls
14:25:37.479 32194 32194 I Detox   : Network is busy, with 1 in-flight calls
14:25:37.494 32194 32194 I Detox   : Network is busy, with 1 in-flight calls
14:25:37.494 32194 32194 I Detox   : Network is busy, with 1 in-flight calls
14:25:37.510 32194 32194 I Detox   : Network is busy, with 1 in-flight calls
14:25:37.510 32194 32194 I Detox   : Network is busy, with 1 in-flight calls
14:25:37.527 32194 32194 I Detox   : Network is busy, with 5 in-flight calls
14:25:37.527 32194 32194 I Detox   : Network is busy, with 5 in-flight calls
14:25:37.543 32194 32194 I Detox   : Network is busy, with 5 in-flight calls
14:25:37.543 32194 32194 I Detox   : Network is busy, with 5 in-flight calls
14:25:37.560 32194 32194 I Detox   : Network is busy, with 5 in-flight calls
14:25:37.560 32194 32194 I Detox   : Network is busy, with 5 in-flight calls
14:25:37.577 32194 32194 I Detox   : Network is busy, with 5 in-flight calls
14:25:37.577 32194 32194 I Detox   : Network is busy, with 5 in-flight calls
14:25:37.594 32194 32194 I Detox   : Network is busy, with 5 in-flight calls
14:25:37.594 32194 32194 I Detox   : Network is busy, with 5 in-flight calls
14:25:37.610 32194 32194 I Detox   : Network is busy, with 5 in-flight calls
14:25:37.610 32194 32194 I Detox   : Network is busy, with 5 in-flight calls
14:25:37.627 32194 32194 I Detox   : Network is busy, with 5 in-flight calls
14:25:37.627 32194 32194 I Detox   : Network is busy, with 5 in-flight calls
14:25:37.643 32194 32194 I Detox   : Network is busy, with 5 in-flight calls
14:25:37.643 32194 32194 I Detox   : Network is busy, with 5 in-flight calls
14:25:37.660 32194 32194 I Detox   : Network is busy, with 5 in-flight calls
14:25:37.660 32194 32194 I Detox   : Network is busy, with 5 in-flight calls
14:25:37.662 32194 32274 D Detox.RNMarker: NATIVE_MODULE_SETUP_START (FastImageView)
14:25:37.662 32194 32274 D Detox.RNMarker: NATIVE_MODULE_SETUP_END (FastImageView)
14:25:37.677 32194 32194 I Detox   : Network is busy, with 3 in-flight calls
14:25:37.677 32194 32194 I Detox   : Network is busy, with 3 in-flight calls
14:25:37.696 32194 32194 I Detox   : Network is busy, with 3 in-flight calls
14:25:37.696 32194 32194 I Detox   : Network is busy, with 3 in-flight calls
14:25:37.711 32194 32194 I Detox   : Network is busy, with 2 in-flight calls
14:25:37.711 32194 32194 I Detox   : Network is busy, with 2 in-flight calls
14:25:37.727 32194 32194 I Detox   : Network is busy, with 2 in-flight calls
14:25:37.727 32194 32194 I Detox   : Network is busy, with 2 in-flight calls
