14:32:00.281  3753  3753 I Detox   : Network is busy, with 1 in-flight calls
14:32:00.296  3753  3753 I Detox   : Network is busy, with 1 in-flight calls
14:32:00.311  3753  3753 I Detox   : Network is busy, with 1 in-flight calls
14:32:00.327  3753  3753 I Detox   : Network is busy, with 1 in-flight calls
14:32:00.344  3753  3753 I Detox   : Network is busy, with 1 in-flight calls
14:32:00.364  3753  3753 I Detox   : UIManagerModule is busy
14:32:00.745  3753  3806 I DetoxWSClient: Sending out action 'invokeResult' (ID #2)
14:32:00.745  3753  3806 I DetoxDispatcher: Done with action 'invoke'
14:32:00.798  3753  3812 D DetoxWSClient: Received action 'invoke' (ID #3, params={"target":{"type":"Class","value":"com.wix.detox.espresso.DetoxAssertion"},"method":"assertMatcher","args":[{"type":"Invocation","value":{"target":{"type":"Class","value":"androidx.test.espresso.Espresso"},"method":"onView","args":[{"type":"Invocation","value":{"target":{"type":"Class","value":"com.wix.detox.espresso.DetoxMatcher"},"method":"matcherForText","args":["Hi Testone!",{"type":"boolean","value":false}]}}]}},{"type":"Invocation","value":{"target":{"type":"Class","value":"com.wix.detox.espresso.DetoxMatcher"},"method":"matcherForNotNull","args":[]}}]})
14:32:00.798  3753  3806 I DetoxDispatcher: Handling action 'invoke' (ID #3)...
14:32:00.798  3753  3806 D Detox   : class com.wix.detox.espresso.DetoxMatcher, matcherForText, [Hi Testone!, false]
14:32:00.798  3753  3806 D Detox   : class androidx.test.espresso.Espresso, onView, [(an instance of android.widget.TextView and view.getText() with or without transformation to match: is "Hi Testone!" and view has effective visibility <VISIBLE>)]
14:32:00.798  3753  3806 D Detox   : class com.wix.detox.espresso.DetoxMatcher, matcherForNotNull, []
14:32:00.798  3753  3806 D Detox   : class com.wix.detox.espresso.DetoxAssertion, assertMatcher, [androidx.test.espresso.ViewInteraction@4730599, not null]
14:32:00.807  3753  3753 I ViewInteraction: Checking 'MatchesViewAssertion(Detox){viewMatcher=not null}' assertion on view (an instance of android.widget.TextView and view.getText() with or without transformation to match: is "Hi Testone!" and view has effective visibility <VISIBLE>)
14:32:01.147  3753  3806 I DetoxActionHandlers: Test exception
14:32:01.147  3753  3806 I DetoxActionHandlers: java.lang.reflect.InvocationTargetException
14:32:01.147  3753  3806 I DetoxActionHandlers: 	at java.lang.reflect.Method.invoke(Native Method)
14:32:01.147  3753  3806 I DetoxActionHandlers: 	at org.apache.commons.lang3.reflect.MethodUtils.invokeStaticMethod(MethodUtils.java:443)
14:32:01.147  3753  3806 I DetoxActionHandlers: 	at org.apache.commons.lang3.reflect.MethodUtils.invokeStaticMethod(MethodUtils.java:405)
14:32:01.147  3753  3806 I DetoxActionHandlers: 	at com.wix.invoke.types.ClassTarget.execute(ClassTarget.java:23)
14:32:01.147  3753  3806 I DetoxActionHandlers: 	at com.wix.invoke.types.Target.invoke(Target.java:59)
14:32:01.147  3753  3806 I DetoxActionHandlers: 	at com.wix.invoke.MethodInvocation.invoke(MethodInvocation.java:35)
14:32:01.147  3753  3806 I DetoxActionHandlers: 	at com.wix.invoke.MethodInvocation.invoke(MethodInvocation.java:26)
14:32:01.147  3753  3806 I DetoxActionHandlers: 	at com.wix.invoke.MethodInvocation.invoke(MethodInvocation.java:20)
14:32:01.147  3753  3806 I DetoxActionHandlers: 	at com.wix.detox.adapters.server.InvokeActionHandler.handle(DetoxActionHandlers.kt:54)
14:32:01.147  3753  3806 I DetoxActionHandlers: 	at com.wix.detox.adapters.server.ActionsExecutor.executeAction$lambda$2$lambda$1(DetoxActionsDispatcher.kt:76)
14:32:01.147  3753  3806 I DetoxActionHandlers: 	at com.wix.detox.adapters.server.ActionsExecutor.$r8$lambda$LZ3KRuVesIYkeXHJoNMi_yqw1HU(Unknown Source:0)
14:32:01.147  3753  3806 I DetoxActionHandlers: 	at com.wix.detox.adapters.server.ActionsExecutor$$ExternalSyntheticLambda0.run(Unknown Source:8)
14:32:01.147  3753  3806 I DetoxActionHandlers: 	at android.os.Handler.handleCallback(Handler.java:959)
14:32:01.147  3753  3806 I DetoxActionHandlers: 	at android.os.Handler.dispatchMessage(Handler.java:100)
14:32:01.147  3753  3806 I DetoxActionHandlers: 	at android.os.Looper.loopOnce(Looper.java:232)
14:32:01.147  3753  3806 I DetoxActionHandlers: 	at android.os.Looper.loop(Looper.java:317)
14:32:01.147  3753  3806 I DetoxActionHandlers: 	at com.wix.detox.adapters.server.ActionsExecutor._init_$lambda$0(DetoxActionsDispatcher.kt:62)
14:32:01.147  3753  3806 I DetoxActionHandlers: 	at com.wix.detox.adapters.server.ActionsExecutor.$r8$lambda$4eWOlZMqOQq2jbqiFbTCEP-pHOY(Unknown Source:0)
14:32:01.147  3753  3806 I DetoxActionHandlers: 	at com.wix.detox.adapters.server.ActionsExecutor$$ExternalSyntheticLambda1.run(Unknown Source:4)
14:32:01.147  3753  3806 I DetoxActionHandlers: 	at java.lang.Thread.run(Thread.java:1012)
14:32:01.147  3753  3806 I DetoxActionHandlers: Caused by: androidx.test.espresso.base.AssertionErrorHandler$AssertionFailedWithCauseError: 'not null' doesn't match the selected view.
14:32:01.147  3753  3806 I DetoxActionHandlers: Expected: not null
14:32:01.147  3753  3806 I DetoxActionHandlers:      Got: was null
14:32:01.147  3753  3806 I DetoxActionHandlers: 
14:32:01.147  3753  3806 I DetoxActionHandlers: 	at dalvik.system.VMStack.getThreadStackTrace(Native Method)
14:32:01.147  3753  3806 I DetoxActionHandlers: 	at java.lang.Thread.getStackTrace(Thread.java:1841)
14:32:01.147  3753  3806 I DetoxActionHandlers: 	at androidx.test.espresso.base.AssertionErrorHandler.handleSafely(AssertionErrorHandler.java:35)
14:32:01.147  3753  3806 I DetoxActionHandlers: 	at androidx.test.espresso.base.AssertionErrorHandler.handleSafely(AssertionErrorHandler.java:26)
14:32:01.147  3753  3806 I DetoxActionHandlers: 	at androidx.test.espresso.base.DefaultFailureHandler$TypedFailureHandler.handle(DefaultFailureHandler.java:158)
14:32:01.147  3753  3806 I DetoxActionHandlers: 	at androidx.test.espresso.base.DefaultFailureHandler.handle(DefaultFailureHandler.java:120)
14:32:01.147  3753  3806 I DetoxActionHandlers: 	at androidx.test.espresso.ViewInteraction.waitForAndHandleInteractionResults(ViewInteraction.java:387)
14:32:01.147  3753  3806 I DetoxActionHandlers: 	at androidx.test.espresso.ViewInteraction.check(ViewInteraction.java:366)
14:32:01.147  3753  3806 I DetoxActionHandlers: 	at com.wix.detox.espresso.DetoxAssertion.assertMatcher(DetoxAssertion.java:37)
14:32:01.147  3753  3806 I DetoxActionHandlers: 	... 20 more
14:32:01.147  3753  3806 I DetoxActionHandlers: Caused by: junit.framework.AssertionFailedError: 'not null' doesn't match the selected view.
14:32:01.147  3753  3806 I DetoxActionHandlers: Expected: not null
14:32:01.147  3753  3806 I DetoxActionHandlers:      Got: was null
14:32:01.147  3753  3806 I DetoxActionHandlers: 
14:32:01.147  3753  3806 I DetoxActionHandlers: 	at androidx.test.espresso.matcher.ViewMatchers.assertThat(ViewMatchers.java:620)
14:32:01.147  3753  3806 I DetoxActionHandlers: 	at com.wix.detox.espresso.assertion.ViewAssertions$MatchesViewAssertion.check(ViewAssertions.java:51)
14:32:01.147  3753  3806 I DetoxActionHandlers: 	at androidx.test.espresso.ViewInteraction$SingleExecutionViewAssertion.check(ViewInteraction.java:488)
14:32:01.147  3753  3806 I DetoxActionHandlers: 	at androidx.test.espresso.ViewInteraction$2.call(ViewInteraction.java:346)
14:32:01.147  3753  3806 I DetoxActionHandlers: 	at androidx.test.espresso.ViewInteraction$2.call(ViewInteraction.java:319)
14:32:01.147  3753  3806 I DetoxActionHandlers: 	at java.util.concurrent.FutureTask.run(FutureTask.java:264)
14:32:01.147  3753  3806 I DetoxActionHandlers: 	at android.os.Handler.handleCallback(Handler.java:959)
14:32:01.147  3753  3806 I DetoxActionHandlers: 	at android.os.Handler.dispatchMessage(Handler.java:100)
14:32:01.147  3753  3806 I DetoxActionHandlers: 	at android.os.Looper.loopOnce(Looper.java:232)
14:32:01.147  3753  3806 I DetoxActionHandlers: 	at android.os.Looper.loop(Looper.java:317)
14:32:01.147  3753  3806 I DetoxActionHandlers: 	at android.app.ActivityThread.main(ActivityThread.java:8705)
14:32:01.147  3753  3806 I DetoxActionHandlers: 	at java.lang.reflect.Method.invoke(Native Method)
14:32:01.147  3753  3806 I DetoxActionHandlers: 	at com.android.internal.os.RuntimeInit$MethodAndArgsCaller.run(RuntimeInit.java:580)
14:32:01.147  3753  3806 I DetoxActionHandlers: 	at com.android.internal.os.ZygoteInit.main(ZygoteInit.java:886)
14:32:01.147  3753  3806 I DetoxWSClient: Sending out action 'testFailed' (ID #3)
14:32:01.147  3753  3806 I DetoxDispatcher: Done with action 'invoke'
14:32:01.150  3753  3812 D DetoxWSClient: Received action 'invoke' (ID #4, params={"target":{"type":"Class","value":"com.wix.detox.espresso.EspressoDetox"},"method":"perform","args":[{"type":"Invocation","value":{"target":{"type":"Class","value":"com.wix.detox.espresso.DetoxMatcher"},"method":"matcherForTestId","args":["item_more_main_tab_button",{"type":"boolean","value":false}]}},{"type":"Invocation","value":{"target":{"type":"Class","value":"com.wix.detox.espresso.DetoxViewActions"},"method":"click","args":[]}}]})
14:32:01.150  3753  3806 I DetoxDispatcher: Handling action 'invoke' (ID #4)...
14:32:01.150  3753  3806 D Detox   : class com.wix.detox.espresso.DetoxMatcher, matcherForTestId, [item_more_main_tab_button, false]
14:32:01.150  3753  3806 D Detox   : class com.wix.detox.espresso.DetoxViewActions, click, []
14:32:01.150  3753  3806 D Detox   : class com.wix.detox.espresso.EspressoDetox, perform, [(view.getTag() is "item_more_main_tab_button" and view has effective visibility <VISIBLE>), com.wix.detox.espresso.action.RNClickAction@784a576]
14:32:02.211  3753  3806 I DetoxWSClient: Sending out action 'invokeResult' (ID #4)
14:32:02.212  3753  3806 I DetoxDispatcher: Done with action 'invoke'
14:32:02.215  3753  3812 D DetoxWSClient: Received action 'invoke' (ID #5, params={"target":{"type":"Class","value":"com.wix.detox.espresso.EspressoDetox"},"method":"perform","args":[{"type":"Invocation","value":{"target":{"type":"Class","value":"com.wix.detox.espresso.DetoxMatcher"},"method":"matcherForTestId","args":["more_screen_item_debug_button",{"type":"boolean","value":false}]}},{"type":"Invocation","value":{"target":{"type":"Class","value":"com.wix.detox.espresso.DetoxViewActions"},"method":"click","args":[]}}]})
14:32:02.216  3753  3806 I DetoxDispatcher: Handling action 'invoke' (ID #5)...
14:32:02.216  3753  3806 D Detox   : class com.wix.detox.espresso.DetoxMatcher, matcherForTestId, [more_screen_item_debug_button, false]
14:32:02.217  3753  3806 D Detox   : class com.wix.detox.espresso.DetoxViewActions, click, []
14:32:02.217  3753  3806 D Detox   : class com.wix.detox.espresso.EspressoDetox, perform, [(view.getTag() is "more_screen_item_debug_button" and view has effective visibility <VISIBLE>), com.wix.detox.espresso.action.RNClickAction@3ef47e2]
14:32:02.309  3753  3834 D Detox.RNMarker: NATIVE_MODULE_SETUP_START (RNFBInstallationsModule)
14:32:02.310  3753  3834 D Detox.RNMarker: NATIVE_MODULE_SETUP_END (RNFBInstallationsModule)
14:32:02.508  3753  3753 I Detox   : Network is busy, with 1 in-flight calls
14:32:02.524  3753  3753 I Detox   : Network is busy, with 1 in-flight calls
14:32:02.528  3753  3753 I Detox   : Network is busy, with 1 in-flight calls
14:32:02.544  3753  3753 I Detox   : Network is busy, with 1 in-flight calls
14:32:02.553  3753  3834 W ReactNativeJS: [AxiosError: Request failed with status code 401]
14:32:03.365  3753  3806 I DetoxWSClient: Sending out action 'invokeResult' (ID #5)
14:32:03.365  3753  3806 I DetoxDispatcher: Done with action 'invoke'
14:32:03.367  3753  3812 D DetoxWSClient: Received action 'invoke' (ID #6, params={"target":{"type":"Class","value":"com.wix.detox.espresso.EspressoDetox"},"method":"perform","args":[{"type":"Invocation","value":{"target":{"type":"Class","value":"com.wix.detox.espresso.DetoxMatcher"},"method":"matcherForTestId","args":["e2e_debug_screen_login_button",{"type":"boolean","value":false}]}},{"type":"Invocation","value":{"target":{"type":"Class","value":"com.wix.detox.espresso.DetoxViewActions"},"method":"click","args":[]}}]})
14:32:03.368  3753  3806 I DetoxDispatcher: Handling action 'invoke' (ID #6)...
14:32:03.368  3753  3806 D Detox   : class com.wix.detox.espresso.DetoxMatcher, matcherForTestId, [e2e_debug_screen_login_button, false]
14:32:03.368  3753  3806 D Detox   : class com.wix.detox.espresso.DetoxViewActions, click, []
14:32:03.368  3753  3806 D Detox   : class com.wix.detox.espresso.EspressoDetox, perform, [(view.getTag() is "e2e_debug_screen_login_button" and view has effective visibility <VISIBLE>), com.wix.detox.espresso.action.RNClickAction@3057577]
14:32:03.579  3753  3753 I Detox   : UIManagerModule is busy
14:32:03.601  3753  3753 I Detox   : UIManagerModule is busy
14:32:04.450  3753  3806 I DetoxWSClient: Sending out action 'invokeResult' (ID #6)
14:32:04.450  3753  3806 I DetoxDispatcher: Done with action 'invoke'
14:32:04.456  3753  3812 D DetoxWSClient: Received action 'invoke' (ID #7, params={"target":{"type":"Class","value":"com.wix.detox.espresso.EspressoDetox"},"method":"perform","args":[{"type":"Invocation","value":{"target":{"type":"Class","value":"com.wix.detox.espresso.DetoxMatcher"},"method":"matcherForTestId","args":["e2e_authentication_screen_email_textinput",{"type":"boolean","value":false}]}},{"type":"Invocation","value":{"target":{"type":"Class","value":"com.wix.detox.espresso.DetoxViewActions"},"method":"typeText","args":["srite001@yopmail.com"]}}]})
14:32:04.456  3753  3806 I DetoxDispatcher: Handling action 'invoke' (ID #7)...
14:32:04.456  3753  3806 D Detox   : class com.wix.detox.espresso.DetoxMatcher, matcherForTestId, [e2e_authentication_screen_email_textinput, false]
14:32:04.456  3753  3806 D Detox   : class com.wix.detox.espresso.DetoxViewActions, typeText, [srite001@yopmail.com]
14:32:04.456  3753  3806 D Detox   : class com.wix.detox.espresso.EspressoDetox, perform, [(view.getTag() is "e2e_authentication_screen_email_textinput" and view has effective visibility <VISIBLE>), com.wix.detox.espresso.action.DetoxTypeTextAction@d530a1b]
14:32:04.495  3753  3753 I Detox   : UIManagerModule is busy
14:32:04.916  3753  3753 I Detox   : UIManagerModule is busy
14:32:04.930  3753  3753 I Detox   : UIManagerModule is busy
14:32:04.965  3753  3753 I Detox   : UIManagerModule is busy
14:32:04.983  3753  3753 I Detox   : UIManagerModule is busy
14:32:05.014  3753  3753 I Detox   : UIManagerModule is busy
14:32:05.029  3753  3753 I Detox   : UIManagerModule is busy
14:32:05.065  3753  3753 I Detox   : UIManagerModule is busy
14:32:05.078  3753  3753 I Detox   : UIManagerModule is busy
14:32:05.117  3753  3753 I Detox   : UIManagerModule is busy
14:32:05.128  3753  3753 I Detox   : UIManagerModule is busy
14:32:05.164  3753  3753 I Detox   : UIManagerModule is busy
14:32:05.179  3753  3753 I Detox   : UIManagerModule is busy
14:32:05.483  3753  3753 I Detox   : UIManagerModule is busy
14:32:05.495  3753  3753 I Detox   : UIManagerModule is busy
14:32:05.533  3753  3753 I Detox   : UIManagerModule is busy
14:32:05.545  3753  3753 I Detox   : UIManagerModule is busy
14:32:05.599  3753  3753 I Detox   : UIManagerModule is busy
14:32:05.612  3753  3753 I Detox   : UIManagerModule is busy
14:32:05.665  3753  3753 I Detox   : UIManagerModule is busy
14:32:05.678  3753  3753 I Detox   : UIManagerModule is busy
14:32:05.715  3753  3753 I Detox   : UIManagerModule is busy
14:32:05.728  3753  3753 I Detox   : UIManagerModule is busy
14:32:05.764  3753  3753 I Detox   : UIManagerModule is busy
14:32:05.778  3753  3753 I Detox   : UIManagerModule is busy
14:32:05.816  3753  3753 I Detox   : UIManagerModule is busy
14:32:05.830  3753  3753 I Detox   : UIManagerModule is busy
14:32:05.866  3753  3753 I Detox   : UIManagerModule is busy
14:32:05.880  3753  3753 I Detox   : UIManagerModule is busy
14:32:05.919  3753  3753 I Detox   : UIManagerModule is busy
14:32:05.932  3753  3753 I Detox   : UIManagerModule is busy
14:32:05.966  3753  3753 I Detox   : UIManagerModule is busy
14:32:05.980  3753  3753 I Detox   : UIManagerModule is busy
14:32:06.016  3753  3753 I Detox   : UIManagerModule is busy
14:32:06.032  3753  3753 I Detox   : UIManagerModule is busy
14:32:06.067  3753  3753 I Detox   : UIManagerModule is busy
14:32:06.082  3753  3753 I Detox   : UIManagerModule is busy
14:32:06.117  3753  3753 I Detox   : UIManagerModule is busy
14:32:06.130  3753  3753 I Detox   : UIManagerModule is busy
14:32:06.166  3753  3753 I Detox   : UIManagerModule is busy
14:32:06.183  3753  3753 I Detox   : UIManagerModule is busy
14:32:06.198  3753  3806 I DetoxWSClient: Sending out action 'invokeResult' (ID #7)
14:32:06.198  3753  3806 I DetoxDispatcher: Done with action 'invoke'
14:32:06.201  3753  3812 D DetoxWSClient: Received action 'invoke' (ID #8, params={"target":{"type":"Class","value":"com.wix.detox.espresso.EspressoDetox"},"method":"perform","args":[{"type":"Invocation","value":{"target":{"type":"Class","value":"com.wix.detox.espresso.DetoxMatcher"},"method":"matcherForTestId","args":["e2e_authentication_screen_password_textinput",{"type":"boolean","value":false}]}},{"type":"Invocation","value":{"target":{"type":"Class","value":"com.wix.detox.espresso.DetoxViewActions"},"method":"typeText","args":["P@ssw0rd"]}}]})
14:32:06.201  3753  3806 I DetoxDispatcher: Handling action 'invoke' (ID #8)...
14:32:06.201  3753  3806 D Detox   : class com.wix.detox.espresso.DetoxMatcher, matcherForTestId, [e2e_authentication_screen_password_textinput, false]
14:32:06.201  3753  3806 D Detox   : class com.wix.detox.espresso.DetoxViewActions, typeText, [P@ssw0rd]
14:32:06.201  3753  3806 D Detox   : class com.wix.detox.espresso.EspressoDetox, perform, [(view.getTag() is "e2e_authentication_screen_password_textinput" and view has effective visibility <VISIBLE>), com.wix.detox.espresso.action.DetoxTypeTextAction@15de0e3]
14:32:06.632  3753  3753 I Detox   : UIManagerModule is busy
14:32:06.699  3753  3753 I Detox   : UIManagerModule is busy
14:32:06.749  3753  3753 I Detox   : UIManagerModule is busy
14:32:06.783  3753  3753 I Detox   : UIManagerModule is busy
14:32:06.816  3753  3753 I Detox   : UIManagerModule is busy
14:32:06.852  3753  3753 I Detox   : UIManagerModule is busy
14:32:06.883  3753  3753 I Detox   : UIManagerModule is busy
14:32:06.918  3753  3753 I Detox   : UIManagerModule is busy
14:32:06.940  3753  3806 I DetoxWSClient: Sending out action 'invokeResult' (ID #8)
14:32:06.940  3753  3806 I DetoxDispatcher: Done with action 'invoke'
14:32:06.943  3753  3812 D DetoxWSClient: Received action 'invoke' (ID #9, params={"target":{"type":"Class","value":"com.wix.detox.espresso.DetoxAssertion"},"method":"waitForAssertMatcher","args":[{"type":"Invocation","value":{"target":{"type":"Class","value":"androidx.test.espresso.Espresso"},"method":"onView","args":[{"type":"Invocation","value":{"target":{"type":"Class","value":"com.wix.detox.espresso.DetoxMatcher"},"method":"matcherForTestId","args":["e2e_authentication_screen_login_button",{"type":"boolean","value":false}]}}]}},{"type":"Invocation","value":{"target":{"type":"Class","value":"com.wix.detox.espresso.DetoxMatcher"},"method":"matcherForSufficientlyVisible","args":[{"type":"Integer","value":75}]}},{"type":"Double","value":10}]})
14:32:06.943  3753  3806 I DetoxDispatcher: Handling action 'invoke' (ID #9)...
14:32:06.943  3753  3806 D Detox   : class com.wix.detox.espresso.DetoxMatcher, matcherForTestId, [e2e_authentication_screen_login_button, false]
14:32:06.943  3753  3806 D Detox   : class androidx.test.espresso.Espresso, onView, [(view.getTag() is "e2e_authentication_screen_login_button" and view has effective visibility <VISIBLE>)]
14:32:06.944  3753  3806 D Detox   : class com.wix.detox.espresso.DetoxMatcher, matcherForSufficientlyVisible, [75]
14:32:06.944  3753  3806 D Detox   : class com.wix.detox.espresso.DetoxAssertion, waitForAssertMatcher, [androidx.test.espresso.ViewInteraction@c49f22c, (view has effective visibility <VISIBLE> and view.getGlobalVisibleRect() covers at least <75> percent of the view's area), 10.0]
14:32:06.945  3753  3753 I ViewInteraction: Checking 'MatchesViewAssertion(Detox){viewMatcher=(view has effective visibility <VISIBLE> and view.getGlobalVisibleRect() covers at least <75> percent of the view's area)}' assertion on view (view.getTag() is "e2e_authentication_screen_login_button" and view has effective visibility <VISIBLE>)
14:32:06.946  3753  3806 I DetoxWSClient: Sending out action 'invokeResult' (ID #9)
14:32:06.946  3753  3806 I DetoxDispatcher: Done with action 'invoke'
14:32:06.948  3753  3812 D DetoxWSClient: Received action 'invoke' (ID #10, params={"target":{"type":"Class","value":"com.wix.detox.espresso.EspressoDetox"},"method":"perform","args":[{"type":"Invocation","value":{"target":{"type":"Class","value":"com.wix.detox.espresso.DetoxMatcher"},"method":"matcherForTestId","args":["e2e_authentication_screen_login_form_wrapper",{"type":"boolean","value":false}]}},{"type":"Invocation","value":{"target":{"type":"Class","value":"com.wix.detox.espresso.DetoxViewActions"},"method":"click","args":[]}}]})
14:32:06.949  3753  3806 I DetoxDispatcher: Handling action 'invoke' (ID #10)...
14:32:06.949  3753  3806 D Detox   : class com.wix.detox.espresso.DetoxMatcher, matcherForTestId, [e2e_authentication_screen_login_form_wrapper, false]
14:32:06.949  3753  3806 D Detox   : class com.wix.detox.espresso.DetoxViewActions, click, []
14:32:06.949  3753  3806 D Detox   : class com.wix.detox.espresso.EspressoDetox, perform, [(view.getTag() is "e2e_authentication_screen_login_form_wrapper" and view has effective visibility <VISIBLE>), com.wix.detox.espresso.action.RNClickAction@1b6e28a]
14:32:07.352  3753  3806 I DetoxWSClient: Sending out action 'invokeResult' (ID #10)
14:32:07.352  3753  3806 I DetoxDispatcher: Done with action 'invoke'
14:32:09.362  3753  3812 D DetoxWSClient: Received action 'invoke' (ID #11, params={"target":{"type":"Class","value":"com.wix.detox.espresso.EspressoDetox"},"method":"perform","args":[{"type":"Invocation","value":{"target":{"type":"Class","value":"com.wix.detox.espresso.DetoxMatcher"},"method":"matcherForTestId","args":["e2e_authentication_screen_login_button",{"type":"boolean","value":false}]}},{"type":"Invocation","value":{"target":{"type":"Class","value":"com.wix.detox.espresso.DetoxViewActions"},"method":"click","args":[]}}]})
14:32:09.363  3753  3806 I DetoxDispatcher: Handling action 'invoke' (ID #11)...
14:32:09.363  3753  3806 D Detox   : class com.wix.detox.espresso.DetoxMatcher, matcherForTestId, [e2e_authentication_screen_login_button, false]
14:32:09.363  3753  3806 D Detox   : class com.wix.detox.espresso.DetoxViewActions, click, []
14:32:09.363  3753  3806 D Detox   : class com.wix.detox.espresso.EspressoDetox, perform, [(view.getTag() is "e2e_authentication_screen_login_button" and view has effective visibility <VISIBLE>), com.wix.detox.espresso.action.RNClickAction@dae4473]
14:32:09.415  3753  3753 I Detox   : Network is busy, with 1 in-flight calls
14:32:09.427  3753  3753 I Detox   : Network is busy, with 1 in-flight calls
14:32:09.444  3753  3753 I Detox   : Network is busy, with 1 in-flight calls
14:32:09.460  3753  3753 I Detox   : Network is busy, with 1 in-flight calls
14:32:09.477  3753  3753 I Detox   : Network is busy, with 1 in-flight calls
14:32:09.493  3753  3753 I Detox   : Network is busy, with 1 in-flight calls
14:32:09.511  3753  3753 I Detox   : Network is busy, with 1 in-flight calls
14:32:09.528  3753  3753 I Detox   : Network is busy, with 1 in-flight calls
14:32:09.545  3753  3753 I Detox   : Network is busy, with 1 in-flight calls
14:32:09.563  3753  3753 I Detox   : Network is busy, with 1 in-flight calls
14:32:09.577  3753  3753 I Detox   : Network is busy, with 1 in-flight calls
14:32:09.595  3753  3753 I Detox   : Network is busy, with 1 in-flight calls
14:32:09.611  3753  3753 I Detox   : Network is busy, with 1 in-flight calls
14:32:09.627  3753  3753 I Detox   : Network is busy, with 1 in-flight calls
14:32:10.284  3753  3753 I Detox   : Network is busy, with 8 in-flight calls
14:32:10.296  3753  3753 I Detox   : Network is busy, with 8 in-flight calls
14:32:10.310  3753  3753 I Detox   : Network is busy, with 8 in-flight calls
14:32:10.327  3753  3753 I Detox   : Network is busy, with 8 in-flight calls
14:32:10.344  3753  3753 I Detox   : Network is busy, with 8 in-flight calls
14:32:10.360  3753  3753 I Detox   : Network is busy, with 8 in-flight calls
14:32:10.377  3753  3753 I Detox   : Network is busy, with 8 in-flight calls
14:32:10.394  3753  3753 I Detox   : Network is busy, with 7 in-flight calls
14:32:10.410  3753  3753 I Detox   : Network is busy, with 6 in-flight calls
14:32:10.427  3753  3753 I Detox   : Network is busy, with 6 in-flight calls
14:32:10.443  3753  3753 I Detox   : Network is busy, with 5 in-flight calls
14:32:10.460  3753  3753 I Detox   : Network is busy, with 5 in-flight calls
14:32:10.477  3753  3753 I Detox   : Network is busy, with 5 in-flight calls
14:32:10.494  3753  3753 I Detox   : Network is busy, with 5 in-flight calls
14:32:10.511  3753  3753 I Detox   : Network is busy, with 5 in-flight calls
14:32:10.528  3753  3753 I Detox   : Network is busy, with 4 in-flight calls
14:32:10.544  3753  3753 I Detox   : Network is busy, with 5 in-flight calls
14:32:10.560  3753  3753 I Detox   : Network is busy, with 5 in-flight calls
14:32:10.577  3753  3753 I Detox   : Network is busy, with 5 in-flight calls
14:32:10.594  3753  3753 I Detox   : Network is busy, with 5 in-flight calls
14:32:10.610  3753  3753 I Detox   : Network is busy, with 5 in-flight calls
14:32:10.627  3753  3753 I Detox   : Network is busy, with 5 in-flight calls
14:32:10.644  3753  3753 I Detox   : Network is busy, with 5 in-flight calls
14:32:10.660  3753  3753 I Detox   : Network is busy, with 5 in-flight calls
14:32:10.678  3753  3753 I Detox   : Network is busy, with 5 in-flight calls
14:32:10.694  3753  3753 I Detox   : Network is busy, with 5 in-flight calls
14:32:10.712  3753  3753 I Detox   : Network is busy, with 5 in-flight calls
14:32:10.726  3753  3834 D Detox.RNMarker: NATIVE_MODULE_SETUP_START (RNFBAuthModule)
14:32:10.727  3753  3753 I Detox   : Network is busy, with 5 in-flight calls
14:32:10.735  3753  3834 D Detox.RNMarker: NATIVE_MODULE_SETUP_END (RNFBAuthModule)
14:32:10.744  3753  3753 I Detox   : Network is busy, with 5 in-flight calls
14:32:10.760  3753  3753 I Detox   : Network is busy, with 5 in-flight calls
14:32:10.777  3753  3753 I Detox   : Network is busy, with 5 in-flight calls
14:32:10.794  3753  3753 I Detox   : Network is busy, with 5 in-flight calls
14:32:10.810  3753  3753 I Detox   : Network is busy, with 5 in-flight calls
14:32:10.827  3753  3753 I Detox   : Network is busy, with 5 in-flight calls
14:32:10.844  3753  3753 I Detox   : Network is busy, with 5 in-flight calls
14:32:10.861  3753  3753 I Detox   : Network is busy, with 5 in-flight calls
14:32:10.878  3753  3753 I Detox   : Network is busy, with 4 in-flight calls
14:32:10.896  3753  3753 I Detox   : Network is busy, with 4 in-flight calls
14:32:10.912  3753  3753 I Detox   : Network is busy, with 8 in-flight calls
14:32:10.927  3753  3753 I Detox   : Network is busy, with 5 in-flight calls
14:32:10.944  3753  3753 I Detox   : Network is busy, with 5 in-flight calls
14:32:10.960  3753  3753 I Detox   : Network is busy, with 3 in-flight calls
14:32:10.977  3753  3753 I Detox   : Network is busy, with 3 in-flight calls
14:32:10.995  3753  3753 I Detox   : Network is busy, with 1 in-flight calls
14:32:11.012  3753  3753 I Detox   : Network is busy, with 1 in-flight calls
14:32:11.027  3753  3753 I Detox   : Network is busy, with 1 in-flight calls
14:32:11.044  3753  3753 I Detox   : Network is busy, with 1 in-flight calls
14:32:11.060  3753  3753 I Detox   : Network is busy, with 1 in-flight calls
14:32:11.077  3753  3753 I Detox   : Network is busy, with 1 in-flight calls
14:32:11.094  3753  3753 I Detox   : Network is busy, with 1 in-flight calls
14:32:11.111  3753  3753 I Detox   : Network is busy, with 1 in-flight calls
14:32:12.514  3753  3834 D Detox.RNMarker: NATIVE_MODULE_SETUP_START (RNFBFirestoreModule)
14:32:12.514  3753  3834 D Detox.RNMarker: NATIVE_MODULE_SETUP_END (RNFBFirestoreModule)
14:32:12.514  3753  3834 D Detox.RNMarker: NATIVE_MODULE_SETUP_START (RNFBFirestoreCollectionModule)
14:32:12.514  3753  3834 D Detox.RNMarker: NATIVE_MODULE_SETUP_END (RNFBFirestoreCollectionModule)
14:32:12.514  3753  3834 D Detox.RNMarker: NATIVE_MODULE_SETUP_START (RNFBFirestoreDocumentModule)
14:32:12.515  3753  3834 D Detox.RNMarker: NATIVE_MODULE_SETUP_END (RNFBFirestoreDocumentModule)
14:32:12.515  3753  3834 D Detox.RNMarker: NATIVE_MODULE_SETUP_START (RNFBFirestoreTransactionModule)
14:32:12.515  3753  3834 D Detox.RNMarker: NATIVE_MODULE_SETUP_END (RNFBFirestoreTransactionModule)
14:32:12.519  3753  3948 E GooglePlayServicesUtil: GooglePlayServices not available due to error 9
14:32:13.726  3753  3753 I Detox   : Network is busy, with 7 in-flight calls
14:32:13.728  3753  3753 I Detox   : Network is busy, with 7 in-flight calls
14:32:13.744  3753  3753 I Detox   : Network is busy, with 7 in-flight calls
14:32:13.760  3753  3753 I Detox   : Network is busy, with 7 in-flight calls
14:32:13.777  3753  3753 I Detox   : Network is busy, with 6 in-flight calls
14:32:13.794  3753  3753 I Detox   : Network is busy, with 5 in-flight calls
14:32:13.810  3753  3753 I Detox   : Network is busy, with 5 in-flight calls
14:32:13.827  3753  3753 I Detox   : Network is busy, with 5 in-flight calls
14:32:13.844  3753  3753 I Detox   : Network is busy, with 5 in-flight calls
14:32:13.861  3753  3753 I Detox   : Network is busy, with 5 in-flight calls
14:32:13.877  3753  3753 I Detox   : Network is busy, with 5 in-flight calls
14:32:13.894  3753  3753 I Detox   : Network is busy, with 5 in-flight calls
14:32:13.910  3753  3753 I Detox   : Network is busy, with 5 in-flight calls
14:32:13.930  3753  3753 I Detox   : Network is busy, with 5 in-flight calls
14:32:13.944  3753  3753 I Detox   : Network is busy, with 6 in-flight calls
14:32:13.961  3753  3753 I Detox   : Network is busy, with 7 in-flight calls
14:32:13.977  3753  3753 I Detox   : Network is busy, with 7 in-flight calls
14:32:13.994  3753  3753 I Detox   : Network is busy, with 7 in-flight calls
14:32:14.010  3753  3753 I Detox   : Network is busy, with 7 in-flight calls
14:32:14.027  3753  3753 I Detox   : Network is busy, with 7 in-flight calls
14:32:14.043  3753  3753 I Detox   : Network is busy, with 7 in-flight calls
14:32:14.060  3753  3753 I Detox   : Network is busy, with 7 in-flight calls
14:32:14.077  3753  3753 I Detox   : Network is busy, with 7 in-flight calls
14:32:14.094  3753  3753 I Detox   : Network is busy, with 7 in-flight calls
14:32:14.113  3753  3753 I Detox   : Network is busy, with 7 in-flight calls
14:32:14.127  3753  3753 I Detox   : Network is busy, with 7 in-flight calls
14:32:14.145  3753  3753 I Detox   : Network is busy, with 8 in-flight calls
14:32:14.160  3753  3753 I Detox   : Network is busy, with 7 in-flight calls
14:32:14.177  3753  3753 I Detox   : Network is busy, with 7 in-flight calls
14:32:14.193  3753  3753 I Detox   : Network is busy, with 7 in-flight calls
14:32:14.210  3753  3753 I Detox   : Network is busy, with 7 in-flight calls
14:32:14.227  3753  3753 I Detox   : Network is busy, with 5 in-flight calls
14:32:14.244  3753  3753 I Detox   : Network is busy, with 5 in-flight calls
14:32:14.260  3753  3753 I Detox   : Network is busy, with 4 in-flight calls
14:32:14.277  3753  3753 I Detox   : Network is busy, with 3 in-flight calls
14:32:14.294  3753  3753 I Detox   : Network is busy, with 3 in-flight calls
14:32:14.310  3753  3753 I Detox   : Network is busy, with 3 in-flight calls
14:32:14.327  3753  3753 I Detox   : Network is busy, with 2 in-flight calls
14:32:14.343  3753  3753 I Detox   : Network is busy, with 2 in-flight calls
14:32:14.361  3753  3753 I Detox   : Network is busy, with 1 in-flight calls
14:32:14.378  3753  3753 I Detox   : Network is busy, with 2 in-flight calls
14:32:14.393  3753  3753 I Detox   : Network is busy, with 2 in-flight calls
14:32:14.410  3753  3753 I Detox   : Network is busy, with 2 in-flight calls
14:32:14.427  3753  3753 I Detox   : Network is busy, with 2 in-flight calls
14:32:14.443  3753  3753 I Detox   : Network is busy, with 2 in-flight calls
14:32:14.460  3753  3753 I Detox   : Network is busy, with 2 in-flight calls
14:32:14.477  3753  3753 I Detox   : Network is busy, with 2 in-flight calls
14:32:14.493  3753  3753 I Detox   : Network is busy, with 2 in-flight calls
14:32:14.510  3753  3753 I Detox   : Network is busy, with 2 in-flight calls
14:32:14.527  3753  3753 I Detox   : Network is busy, with 2 in-flight calls
14:32:14.544  3753  3753 I Detox   : Network is busy, with 2 in-flight calls
14:32:14.560  3753  3753 I Detox   : Network is busy, with 2 in-flight calls
14:32:14.578  3753  3753 I Detox   : Network is busy, with 2 in-flight calls
14:32:14.593  3753  3753 I Detox   : Network is busy, with 2 in-flight calls
14:32:14.610  3753  3753 I Detox   : Network is busy, with 1 in-flight calls
14:32:14.627  3753  3753 I Detox   : Network is busy, with 1 in-flight calls
14:32:14.643  3753  3753 I Detox   : Network is busy, with 1 in-flight calls
14:32:14.660  3753  3753 I Detox   : Network is busy, with 1 in-flight calls
14:32:14.677  3753  3753 I Detox   : Network is busy, with 1 in-flight calls
14:32:14.693  3753  3753 I Detox   : Network is busy, with 1 in-flight calls
14:32:14.711  3753  3753 I Detox   : Network is busy, with 1 in-flight calls
14:32:14.728  3753  3753 I Detox   : Network is busy, with 1 in-flight calls
14:32:14.744  3753  3753 I Detox   : Network is busy, with 1 in-flight calls
14:32:14.761  3753  3753 I Detox   : Network is busy, with 1 in-flight calls
14:32:14.777  3753  3753 I Detox   : Network is busy, with 1 in-flight calls
14:32:14.793  3753  3753 I Detox   : Network is busy, with 1 in-flight calls
14:32:14.810  3753  3753 I Detox   : Network is busy, with 1 in-flight calls
14:32:14.829  3753  3753 I Detox   : Network is busy, with 1 in-flight calls
14:32:14.830  3753  3753 E FrameTracker: force finish cuj, time out: J<IME_INSETS_SHOW_ANIMATION::0@0@com.wakefern.shoprite>
14:32:15.891  3753  3753 I Detox   : Network is busy, with 2 in-flight calls
14:32:15.895  3753  3753 I Detox   : Network is busy, with 2 in-flight calls
14:32:15.910  3753  3753 I Detox   : Network is busy, with 2 in-flight calls
14:32:15.930  3753  3753 I Detox   : Network is busy, with 2 in-flight calls
14:32:15.944  3753  3753 I Detox   : Network is busy, with 2 in-flight calls
14:32:15.961  3753  3753 I Detox   : Network is busy, with 1 in-flight calls
14:32:15.980  3753  3753 I Detox   : Network is busy, with 1 in-flight calls
14:32:15.996  3753  3753 I Detox   : Network is busy, with 1 in-flight calls
14:32:16.010  3753  3753 I Detox   : Network is busy, with 1 in-flight calls
14:32:16.027  3753  3753 I Detox   : Network is busy, with 1 in-flight calls
14:32:16.043  3753  3753 I Detox   : Network is busy, with 1 in-flight calls
14:32:16.062  3753  3753 I Detox   : Network is busy, with 1 in-flight calls
14:32:16.077  3753  3753 I Detox   : Network is busy, with 1 in-flight calls
14:32:16.095  3753  3753 I Detox   : Network is busy, with 1 in-flight calls
14:32:16.110  3753  3753 I Detox   : Network is busy, with 1 in-flight calls
14:32:16.129  3753  3753 I Detox   : Network is busy, with 1 in-flight calls
14:32:16.145  3753  3753 I Detox   : Network is busy, with 1 in-flight calls
14:32:16.164  3753  3753 I Detox   : Network is busy, with 1 in-flight calls
14:32:16.178  3753  3753 I Detox   : Network is busy, with 1 in-flight calls
14:32:16.197  3753  3753 I Detox   : Network is busy, with 1 in-flight calls
14:32:16.211  3753  3753 I Detox   : Network is busy, with 1 in-flight calls
14:32:16.227  3753  3753 I Detox   : Network is busy, with 1 in-flight calls
14:32:16.244  3753  3753 I Detox   : Network is busy, with 2 in-flight calls
14:32:16.261  3753  3753 I Detox   : Network is busy, with 2 in-flight calls
14:32:16.278  3753  3753 I Detox   : Network is busy, with 2 in-flight calls
14:32:16.297  3753  3753 I Detox   : Network is busy, with 2 in-flight calls
14:32:16.311  3753  3753 I Detox   : Network is busy, with 2 in-flight calls
14:32:16.327  3753  3753 I Detox   : Network is busy, with 3 in-flight calls
14:32:16.345  3753  3753 I Detox   : Network is busy, with 3 in-flight calls
14:32:16.364  3753  3753 I Detox   : Network is busy, with 3 in-flight calls
14:32:16.377  3753  3753 I Detox   : Network is busy, with 3 in-flight calls
14:32:16.402  3753  3753 I Detox   : Network is busy, with 2 in-flight calls
14:32:16.439  3753  3753 I Detox   : Network is busy, with 1 in-flight calls
14:32:16.444  3753  3753 I Detox   : Network is busy, with 1 in-flight calls
14:32:16.462  3753  3753 I Detox   : Network is busy, with 1 in-flight calls
14:32:16.478  3753  3753 I Detox   : Network is busy, with 1 in-flight calls
14:32:16.495  3753  3753 I Detox   : Network is busy, with 1 in-flight calls
14:32:16.510  3753  3753 I Detox   : Network is busy, with 1 in-flight calls
14:32:16.527  3753  3753 I Detox   : Network is busy, with 1 in-flight calls
14:32:16.544  3753  3753 I Detox   : Network is busy, with 1 in-flight calls
14:32:16.563  3753  3753 I Detox   : Network is busy, with 1 in-flight calls
14:32:16.577  3753  3753 I Detox   : Network is busy, with 1 in-flight calls
14:32:16.596  3753  3753 I Detox   : Network is busy, with 1 in-flight calls
14:32:16.610  3753  3753 I Detox   : Network is busy, with 1 in-flight calls
14:32:16.630  3753  3753 I Detox   : Network is busy, with 1 in-flight calls
14:32:16.645  3753  3753 I Detox   : Network is busy, with 1 in-flight calls
14:32:16.662  3753  3753 I Detox   : Network is busy, with 1 in-flight calls
14:32:16.677  3753  3753 I Detox   : Network is busy, with 1 in-flight calls
14:32:16.697  3753  3753 I Detox   : Network is busy, with 1 in-flight calls
14:32:16.711  3753  3753 I Detox   : Network is busy, with 1 in-flight calls
14:32:16.729  3753  3753 I Detox   : Network is busy, with 1 in-flight calls
14:32:16.746  3753  3753 I Detox   : Network is busy, with 1 in-flight calls
14:32:16.764  3753  3753 I Detox   : Network is busy, with 1 in-flight calls
14:32:16.781  3753  3753 I Detox   : Network is busy, with 1 in-flight calls
14:32:16.796  3753  3753 I Detox   : Network is busy, with 1 in-flight calls
14:32:16.812  3753  3753 I Detox   : Network is busy, with 1 in-flight calls
14:32:16.830  3753  3753 I Detox   : Network is busy, with 1 in-flight calls
14:32:16.845  3753  3753 I Detox   : Network is busy, with 1 in-flight calls
14:32:16.862  3753  3753 I Detox   : Network is busy, with 1 in-flight calls
14:32:16.878  3753  3753 I Detox   : Network is busy, with 1 in-flight calls
14:32:16.900  3753  3753 I Detox   : Network is busy, with 1 in-flight calls
14:32:16.910  3753  3753 I Detox   : Network is busy, with 1 in-flight calls
14:32:17.092  3753  3753 I Detox   : UIManagerModule is busy
14:32:17.462  3753  3806 I DetoxWSClient: Sending out action 'invokeResult' (ID #11)
14:32:17.463  3753  3806 I DetoxDispatcher: Done with action 'invoke'
14:32:17.466  3753  3812 D DetoxWSClient: Received action 'invoke' (ID #12, params={"target":{"type":"Class","value":"com.wix.detox.espresso.DetoxAssertion"},"method":"assertMatcher","args":[{"type":"Invocation","value":{"target":{"type":"Class","value":"androidx.test.espresso.Espresso"},"method":"onView","args":[{"type":"Invocation","value":{"target":{"type":"Class","value":"com.wix.detox.espresso.DetoxMatcher"},"method":"matcherForTestId","args":["debug_screen_logout",{"type":"boolean","value":false}]}}]}},{"type":"Invocation","value":{"target":{"type":"Class","value":"com.wix.detox.espresso.DetoxMatcher"},"method":"matcherForSufficientlyVisible","args":[{"type":"Integer","value":75}]}}]})
14:32:17.466  3753  3806 I DetoxDispatcher: Handling action 'invoke' (ID #12)...
14:32:17.466  3753  3806 D Detox   : class com.wix.detox.espresso.DetoxMatcher, matcherForTestId, [debug_screen_logout, false]
14:32:17.466  3753  3806 D Detox   : class androidx.test.espresso.Espresso, onView, [(view.getTag() is "debug_screen_logout" and view has effective visibility <VISIBLE>)]
14:32:17.467  3753  3806 D Detox   : class com.wix.detox.espresso.DetoxMatcher, matcherForSufficientlyVisible, [75]
14:32:17.467  3753  3806 D Detox   : class com.wix.detox.espresso.DetoxAssertion, assertMatcher, [androidx.test.espresso.ViewInteraction@a8a012a, (view has effective visibility <VISIBLE> and view.getGlobalVisibleRect() covers at least <75> percent of the view's area)]
14:32:17.468  3753  3753 I ViewInteraction: Checking 'MatchesViewAssertion(Detox){viewMatcher=(view has effective visibility <VISIBLE> and view.getGlobalVisibleRect() covers at least <75> percent of the view's area)}' assertion on view (view.getTag() is "debug_screen_logout" and view has effective visibility <VISIBLE>)
14:32:17.468  3753  3806 I DetoxWSClient: Sending out action 'invokeResult' (ID #12)
14:32:17.468  3753  3806 I DetoxDispatcher: Done with action 'invoke'
14:32:17.471  3753  3812 D DetoxWSClient: Received action 'invoke' (ID #13, params={"target":{"type":"Class","value":"com.wix.detox.espresso.EspressoDetox"},"method":"perform","args":[{"type":"Invocation","value":{"target":{"type":"Class","value":"com.wix.detox.espresso.DetoxMatcher"},"method":"matcherForTestId","args":["go_back_header_button",{"type":"boolean","value":false}]}},{"type":"Invocation","value":{"target":{"type":"Class","value":"com.wix.detox.espresso.DetoxViewActions"},"method":"click","args":[]}}]})
14:32:17.471  3753  3806 I DetoxDispatcher: Handling action 'invoke' (ID #13)...
14:32:17.471  3753  3806 D Detox   : class com.wix.detox.espresso.DetoxMatcher, matcherForTestId, [go_back_header_button, false]
14:32:17.471  3753  3806 D Detox   : class com.wix.detox.espresso.DetoxViewActions, click, []
14:32:17.471  3753  3806 D Detox   : class com.wix.detox.espresso.EspressoDetox, perform, [(view.getTag() is "go_back_header_button" and view has effective visibility <VISIBLE>), com.wix.detox.espresso.action.RNClickAction@bbdd4b8]
14:32:18.533  3753  3806 I DetoxWSClient: Sending out action 'invokeResult' (ID #13)
14:32:18.533  3753  3806 I DetoxDispatcher: Done with action 'invoke'
14:32:18.536  3753  3812 D DetoxWSClient: Received action 'invoke' (ID #14, params={"target":{"type":"Class","value":"com.wix.detox.espresso.DetoxAssertion"},"method":"assertMatcher","args":[{"type":"Invocation","value":{"target":{"type":"Class","value":"androidx.test.espresso.Espresso"},"method":"onView","args":[{"type":"Invocation","value":{"target":{"type":"Class","value":"com.wix.detox.espresso.DetoxMatcher"},"method":"matcherForTestId","args":["more_screen_item_debug_button",{"type":"boolean","value":false}]}}]}},{"type":"Invocation","value":{"target":{"type":"Class","value":"com.wix.detox.espresso.DetoxMatcher"},"method":"matcherForSufficientlyVisible","args":[{"type":"Integer","value":75}]}}]})
14:32:18.536  3753  3806 I DetoxDispatcher: Handling action 'invoke' (ID #14)...
14:32:18.536  3753  3806 D Detox   : class com.wix.detox.espresso.DetoxMatcher, matcherForTestId, [more_screen_item_debug_button, false]
14:32:18.536  3753  3806 D Detox   : class androidx.test.espresso.Espresso, onView, [(view.getTag() is "more_screen_item_debug_button" and view has effective visibility <VISIBLE>)]
14:32:18.536  3753  3806 D Detox   : class com.wix.detox.espresso.DetoxMatcher, matcherForSufficientlyVisible, [75]
14:32:18.536  3753  3806 D Detox   : class com.wix.detox.espresso.DetoxAssertion, assertMatcher, [androidx.test.espresso.ViewInteraction@b83a34a, (view has effective visibility <VISIBLE> and view.getGlobalVisibleRect() covers at least <75> percent of the view's area)]
14:32:18.537  3753  3753 I ViewInteraction: Checking 'MatchesViewAssertion(Detox){viewMatcher=(view has effective visibility <VISIBLE> and view.getGlobalVisibleRect() covers at least <75> percent of the view's area)}' assertion on view (view.getTag() is "more_screen_item_debug_button" and view has effective visibility <VISIBLE>)
14:32:18.538  3753  3806 I DetoxWSClient: Sending out action 'invokeResult' (ID #14)
14:32:18.538  3753  3806 I DetoxDispatcher: Done with action 'invoke'
14:32:18.540  3753  3812 D DetoxWSClient: Received action 'invoke' (ID #15, params={"target":{"type":"Class","value":"com.wix.detox.espresso.EspressoDetox"},"method":"perform","args":[{"type":"Invocation","value":{"target":{"type":"Class","value":"com.wix.detox.espresso.DetoxMatcher"},"method":"matcherForTestId","args":["item_home_main_tab_button",{"type":"boolean","value":false}]}},{"type":"Invocation","value":{"target":{"type":"Class","value":"com.wix.detox.espresso.DetoxViewActions"},"method":"click","args":[]}}]})
14:32:18.540  3753  3806 I DetoxDispatcher: Handling action 'invoke' (ID #15)...
14:32:18.540  3753  3806 D Detox   : class com.wix.detox.espresso.DetoxMatcher, matcherForTestId, [item_home_main_tab_button, false]
14:32:18.540  3753  3806 D Detox   : class com.wix.detox.espresso.DetoxViewActions, click, []
14:32:18.540  3753  3806 D Detox   : class com.wix.detox.espresso.EspressoDetox, perform, [(view.getTag() is "item_home_main_tab_button" and view has effective visibility <VISIBLE>), com.wix.detox.espresso.action.RNClickAction@80942bb]
14:32:18.745  3753  3753 I Detox   : UIManagerModule is busy
14:32:19.594  3753  3806 I DetoxWSClient: Sending out action 'invokeResult' (ID #15)
14:32:19.594  3753  3806 I DetoxDispatcher: Done with action 'invoke'
14:32:19.597  3753  3812 D DetoxWSClient: Received action 'invoke' (ID #16, params={"target":{"type":"Class","value":"com.wix.detox.espresso.DetoxAssertion"},"method":"waitForAssertMatcher","args":[{"type":"Invocation","value":{"target":{"type":"Class","value":"androidx.test.espresso.Espresso"},"method":"onView","args":[{"type":"Invocation","value":{"target":{"type":"Class","value":"com.wix.detox.espresso.DetoxMatcher"},"method":"matcherForTestId","args":["user_logged_in_header_button",{"type":"boolean","value":false}]}}]}},{"type":"Invocation","value":{"target":{"type":"Class","value":"com.wix.detox.espresso.DetoxMatcher"},"method":"matcherForSufficientlyVisi
