14:33:21.000  5103  5103 I Detox   : UIManagerModule is busy
14:33:21.076  5103  5161 I DetoxWSClient: Sending out action 'invokeResult' (ID #6)
14:33:21.076  5103  5161 I DetoxDispatcher: Done with action 'invoke'
14:33:21.141  5103  5165 D DetoxWSClient: Received action 'invoke' (ID #7, params={"target":{"type":"Class","value":"com.wix.detox.espresso.DetoxAssertion"},"method":"assertMatcher","args":[{"type":"Invocation","value":{"target":{"type":"Class","value":"androidx.test.espresso.Espresso"},"method":"onView","args":[{"type":"Invocation","value":{"target":{"type":"Class","value":"com.wix.detox.espresso.DetoxMatcher"},"method":"matcherWithDescendant","args":[{"type":"Invocation","value":{"target":{"type":"Class","value":"com.wix.detox.espresso.DetoxMatcher"},"method":"matcherForTestId","args":["search_preview_list",{"type":"boolean","value":false}]}},{"type":"Invocation","value":{"target":{"type":"Class","value":"com.wix.detox.espresso.DetoxMatcher"},"method":"matcherForTestId","args":["\/product_card_.*\/",{"type":"boolean","value":true}]}}]}}]}},{"type":"Invocation","value":{"target":{"type":"Class","value":"com.wix.detox.espresso.DetoxMatcher"},"method":"matcherForSufficientlyVisible","args":[{"type":"Integer","value":75}]}}]})
14:33:21.141  5103  5161 I DetoxDispatcher: Handling action 'invoke' (ID #7)...
14:33:21.141  5103  5161 D Detox   : class com.wix.detox.espresso.DetoxMatcher, matcherForTestId, [search_preview_list, false]
14:33:21.142  5103  5161 D Detox   : class com.wix.detox.espresso.DetoxMatcher, matcherForTestId, [/product_card_.*/, true]
14:33:21.142  5103  5161 D Detox   : class com.wix.detox.espresso.DetoxMatcher, matcherWithDescendant, [(view.getTag() is "search_preview_list" and view has effective visibility <VISIBLE>), (view.getTag() should match the pattern: /product_card_.*/ and view has effective visibility <VISIBLE>)]
14:33:21.142  5103  5161 D Detox   : class androidx.test.espresso.Espresso, onView, [((view.getTag() is "search_preview_list" and view has effective visibility <VISIBLE>) and (view is an instance of android.view.ViewGroup and has descendant matching (view.getTag() should match the pattern: /product_card_.*/ and view has effective visibility <VISIBLE>)))]
14:33:21.142  5103  5161 D Detox   : class com.wix.detox.espresso.DetoxMatcher, matcherForSufficientlyVisible, [75]
14:33:21.142  5103  5161 D Detox   : class com.wix.detox.espresso.DetoxAssertion, assertMatcher, [androidx.test.espresso.ViewInteraction@bbff089, (view has effective visibility <VISIBLE> and view.getGlobalVisibleRect() covers at least <75> percent of the view's area)]
14:33:21.144  5103  5103 I ViewInteraction: Checking 'MatchesViewAssertion(Detox){viewMatcher=(view has effective visibility <VISIBLE> and view.getGlobalVisibleRect() covers at least <75> percent of the view's area)}' assertion on view ((view.getTag() is "search_preview_list" and view has effective visibility <VISIBLE>) and (view is an instance of android.view.ViewGroup and has descendant matching (view.getTag() should match the pattern: /product_card_.*/ and view has effective visibility <VISIBLE>)))
14:33:21.145  5103  5161 I DetoxWSClient: Sending out action 'invokeResult' (ID #7)
14:33:21.145  5103  5161 I DetoxDispatcher: Done with action 'invoke'
14:33:21.523  5103  5165 D DetoxWSClient: Received action 'invoke' (ID #8, params={"target":{"type":"Class","value":"com.wix.detox.espresso.EspressoDetox"},"method":"perform","args":[{"type":"Invocation","value":{"target":{"type":"Class","value":"com.wix.detox.espresso.DetoxMatcher"},"method":"matcherForTestId","args":["\/product_card_.*\/",{"type":"boolean","value":true}]}},{"type":"Invocation","value":{"target":{"type":"Class","value":"com.wix.detox.espresso.DetoxAction"},"method":"getAttributes","args":[]}}]})
14:33:21.523  5103  5161 I DetoxDispatcher: Handling action 'invoke' (ID #8)...
14:33:21.523  5103  5161 D Detox   : class com.wix.detox.espresso.DetoxMatcher, matcherForTestId, [/product_card_.*/, true]
14:33:21.523  5103  5161 D Detox   : class com.wix.detox.espresso.DetoxAction, getAttributes, []
14:33:21.523  5103  5161 D Detox   : class com.wix.detox.espresso.EspressoDetox, perform, [(view.getTag() should match the pattern: /product_card_.*/ and view has effective visibility <VISIBLE>), com.wix.detox.espresso.action.GetAttributesAction@9ce7efd]
14:33:21.821  5103  5161 I DetoxWSClient: Sending out action 'invokeResult' (ID #8)
14:33:21.822  5103  5161 I DetoxDispatcher: Done with action 'invoke'
14:33:21.826  5103  5165 D DetoxWSClient: Received action 'invoke' (ID #9, params={"target":{"type":"Class","value":"com.wix.detox.espresso.EspressoDetox"},"method":"perform","args":[{"type":"Invocation","value":{"target":{"type":"Class","value":"com.wix.detox.espresso.DetoxMatcher"},"method":"matcherForAtIndex","args":[{"type":"Integer","value":0},{"type":"Invocation","value":{"target":{"type":"Class","value":"com.wix.detox.espresso.DetoxMatcher"},"method":"matcherForTestId","args":["\/product_card_.*\/",{"type":"boolean","value":true}]}}]}},{"type":"Invocation","value":{"target":{"type":"Class","value":"com.wix.detox.espresso.DetoxViewActions"},"method":"click","args":[]}}]})
14:33:21.826  5103  5161 I DetoxDispatcher: Handling action 'invoke' (ID #9)...
14:33:21.827  5103  5161 D Detox   : class com.wix.detox.espresso.DetoxMatcher, matcherForTestId, [/product_card_.*/, true]
14:33:21.828  5103  5161 D Detox   : class com.wix.detox.espresso.DetoxMatcher, matcherForAtIndex, [0, (view.getTag() should match the pattern: /product_card_.*/ and view has effective visibility <VISIBLE>)]
14:33:21.828  5103  5161 D Detox   : class com.wix.detox.espresso.DetoxViewActions, click, []
14:33:21.828  5103  5161 D Detox   : class com.wix.detox.espresso.EspressoDetox, perform, [View at index #0, of those matching MATCHER(view.getTag() should match the pattern: /product_card_.*/ and view has effective visibility <VISIBLE>), com.wix.detox.espresso.action.RNClickAction@551b7b8]
14:33:23.002  5103  5161 I DetoxWSClient: Sending out action 'invokeResult' (ID #9)
14:33:23.002  5103  5161 I DetoxDispatcher: Done with action 'invoke'
14:33:23.006  5103  5165 D DetoxWSClient: Received action 'invoke' (ID #10, params={"target":{"type":"Class","value":"com.wix.detox.espresso.DetoxAssertion"},"method":"assertMatcher","args":[{"type":"Invocation","value":{"target":{"type":"Class","value":"androidx.test.espresso.Espresso"},"method":"onView","args":[{"type":"Invocation","value":{"target":{"type":"Class","value":"com.wix.detox.espresso.DetoxMatcher"},"method":"matcherForTestId","args":["product_details",{"type":"boolean","value":false}]}}]}},{"type":"Invocation","value":{"target":{"type":"Class","value":"com.wix.detox.espresso.DetoxMatcher"},"method":"matcherForSufficientlyVisible","args":[{"type":"Integer","value":75}]}}]})
14:33:23.007  5103  5161 I DetoxDispatcher: Handling action 'invoke' (ID #10)...
14:33:23.007  5103  5161 D Detox   : class com.wix.detox.espresso.DetoxMatcher, matcherForTestId, [product_details, false]
14:33:23.007  5103  5161 D Detox   : class androidx.test.espresso.Espresso, onView, [(view.getTag() is "product_details" and view has effective visibility <VISIBLE>)]
14:33:23.007  5103  5161 D Detox   : class com.wix.detox.espresso.DetoxMatcher, matcherForSufficientlyVisible, [75]
14:33:23.007  5103  5161 D Detox   : class com.wix.detox.espresso.DetoxAssertion, assertMatcher, [androidx.test.espresso.ViewInteraction@cd2a75c, (view has effective visibility <VISIBLE> and view.getGlobalVisibleRect() covers at least <75> percent of the view's area)]
14:33:23.008  5103  5103 I ViewInteraction: Checking 'MatchesViewAssertion(Detox){viewMatcher=(view has effective visibility <VISIBLE> and view.getGlobalVisibleRect() covers at least <75> percent of the view's area)}' assertion on view (view.getTag() is "product_details" and view has effective visibility <VISIBLE>)
14:33:23.009  5103  5161 I DetoxWSClient: Sending out action 'invokeResult' (ID #10)
14:33:23.009  5103  5161 I DetoxDispatcher: Done with action 'invoke'
14:33:23.011  5103  5165 D DetoxWSClient: Received action 'invoke' (ID #11, params={"target":{"type":"Class","value":"com.wix.detox.espresso.DetoxAssertion"},"method":"assertMatcher","args":[{"type":"Invocation","value":{"target":{"type":"Class","value":"androidx.test.espresso.Espresso"},"method":"onView","args":[{"type":"Invocation","value":{"target":{"type":"Class","value":"com.wix.detox.espresso.DetoxMatcher"},"method":"matcherForAtIndex","args":[{"type":"Integer","value":0},{"type":"Invocation","value":{"target":{"type":"Class","value":"com.wix.detox.espresso.DetoxMatcher"},"method":"matcherForShallowAccessibilityLabel","args":["\/P.F. Chang's Home Menu Chicken Fried Rice, 22 oz.*\/",{"type":"boolean","value":true}]}}]}}]}},{"type":"Invocation","value":{"target":{"type":"Class","value":"com.wix.detox.espresso.DetoxMatcher"},"method":"matcherForSufficientlyVisible","args":[{"type":"Integer","value":75}]}}]})
14:33:23.011  5103  5161 I DetoxDispatcher: Handling action 'invoke' (ID #11)...
14:33:23.011  5103  5161 D Detox   : class com.wix.detox.espresso.DetoxMatcher, matcherForShallowAccessibilityLabel, [/P.F. Chang's Home Menu Chicken Fried Rice, 22 oz.*/, true]
14:33:23.011  5103  5161 D Detox   : class com.wix.detox.espresso.DetoxMatcher, matcherForAtIndex, [0, ((view.getContentDescription() should match the pattern: /P.F. Chang's Home Menu Chicken Fried Rice, 22 oz.*/ or an instance of android.widget.TextView and view.getText() with or without transformation to match: should match the pattern: /P.F. Chang's Home Menu Chicken Fried Rice, 22 oz.*/) and view has effective visibility <VISIBLE>)]
14:33:23.011  5103  5161 D Detox   : class androidx.test.espresso.Espresso, onView, [View at index #0, of those matching MATCHER((view.getContentDescription() should match the pattern: /P.F. Chang's Home Menu Chicken Fried Rice, 22 oz.*/ or an instance of android.widget.TextView and view.getText() with or without transformation to match: should match the pattern: /P.F. Chang's Home Menu Chicken Fried Rice, 22 oz.*/) and view has effective visibility <VISIBLE>)]
14:33:23.011  5103  5161 D Detox   : class com.wix.detox.espresso.DetoxMatcher, matcherForSufficientlyVisible, [75]
14:33:23.012  5103  5161 D Detox   : class com.wix.detox.espresso.DetoxAssertion, assertMatcher, [androidx.test.espresso.ViewInteraction@f28133a, (view has effective visibility <VISIBLE> and view.getGlobalVisibleRect() covers at least <75> percent of the view's area)]
14:33:23.014  5103  5103 I ViewInteraction: Checking 'MatchesViewAssertion(Detox){viewMatcher=(view has effective visibility <VISIBLE> and view.getGlobalVisibleRect() covers at least <75> percent of the view's area)}' assertion on view View at index #0, of those matching MATCHER((view.getContentDescription() should match the pattern: /P.F. Chang's Home Menu Chicken Fried Rice, 22 oz.*/ or an instance of android.widget.TextView and view.getText() with or without transformation to match: should match the pattern: /P.F. Chang's Home Menu Chicken Fried Rice, 22 oz.*/) and view has effective visibility <VISIBLE>)
14:33:23.014  5103  5161 I DetoxWSClient: Sending out action 'invokeResult' (ID #11)
14:33:23.014  5103  5161 I DetoxDispatcher: Done with action 'invoke'
14:33:23.016  5103  5165 D DetoxWSClient: Received action 'invoke' (ID #12, params={"target":{"type":"Class","value":"com.wix.detox.espresso.EspressoDetox"},"method":"perform","args":[{"type":"Invocation","value":{"target":{"type":"Class","value":"com.wix.detox.espresso.DetoxMatcher"},"method":"matcherForTestId","args":["go_back_header_button",{"type":"boolean","value":false}]}},{"type":"Invocation","value":{"target":{"type":"Class","value":"com.wix.detox.espresso.DetoxViewActions"},"method":"click","args":[]}}]})
14:33:23.016  5103  5161 I DetoxDispatcher: Handling action 'invoke' (ID #12)...
14:33:23.016  5103  5161 D Detox   : class com.wix.detox.espresso.DetoxMatcher, matcherForTestId, [go_back_header_button, false]
14:33:23.016  5103  5161 D Detox   : class com.wix.detox.espresso.DetoxViewActions, click, []
14:33:23.016  5103  5161 D Detox   : class com.wix.detox.espresso.EspressoDetox, perform, [(view.getTag() is "go_back_header_button" and view has effective visibility <VISIBLE>), com.wix.detox.espresso.action.RNClickAction@590dd48]
14:33:24.100  5103  5161 I DetoxWSClient: Sending out action 'invokeResult' (ID #12)
14:33:24.101  5103  5161 I DetoxDispatcher: Done with action 'invoke'
14:33:24.106  5103  5165 D DetoxWSClient: Received action 'invoke' (ID #13, params={"target":{"type":"Class","value":"com.wix.detox.espresso.DetoxAssertion"},"method":"assertMatcher","args":[{"type":"Invocation","value":{"target":{"type":"Class","value":"androidx.test.espresso.Espresso"},"method":"onView","args":[{"type":"Invocation","value":{"target":{"type":"Class","value":"com.wix.detox.espresso.DetoxMatcher"},"method":"matcherWithDescendant","args":[{"type":"Invocation","value":{"target":{"type":"Class","value":"com.wix.detox.espresso.DetoxMatcher"},"method":"matcherForTestId","args":["search_preview_list",{"type":"boolean","value":false}]}},{"type":"Invocation","value":{"target":{"type":"Class","value":"com.wix.detox.espresso.DetoxMatcher"},"method":"matcherForTestId","args":["\/product_card_.*\/",{"type":"boolean","value":true}]}}]}}]}},{"type":"Invocation","value":{"target":{"type":"Class","value":"com.wix.detox.espresso.DetoxMatcher"},"method":"matcherForSufficientlyVisible","args":[{"type":"Integer","value":75}]}}]})
14:33:24.106  5103  5161 I DetoxDispatcher: Handling action 'invoke' (ID #13)...
14:33:24.106  5103  5161 D Detox   : class com.wix.detox.espresso.DetoxMatcher, matcherForTestId, [search_preview_list, false]
14:33:24.107  5103  5161 D Detox   : class com.wix.detox.espresso.DetoxMatcher, matcherForTestId, [/product_card_.*/, true]
14:33:24.107  5103  5161 D Detox   : class com.wix.detox.espresso.DetoxMatcher, matcherWithDescendant, [(view.getTag() is "search_preview_list" and view has effective visibility <VISIBLE>), (view.getTag() should match the pattern: /product_card_.*/ and view has effective visibility <VISIBLE>)]
14:33:24.107  5103  5161 D Detox   : class androidx.test.espresso.Espresso, onView, [((view.getTag() is "search_preview_list" and view has effective visibility <VISIBLE>) and (view is an instance of android.view.ViewGroup and has descendant matching (view.getTag() should match the pattern: /product_card_.*/ and view has effective visibility <VISIBLE>)))]
14:33:24.107  5103  5161 D Detox   : class com.wix.detox.espresso.DetoxMatcher, matcherForSufficientlyVisible, [75]
14:33:24.107  5103  5161 D Detox   : class com.wix.detox.espresso.DetoxAssertion, assertMatcher, [androidx.test.espresso.ViewInteraction@8a5b484, (view has effective visibility <VISIBLE> and view.getGlobalVisibleRect() covers at least <75> percent of the view's area)]
